<?xml version="1.0" encoding="UTF-8"?>
<testsuite name="io.advantageous.qbit.service.impl.ServiceBundleImplTest" tests="4" skipped="0" failures="0" errors="0" timestamp="2014-11-20T03:30:10" hostname="gcc-home.local" time="1.009">
  <properties/>
  <testcase name="testAddress" classname="io.advantageous.qbit.service.impl.ServiceBundleImplTest" time="0.001"/>
  <testcase name="testCall" classname="io.advantageous.qbit.service.impl.ServiceBundleImplTest" time="0.001"/>
  <testcase name="testAddService" classname="io.advantageous.qbit.service.impl.ServiceBundleImplTest" time="0.003"/>
  <testcase name="testResponses" classname="io.advantageous.qbit.service.impl.ServiceBundleImplTest" time="1.004"/>
  <system-out><![CDATA[19:30:10.581 [Test worker] DEBUG i.a.q.service.impl.ServiceBundleImpl - io.advantageous.qbit.service.impl.ServiceBundleImpl serviceAddress /adder service object io.advantageous.qbit.service.impl.ServiceBundleImplTest$AdderService@233822d4
19:30:10.582 [Test worker] DEBUG i.a.qbit.service.impl.ServiceImpl - ServiceImpl<<constr>> /foo /adder  io.advantageous.qbit.service.impl.ServiceBundleImplTest$AdderService@233822d4 5 MILLISECONDS 50 io.advantageous.qbit.service.impl.BoonServiceMethodCallHandler@405bf930 io.advantageous.qbit.queue.impl.BasicQueue@6effce39
19:30:10.584 [Test worker] DEBUG i.a.q.service.impl.ServiceBundleImpl - io.advantageous.qbit.service.impl.ServiceBundleImpl addresses: [/foo/adder/ADD, /foo/adder/add]
[/adder, /foo/adder, /foo/adder/ADD, /foo/adder/add] 
19:30:10.585 [Test worker] DEBUG i.a.q.service.impl.ServiceBundleImpl - io.advantageous.qbit.service.impl.ServiceBundleImpl serviceAddress /adder service object io.advantageous.qbit.service.impl.ServiceBundleImplTest$AdderService@6b91938e
19:30:10.585 [Test worker] DEBUG i.a.qbit.service.impl.ServiceImpl - ServiceImpl<<constr>> /foo /adder  io.advantageous.qbit.service.impl.ServiceBundleImplTest$AdderService@6b91938e 5 MILLISECONDS 50 io.advantageous.qbit.service.impl.BoonServiceMethodCallHandler@b3e32c1 io.advantageous.qbit.queue.impl.BasicQueue@1a6c0a19
19:30:10.585 [Test worker] DEBUG i.a.q.service.impl.ServiceBundleImpl - io.advantageous.qbit.service.impl.ServiceBundleImpl addresses: [/foo/adder/ADD, /foo/adder/add]
19:30:10.585 [Test worker] DEBUG i.a.q.service.impl.ServiceBundleImpl - io.advantageous.qbit.service.impl.ServiceBundleImpl::call()   /foo/adder/add
MethodCallImpl{name='', address='/foo/adder/add', params=null, body=[1, 2], timestamp=25893473, id=1064, objectName='', returnAddress=''}
19:30:10.638 [QueueListener Send Queue /foo] DEBUG i.a.q.service.impl.ServiceBundleImpl - io.advantageous.qbit.service.impl.ServiceBundleImpl::doCall()   /foo/adder/add
MethodCallImpl{name='', address='/foo/adder/add', params=null, body=[1, 2], timestamp=25893473, id=1064, objectName='', returnAddress=''}
19:30:10.638 [QueueListener Request Queue /foo/adder] DEBUG i.a.qbit.service.impl.ServiceImpl - ServiceImpl::doHandleMethodCall() METHOD CALLMethodCallImpl{name='', address='/foo/adder/add', params=null, body=[1, 2], timestamp=25893473, id=1064, objectName='', returnAddress=''}
ADDER SERVICE CALLED 1 2 
19:30:10.638 [QueueListener Request Queue /foo/adder] DEBUG i.a.qbit.service.impl.ServiceImpl - ServiceImpl::receive() 
RESPONSE
ResponseImpl{address='', params=null, body=3}
FROM CALL
MethodCallImpl{name='', address='/foo/adder/add', params=null, body=[1, 2], timestamp=25893473, id=1064, objectName='', returnAddress=''}


Queue Idle 
Queue Empty 
Queue Idle 
Queue Empty 
Queue Idle 
Queue Empty 
19:30:11.588 [Test worker] DEBUG i.a.q.service.impl.ServiceBundleImpl - io.advantageous.qbit.service.impl.ServiceBundleImpl
]]></system-out>
  <system-err><![CDATA[]]></system-err>
</testsuite>
