<?xml version="1.0" encoding="UTF-8"?>
<testsuite name="io.advantageous.qbit.IntegrationLikeUnitTest" tests="2" skipped="0" failures="0" errors="0" timestamp="2014-11-20T03:29:52" hostname="gcc-home.local" time="1.638">
  <properties/>
  <testcase name="testBasic" classname="io.advantageous.qbit.IntegrationLikeUnitTest" time="1.009"/>
  <testcase name="testBasicCrud" classname="io.advantageous.qbit.IntegrationLikeUnitTest" time="0.629"/>
  <system-out><![CDATA[19:29:52.828 [Test worker] DEBUG i.a.q.service.impl.ServiceBundleImpl - io.advantageous.qbit.service.impl.ServiceBundleImpl serviceAddress /empservice/ service object io.advantageous.qbit.IntegrationLikeUnitTest$EmployeeService@7ba480e
19:29:52.828 [Test worker] DEBUG i.a.qbit.service.impl.ServiceImpl - ServiceImpl<<constr>> /root /empservice/  io.advantageous.qbit.IntegrationLikeUnitTest$EmployeeService@7ba480e 5 MILLISECONDS 50 io.advantageous.qbit.service.impl.BoonServiceMethodCallHandler@6e87a6a3 io.advantageous.qbit.queue.impl.BasicQueue@548c8f7a
19:29:52.830 [Test worker] DEBUG i.a.q.service.impl.ServiceBundleImpl - io.advantageous.qbit.service.impl.ServiceBundleImpl addresses: [/root/empservice/ADDEMPLOYEE, /root/empservice/PROMOTEEMPLOYEE, /root/empservice/READEMPLOYEE, /root/empservice/REMOVEEMPLOYEE, /root/empservice/addEmployee, /root/empservice/addemployee, /root/empservice/promoteEmployee, /root/empservice/promoteemployee, /root/empservice/readEmployee, /root/empservice/reademployee, /root/empservice/removeEmployee, /root/empservice/removeemployee]
19:29:52.831 [Test worker] DEBUG i.a.q.service.impl.ServiceBundleImpl - io.advantageous.qbit.service.impl.ServiceBundleImpl::call()   /root/empservice/addEmployee
MethodCallImpl{name='', address='/root/empservice/addEmployee', params=null, body=io.advantageous.qbit.IntegrationLikeUnitTest$Employee@334be220, timestamp=25875761, id=15, objectName='', returnAddress='clientIdAkaReturnAddress'}
19:29:52.882 [QueueListener Send Queue /root] DEBUG i.a.q.service.impl.ServiceBundleImpl - io.advantageous.qbit.service.impl.ServiceBundleImpl::doCall()   /root/empservice/addEmployee
MethodCallImpl{name='', address='/root/empservice/addEmployee', params=null, body=io.advantageous.qbit.IntegrationLikeUnitTest$Employee@334be220, timestamp=25875761, id=15, objectName='', returnAddress='clientIdAkaReturnAddress'}
19:29:52.885 [QueueListener Request Queue /root/empservice] DEBUG i.a.qbit.service.impl.ServiceImpl - ServiceImpl::doHandleMethodCall() METHOD CALLMethodCallImpl{name='', address='/root/empservice/addEmployee', params=null, body=io.advantageous.qbit.IntegrationLikeUnitTest$Employee@334be220, timestamp=25875761, id=15, objectName='', returnAddress='clientIdAkaReturnAddress'}
19:29:52.886 [QueueListener Request Queue /root/empservice] DEBUG i.a.qbit.service.impl.ServiceImpl - ServiceImpl::receive() 
RESPONSE
ResponseImpl{address='', params=null, body=true}
FROM CALL
MethodCallImpl{name='', address='/root/empservice/addEmployee', params=null, body=io.advantageous.qbit.IntegrationLikeUnitTest$Employee@334be220, timestamp=25875761, id=15, objectName='', returnAddress='clientIdAkaReturnAddress'}


19:29:53.837 [Test worker] DEBUG i.a.q.service.impl.ServiceBundleImpl - io.advantageous.qbit.service.impl.ServiceBundleImpl serviceAddress /empservice/ service object io.advantageous.qbit.IntegrationLikeUnitTest$EmployeeService@1bb57c14
19:29:53.837 [Test worker] DEBUG i.a.qbit.service.impl.ServiceImpl - ServiceImpl<<constr>> /root /empservice/  io.advantageous.qbit.IntegrationLikeUnitTest$EmployeeService@1bb57c14 5 MILLISECONDS 50 io.advantageous.qbit.service.impl.BoonServiceMethodCallHandler@799ffedf io.advantageous.qbit.queue.impl.BasicQueue@15a9492e
19:29:53.838 [Test worker] DEBUG i.a.q.service.impl.ServiceBundleImpl - io.advantageous.qbit.service.impl.ServiceBundleImpl addresses: [/root/empservice/ADDEMPLOYEE, /root/empservice/PROMOTEEMPLOYEE, /root/empservice/READEMPLOYEE, /root/empservice/REMOVEEMPLOYEE, /root/empservice/addEmployee, /root/empservice/addemployee, /root/empservice/promoteEmployee, /root/empservice/promoteemployee, /root/empservice/readEmployee, /root/empservice/reademployee, /root/empservice/removeEmployee, /root/empservice/removeemployee]
19:29:53.839 [Test worker] DEBUG i.a.q.service.impl.ServiceBundleImpl - io.advantageous.qbit.service.impl.ServiceBundleImpl::call()   /root/empservice/addEmployee
MethodCallImpl{name='', address='/root/empservice/addEmployee', params=null, body=io.advantageous.qbit.IntegrationLikeUnitTest$Employee@5d94e31e, timestamp=25876699, id=16, objectName='', returnAddress='clientIdAkaReturnAddress'}
19:29:53.889 [QueueListener Send Queue /root] DEBUG i.a.q.service.impl.ServiceBundleImpl - io.advantageous.qbit.service.impl.ServiceBundleImpl::doCall()   /root/empservice/addEmployee
MethodCallImpl{name='', address='/root/empservice/addEmployee', params=null, body=io.advantageous.qbit.IntegrationLikeUnitTest$Employee@5d94e31e, timestamp=25876699, id=16, objectName='', returnAddress='clientIdAkaReturnAddress'}
19:29:53.893 [QueueListener Request Queue /root/empservice] DEBUG i.a.qbit.service.impl.ServiceImpl - ServiceImpl::doHandleMethodCall() METHOD CALLMethodCallImpl{name='', address='/root/empservice/addEmployee', params=null, body=io.advantageous.qbit.IntegrationLikeUnitTest$Employee@5d94e31e, timestamp=25876699, id=16, objectName='', returnAddress='clientIdAkaReturnAddress'}
19:29:53.893 [QueueListener Request Queue /root/empservice] DEBUG i.a.qbit.service.impl.ServiceImpl - ServiceImpl::receive() 
RESPONSE
ResponseImpl{address='', params=null, body=true}
FROM CALL
MethodCallImpl{name='', address='/root/empservice/addEmployee', params=null, body=io.advantageous.qbit.IntegrationLikeUnitTest$Employee@5d94e31e, timestamp=25876699, id=16, objectName='', returnAddress='clientIdAkaReturnAddress'}


19:29:53.942 [Test worker] DEBUG i.a.q.service.impl.ServiceBundleImpl - io.advantageous.qbit.service.impl.ServiceBundleImpl::call()   /root/empservice/readEmployee
MethodCallImpl{name='', address='/root/empservice/readEmployee', params=null, body=[10], timestamp=25876885, id=17, objectName='', returnAddress='clientIdAkaReturnAddress'}
19:29:53.943 [QueueListener Send Queue /root] DEBUG i.a.q.service.impl.ServiceBundleImpl - io.advantageous.qbit.service.impl.ServiceBundleImpl::doCall()   /root/empservice/readEmployee
MethodCallImpl{name='', address='/root/empservice/readEmployee', params=null, body=[10], timestamp=25876885, id=17, objectName='', returnAddress='clientIdAkaReturnAddress'}
19:29:53.954 [QueueListener Request Queue /root/empservice] DEBUG i.a.qbit.service.impl.ServiceImpl - ServiceImpl::doHandleMethodCall() METHOD CALLMethodCallImpl{name='', address='/root/empservice/readEmployee', params=null, body=[10], timestamp=25876885, id=17, objectName='', returnAddress='clientIdAkaReturnAddress'}
19:29:53.954 [QueueListener Request Queue /root/empservice] DEBUG i.a.qbit.service.impl.ServiceImpl - ServiceImpl::receive() 
RESPONSE
ResponseImpl{address='', params=null, body=io.advantageous.qbit.IntegrationLikeUnitTest$Employee@5d94e31e}
FROM CALL
MethodCallImpl{name='', address='/root/empservice/readEmployee', params=null, body=[10], timestamp=25876885, id=17, objectName='', returnAddress='clientIdAkaReturnAddress'}


io.advantageous.qbit.IntegrationLikeUnitTest$Employee@5d94e31e 
19:29:54.047 [Test worker] DEBUG i.a.q.service.impl.ServiceBundleImpl - io.advantageous.qbit.service.impl.ServiceBundleImpl::call()   /root/empservice/promoteEmployee
MethodCallImpl{name='', address='/root/empservice/promoteEmployee', params=null, body=[io.advantageous.qbit.IntegrationLikeUnitTest$Employee@5d94e31e, 100], timestamp=25876970, id=18, objectName='', returnAddress='clientIdAkaReturnAddress'}
19:29:54.047 [QueueListener Send Queue /root] DEBUG i.a.q.service.impl.ServiceBundleImpl - io.advantageous.qbit.service.impl.ServiceBundleImpl::doCall()   /root/empservice/promoteEmployee
MethodCallImpl{name='', address='/root/empservice/promoteEmployee', params=null, body=[io.advantageous.qbit.IntegrationLikeUnitTest$Employee@5d94e31e, 100], timestamp=25876970, id=18, objectName='', returnAddress='clientIdAkaReturnAddress'}
19:29:54.092 [QueueListener Request Queue /root/empservice] DEBUG i.a.qbit.service.impl.ServiceImpl - ServiceImpl::doHandleMethodCall() METHOD CALLMethodCallImpl{name='', address='/root/empservice/promoteEmployee', params=null, body=[io.advantageous.qbit.IntegrationLikeUnitTest$Employee@5d94e31e, 100], timestamp=25876970, id=18, objectName='', returnAddress='clientIdAkaReturnAddress'}
19:29:54.093 [QueueListener Request Queue /root/empservice] DEBUG i.a.qbit.service.impl.ServiceImpl - ServiceImpl::receive() 
RESPONSE
ResponseImpl{address='', params=null, body=true}
FROM CALL
MethodCallImpl{name='', address='/root/empservice/promoteEmployee', params=null, body=[io.advantageous.qbit.IntegrationLikeUnitTest$Employee@5d94e31e, 100], timestamp=25876970, id=18, objectName='', returnAddress='clientIdAkaReturnAddress'}


true 
19:29:54.152 [Test worker] DEBUG i.a.q.service.impl.ServiceBundleImpl - io.advantageous.qbit.service.impl.ServiceBundleImpl::call()   /root/empservice/readEmployee
MethodCallImpl{name='', address='/root/empservice/readEmployee', params=null, body=[10], timestamp=25877060, id=19, objectName='', returnAddress='clientIdAkaReturnAddress'}
19:29:54.153 [QueueListener Send Queue /root] DEBUG i.a.q.service.impl.ServiceBundleImpl - io.advantageous.qbit.service.impl.ServiceBundleImpl::doCall()   /root/empservice/readEmployee
MethodCallImpl{name='', address='/root/empservice/readEmployee', params=null, body=[10], timestamp=25877060, id=19, objectName='', returnAddress='clientIdAkaReturnAddress'}
19:29:54.159 [QueueListener Request Queue /root/empservice] DEBUG i.a.qbit.service.impl.ServiceImpl - ServiceImpl::doHandleMethodCall() METHOD CALLMethodCallImpl{name='', address='/root/empservice/readEmployee', params=null, body=[10], timestamp=25877060, id=19, objectName='', returnAddress='clientIdAkaReturnAddress'}
19:29:54.159 [QueueListener Request Queue /root/empservice] DEBUG i.a.qbit.service.impl.ServiceImpl - ServiceImpl::receive() 
RESPONSE
ResponseImpl{address='', params=null, body=io.advantageous.qbit.IntegrationLikeUnitTest$Employee@5d94e31e}
FROM CALL
MethodCallImpl{name='', address='/root/empservice/readEmployee', params=null, body=[10], timestamp=25877060, id=19, objectName='', returnAddress='clientIdAkaReturnAddress'}


io.advantageous.qbit.IntegrationLikeUnitTest$Employee@5d94e31e 
19:29:54.257 [Test worker] DEBUG i.a.q.service.impl.ServiceBundleImpl - io.advantageous.qbit.service.impl.ServiceBundleImpl::call()   /root/empservice/removeEmployee
MethodCallImpl{name='', address='/root/empservice/removeEmployee', params=null, body=[10], timestamp=25877145, id=20, objectName='', returnAddress='clientIdAkaReturnAddress'}
19:29:54.257 [QueueListener Send Queue /root] DEBUG i.a.q.service.impl.ServiceBundleImpl - io.advantageous.qbit.service.impl.ServiceBundleImpl::doCall()   /root/empservice/removeEmployee
MethodCallImpl{name='', address='/root/empservice/removeEmployee', params=null, body=[10], timestamp=25877145, id=20, objectName='', returnAddress='clientIdAkaReturnAddress'}
19:29:54.293 [QueueListener Request Queue /root/empservice] DEBUG i.a.qbit.service.impl.ServiceImpl - ServiceImpl::doHandleMethodCall() METHOD CALLMethodCallImpl{name='', address='/root/empservice/removeEmployee', params=null, body=[10], timestamp=25877145, id=20, objectName='', returnAddress='clientIdAkaReturnAddress'}
19:29:54.293 [QueueListener Request Queue /root/empservice] DEBUG i.a.qbit.service.impl.ServiceImpl - ServiceImpl::receive() 
RESPONSE
ResponseImpl{address='', params=null, body=true}
FROM CALL
MethodCallImpl{name='', address='/root/empservice/removeEmployee', params=null, body=[10], timestamp=25877145, id=20, objectName='', returnAddress='clientIdAkaReturnAddress'}


19:29:54.361 [Test worker] DEBUG i.a.q.service.impl.ServiceBundleImpl - io.advantageous.qbit.service.impl.ServiceBundleImpl::call()   /root/empservice/readEmployee
MethodCallImpl{name='', address='/root/empservice/readEmployee', params=null, body=[10], timestamp=25877230, id=21, objectName='', returnAddress='clientIdAkaReturnAddress'}
19:29:54.362 [QueueListener Send Queue /root] DEBUG i.a.q.service.impl.ServiceBundleImpl - io.advantageous.qbit.service.impl.ServiceBundleImpl::doCall()   /root/empservice/readEmployee
MethodCallImpl{name='', address='/root/empservice/readEmployee', params=null, body=[10], timestamp=25877230, id=21, objectName='', returnAddress='clientIdAkaReturnAddress'}
19:29:54.428 [QueueListener Request Queue /root/empservice] DEBUG i.a.qbit.service.impl.ServiceImpl - ServiceImpl::doHandleMethodCall() METHOD CALLMethodCallImpl{name='', address='/root/empservice/readEmployee', params=null, body=[10], timestamp=25877230, id=21, objectName='', returnAddress='clientIdAkaReturnAddress'}
19:29:54.428 [QueueListener Request Queue /root/empservice] DEBUG i.a.qbit.service.impl.ServiceImpl - ServiceImpl::receive() 
RESPONSE
ResponseImpl{address='', params=null, body=null}
FROM CALL
MethodCallImpl{name='', address='/root/empservice/readEmployee', params=null, body=[10], timestamp=25877230, id=21, objectName='', returnAddress='clientIdAkaReturnAddress'}


<NULL> 
]]></system-out>
  <system-err><![CDATA[]]></system-err>
</testsuite>
