<?xml version="1.0" encoding="UTF-8"?>
<testsuite name="io.advantageous.qbit.service.impl.RegularCalls" tests="3" skipped="0" failures="0" errors="0" timestamp="2014-11-20T03:30:07" hostname="gcc-home.local" time="3.281">
  <properties/>
  <testcase name="test" classname="io.advantageous.qbit.service.impl.RegularCalls" time="3.172"/>
  <testcase name="testMany" classname="io.advantageous.qbit.service.impl.RegularCalls" time="0.054"/>
  <testcase name="testBatch" classname="io.advantageous.qbit.service.impl.RegularCalls" time="0.054"/>
  <system-out><![CDATA[19:30:07.296 [Test worker] DEBUG i.a.qbit.service.impl.ServiceImpl - ServiceImpl<<constr>> null test  io.advantageous.qbit.service.impl.RegularCalls$Adder@26f80b52 1000 MILLISECONDS 10 io.advantageous.qbit.service.impl.BoonServiceMethodCallHandler@2d62f36e null
19:30:07.298 [Test worker] DEBUG i.a.qbit.service.impl.ServiceImpl - RESPONSE QUEUE WAS NULL CREATING ONE
19:30:07.353 [QueueListener Request Queue test] DEBUG i.a.qbit.service.impl.ServiceImpl - ServiceImpl::doHandleMethodCall() METHOD CALLMethodCallImpl{name='add', address='', params=io.advantageous.qbit.util.MultiMap$1@368b9426, body=[1, 2], timestamp=25890242, id=58, objectName='null', returnAddress='null'}
19:30:07.353 [QueueListener Request Queue test] DEBUG i.a.qbit.service.impl.ServiceImpl - ServiceImpl::receive() 
RESPONSE
ResponseImpl{address='add', params=null, body=3}
FROM CALL
MethodCallImpl{name='add', address='', params=io.advantageous.qbit.util.MultiMap$1@368b9426, body=[1, 2], timestamp=25890242, id=58, objectName='null', returnAddress='null'}


19:30:07.353 [QueueListener Request Queue test] DEBUG i.a.qbit.service.impl.ServiceImpl - ServiceImpl::doHandleMethodCall() METHOD CALLMethodCallImpl{name='add', address='', params=io.advantageous.qbit.util.MultiMap$1@368b9426, body=[4, 5], timestamp=25890242, id=59, objectName='null', returnAddress='null'}
19:30:07.354 [QueueListener Request Queue test] DEBUG i.a.qbit.service.impl.ServiceImpl - ServiceImpl::receive() 
RESPONSE
ResponseImpl{address='add', params=null, body=9}
FROM CALL
MethodCallImpl{name='add', address='', params=io.advantageous.qbit.util.MultiMap$1@368b9426, body=[4, 5], timestamp=25890242, id=59, objectName='null', returnAddress='null'}


Queue Empty 
19:30:07.357 [QueueListener Request Queue test] DEBUG i.a.qbit.service.impl.ServiceImpl - ServiceImpl::doHandleMethodCall() METHOD CALLMethodCallImpl{name='add', address='', params=io.advantageous.qbit.util.MultiMap$1@368b9426, body=[1, 2], timestamp=25890292, id=60, objectName='null', returnAddress='null'}
19:30:07.357 [QueueListener Request Queue test] DEBUG i.a.qbit.service.impl.ServiceImpl - ServiceImpl::receive() 
RESPONSE
ResponseImpl{address='add', params=null, body=3}
FROM CALL
MethodCallImpl{name='add', address='', params=io.advantageous.qbit.util.MultiMap$1@368b9426, body=[1, 2], timestamp=25890292, id=60, objectName='null', returnAddress='null'}


19:30:07.357 [QueueListener Request Queue test] DEBUG i.a.qbit.service.impl.ServiceImpl - ServiceImpl::doHandleMethodCall() METHOD CALLMethodCallImpl{name='add', address='', params=io.advantageous.qbit.util.MultiMap$1@368b9426, body=[1, 2], timestamp=25890292, id=61, objectName='null', returnAddress='null'}
19:30:07.357 [QueueListener Request Queue test] DEBUG i.a.qbit.service.impl.ServiceImpl - ServiceImpl::receive() 
RESPONSE
ResponseImpl{address='add', params=null, body=3}
FROM CALL
MethodCallImpl{name='add', address='', params=io.advantageous.qbit.util.MultiMap$1@368b9426, body=[1, 2], timestamp=25890292, id=61, objectName='null', returnAddress='null'}


19:30:07.357 [QueueListener Request Queue test] DEBUG i.a.qbit.service.impl.ServiceImpl - ServiceImpl::doHandleMethodCall() METHOD CALLMethodCallImpl{name='add', address='', params=io.advantageous.qbit.util.MultiMap$1@368b9426, body=[1, 2], timestamp=25890292, id=62, objectName='null', returnAddress='null'}
19:30:07.357 [QueueListener Request Queue test] DEBUG i.a.qbit.service.impl.ServiceImpl - ServiceImpl::receive() 
RESPONSE
ResponseImpl{address='add', params=null, body=3}
FROM CALL
MethodCallImpl{name='add', address='', params=io.advantageous.qbit.util.MultiMap$1@368b9426, body=[1, 2], timestamp=25890292, id=62, objectName='null', returnAddress='null'}


19:30:07.357 [QueueListener Request Queue test] DEBUG i.a.qbit.service.impl.ServiceImpl - ServiceImpl::doHandleMethodCall() METHOD CALLMethodCallImpl{name='add', address='', params=io.advantageous.qbit.util.MultiMap$1@368b9426, body=[1, 2], timestamp=25890292, id=63, objectName='null', returnAddress='null'}
19:30:07.357 [QueueListener Request Queue test] DEBUG i.a.qbit.service.impl.ServiceImpl - ServiceImpl::receive() 
RESPONSE
ResponseImpl{address='add', params=null, body=3}
FROM CALL
MethodCallImpl{name='add', address='', params=io.advantageous.qbit.util.MultiMap$1@368b9426, body=[1, 2], timestamp=25890292, id=63, objectName='null', returnAddress='null'}


19:30:07.357 [QueueListener Request Queue test] DEBUG i.a.qbit.service.impl.ServiceImpl - ServiceImpl::doHandleMethodCall() METHOD CALLMethodCallImpl{name='add', address='', params=io.advantageous.qbit.util.MultiMap$1@368b9426, body=[1, 2], timestamp=25890292, id=64, objectName='null', returnAddress='null'}
19:30:07.358 [QueueListener Request Queue test] DEBUG i.a.qbit.service.impl.ServiceImpl - ServiceImpl::receive() 
RESPONSE
ResponseImpl{address='add', params=null, body=3}
FROM CALL
MethodCallImpl{name='add', address='', params=io.advantageous.qbit.util.MultiMap$1@368b9426, body=[1, 2], timestamp=25890292, id=64, objectName='null', returnAddress='null'}


19:30:07.358 [QueueListener Request Queue test] DEBUG i.a.qbit.service.impl.ServiceImpl - ServiceImpl::doHandleMethodCall() METHOD CALLMethodCallImpl{name='add', address='', params=io.advantageous.qbit.util.MultiMap$1@368b9426, body=[1, 2], timestamp=25890292, id=65, objectName='null', returnAddress='null'}
19:30:07.358 [QueueListener Request Queue test] DEBUG i.a.qbit.service.impl.ServiceImpl - ServiceImpl::receive() 
RESPONSE
ResponseImpl{address='add', params=null, body=3}
FROM CALL
MethodCallImpl{name='add', address='', params=io.advantageous.qbit.util.MultiMap$1@368b9426, body=[1, 2], timestamp=25890292, id=65, objectName='null', returnAddress='null'}


Queue Limit 
Queue Empty 
19:30:07.358 [QueueListener Request Queue test] DEBUG i.a.qbit.service.impl.ServiceImpl - ServiceImpl::doHandleMethodCall() METHOD CALLMethodCallImpl{name='add', address='', params=io.advantageous.qbit.util.MultiMap$1@368b9426, body=[1, 2], timestamp=25890292, id=66, objectName='null', returnAddress='null'}
19:30:07.358 [QueueListener Request Queue test] DEBUG i.a.qbit.service.impl.ServiceImpl - ServiceImpl::receive() 
RESPONSE
ResponseImpl{address='add', params=null, body=3}
FROM CALL
MethodCallImpl{name='add', address='', params=io.advantageous.qbit.util.MultiMap$1@368b9426, body=[1, 2], timestamp=25890292, id=66, objectName='null', returnAddress='null'}


19:30:07.358 [QueueListener Request Queue test] DEBUG i.a.qbit.service.impl.ServiceImpl - ServiceImpl::doHandleMethodCall() METHOD CALLMethodCallImpl{name='add', address='', params=io.advantageous.qbit.util.MultiMap$1@368b9426, body=[1, 2], timestamp=25890292, id=67, objectName='null', returnAddress='null'}
19:30:07.358 [QueueListener Request Queue test] DEBUG i.a.qbit.service.impl.ServiceImpl - ServiceImpl::receive() 
RESPONSE
ResponseImpl{address='add', params=null, body=3}
FROM CALL
MethodCallImpl{name='add', address='', params=io.advantageous.qbit.util.MultiMap$1@368b9426, body=[1, 2], timestamp=25890292, id=67, objectName='null', returnAddress='null'}


19:30:07.358 [QueueListener Request Queue test] DEBUG i.a.qbit.service.impl.ServiceImpl - ServiceImpl::doHandleMethodCall() METHOD CALLMethodCallImpl{name='add', address='', params=io.advantageous.qbit.util.MultiMap$1@368b9426, body=[1, 2], timestamp=25890292, id=68, objectName='null', returnAddress='null'}
19:30:07.358 [QueueListener Request Queue test] DEBUG i.a.qbit.service.impl.ServiceImpl - ServiceImpl::receive() 
RESPONSE
ResponseImpl{address='add', params=null, body=3}
FROM CALL
MethodCallImpl{name='add', address='', params=io.advantageous.qbit.util.MultiMap$1@368b9426, body=[1, 2], timestamp=25890292, id=68, objectName='null', returnAddress='null'}


19:30:07.358 [QueueListener Request Queue test] DEBUG i.a.qbit.service.impl.ServiceImpl - ServiceImpl::doHandleMethodCall() METHOD CALLMethodCallImpl{name='add', address='', params=io.advantageous.qbit.util.MultiMap$1@368b9426, body=[1, 2], timestamp=25890292, id=69, objectName='null', returnAddress='null'}
19:30:07.358 [QueueListener Request Queue test] DEBUG i.a.qbit.service.impl.ServiceImpl - ServiceImpl::receive() 
RESPONSE
ResponseImpl{address='add', params=null, body=3}
FROM CALL
MethodCallImpl{name='add', address='', params=io.advantageous.qbit.util.MultiMap$1@368b9426, body=[1, 2], timestamp=25890292, id=69, objectName='null', returnAddress='null'}


19:30:07.358 [QueueListener Request Queue test] DEBUG i.a.qbit.service.impl.ServiceImpl - ServiceImpl::doHandleMethodCall() METHOD CALLMethodCallImpl{name='add', address='', params=io.advantageous.qbit.util.MultiMap$1@368b9426, body=[1, 2], timestamp=25890292, id=70, objectName='null', returnAddress='null'}
19:30:07.358 [QueueListener Request Queue test] DEBUG i.a.qbit.service.impl.ServiceImpl - ServiceImpl::receive() 
RESPONSE
ResponseImpl{address='add', params=null, body=3}
FROM CALL
MethodCallImpl{name='add', address='', params=io.advantageous.qbit.util.MultiMap$1@368b9426, body=[1, 2], timestamp=25890292, id=70, objectName='null', returnAddress='null'}


19:30:07.359 [QueueListener Request Queue test] DEBUG i.a.qbit.service.impl.ServiceImpl - ServiceImpl::doHandleMethodCall() METHOD CALLMethodCallImpl{name='add', address='', params=io.advantageous.qbit.util.MultiMap$1@368b9426, body=[1, 2], timestamp=25890292, id=71, objectName='null', returnAddress='null'}
19:30:07.359 [QueueListener Request Queue test] DEBUG i.a.qbit.service.impl.ServiceImpl - ServiceImpl::receive() 
RESPONSE
ResponseImpl{address='add', params=null, body=3}
FROM CALL
MethodCallImpl{name='add', address='', params=io.advantageous.qbit.util.MultiMap$1@368b9426, body=[1, 2], timestamp=25890292, id=71, objectName='null', returnAddress='null'}


Queue Limit 
Queue Empty 
19:30:07.359 [QueueListener Request Queue test] DEBUG i.a.qbit.service.impl.ServiceImpl - ServiceImpl::doHandleMethodCall() METHOD CALLMethodCallImpl{name='add', address='', params=io.advantageous.qbit.util.MultiMap$1@368b9426, body=[1, 2], timestamp=25890292, id=72, objectName='null', returnAddress='null'}
19:30:07.359 [QueueListener Request Queue test] DEBUG i.a.qbit.service.impl.ServiceImpl - ServiceImpl::receive() 
RESPONSE
ResponseImpl{address='add', params=null, body=3}
FROM CALL
MethodCallImpl{name='add', address='', params=io.advantageous.qbit.util.MultiMap$1@368b9426, body=[1, 2], timestamp=25890292, id=72, objectName='null', returnAddress='null'}


19:30:07.359 [QueueListener Request Queue test] DEBUG i.a.qbit.service.impl.ServiceImpl - ServiceImpl::doHandleMethodCall() METHOD CALLMethodCallImpl{name='add', address='', params=io.advantageous.qbit.util.MultiMap$1@368b9426, body=[1, 2], timestamp=25890292, id=73, objectName='null', returnAddress='null'}
19:30:07.360 [QueueListener Request Queue test] DEBUG i.a.qbit.service.impl.ServiceImpl - ServiceImpl::receive() 
RESPONSE
ResponseImpl{address='add', params=null, body=3}
FROM CALL
MethodCallImpl{name='add', address='', params=io.advantageous.qbit.util.MultiMap$1@368b9426, body=[1, 2], timestamp=25890292, id=73, objectName='null', returnAddress='null'}


19:30:07.360 [QueueListener Request Queue test] DEBUG i.a.qbit.service.impl.ServiceImpl - ServiceImpl::doHandleMethodCall() METHOD CALLMethodCallImpl{name='add', address='', params=io.advantageous.qbit.util.MultiMap$1@368b9426, body=[1, 2], timestamp=25890292, id=74, objectName='null', returnAddress='null'}
19:30:07.360 [QueueListener Request Queue test] DEBUG i.a.qbit.service.impl.ServiceImpl - ServiceImpl::receive() 
RESPONSE
ResponseImpl{address='add', params=null, body=3}
FROM CALL
MethodCallImpl{name='add', address='', params=io.advantageous.qbit.util.MultiMap$1@368b9426, body=[1, 2], timestamp=25890292, id=74, objectName='null', returnAddress='null'}


19:30:07.360 [QueueListener Request Queue test] DEBUG i.a.qbit.service.impl.ServiceImpl - ServiceImpl::doHandleMethodCall() METHOD CALLMethodCallImpl{name='add', address='', params=io.advantageous.qbit.util.MultiMap$1@368b9426, body=[1, 2], timestamp=25890292, id=75, objectName='null', returnAddress='null'}
19:30:07.360 [QueueListener Request Queue test] DEBUG i.a.qbit.service.impl.ServiceImpl - ServiceImpl::receive() 
RESPONSE
ResponseImpl{address='add', params=null, body=3}
FROM CALL
MethodCallImpl{name='add', address='', params=io.advantageous.qbit.util.MultiMap$1@368b9426, body=[1, 2], timestamp=25890292, id=75, objectName='null', returnAddress='null'}


19:30:07.360 [QueueListener Request Queue test] DEBUG i.a.qbit.service.impl.ServiceImpl - ServiceImpl::doHandleMethodCall() METHOD CALLMethodCallImpl{name='add', address='', params=io.advantageous.qbit.util.MultiMap$1@368b9426, body=[1, 2], timestamp=25890292, id=76, objectName='null', returnAddress='null'}
19:30:07.360 [QueueListener Request Queue test] DEBUG i.a.qbit.service.impl.ServiceImpl - ServiceImpl::receive() 
RESPONSE
ResponseImpl{address='add', params=null, body=3}
FROM CALL
MethodCallImpl{name='add', address='', params=io.advantageous.qbit.util.MultiMap$1@368b9426, body=[1, 2], timestamp=25890292, id=76, objectName='null', returnAddress='null'}


19:30:07.360 [QueueListener Request Queue test] DEBUG i.a.qbit.service.impl.ServiceImpl - ServiceImpl::doHandleMethodCall() METHOD CALLMethodCallImpl{name='add', address='', params=io.advantageous.qbit.util.MultiMap$1@368b9426, body=[1, 2], timestamp=25890292, id=77, objectName='null', returnAddress='null'}
19:30:07.360 [QueueListener Request Queue test] DEBUG i.a.qbit.service.impl.ServiceImpl - ServiceImpl::receive() 
RESPONSE
ResponseImpl{address='add', params=null, body=3}
FROM CALL
MethodCallImpl{name='add', address='', params=io.advantageous.qbit.util.MultiMap$1@368b9426, body=[1, 2], timestamp=25890292, id=77, objectName='null', returnAddress='null'}


Queue Limit 
Queue Empty 
19:30:07.360 [QueueListener Request Queue test] DEBUG i.a.qbit.service.impl.ServiceImpl - ServiceImpl::doHandleMethodCall() METHOD CALLMethodCallImpl{name='add', address='', params=io.advantageous.qbit.util.MultiMap$1@368b9426, body=[1, 2], timestamp=25890292, id=78, objectName='null', returnAddress='null'}
19:30:07.360 [QueueListener Request Queue test] DEBUG i.a.qbit.service.impl.ServiceImpl - ServiceImpl::receive() 
RESPONSE
ResponseImpl{address='add', params=null, body=3}
FROM CALL
MethodCallImpl{name='add', address='', params=io.advantageous.qbit.util.MultiMap$1@368b9426, body=[1, 2], timestamp=25890292, id=78, objectName='null', returnAddress='null'}


19:30:07.361 [QueueListener Request Queue test] DEBUG i.a.qbit.service.impl.ServiceImpl - ServiceImpl::doHandleMethodCall() METHOD CALLMethodCallImpl{name='add', address='', params=io.advantageous.qbit.util.MultiMap$1@368b9426, body=[1, 2], timestamp=25890292, id=79, objectName='null', returnAddress='null'}
19:30:07.361 [QueueListener Request Queue test] DEBUG i.a.qbit.service.impl.ServiceImpl - ServiceImpl::receive() 
RESPONSE
ResponseImpl{address='add', params=null, body=3}
FROM CALL
MethodCallImpl{name='add', address='', params=io.advantageous.qbit.util.MultiMap$1@368b9426, body=[1, 2], timestamp=25890292, id=79, objectName='null', returnAddress='null'}


19:30:07.361 [QueueListener Request Queue test] DEBUG i.a.qbit.service.impl.ServiceImpl - ServiceImpl::doHandleMethodCall() METHOD CALLMethodCallImpl{name='add', address='', params=io.advantageous.qbit.util.MultiMap$1@368b9426, body=[1, 2], timestamp=25890292, id=80, objectName='null', returnAddress='null'}
19:30:07.361 [QueueListener Request Queue test] DEBUG i.a.qbit.service.impl.ServiceImpl - ServiceImpl::receive() 
RESPONSE
ResponseImpl{address='add', params=null, body=3}
FROM CALL
MethodCallImpl{name='add', address='', params=io.advantageous.qbit.util.MultiMap$1@368b9426, body=[1, 2], timestamp=25890292, id=80, objectName='null', returnAddress='null'}


19:30:07.361 [QueueListener Request Queue test] DEBUG i.a.qbit.service.impl.ServiceImpl - ServiceImpl::doHandleMethodCall() METHOD CALLMethodCallImpl{name='add', address='', params=io.advantageous.qbit.util.MultiMap$1@368b9426, body=[1, 2], timestamp=25890292, id=81, objectName='null', returnAddress='null'}
19:30:07.361 [QueueListener Request Queue test] DEBUG i.a.qbit.service.impl.ServiceImpl - ServiceImpl::receive() 
RESPONSE
ResponseImpl{address='add', params=null, body=3}
FROM CALL
MethodCallImpl{name='add', address='', params=io.advantageous.qbit.util.MultiMap$1@368b9426, body=[1, 2], timestamp=25890292, id=81, objectName='null', returnAddress='null'}


19:30:07.361 [QueueListener Request Queue test] DEBUG i.a.qbit.service.impl.ServiceImpl - ServiceImpl::doHandleMethodCall() METHOD CALLMethodCallImpl{name='add', address='', params=io.advantageous.qbit.util.MultiMap$1@368b9426, body=[1, 2], timestamp=25890292, id=82, objectName='null', returnAddress='null'}
19:30:07.361 [QueueListener Request Queue test] DEBUG i.a.qbit.service.impl.ServiceImpl - ServiceImpl::receive() 
RESPONSE
ResponseImpl{address='add', params=null, body=3}
FROM CALL
MethodCallImpl{name='add', address='', params=io.advantageous.qbit.util.MultiMap$1@368b9426, body=[1, 2], timestamp=25890292, id=82, objectName='null', returnAddress='null'}


19:30:07.361 [QueueListener Request Queue test] DEBUG i.a.qbit.service.impl.ServiceImpl - ServiceImpl::doHandleMethodCall() METHOD CALLMethodCallImpl{name='add', address='', params=io.advantageous.qbit.util.MultiMap$1@368b9426, body=[1, 2], timestamp=25890292, id=83, objectName='null', returnAddress='null'}
19:30:07.361 [QueueListener Request Queue test] DEBUG i.a.qbit.service.impl.ServiceImpl - ServiceImpl::receive() 
RESPONSE
ResponseImpl{address='add', params=null, body=3}
FROM CALL
MethodCallImpl{name='add', address='', params=io.advantageous.qbit.util.MultiMap$1@368b9426, body=[1, 2], timestamp=25890292, id=83, objectName='null', returnAddress='null'}


Queue Limit 
Queue Empty 
19:30:07.361 [QueueListener Request Queue test] DEBUG i.a.qbit.service.impl.ServiceImpl - ServiceImpl::doHandleMethodCall() METHOD CALLMethodCallImpl{name='add', address='', params=io.advantageous.qbit.util.MultiMap$1@368b9426, body=[1, 2], timestamp=25890292, id=84, objectName='null', returnAddress='null'}
19:30:07.361 [QueueListener Request Queue test] DEBUG i.a.qbit.service.impl.ServiceImpl - ServiceImpl::receive() 
RESPONSE
ResponseImpl{address='add', params=null, body=3}
FROM CALL
MethodCallImpl{name='add', address='', params=io.advantageous.qbit.util.MultiMap$1@368b9426, body=[1, 2], timestamp=25890292, id=84, objectName='null', returnAddress='null'}


19:30:07.361 [QueueListener Request Queue test] DEBUG i.a.qbit.service.impl.ServiceImpl - ServiceImpl::doHandleMethodCall() METHOD CALLMethodCallImpl{name='add', address='', params=io.advantageous.qbit.util.MultiMap$1@368b9426, body=[1, 2], timestamp=25890292, id=85, objectName='null', returnAddress='null'}
19:30:07.361 [QueueListener Request Queue test] DEBUG i.a.qbit.service.impl.ServiceImpl - ServiceImpl::receive() 
RESPONSE
ResponseImpl{address='add', params=null, body=3}
FROM CALL
MethodCallImpl{name='add', address='', params=io.advantageous.qbit.util.MultiMap$1@368b9426, body=[1, 2], timestamp=25890292, id=85, objectName='null', returnAddress='null'}


19:30:07.361 [QueueListener Request Queue test] DEBUG i.a.qbit.service.impl.ServiceImpl - ServiceImpl::doHandleMethodCall() METHOD CALLMethodCallImpl{name='add', address='', params=io.advantageous.qbit.util.MultiMap$1@368b9426, body=[1, 2], timestamp=25890292, id=86, objectName='null', returnAddress='null'}
19:30:07.362 [QueueListener Request Queue test] DEBUG i.a.qbit.service.impl.ServiceImpl - ServiceImpl::receive() 
RESPONSE
ResponseImpl{address='add', params=null, body=3}
FROM CALL
MethodCallImpl{name='add', address='', params=io.advantageous.qbit.util.MultiMap$1@368b9426, body=[1, 2], timestamp=25890292, id=86, objectName='null', returnAddress='null'}


19:30:07.362 [QueueListener Request Queue test] DEBUG i.a.qbit.service.impl.ServiceImpl - ServiceImpl::doHandleMethodCall() METHOD CALLMethodCallImpl{name='add', address='', params=io.advantageous.qbit.util.MultiMap$1@368b9426, body=[1, 2], timestamp=25890292, id=87, objectName='null', returnAddress='null'}
19:30:07.362 [QueueListener Request Queue test] DEBUG i.a.qbit.service.impl.ServiceImpl - ServiceImpl::receive() 
RESPONSE
ResponseImpl{address='add', params=null, body=3}
FROM CALL
MethodCallImpl{name='add', address='', params=io.advantageous.qbit.util.MultiMap$1@368b9426, body=[1, 2], timestamp=25890292, id=87, objectName='null', returnAddress='null'}


19:30:07.362 [QueueListener Request Queue test] DEBUG i.a.qbit.service.impl.ServiceImpl - ServiceImpl::doHandleMethodCall() METHOD CALLMethodCallImpl{name='add', address='', params=io.advantageous.qbit.util.MultiMap$1@368b9426, body=[1, 2], timestamp=25890292, id=88, objectName='null', returnAddress='null'}
19:30:07.362 [QueueListener Request Queue test] DEBUG i.a.qbit.service.impl.ServiceImpl - ServiceImpl::receive() 
RESPONSE
ResponseImpl{address='add', params=null, body=3}
FROM CALL
MethodCallImpl{name='add', address='', params=io.advantageous.qbit.util.MultiMap$1@368b9426, body=[1, 2], timestamp=25890292, id=88, objectName='null', returnAddress='null'}


19:30:07.362 [QueueListener Request Queue test] DEBUG i.a.qbit.service.impl.ServiceImpl - ServiceImpl::doHandleMethodCall() METHOD CALLMethodCallImpl{name='add', address='', params=io.advantageous.qbit.util.MultiMap$1@368b9426, body=[1, 2], timestamp=25890292, id=89, objectName='null', returnAddress='null'}
19:30:07.362 [QueueListener Request Queue test] DEBUG i.a.qbit.service.impl.ServiceImpl - ServiceImpl::receive() 
RESPONSE
ResponseImpl{address='add', params=null, body=3}
FROM CALL
MethodCallImpl{name='add', address='', params=io.advantageous.qbit.util.MultiMap$1@368b9426, body=[1, 2], timestamp=25890292, id=89, objectName='null', returnAddress='null'}


Queue Limit 
Queue Empty 
19:30:07.362 [QueueListener Request Queue test] DEBUG i.a.qbit.service.impl.ServiceImpl - ServiceImpl::doHandleMethodCall() METHOD CALLMethodCallImpl{name='add', address='', params=io.advantageous.qbit.util.MultiMap$1@368b9426, body=[1, 2], timestamp=25890292, id=90, objectName='null', returnAddress='null'}
19:30:07.362 [QueueListener Request Queue test] DEBUG i.a.qbit.service.impl.ServiceImpl - ServiceImpl::receive() 
RESPONSE
ResponseImpl{address='add', params=null, body=3}
FROM CALL
MethodCallImpl{name='add', address='', params=io.advantageous.qbit.util.MultiMap$1@368b9426, body=[1, 2], timestamp=25890292, id=90, objectName='null', returnAddress='null'}


19:30:07.364 [QueueListener Request Queue test] DEBUG i.a.qbit.service.impl.ServiceImpl - ServiceImpl::doHandleMethodCall() METHOD CALLMethodCallImpl{name='add', address='', params=io.advantageous.qbit.util.MultiMap$1@368b9426, body=[1, 2], timestamp=25890292, id=91, objectName='null', returnAddress='null'}
19:30:07.364 [QueueListener Request Queue test] DEBUG i.a.qbit.service.impl.ServiceImpl - ServiceImpl::receive() 
RESPONSE
ResponseImpl{address='add', params=null, body=3}
FROM CALL
MethodCallImpl{name='add', address='', params=io.advantageous.qbit.util.MultiMap$1@368b9426, body=[1, 2], timestamp=25890292, id=91, objectName='null', returnAddress='null'}


19:30:07.364 [QueueListener Request Queue test] DEBUG i.a.qbit.service.impl.ServiceImpl - ServiceImpl::doHandleMethodCall() METHOD CALLMethodCallImpl{name='add', address='', params=io.advantageous.qbit.util.MultiMap$1@368b9426, body=[1, 2], timestamp=25890292, id=92, objectName='null', returnAddress='null'}
19:30:07.364 [QueueListener Request Queue test] DEBUG i.a.qbit.service.impl.ServiceImpl - ServiceImpl::receive() 
RESPONSE
ResponseImpl{address='add', params=null, body=3}
FROM CALL
MethodCallImpl{name='add', address='', params=io.advantageous.qbit.util.MultiMap$1@368b9426, body=[1, 2], timestamp=25890292, id=92, objectName='null', returnAddress='null'}


19:30:07.364 [QueueListener Request Queue test] DEBUG i.a.qbit.service.impl.ServiceImpl - ServiceImpl::doHandleMethodCall() METHOD CALLMethodCallImpl{name='add', address='', params=io.advantageous.qbit.util.MultiMap$1@368b9426, body=[1, 2], timestamp=25890292, id=93, objectName='null', returnAddress='null'}
19:30:07.364 [QueueListener Request Queue test] DEBUG i.a.qbit.service.impl.ServiceImpl - ServiceImpl::receive() 
RESPONSE
ResponseImpl{address='add', params=null, body=3}
FROM CALL
MethodCallImpl{name='add', address='', params=io.advantageous.qbit.util.MultiMap$1@368b9426, body=[1, 2], timestamp=25890292, id=93, objectName='null', returnAddress='null'}


19:30:07.364 [QueueListener Request Queue test] DEBUG i.a.qbit.service.impl.ServiceImpl - ServiceImpl::doHandleMethodCall() METHOD CALLMethodCallImpl{name='add', address='', params=io.advantageous.qbit.util.MultiMap$1@368b9426, body=[1, 2], timestamp=25890292, id=94, objectName='null', returnAddress='null'}
19:30:07.364 [QueueListener Request Queue test] DEBUG i.a.qbit.service.impl.ServiceImpl - ServiceImpl::receive() 
RESPONSE
ResponseImpl{address='add', params=null, body=3}
FROM CALL
MethodCallImpl{name='add', address='', params=io.advantageous.qbit.util.MultiMap$1@368b9426, body=[1, 2], timestamp=25890292, id=94, objectName='null', returnAddress='null'}


19:30:07.364 [QueueListener Request Queue test] DEBUG i.a.qbit.service.impl.ServiceImpl - ServiceImpl::doHandleMethodCall() METHOD CALLMethodCallImpl{name='add', address='', params=io.advantageous.qbit.util.MultiMap$1@368b9426, body=[1, 2], timestamp=25890292, id=95, objectName='null', returnAddress='null'}
19:30:07.364 [QueueListener Request Queue test] DEBUG i.a.qbit.service.impl.ServiceImpl - ServiceImpl::receive() 
RESPONSE
ResponseImpl{address='add', params=null, body=3}
FROM CALL
MethodCallImpl{name='add', address='', params=io.advantageous.qbit.util.MultiMap$1@368b9426, body=[1, 2], timestamp=25890292, id=95, objectName='null', returnAddress='null'}


Queue Limit 
Queue Empty 
19:30:07.364 [QueueListener Request Queue test] DEBUG i.a.qbit.service.impl.ServiceImpl - ServiceImpl::doHandleMethodCall() METHOD CALLMethodCallImpl{name='add', address='', params=io.advantageous.qbit.util.MultiMap$1@368b9426, body=[1, 2], timestamp=25890292, id=96, objectName='null', returnAddress='null'}
19:30:07.364 [QueueListener Request Queue test] DEBUG i.a.qbit.service.impl.ServiceImpl - ServiceImpl::receive() 
RESPONSE
ResponseImpl{address='add', params=null, body=3}
FROM CALL
MethodCallImpl{name='add', address='', params=io.advantageous.qbit.util.MultiMap$1@368b9426, body=[1, 2], timestamp=25890292, id=96, objectName='null', returnAddress='null'}


19:30:07.364 [QueueListener Request Queue test] DEBUG i.a.qbit.service.impl.ServiceImpl - ServiceImpl::doHandleMethodCall() METHOD CALLMethodCallImpl{name='add', address='', params=io.advantageous.qbit.util.MultiMap$1@368b9426, body=[1, 2], timestamp=25890292, id=97, objectName='null', returnAddress='null'}
19:30:07.365 [QueueListener Request Queue test] DEBUG i.a.qbit.service.impl.ServiceImpl - ServiceImpl::receive() 
RESPONSE
ResponseImpl{address='add', params=null, body=3}
FROM CALL
MethodCallImpl{name='add', address='', params=io.advantageous.qbit.util.MultiMap$1@368b9426, body=[1, 2], timestamp=25890292, id=97, objectName='null', returnAddress='null'}


19:30:07.365 [QueueListener Request Queue test] DEBUG i.a.qbit.service.impl.ServiceImpl - ServiceImpl::doHandleMethodCall() METHOD CALLMethodCallImpl{name='add', address='', params=io.advantageous.qbit.util.MultiMap$1@368b9426, body=[1, 2], timestamp=25890292, id=98, objectName='null', returnAddress='null'}
19:30:07.365 [QueueListener Request Queue test] DEBUG i.a.qbit.service.impl.ServiceImpl - ServiceImpl::receive() 
RESPONSE
ResponseImpl{address='add', params=null, body=3}
FROM CALL
MethodCallImpl{name='add', address='', params=io.advantageous.qbit.util.MultiMap$1@368b9426, body=[1, 2], timestamp=25890292, id=98, objectName='null', returnAddress='null'}


19:30:07.365 [QueueListener Request Queue test] DEBUG i.a.qbit.service.impl.ServiceImpl - ServiceImpl::doHandleMethodCall() METHOD CALLMethodCallImpl{name='add', address='', params=io.advantageous.qbit.util.MultiMap$1@368b9426, body=[1, 2], timestamp=25890292, id=99, objectName='null', returnAddress='null'}
19:30:07.365 [QueueListener Request Queue test] DEBUG i.a.qbit.service.impl.ServiceImpl - ServiceImpl::receive() 
RESPONSE
ResponseImpl{address='add', params=null, body=3}
FROM CALL
MethodCallImpl{name='add', address='', params=io.advantageous.qbit.util.MultiMap$1@368b9426, body=[1, 2], timestamp=25890292, id=99, objectName='null', returnAddress='null'}


19:30:07.365 [QueueListener Request Queue test] DEBUG i.a.qbit.service.impl.ServiceImpl - ServiceImpl::doHandleMethodCall() METHOD CALLMethodCallImpl{name='add', address='', params=io.advantageous.qbit.util.MultiMap$1@368b9426, body=[1, 2], timestamp=25890292, id=100, objectName='null', returnAddress='null'}
19:30:07.365 [QueueListener Request Queue test] DEBUG i.a.qbit.service.impl.ServiceImpl - ServiceImpl::receive() 
RESPONSE
ResponseImpl{address='add', params=null, body=3}
FROM CALL
MethodCallImpl{name='add', address='', params=io.advantageous.qbit.util.MultiMap$1@368b9426, body=[1, 2], timestamp=25890292, id=100, objectName='null', returnAddress='null'}


19:30:07.365 [QueueListener Request Queue test] DEBUG i.a.qbit.service.impl.ServiceImpl - ServiceImpl::doHandleMethodCall() METHOD CALLMethodCallImpl{name='add', address='', params=io.advantageous.qbit.util.MultiMap$1@368b9426, body=[1, 2], timestamp=25890292, id=101, objectName='null', returnAddress='null'}
19:30:07.365 [QueueListener Request Queue test] DEBUG i.a.qbit.service.impl.ServiceImpl - ServiceImpl::receive() 
RESPONSE
ResponseImpl{address='add', params=null, body=3}
FROM CALL
MethodCallImpl{name='add', address='', params=io.advantageous.qbit.util.MultiMap$1@368b9426, body=[1, 2], timestamp=25890292, id=101, objectName='null', returnAddress='null'}


Queue Limit 
Queue Empty 
19:30:07.365 [QueueListener Request Queue test] DEBUG i.a.qbit.service.impl.ServiceImpl - ServiceImpl::doHandleMethodCall() METHOD CALLMethodCallImpl{name='add', address='', params=io.advantageous.qbit.util.MultiMap$1@368b9426, body=[1, 2], timestamp=25890292, id=102, objectName='null', returnAddress='null'}
19:30:07.365 [QueueListener Request Queue test] DEBUG i.a.qbit.service.impl.ServiceImpl - ServiceImpl::receive() 
RESPONSE
ResponseImpl{address='add', params=null, body=3}
FROM CALL
MethodCallImpl{name='add', address='', params=io.advantageous.qbit.util.MultiMap$1@368b9426, body=[1, 2], timestamp=25890292, id=102, objectName='null', returnAddress='null'}


19:30:07.365 [QueueListener Request Queue test] DEBUG i.a.qbit.service.impl.ServiceImpl - ServiceImpl::doHandleMethodCall() METHOD CALLMethodCallImpl{name='add', address='', params=io.advantageous.qbit.util.MultiMap$1@368b9426, body=[1, 2], timestamp=25890292, id=103, objectName='null', returnAddress='null'}
19:30:07.365 [QueueListener Request Queue test] DEBUG i.a.qbit.service.impl.ServiceImpl - ServiceImpl::receive() 
RESPONSE
ResponseImpl{address='add', params=null, body=3}
FROM CALL
MethodCallImpl{name='add', address='', params=io.advantageous.qbit.util.MultiMap$1@368b9426, body=[1, 2], timestamp=25890292, id=103, objectName='null', returnAddress='null'}


19:30:07.365 [QueueListener Request Queue test] DEBUG i.a.qbit.service.impl.ServiceImpl - ServiceImpl::doHandleMethodCall() METHOD CALLMethodCallImpl{name='add', address='', params=io.advantageous.qbit.util.MultiMap$1@368b9426, body=[1, 2], timestamp=25890292, id=104, objectName='null', returnAddress='null'}
19:30:07.365 [QueueListener Request Queue test] DEBUG i.a.qbit.service.impl.ServiceImpl - ServiceImpl::receive() 
RESPONSE
ResponseImpl{address='add', params=null, body=3}
FROM CALL
MethodCallImpl{name='add', address='', params=io.advantageous.qbit.util.MultiMap$1@368b9426, body=[1, 2], timestamp=25890292, id=104, objectName='null', returnAddress='null'}


19:30:07.365 [QueueListener Request Queue test] DEBUG i.a.qbit.service.impl.ServiceImpl - ServiceImpl::doHandleMethodCall() METHOD CALLMethodCallImpl{name='add', address='', params=io.advantageous.qbit.util.MultiMap$1@368b9426, body=[1, 2], timestamp=25890292, id=105, objectName='null', returnAddress='null'}
19:30:07.370 [QueueListener Request Queue test] DEBUG i.a.qbit.service.impl.ServiceImpl - ServiceImpl::receive() 
RESPONSE
ResponseImpl{address='add', params=null, body=3}
FROM CALL
MethodCallImpl{name='add', address='', params=io.advantageous.qbit.util.MultiMap$1@368b9426, body=[1, 2], timestamp=25890292, id=105, objectName='null', returnAddress='null'}


19:30:07.370 [QueueListener Request Queue test] DEBUG i.a.qbit.service.impl.ServiceImpl - ServiceImpl::doHandleMethodCall() METHOD CALLMethodCallImpl{name='add', address='', params=io.advantageous.qbit.util.MultiMap$1@368b9426, body=[1, 2], timestamp=25890292, id=106, objectName='null', returnAddress='null'}
19:30:07.370 [QueueListener Request Queue test] DEBUG i.a.qbit.service.impl.ServiceImpl - ServiceImpl::receive() 
RESPONSE
ResponseImpl{address='add', params=null, body=3}
FROM CALL
MethodCallImpl{name='add', address='', params=io.advantageous.qbit.util.MultiMap$1@368b9426, body=[1, 2], timestamp=25890292, id=106, objectName='null', returnAddress='null'}


19:30:07.370 [QueueListener Request Queue test] DEBUG i.a.qbit.service.impl.ServiceImpl - ServiceImpl::doHandleMethodCall() METHOD CALLMethodCallImpl{name='add', address='', params=io.advantageous.qbit.util.MultiMap$1@368b9426, body=[1, 2], timestamp=25890292, id=107, objectName='null', returnAddress='null'}
19:30:07.370 [QueueListener Request Queue test] DEBUG i.a.qbit.service.impl.ServiceImpl - ServiceImpl::receive() 
RESPONSE
ResponseImpl{address='add', params=null, body=3}
FROM CALL
MethodCallImpl{name='add', address='', params=io.advantageous.qbit.util.MultiMap$1@368b9426, body=[1, 2], timestamp=25890292, id=107, objectName='null', returnAddress='null'}


Queue Limit 
Queue Empty 
19:30:07.370 [QueueListener Request Queue test] DEBUG i.a.qbit.service.impl.ServiceImpl - ServiceImpl::doHandleMethodCall() METHOD CALLMethodCallImpl{name='add', address='', params=io.advantageous.qbit.util.MultiMap$1@368b9426, body=[1, 2], timestamp=25890292, id=108, objectName='null', returnAddress='null'}
19:30:07.370 [QueueListener Request Queue test] DEBUG i.a.qbit.service.impl.ServiceImpl - ServiceImpl::receive() 
RESPONSE
ResponseImpl{address='add', params=null, body=3}
FROM CALL
MethodCallImpl{name='add', address='', params=io.advantageous.qbit.util.MultiMap$1@368b9426, body=[1, 2], timestamp=25890292, id=108, objectName='null', returnAddress='null'}


19:30:07.370 [QueueListener Request Queue test] DEBUG i.a.qbit.service.impl.ServiceImpl - ServiceImpl::doHandleMethodCall() METHOD CALLMethodCallImpl{name='add', address='', params=io.advantageous.qbit.util.MultiMap$1@368b9426, body=[1, 2], timestamp=25890292, id=109, objectName='null', returnAddress='null'}
19:30:07.370 [QueueListener Request Queue test] DEBUG i.a.qbit.service.impl.ServiceImpl - ServiceImpl::receive() 
RESPONSE
ResponseImpl{address='add', params=null, body=3}
FROM CALL
MethodCallImpl{name='add', address='', params=io.advantageous.qbit.util.MultiMap$1@368b9426, body=[1, 2], timestamp=25890292, id=109, objectName='null', returnAddress='null'}


19:30:07.370 [QueueListener Request Queue test] DEBUG i.a.qbit.service.impl.ServiceImpl - ServiceImpl::doHandleMethodCall() METHOD CALLMethodCallImpl{name='add', address='', params=io.advantageous.qbit.util.MultiMap$1@368b9426, body=[1, 2], timestamp=25890292, id=110, objectName='null', returnAddress='null'}
19:30:07.370 [QueueListener Request Queue test] DEBUG i.a.qbit.service.impl.ServiceImpl - ServiceImpl::receive() 
RESPONSE
ResponseImpl{address='add', params=null, body=3}
FROM CALL
MethodCallImpl{name='add', address='', params=io.advantageous.qbit.util.MultiMap$1@368b9426, body=[1, 2], timestamp=25890292, id=110, objectName='null', returnAddress='null'}


19:30:07.370 [QueueListener Request Queue test] DEBUG i.a.qbit.service.impl.ServiceImpl - ServiceImpl::doHandleMethodCall() METHOD CALLMethodCallImpl{name='add', address='', params=io.advantageous.qbit.util.MultiMap$1@368b9426, body=[1, 2], timestamp=25890292, id=111, objectName='null', returnAddress='null'}
19:30:07.370 [QueueListener Request Queue test] DEBUG i.a.qbit.service.impl.ServiceImpl - ServiceImpl::receive() 
RESPONSE
ResponseImpl{address='add', params=null, body=3}
FROM CALL
MethodCallImpl{name='add', address='', params=io.advantageous.qbit.util.MultiMap$1@368b9426, body=[1, 2], timestamp=25890292, id=111, objectName='null', returnAddress='null'}


19:30:07.371 [QueueListener Request Queue test] DEBUG i.a.qbit.service.impl.ServiceImpl - ServiceImpl::doHandleMethodCall() METHOD CALLMethodCallImpl{name='add', address='', params=io.advantageous.qbit.util.MultiMap$1@368b9426, body=[1, 2], timestamp=25890292, id=112, objectName='null', returnAddress='null'}
19:30:07.371 [QueueListener Request Queue test] DEBUG i.a.qbit.service.impl.ServiceImpl - ServiceImpl::receive() 
RESPONSE
ResponseImpl{address='add', params=null, body=3}
FROM CALL
MethodCallImpl{name='add', address='', params=io.advantageous.qbit.util.MultiMap$1@368b9426, body=[1, 2], timestamp=25890292, id=112, objectName='null', returnAddress='null'}


19:30:07.371 [QueueListener Request Queue test] DEBUG i.a.qbit.service.impl.ServiceImpl - ServiceImpl::doHandleMethodCall() METHOD CALLMethodCallImpl{name='add', address='', params=io.advantageous.qbit.util.MultiMap$1@368b9426, body=[1, 2], timestamp=25890292, id=113, objectName='null', returnAddress='null'}
19:30:07.371 [QueueListener Request Queue test] DEBUG i.a.qbit.service.impl.ServiceImpl - ServiceImpl::receive() 
RESPONSE
ResponseImpl{address='add', params=null, body=3}
FROM CALL
MethodCallImpl{name='add', address='', params=io.advantageous.qbit.util.MultiMap$1@368b9426, body=[1, 2], timestamp=25890292, id=113, objectName='null', returnAddress='null'}


Queue Limit 
Queue Empty 
19:30:07.371 [QueueListener Request Queue test] DEBUG i.a.qbit.service.impl.ServiceImpl - ServiceImpl::doHandleMethodCall() METHOD CALLMethodCallImpl{name='add', address='', params=io.advantageous.qbit.util.MultiMap$1@368b9426, body=[1, 2], timestamp=25890292, id=114, objectName='null', returnAddress='null'}
19:30:07.371 [QueueListener Request Queue test] DEBUG i.a.qbit.service.impl.ServiceImpl - ServiceImpl::receive() 
RESPONSE
ResponseImpl{address='add', params=null, body=3}
FROM CALL
MethodCallImpl{name='add', address='', params=io.advantageous.qbit.util.MultiMap$1@368b9426, body=[1, 2], timestamp=25890292, id=114, objectName='null', returnAddress='null'}


19:30:07.371 [QueueListener Request Queue test] DEBUG i.a.qbit.service.impl.ServiceImpl - ServiceImpl::doHandleMethodCall() METHOD CALLMethodCallImpl{name='add', address='', params=io.advantageous.qbit.util.MultiMap$1@368b9426, body=[1, 2], timestamp=25890292, id=115, objectName='null', returnAddress='null'}
19:30:07.371 [QueueListener Request Queue test] DEBUG i.a.qbit.service.impl.ServiceImpl - ServiceImpl::receive() 
RESPONSE
ResponseImpl{address='add', params=null, body=3}
FROM CALL
MethodCallImpl{name='add', address='', params=io.advantageous.qbit.util.MultiMap$1@368b9426, body=[1, 2], timestamp=25890292, id=115, objectName='null', returnAddress='null'}


19:30:07.371 [QueueListener Request Queue test] DEBUG i.a.qbit.service.impl.ServiceImpl - ServiceImpl::doHandleMethodCall() METHOD CALLMethodCallImpl{name='add', address='', params=io.advantageous.qbit.util.MultiMap$1@368b9426, body=[1, 2], timestamp=25890292, id=116, objectName='null', returnAddress='null'}
19:30:07.371 [QueueListener Request Queue test] DEBUG i.a.qbit.service.impl.ServiceImpl - ServiceImpl::receive() 
RESPONSE
ResponseImpl{address='add', params=null, body=3}
FROM CALL
MethodCallImpl{name='add', address='', params=io.advantageous.qbit.util.MultiMap$1@368b9426, body=[1, 2], timestamp=25890292, id=116, objectName='null', returnAddress='null'}


19:30:07.371 [QueueListener Request Queue test] DEBUG i.a.qbit.service.impl.ServiceImpl - ServiceImpl::doHandleMethodCall() METHOD CALLMethodCallImpl{name='add', address='', params=io.advantageous.qbit.util.MultiMap$1@368b9426, body=[1, 2], timestamp=25890292, id=117, objectName='null', returnAddress='null'}
19:30:07.371 [QueueListener Request Queue test] DEBUG i.a.qbit.service.impl.ServiceImpl - ServiceImpl::receive() 
RESPONSE
ResponseImpl{address='add', params=null, body=3}
FROM CALL
MethodCallImpl{name='add', address='', params=io.advantageous.qbit.util.MultiMap$1@368b9426, body=[1, 2], timestamp=25890292, id=117, objectName='null', returnAddress='null'}


19:30:07.372 [QueueListener Request Queue test] DEBUG i.a.qbit.service.impl.ServiceImpl - ServiceImpl::doHandleMethodCall() METHOD CALLMethodCallImpl{name='add', address='', params=io.advantageous.qbit.util.MultiMap$1@368b9426, body=[1, 2], timestamp=25890292, id=118, objectName='null', returnAddress='null'}
19:30:07.373 [QueueListener Request Queue test] DEBUG i.a.qbit.service.impl.ServiceImpl - ServiceImpl::receive() 
RESPONSE
ResponseImpl{address='add', params=null, body=3}
FROM CALL
MethodCallImpl{name='add', address='', params=io.advantageous.qbit.util.MultiMap$1@368b9426, body=[1, 2], timestamp=25890292, id=118, objectName='null', returnAddress='null'}


19:30:07.373 [QueueListener Request Queue test] DEBUG i.a.qbit.service.impl.ServiceImpl - ServiceImpl::doHandleMethodCall() METHOD CALLMethodCallImpl{name='add', address='', params=io.advantageous.qbit.util.MultiMap$1@368b9426, body=[1, 2], timestamp=25890292, id=119, objectName='null', returnAddress='null'}
19:30:07.373 [QueueListener Request Queue test] DEBUG i.a.qbit.service.impl.ServiceImpl - ServiceImpl::receive() 
RESPONSE
ResponseImpl{address='add', params=null, body=3}
FROM CALL
MethodCallImpl{name='add', address='', params=io.advantageous.qbit.util.MultiMap$1@368b9426, body=[1, 2], timestamp=25890292, id=119, objectName='null', returnAddress='null'}


Queue Limit 
Queue Empty 
19:30:07.373 [QueueListener Request Queue test] DEBUG i.a.qbit.service.impl.ServiceImpl - ServiceImpl::doHandleMethodCall() METHOD CALLMethodCallImpl{name='add', address='', params=io.advantageous.qbit.util.MultiMap$1@368b9426, body=[1, 2], timestamp=25890292, id=120, objectName='null', returnAddress='null'}
19:30:07.373 [QueueListener Request Queue test] DEBUG i.a.qbit.service.impl.ServiceImpl - ServiceImpl::receive() 
RESPONSE
ResponseImpl{address='add', params=null, body=3}
FROM CALL
MethodCallImpl{name='add', address='', params=io.advantageous.qbit.util.MultiMap$1@368b9426, body=[1, 2], timestamp=25890292, id=120, objectName='null', returnAddress='null'}


19:30:07.373 [QueueListener Request Queue test] DEBUG i.a.qbit.service.impl.ServiceImpl - ServiceImpl::doHandleMethodCall() METHOD CALLMethodCallImpl{name='add', address='', params=io.advantageous.qbit.util.MultiMap$1@368b9426, body=[1, 2], timestamp=25890292, id=121, objectName='null', returnAddress='null'}
19:30:07.373 [QueueListener Request Queue test] DEBUG i.a.qbit.service.impl.ServiceImpl - ServiceImpl::receive() 
RESPONSE
ResponseImpl{address='add', params=null, body=3}
FROM CALL
MethodCallImpl{name='add', address='', params=io.advantageous.qbit.util.MultiMap$1@368b9426, body=[1, 2], timestamp=25890292, id=121, objectName='null', returnAddress='null'}


19:30:07.373 [QueueListener Request Queue test] DEBUG i.a.qbit.service.impl.ServiceImpl - ServiceImpl::doHandleMethodCall() METHOD CALLMethodCallImpl{name='add', address='', params=io.advantageous.qbit.util.MultiMap$1@368b9426, body=[1, 2], timestamp=25890292, id=122, objectName='null', returnAddress='null'}
19:30:07.373 [QueueListener Request Queue test] DEBUG i.a.qbit.service.impl.ServiceImpl - ServiceImpl::receive() 
RESPONSE
ResponseImpl{address='add', params=null, body=3}
FROM CALL
MethodCallImpl{name='add', address='', params=io.advantageous.qbit.util.MultiMap$1@368b9426, body=[1, 2], timestamp=25890292, id=122, objectName='null', returnAddress='null'}


19:30:07.373 [QueueListener Request Queue test] DEBUG i.a.qbit.service.impl.ServiceImpl - ServiceImpl::doHandleMethodCall() METHOD CALLMethodCallImpl{name='add', address='', params=io.advantageous.qbit.util.MultiMap$1@368b9426, body=[1, 2], timestamp=25890292, id=123, objectName='null', returnAddress='null'}
19:30:07.373 [QueueListener Request Queue test] DEBUG i.a.qbit.service.impl.ServiceImpl - ServiceImpl::receive() 
RESPONSE
ResponseImpl{address='add', params=null, body=3}
FROM CALL
MethodCallImpl{name='add', address='', params=io.advantageous.qbit.util.MultiMap$1@368b9426, body=[1, 2], timestamp=25890292, id=123, objectName='null', returnAddress='null'}


19:30:07.373 [QueueListener Request Queue test] DEBUG i.a.qbit.service.impl.ServiceImpl - ServiceImpl::doHandleMethodCall() METHOD CALLMethodCallImpl{name='add', address='', params=io.advantageous.qbit.util.MultiMap$1@368b9426, body=[1, 2], timestamp=25890292, id=124, objectName='null', returnAddress='null'}
19:30:07.373 [QueueListener Request Queue test] DEBUG i.a.qbit.service.impl.ServiceImpl - ServiceImpl::receive() 
RESPONSE
ResponseImpl{address='add', params=null, body=3}
FROM CALL
MethodCallImpl{name='add', address='', params=io.advantageous.qbit.util.MultiMap$1@368b9426, body=[1, 2], timestamp=25890292, id=124, objectName='null', returnAddress='null'}


19:30:07.373 [QueueListener Request Queue test] DEBUG i.a.qbit.service.impl.ServiceImpl - ServiceImpl::doHandleMethodCall() METHOD CALLMethodCallImpl{name='add', address='', params=io.advantageous.qbit.util.MultiMap$1@368b9426, body=[1, 2], timestamp=25890292, id=125, objectName='null', returnAddress='null'}
19:30:07.373 [QueueListener Request Queue test] DEBUG i.a.qbit.service.impl.ServiceImpl - ServiceImpl::receive() 
RESPONSE
ResponseImpl{address='add', params=null, body=3}
FROM CALL
MethodCallImpl{name='add', address='', params=io.advantageous.qbit.util.MultiMap$1@368b9426, body=[1, 2], timestamp=25890292, id=125, objectName='null', returnAddress='null'}


Queue Limit 
Queue Empty 
19:30:07.373 [QueueListener Request Queue test] DEBUG i.a.qbit.service.impl.ServiceImpl - ServiceImpl::doHandleMethodCall() METHOD CALLMethodCallImpl{name='add', address='', params=io.advantageous.qbit.util.MultiMap$1@368b9426, body=[1, 2], timestamp=25890292, id=126, objectName='null', returnAddress='null'}
19:30:07.374 [QueueListener Request Queue test] DEBUG i.a.qbit.service.impl.ServiceImpl - ServiceImpl::receive() 
RESPONSE
ResponseImpl{address='add', params=null, body=3}
FROM CALL
MethodCallImpl{name='add', address='', params=io.advantageous.qbit.util.MultiMap$1@368b9426, body=[1, 2], timestamp=25890292, id=126, objectName='null', returnAddress='null'}


19:30:07.374 [QueueListener Request Queue test] DEBUG i.a.qbit.service.impl.ServiceImpl - ServiceImpl::doHandleMethodCall() METHOD CALLMethodCallImpl{name='add', address='', params=io.advantageous.qbit.util.MultiMap$1@368b9426, body=[1, 2], timestamp=25890292, id=127, objectName='null', returnAddress='null'}
19:30:07.374 [QueueListener Request Queue test] DEBUG i.a.qbit.service.impl.ServiceImpl - ServiceImpl::receive() 
RESPONSE
ResponseImpl{address='add', params=null, body=3}
FROM CALL
MethodCallImpl{name='add', address='', params=io.advantageous.qbit.util.MultiMap$1@368b9426, body=[1, 2], timestamp=25890292, id=127, objectName='null', returnAddress='null'}


19:30:07.374 [QueueListener Request Queue test] DEBUG i.a.qbit.service.impl.ServiceImpl - ServiceImpl::doHandleMethodCall() METHOD CALLMethodCallImpl{name='add', address='', params=io.advantageous.qbit.util.MultiMap$1@368b9426, body=[1, 2], timestamp=25890292, id=128, objectName='null', returnAddress='null'}
19:30:07.374 [QueueListener Request Queue test] DEBUG i.a.qbit.service.impl.ServiceImpl - ServiceImpl::receive() 
RESPONSE
ResponseImpl{address='add', params=null, body=3}
FROM CALL
MethodCallImpl{name='add', address='', params=io.advantageous.qbit.util.MultiMap$1@368b9426, body=[1, 2], timestamp=25890292, id=128, objectName='null', returnAddress='null'}


19:30:07.374 [QueueListener Request Queue test] DEBUG i.a.qbit.service.impl.ServiceImpl - ServiceImpl::doHandleMethodCall() METHOD CALLMethodCallImpl{name='add', address='', params=io.advantageous.qbit.util.MultiMap$1@368b9426, body=[1, 2], timestamp=25890292, id=129, objectName='null', returnAddress='null'}
19:30:07.374 [QueueListener Request Queue test] DEBUG i.a.qbit.service.impl.ServiceImpl - ServiceImpl::receive() 
RESPONSE
ResponseImpl{address='add', params=null, body=3}
FROM CALL
MethodCallImpl{name='add', address='', params=io.advantageous.qbit.util.MultiMap$1@368b9426, body=[1, 2], timestamp=25890292, id=129, objectName='null', returnAddress='null'}


19:30:07.374 [QueueListener Request Queue test] DEBUG i.a.qbit.service.impl.ServiceImpl - ServiceImpl::doHandleMethodCall() METHOD CALLMethodCallImpl{name='add', address='', params=io.advantageous.qbit.util.MultiMap$1@368b9426, body=[1, 2], timestamp=25890292, id=130, objectName='null', returnAddress='null'}
19:30:07.374 [QueueListener Request Queue test] DEBUG i.a.qbit.service.impl.ServiceImpl - ServiceImpl::receive() 
RESPONSE
ResponseImpl{address='add', params=null, body=3}
FROM CALL
MethodCallImpl{name='add', address='', params=io.advantageous.qbit.util.MultiMap$1@368b9426, body=[1, 2], timestamp=25890292, id=130, objectName='null', returnAddress='null'}


19:30:07.374 [QueueListener Request Queue test] DEBUG i.a.qbit.service.impl.ServiceImpl - ServiceImpl::doHandleMethodCall() METHOD CALLMethodCallImpl{name='add', address='', params=io.advantageous.qbit.util.MultiMap$1@368b9426, body=[1, 2], timestamp=25890292, id=131, objectName='null', returnAddress='null'}
19:30:07.374 [QueueListener Request Queue test] DEBUG i.a.qbit.service.impl.ServiceImpl - ServiceImpl::receive() 
RESPONSE
ResponseImpl{address='add', params=null, body=3}
FROM CALL
MethodCallImpl{name='add', address='', params=io.advantageous.qbit.util.MultiMap$1@368b9426, body=[1, 2], timestamp=25890292, id=131, objectName='null', returnAddress='null'}


Queue Limit 
Queue Empty 
19:30:07.374 [QueueListener Request Queue test] DEBUG i.a.qbit.service.impl.ServiceImpl - ServiceImpl::doHandleMethodCall() METHOD CALLMethodCallImpl{name='add', address='', params=io.advantageous.qbit.util.MultiMap$1@368b9426, body=[1, 2], timestamp=25890292, id=132, objectName='null', returnAddress='null'}
19:30:07.374 [QueueListener Request Queue test] DEBUG i.a.qbit.service.impl.ServiceImpl - ServiceImpl::receive() 
RESPONSE
ResponseImpl{address='add', params=null, body=3}
FROM CALL
MethodCallImpl{name='add', address='', params=io.advantageous.qbit.util.MultiMap$1@368b9426, body=[1, 2], timestamp=25890292, id=132, objectName='null', returnAddress='null'}


19:30:07.374 [QueueListener Request Queue test] DEBUG i.a.qbit.service.impl.ServiceImpl - ServiceImpl::doHandleMethodCall() METHOD CALLMethodCallImpl{name='add', address='', params=io.advantageous.qbit.util.MultiMap$1@368b9426, body=[1, 2], timestamp=25890292, id=133, objectName='null', returnAddress='null'}
19:30:07.374 [QueueListener Request Queue test] DEBUG i.a.qbit.service.impl.ServiceImpl - ServiceImpl::receive() 
RESPONSE
ResponseImpl{address='add', params=null, body=3}
FROM CALL
MethodCallImpl{name='add', address='', params=io.advantageous.qbit.util.MultiMap$1@368b9426, body=[1, 2], timestamp=25890292, id=133, objectName='null', returnAddress='null'}


19:30:07.374 [QueueListener Request Queue test] DEBUG i.a.qbit.service.impl.ServiceImpl - ServiceImpl::doHandleMethodCall() METHOD CALLMethodCallImpl{name='add', address='', params=io.advantageous.qbit.util.MultiMap$1@368b9426, body=[1, 2], timestamp=25890292, id=134, objectName='null', returnAddress='null'}
19:30:07.374 [QueueListener Request Queue test] DEBUG i.a.qbit.service.impl.ServiceImpl - ServiceImpl::receive() 
RESPONSE
ResponseImpl{address='add', params=null, body=3}
FROM CALL
MethodCallImpl{name='add', address='', params=io.advantageous.qbit.util.MultiMap$1@368b9426, body=[1, 2], timestamp=25890292, id=134, objectName='null', returnAddress='null'}


19:30:07.374 [QueueListener Request Queue test] DEBUG i.a.qbit.service.impl.ServiceImpl - ServiceImpl::doHandleMethodCall() METHOD CALLMethodCallImpl{name='add', address='', params=io.advantageous.qbit.util.MultiMap$1@368b9426, body=[1, 2], timestamp=25890292, id=135, objectName='null', returnAddress='null'}
19:30:07.374 [QueueListener Request Queue test] DEBUG i.a.qbit.service.impl.ServiceImpl - ServiceImpl::receive() 
RESPONSE
ResponseImpl{address='add', params=null, body=3}
FROM CALL
MethodCallImpl{name='add', address='', params=io.advantageous.qbit.util.MultiMap$1@368b9426, body=[1, 2], timestamp=25890292, id=135, objectName='null', returnAddress='null'}


19:30:07.374 [QueueListener Request Queue test] DEBUG i.a.qbit.service.impl.ServiceImpl - ServiceImpl::doHandleMethodCall() METHOD CALLMethodCallImpl{name='add', address='', params=io.advantageous.qbit.util.MultiMap$1@368b9426, body=[1, 2], timestamp=25890292, id=136, objectName='null', returnAddress='null'}
19:30:07.374 [QueueListener Request Queue test] DEBUG i.a.qbit.service.impl.ServiceImpl - ServiceImpl::receive() 
RESPONSE
ResponseImpl{address='add', params=null, body=3}
FROM CALL
MethodCallImpl{name='add', address='', params=io.advantageous.qbit.util.MultiMap$1@368b9426, body=[1, 2], timestamp=25890292, id=136, objectName='null', returnAddress='null'}


19:30:07.374 [QueueListener Request Queue test] DEBUG i.a.qbit.service.impl.ServiceImpl - ServiceImpl::doHandleMethodCall() METHOD CALLMethodCallImpl{name='add', address='', params=io.advantageous.qbit.util.MultiMap$1@368b9426, body=[1, 2], timestamp=25890292, id=137, objectName='null', returnAddress='null'}
19:30:07.374 [QueueListener Request Queue test] DEBUG i.a.qbit.service.impl.ServiceImpl - ServiceImpl::receive() 
RESPONSE
ResponseImpl{address='add', params=null, body=3}
FROM CALL
MethodCallImpl{name='add', address='', params=io.advantageous.qbit.util.MultiMap$1@368b9426, body=[1, 2], timestamp=25890292, id=137, objectName='null', returnAddress='null'}


Queue Limit 
Queue Empty 
19:30:07.375 [QueueListener Request Queue test] DEBUG i.a.qbit.service.impl.ServiceImpl - ServiceImpl::doHandleMethodCall() METHOD CALLMethodCallImpl{name='add', address='', params=io.advantageous.qbit.util.MultiMap$1@368b9426, body=[1, 2], timestamp=25890292, id=138, objectName='null', returnAddress='null'}
19:30:07.375 [QueueListener Request Queue test] DEBUG i.a.qbit.service.impl.ServiceImpl - ServiceImpl::receive() 
RESPONSE
ResponseImpl{address='add', params=null, body=3}
FROM CALL
MethodCallImpl{name='add', address='', params=io.advantageous.qbit.util.MultiMap$1@368b9426, body=[1, 2], timestamp=25890292, id=138, objectName='null', returnAddress='null'}


19:30:07.375 [QueueListener Request Queue test] DEBUG i.a.qbit.service.impl.ServiceImpl - ServiceImpl::doHandleMethodCall() METHOD CALLMethodCallImpl{name='add', address='', params=io.advantageous.qbit.util.MultiMap$1@368b9426, body=[1, 2], timestamp=25890292, id=139, objectName='null', returnAddress='null'}
19:30:07.375 [QueueListener Request Queue test] DEBUG i.a.qbit.service.impl.ServiceImpl - ServiceImpl::receive() 
RESPONSE
ResponseImpl{address='add', params=null, body=3}
FROM CALL
MethodCallImpl{name='add', address='', params=io.advantageous.qbit.util.MultiMap$1@368b9426, body=[1, 2], timestamp=25890292, id=139, objectName='null', returnAddress='null'}


19:30:07.375 [QueueListener Request Queue test] DEBUG i.a.qbit.service.impl.ServiceImpl - ServiceImpl::doHandleMethodCall() METHOD CALLMethodCallImpl{name='add', address='', params=io.advantageous.qbit.util.MultiMap$1@368b9426, body=[1, 2], timestamp=25890292, id=140, objectName='null', returnAddress='null'}
19:30:07.375 [QueueListener Request Queue test] DEBUG i.a.qbit.service.impl.ServiceImpl - ServiceImpl::receive() 
RESPONSE
ResponseImpl{address='add', params=null, body=3}
FROM CALL
MethodCallImpl{name='add', address='', params=io.advantageous.qbit.util.MultiMap$1@368b9426, body=[1, 2], timestamp=25890292, id=140, objectName='null', returnAddress='null'}


19:30:07.375 [QueueListener Request Queue test] DEBUG i.a.qbit.service.impl.ServiceImpl - ServiceImpl::doHandleMethodCall() METHOD CALLMethodCallImpl{name='add', address='', params=io.advantageous.qbit.util.MultiMap$1@368b9426, body=[1, 2], timestamp=25890292, id=141, objectName='null', returnAddress='null'}
19:30:07.375 [QueueListener Request Queue test] DEBUG i.a.qbit.service.impl.ServiceImpl - ServiceImpl::receive() 
RESPONSE
ResponseImpl{address='add', params=null, body=3}
FROM CALL
MethodCallImpl{name='add', address='', params=io.advantageous.qbit.util.MultiMap$1@368b9426, body=[1, 2], timestamp=25890292, id=141, objectName='null', returnAddress='null'}


19:30:07.375 [QueueListener Request Queue test] DEBUG i.a.qbit.service.impl.ServiceImpl - ServiceImpl::doHandleMethodCall() METHOD CALLMethodCallImpl{name='add', address='', params=io.advantageous.qbit.util.MultiMap$1@368b9426, body=[1, 2], timestamp=25890292, id=142, objectName='null', returnAddress='null'}
19:30:07.375 [QueueListener Request Queue test] DEBUG i.a.qbit.service.impl.ServiceImpl - ServiceImpl::receive() 
RESPONSE
ResponseImpl{address='add', params=null, body=3}
FROM CALL
MethodCallImpl{name='add', address='', params=io.advantageous.qbit.util.MultiMap$1@368b9426, body=[1, 2], timestamp=25890292, id=142, objectName='null', returnAddress='null'}


19:30:07.375 [QueueListener Request Queue test] DEBUG i.a.qbit.service.impl.ServiceImpl - ServiceImpl::doHandleMethodCall() METHOD CALLMethodCallImpl{name='add', address='', params=io.advantageous.qbit.util.MultiMap$1@368b9426, body=[1, 2], timestamp=25890292, id=143, objectName='null', returnAddress='null'}
19:30:07.375 [QueueListener Request Queue test] DEBUG i.a.qbit.service.impl.ServiceImpl - ServiceImpl::receive() 
RESPONSE
ResponseImpl{address='add', params=null, body=3}
FROM CALL
MethodCallImpl{name='add', address='', params=io.advantageous.qbit.util.MultiMap$1@368b9426, body=[1, 2], timestamp=25890292, id=143, objectName='null', returnAddress='null'}


Queue Limit 
Queue Empty 
19:30:07.377 [QueueListener Request Queue test] DEBUG i.a.qbit.service.impl.ServiceImpl - ServiceImpl::doHandleMethodCall() METHOD CALLMethodCallImpl{name='add', address='', params=io.advantageous.qbit.util.MultiMap$1@368b9426, body=[1, 2], timestamp=25890292, id=144, objectName='null', returnAddress='null'}
19:30:07.377 [QueueListener Request Queue test] DEBUG i.a.qbit.service.impl.ServiceImpl - ServiceImpl::receive() 
RESPONSE
ResponseImpl{address='add', params=null, body=3}
FROM CALL
MethodCallImpl{name='add', address='', params=io.advantageous.qbit.util.MultiMap$1@368b9426, body=[1, 2], timestamp=25890292, id=144, objectName='null', returnAddress='null'}


19:30:07.377 [QueueListener Request Queue test] DEBUG i.a.qbit.service.impl.ServiceImpl - ServiceImpl::doHandleMethodCall() METHOD CALLMethodCallImpl{name='add', address='', params=io.advantageous.qbit.util.MultiMap$1@368b9426, body=[1, 2], timestamp=25890292, id=145, objectName='null', returnAddress='null'}
19:30:07.377 [QueueListener Request Queue test] DEBUG i.a.qbit.service.impl.ServiceImpl - ServiceImpl::receive() 
RESPONSE
ResponseImpl{address='add', params=null, body=3}
FROM CALL
MethodCallImpl{name='add', address='', params=io.advantageous.qbit.util.MultiMap$1@368b9426, body=[1, 2], timestamp=25890292, id=145, objectName='null', returnAddress='null'}


19:30:07.377 [QueueListener Request Queue test] DEBUG i.a.qbit.service.impl.ServiceImpl - ServiceImpl::doHandleMethodCall() METHOD CALLMethodCallImpl{name='add', address='', params=io.advantageous.qbit.util.MultiMap$1@368b9426, body=[1, 2], timestamp=25890292, id=146, objectName='null', returnAddress='null'}
19:30:07.377 [QueueListener Request Queue test] DEBUG i.a.qbit.service.impl.ServiceImpl - ServiceImpl::receive() 
RESPONSE
ResponseImpl{address='add', params=null, body=3}
FROM CALL
MethodCallImpl{name='add', address='', params=io.advantageous.qbit.util.MultiMap$1@368b9426, body=[1, 2], timestamp=25890292, id=146, objectName='null', returnAddress='null'}


19:30:07.377 [QueueListener Request Queue test] DEBUG i.a.qbit.service.impl.ServiceImpl - ServiceImpl::doHandleMethodCall() METHOD CALLMethodCallImpl{name='add', address='', params=io.advantageous.qbit.util.MultiMap$1@368b9426, body=[1, 2], timestamp=25890292, id=147, objectName='null', returnAddress='null'}
19:30:07.377 [QueueListener Request Queue test] DEBUG i.a.qbit.service.impl.ServiceImpl - ServiceImpl::receive() 
RESPONSE
ResponseImpl{address='add', params=null, body=3}
FROM CALL
MethodCallImpl{name='add', address='', params=io.advantageous.qbit.util.MultiMap$1@368b9426, body=[1, 2], timestamp=25890292, id=147, objectName='null', returnAddress='null'}


19:30:07.377 [QueueListener Request Queue test] DEBUG i.a.qbit.service.impl.ServiceImpl - ServiceImpl::doHandleMethodCall() METHOD CALLMethodCallImpl{name='add', address='', params=io.advantageous.qbit.util.MultiMap$1@368b9426, body=[1, 2], timestamp=25890292, id=148, objectName='null', returnAddress='null'}
19:30:07.377 [QueueListener Request Queue test] DEBUG i.a.qbit.service.impl.ServiceImpl - ServiceImpl::receive() 
RESPONSE
ResponseImpl{address='add', params=null, body=3}
FROM CALL
MethodCallImpl{name='add', address='', params=io.advantageous.qbit.util.MultiMap$1@368b9426, body=[1, 2], timestamp=25890292, id=148, objectName='null', returnAddress='null'}


19:30:07.378 [QueueListener Request Queue test] DEBUG i.a.qbit.service.impl.ServiceImpl - ServiceImpl::doHandleMethodCall() METHOD CALLMethodCallImpl{name='add', address='', params=io.advantageous.qbit.util.MultiMap$1@368b9426, body=[1, 2], timestamp=25890292, id=149, objectName='null', returnAddress='null'}
19:30:07.378 [QueueListener Request Queue test] DEBUG i.a.qbit.service.impl.ServiceImpl - ServiceImpl::receive() 
RESPONSE
ResponseImpl{address='add', params=null, body=3}
FROM CALL
MethodCallImpl{name='add', address='', params=io.advantageous.qbit.util.MultiMap$1@368b9426, body=[1, 2], timestamp=25890292, id=149, objectName='null', returnAddress='null'}


Queue Limit 
Queue Empty 
19:30:07.378 [QueueListener Request Queue test] DEBUG i.a.qbit.service.impl.ServiceImpl - ServiceImpl::doHandleMethodCall() METHOD CALLMethodCallImpl{name='add', address='', params=io.advantageous.qbit.util.MultiMap$1@368b9426, body=[1, 2], timestamp=25890292, id=150, objectName='null', returnAddress='null'}
19:30:07.378 [QueueListener Request Queue test] DEBUG i.a.qbit.service.impl.ServiceImpl - ServiceImpl::receive() 
RESPONSE
ResponseImpl{address='add', params=null, body=3}
FROM CALL
MethodCallImpl{name='add', address='', params=io.advantageous.qbit.util.MultiMap$1@368b9426, body=[1, 2], timestamp=25890292, id=150, objectName='null', returnAddress='null'}


19:30:07.378 [QueueListener Request Queue test] DEBUG i.a.qbit.service.impl.ServiceImpl - ServiceImpl::doHandleMethodCall() METHOD CALLMethodCallImpl{name='add', address='', params=io.advantageous.qbit.util.MultiMap$1@368b9426, body=[1, 2], timestamp=25890292, id=151, objectName='null', returnAddress='null'}
19:30:07.378 [QueueListener Request Queue test] DEBUG i.a.qbit.service.impl.ServiceImpl - ServiceImpl::receive() 
RESPONSE
ResponseImpl{address='add', params=null, body=3}
FROM CALL
MethodCallImpl{name='add', address='', params=io.advantageous.qbit.util.MultiMap$1@368b9426, body=[1, 2], timestamp=25890292, id=151, objectName='null', returnAddress='null'}


19:30:07.378 [QueueListener Request Queue test] DEBUG i.a.qbit.service.impl.ServiceImpl - ServiceImpl::doHandleMethodCall() METHOD CALLMethodCallImpl{name='add', address='', params=io.advantageous.qbit.util.MultiMap$1@368b9426, body=[1, 2], timestamp=25890292, id=152, objectName='null', returnAddress='null'}
19:30:07.378 [QueueListener Request Queue test] DEBUG i.a.qbit.service.impl.ServiceImpl - ServiceImpl::receive() 
RESPONSE
ResponseImpl{address='add', params=null, body=3}
FROM CALL
MethodCallImpl{name='add', address='', params=io.advantageous.qbit.util.MultiMap$1@368b9426, body=[1, 2], timestamp=25890292, id=152, objectName='null', returnAddress='null'}


19:30:07.378 [QueueListener Request Queue test] DEBUG i.a.qbit.service.impl.ServiceImpl - ServiceImpl::doHandleMethodCall() METHOD CALLMethodCallImpl{name='add', address='', params=io.advantageous.qbit.util.MultiMap$1@368b9426, body=[1, 2], timestamp=25890292, id=153, objectName='null', returnAddress='null'}
19:30:07.379 [QueueListener Request Queue test] DEBUG i.a.qbit.service.impl.ServiceImpl - ServiceImpl::receive() 
RESPONSE
ResponseImpl{address='add', params=null, body=3}
FROM CALL
MethodCallImpl{name='add', address='', params=io.advantageous.qbit.util.MultiMap$1@368b9426, body=[1, 2], timestamp=25890292, id=153, objectName='null', returnAddress='null'}


19:30:07.379 [QueueListener Request Queue test] DEBUG i.a.qbit.service.impl.ServiceImpl - ServiceImpl::doHandleMethodCall() METHOD CALLMethodCallImpl{name='add', address='', params=io.advantageous.qbit.util.MultiMap$1@368b9426, body=[1, 2], timestamp=25890292, id=154, objectName='null', returnAddress='null'}
19:30:07.379 [QueueListener Request Queue test] DEBUG i.a.qbit.service.impl.ServiceImpl - ServiceImpl::receive() 
RESPONSE
ResponseImpl{address='add', params=null, body=3}
FROM CALL
MethodCallImpl{name='add', address='', params=io.advantageous.qbit.util.MultiMap$1@368b9426, body=[1, 2], timestamp=25890292, id=154, objectName='null', returnAddress='null'}


19:30:07.379 [QueueListener Request Queue test] DEBUG i.a.qbit.service.impl.ServiceImpl - ServiceImpl::doHandleMethodCall() METHOD CALLMethodCallImpl{name='add', address='', params=io.advantageous.qbit.util.MultiMap$1@368b9426, body=[1, 2], timestamp=25890292, id=155, objectName='null', returnAddress='null'}
19:30:07.379 [QueueListener Request Queue test] DEBUG i.a.qbit.service.impl.ServiceImpl - ServiceImpl::receive() 
RESPONSE
ResponseImpl{address='add', params=null, body=3}
FROM CALL
MethodCallImpl{name='add', address='', params=io.advantageous.qbit.util.MultiMap$1@368b9426, body=[1, 2], timestamp=25890292, id=155, objectName='null', returnAddress='null'}


Queue Limit 
Queue Empty 
19:30:07.379 [QueueListener Request Queue test] DEBUG i.a.qbit.service.impl.ServiceImpl - ServiceImpl::doHandleMethodCall() METHOD CALLMethodCallImpl{name='add', address='', params=io.advantageous.qbit.util.MultiMap$1@368b9426, body=[1, 2], timestamp=25890292, id=156, objectName='null', returnAddress='null'}
19:30:07.379 [QueueListener Request Queue test] DEBUG i.a.qbit.service.impl.ServiceImpl - ServiceImpl::receive() 
RESPONSE
ResponseImpl{address='add', params=null, body=3}
FROM CALL
MethodCallImpl{name='add', address='', params=io.advantageous.qbit.util.MultiMap$1@368b9426, body=[1, 2], timestamp=25890292, id=156, objectName='null', returnAddress='null'}


19:30:07.379 [QueueListener Request Queue test] DEBUG i.a.qbit.service.impl.ServiceImpl - ServiceImpl::doHandleMethodCall() METHOD CALLMethodCallImpl{name='add', address='', params=io.advantageous.qbit.util.MultiMap$1@368b9426, body=[1, 2], timestamp=25890292, id=157, objectName='null', returnAddress='null'}
19:30:07.379 [QueueListener Request Queue test] DEBUG i.a.qbit.service.impl.ServiceImpl - ServiceImpl::receive() 
RESPONSE
ResponseImpl{address='add', params=null, body=3}
FROM CALL
MethodCallImpl{name='add', address='', params=io.advantageous.qbit.util.MultiMap$1@368b9426, body=[1, 2], timestamp=25890292, id=157, objectName='null', returnAddress='null'}


19:30:07.379 [QueueListener Request Queue test] DEBUG i.a.qbit.service.impl.ServiceImpl - ServiceImpl::doHandleMethodCall() METHOD CALLMethodCallImpl{name='add', address='', params=io.advantageous.qbit.util.MultiMap$1@368b9426, body=[1, 2], timestamp=25890292, id=158, objectName='null', returnAddress='null'}
19:30:07.379 [QueueListener Request Queue test] DEBUG i.a.qbit.service.impl.ServiceImpl - ServiceImpl::receive() 
RESPONSE
ResponseImpl{address='add', params=null, body=3}
FROM CALL
MethodCallImpl{name='add', address='', params=io.advantageous.qbit.util.MultiMap$1@368b9426, body=[1, 2], timestamp=25890292, id=158, objectName='null', returnAddress='null'}


19:30:07.379 [QueueListener Request Queue test] DEBUG i.a.qbit.service.impl.ServiceImpl - ServiceImpl::doHandleMethodCall() METHOD CALLMethodCallImpl{name='add', address='', params=io.advantageous.qbit.util.MultiMap$1@368b9426, body=[1, 2], timestamp=25890292, id=159, objectName='null', returnAddress='null'}
19:30:07.380 [QueueListener Request Queue test] DEBUG i.a.qbit.service.impl.ServiceImpl - ServiceImpl::receive() 
RESPONSE
ResponseImpl{address='add', params=null, body=3}
FROM CALL
MethodCallImpl{name='add', address='', params=io.advantageous.qbit.util.MultiMap$1@368b9426, body=[1, 2], timestamp=25890292, id=159, objectName='null', returnAddress='null'}


19:30:07.380 [QueueListener Request Queue test] DEBUG i.a.qbit.service.impl.ServiceImpl - ServiceImpl::doHandleMethodCall() METHOD CALLMethodCallImpl{name='add', address='', params=io.advantageous.qbit.util.MultiMap$1@368b9426, body=[1, 2], timestamp=25890292, id=160, objectName='null', returnAddress='null'}
19:30:07.380 [QueueListener Request Queue test] DEBUG i.a.qbit.service.impl.ServiceImpl - ServiceImpl::receive() 
RESPONSE
ResponseImpl{address='add', params=null, body=3}
FROM CALL
MethodCallImpl{name='add', address='', params=io.advantageous.qbit.util.MultiMap$1@368b9426, body=[1, 2], timestamp=25890292, id=160, objectName='null', returnAddress='null'}


19:30:07.380 [QueueListener Request Queue test] DEBUG i.a.qbit.service.impl.ServiceImpl - ServiceImpl::doHandleMethodCall() METHOD CALLMethodCallImpl{name='add', address='', params=io.advantageous.qbit.util.MultiMap$1@368b9426, body=[1, 2], timestamp=25890292, id=161, objectName='null', returnAddress='null'}
19:30:07.380 [QueueListener Request Queue test] DEBUG i.a.qbit.service.impl.ServiceImpl - ServiceImpl::receive() 
RESPONSE
ResponseImpl{address='add', params=null, body=3}
FROM CALL
MethodCallImpl{name='add', address='', params=io.advantageous.qbit.util.MultiMap$1@368b9426, body=[1, 2], timestamp=25890292, id=161, objectName='null', returnAddress='null'}


Queue Limit 
Queue Empty 
19:30:07.380 [QueueListener Request Queue test] DEBUG i.a.qbit.service.impl.ServiceImpl - ServiceImpl::doHandleMethodCall() METHOD CALLMethodCallImpl{name='add', address='', params=io.advantageous.qbit.util.MultiMap$1@368b9426, body=[1, 2], timestamp=25890292, id=162, objectName='null', returnAddress='null'}
19:30:07.380 [QueueListener Request Queue test] DEBUG i.a.qbit.service.impl.ServiceImpl - ServiceImpl::receive() 
RESPONSE
ResponseImpl{address='add', params=null, body=3}
FROM CALL
MethodCallImpl{name='add', address='', params=io.advantageous.qbit.util.MultiMap$1@368b9426, body=[1, 2], timestamp=25890292, id=162, objectName='null', returnAddress='null'}


19:30:07.380 [QueueListener Request Queue test] DEBUG i.a.qbit.service.impl.ServiceImpl - ServiceImpl::doHandleMethodCall() METHOD CALLMethodCallImpl{name='add', address='', params=io.advantageous.qbit.util.MultiMap$1@368b9426, body=[1, 2], timestamp=25890292, id=163, objectName='null', returnAddress='null'}
19:30:07.380 [QueueListener Request Queue test] DEBUG i.a.qbit.service.impl.ServiceImpl - ServiceImpl::receive() 
RESPONSE
ResponseImpl{address='add', params=null, body=3}
FROM CALL
MethodCallImpl{name='add', address='', params=io.advantageous.qbit.util.MultiMap$1@368b9426, body=[1, 2], timestamp=25890292, id=163, objectName='null', returnAddress='null'}


19:30:07.380 [QueueListener Request Queue test] DEBUG i.a.qbit.service.impl.ServiceImpl - ServiceImpl::doHandleMethodCall() METHOD CALLMethodCallImpl{name='add', address='', params=io.advantageous.qbit.util.MultiMap$1@368b9426, body=[1, 2], timestamp=25890292, id=164, objectName='null', returnAddress='null'}
19:30:07.380 [QueueListener Request Queue test] DEBUG i.a.qbit.service.impl.ServiceImpl - ServiceImpl::receive() 
RESPONSE
ResponseImpl{address='add', params=null, body=3}
FROM CALL
MethodCallImpl{name='add', address='', params=io.advantageous.qbit.util.MultiMap$1@368b9426, body=[1, 2], timestamp=25890292, id=164, objectName='null', returnAddress='null'}


19:30:07.380 [QueueListener Request Queue test] DEBUG i.a.qbit.service.impl.ServiceImpl - ServiceImpl::doHandleMethodCall() METHOD CALLMethodCallImpl{name='add', address='', params=io.advantageous.qbit.util.MultiMap$1@368b9426, body=[1, 2], timestamp=25890292, id=165, objectName='null', returnAddress='null'}
19:30:07.380 [QueueListener Request Queue test] DEBUG i.a.qbit.service.impl.ServiceImpl - ServiceImpl::receive() 
RESPONSE
ResponseImpl{address='add', params=null, body=3}
FROM CALL
MethodCallImpl{name='add', address='', params=io.advantageous.qbit.util.MultiMap$1@368b9426, body=[1, 2], timestamp=25890292, id=165, objectName='null', returnAddress='null'}


19:30:07.380 [QueueListener Request Queue test] DEBUG i.a.qbit.service.impl.ServiceImpl - ServiceImpl::doHandleMethodCall() METHOD CALLMethodCallImpl{name='add', address='', params=io.advantageous.qbit.util.MultiMap$1@368b9426, body=[1, 2], timestamp=25890292, id=166, objectName='null', returnAddress='null'}
19:30:07.380 [QueueListener Request Queue test] DEBUG i.a.qbit.service.impl.ServiceImpl - ServiceImpl::receive() 
RESPONSE
ResponseImpl{address='add', params=null, body=3}
FROM CALL
MethodCallImpl{name='add', address='', params=io.advantageous.qbit.util.MultiMap$1@368b9426, body=[1, 2], timestamp=25890292, id=166, objectName='null', returnAddress='null'}


19:30:07.380 [QueueListener Request Queue test] DEBUG i.a.qbit.service.impl.ServiceImpl - ServiceImpl::doHandleMethodCall() METHOD CALLMethodCallImpl{name='add', address='', params=io.advantageous.qbit.util.MultiMap$1@368b9426, body=[1, 2], timestamp=25890292, id=167, objectName='null', returnAddress='null'}
19:30:07.380 [QueueListener Request Queue test] DEBUG i.a.qbit.service.impl.ServiceImpl - ServiceImpl::receive() 
RESPONSE
ResponseImpl{address='add', params=null, body=3}
FROM CALL
MethodCallImpl{name='add', address='', params=io.advantageous.qbit.util.MultiMap$1@368b9426, body=[1, 2], timestamp=25890292, id=167, objectName='null', returnAddress='null'}


Queue Limit 
Queue Empty 
19:30:07.380 [QueueListener Request Queue test] DEBUG i.a.qbit.service.impl.ServiceImpl - ServiceImpl::doHandleMethodCall() METHOD CALLMethodCallImpl{name='add', address='', params=io.advantageous.qbit.util.MultiMap$1@368b9426, body=[1, 2], timestamp=25890292, id=168, objectName='null', returnAddress='null'}
19:30:07.380 [QueueListener Request Queue test] DEBUG i.a.qbit.service.impl.ServiceImpl - ServiceImpl::receive() 
RESPONSE
ResponseImpl{address='add', params=null, body=3}
FROM CALL
MethodCallImpl{name='add', address='', params=io.advantageous.qbit.util.MultiMap$1@368b9426, body=[1, 2], timestamp=25890292, id=168, objectName='null', returnAddress='null'}


19:30:07.380 [QueueListener Request Queue test] DEBUG i.a.qbit.service.impl.ServiceImpl - ServiceImpl::doHandleMethodCall() METHOD CALLMethodCallImpl{name='add', address='', params=io.advantageous.qbit.util.MultiMap$1@368b9426, body=[1, 2], timestamp=25890292, id=169, objectName='null', returnAddress='null'}
19:30:07.380 [QueueListener Request Queue test] DEBUG i.a.qbit.service.impl.ServiceImpl - ServiceImpl::receive() 
RESPONSE
ResponseImpl{address='add', params=null, body=3}
FROM CALL
MethodCallImpl{name='add', address='', params=io.advantageous.qbit.util.MultiMap$1@368b9426, body=[1, 2], timestamp=25890292, id=169, objectName='null', returnAddress='null'}


19:30:07.380 [QueueListener Request Queue test] DEBUG i.a.qbit.service.impl.ServiceImpl - ServiceImpl::doHandleMethodCall() METHOD CALLMethodCallImpl{name='add', address='', params=io.advantageous.qbit.util.MultiMap$1@368b9426, body=[1, 2], timestamp=25890292, id=170, objectName='null', returnAddress='null'}
19:30:07.381 [QueueListener Request Queue test] DEBUG i.a.qbit.service.impl.ServiceImpl - ServiceImpl::receive() 
RESPONSE
ResponseImpl{address='add', params=null, body=3}
FROM CALL
MethodCallImpl{name='add', address='', params=io.advantageous.qbit.util.MultiMap$1@368b9426, body=[1, 2], timestamp=25890292, id=170, objectName='null', returnAddress='null'}


19:30:07.381 [QueueListener Request Queue test] DEBUG i.a.qbit.service.impl.ServiceImpl - ServiceImpl::doHandleMethodCall() METHOD CALLMethodCallImpl{name='add', address='', params=io.advantageous.qbit.util.MultiMap$1@368b9426, body=[1, 2], timestamp=25890292, id=171, objectName='null', returnAddress='null'}
19:30:07.381 [QueueListener Request Queue test] DEBUG i.a.qbit.service.impl.ServiceImpl - ServiceImpl::receive() 
RESPONSE
ResponseImpl{address='add', params=null, body=3}
FROM CALL
MethodCallImpl{name='add', address='', params=io.advantageous.qbit.util.MultiMap$1@368b9426, body=[1, 2], timestamp=25890292, id=171, objectName='null', returnAddress='null'}


19:30:07.381 [QueueListener Request Queue test] DEBUG i.a.qbit.service.impl.ServiceImpl - ServiceImpl::doHandleMethodCall() METHOD CALLMethodCallImpl{name='add', address='', params=io.advantageous.qbit.util.MultiMap$1@368b9426, body=[1, 2], timestamp=25890292, id=172, objectName='null', returnAddress='null'}
19:30:07.381 [QueueListener Request Queue test] DEBUG i.a.qbit.service.impl.ServiceImpl - ServiceImpl::receive() 
RESPONSE
ResponseImpl{address='add', params=null, body=3}
FROM CALL
MethodCallImpl{name='add', address='', params=io.advantageous.qbit.util.MultiMap$1@368b9426, body=[1, 2], timestamp=25890292, id=172, objectName='null', returnAddress='null'}


19:30:07.381 [QueueListener Request Queue test] DEBUG i.a.qbit.service.impl.ServiceImpl - ServiceImpl::doHandleMethodCall() METHOD CALLMethodCallImpl{name='add', address='', params=io.advantageous.qbit.util.MultiMap$1@368b9426, body=[1, 2], timestamp=25890292, id=173, objectName='null', returnAddress='null'}
19:30:07.381 [QueueListener Request Queue test] DEBUG i.a.qbit.service.impl.ServiceImpl - ServiceImpl::receive() 
RESPONSE
ResponseImpl{address='add', params=null, body=3}
FROM CALL
MethodCallImpl{name='add', address='', params=io.advantageous.qbit.util.MultiMap$1@368b9426, body=[1, 2], timestamp=25890292, id=173, objectName='null', returnAddress='null'}


Queue Limit 
Queue Empty 
19:30:07.381 [QueueListener Request Queue test] DEBUG i.a.qbit.service.impl.ServiceImpl - ServiceImpl::doHandleMethodCall() METHOD CALLMethodCallImpl{name='add', address='', params=io.advantageous.qbit.util.MultiMap$1@368b9426, body=[1, 2], timestamp=25890292, id=174, objectName='null', returnAddress='null'}
19:30:07.381 [QueueListener Request Queue test] DEBUG i.a.qbit.service.impl.ServiceImpl - ServiceImpl::receive() 
RESPONSE
ResponseImpl{address='add', params=null, body=3}
FROM CALL
MethodCallImpl{name='add', address='', params=io.advantageous.qbit.util.MultiMap$1@368b9426, body=[1, 2], timestamp=25890292, id=174, objectName='null', returnAddress='null'}


19:30:07.381 [QueueListener Request Queue test] DEBUG i.a.qbit.service.impl.ServiceImpl - ServiceImpl::doHandleMethodCall() METHOD CALLMethodCallImpl{name='add', address='', params=io.advantageous.qbit.util.MultiMap$1@368b9426, body=[1, 2], timestamp=25890292, id=175, objectName='null', returnAddress='null'}
19:30:07.381 [QueueListener Request Queue test] DEBUG i.a.qbit.service.impl.ServiceImpl - ServiceImpl::receive() 
RESPONSE
ResponseImpl{address='add', params=null, body=3}
FROM CALL
MethodCallImpl{name='add', address='', params=io.advantageous.qbit.util.MultiMap$1@368b9426, body=[1, 2], timestamp=25890292, id=175, objectName='null', returnAddress='null'}


19:30:07.381 [QueueListener Request Queue test] DEBUG i.a.qbit.service.impl.ServiceImpl - ServiceImpl::doHandleMethodCall() METHOD CALLMethodCallImpl{name='add', address='', params=io.advantageous.qbit.util.MultiMap$1@368b9426, body=[1, 2], timestamp=25890292, id=176, objectName='null', returnAddress='null'}
19:30:07.381 [QueueListener Request Queue test] DEBUG i.a.qbit.service.impl.ServiceImpl - ServiceImpl::receive() 
RESPONSE
ResponseImpl{address='add', params=null, body=3}
FROM CALL
MethodCallImpl{name='add', address='', params=io.advantageous.qbit.util.MultiMap$1@368b9426, body=[1, 2], timestamp=25890292, id=176, objectName='null', returnAddress='null'}


19:30:07.381 [QueueListener Request Queue test] DEBUG i.a.qbit.service.impl.ServiceImpl - ServiceImpl::doHandleMethodCall() METHOD CALLMethodCallImpl{name='add', address='', params=io.advantageous.qbit.util.MultiMap$1@368b9426, body=[1, 2], timestamp=25890292, id=177, objectName='null', returnAddress='null'}
19:30:07.381 [QueueListener Request Queue test] DEBUG i.a.qbit.service.impl.ServiceImpl - ServiceImpl::receive() 
RESPONSE
ResponseImpl{address='add', params=null, body=3}
FROM CALL
MethodCallImpl{name='add', address='', params=io.advantageous.qbit.util.MultiMap$1@368b9426, body=[1, 2], timestamp=25890292, id=177, objectName='null', returnAddress='null'}


19:30:07.381 [QueueListener Request Queue test] DEBUG i.a.qbit.service.impl.ServiceImpl - ServiceImpl::doHandleMethodCall() METHOD CALLMethodCallImpl{name='add', address='', params=io.advantageous.qbit.util.MultiMap$1@368b9426, body=[1, 2], timestamp=25890292, id=178, objectName='null', returnAddress='null'}
19:30:07.382 [QueueListener Request Queue test] DEBUG i.a.qbit.service.impl.ServiceImpl - ServiceImpl::receive() 
RESPONSE
ResponseImpl{address='add', params=null, body=3}
FROM CALL
MethodCallImpl{name='add', address='', params=io.advantageous.qbit.util.MultiMap$1@368b9426, body=[1, 2], timestamp=25890292, id=178, objectName='null', returnAddress='null'}


19:30:07.382 [QueueListener Request Queue test] DEBUG i.a.qbit.service.impl.ServiceImpl - ServiceImpl::doHandleMethodCall() METHOD CALLMethodCallImpl{name='add', address='', params=io.advantageous.qbit.util.MultiMap$1@368b9426, body=[1, 2], timestamp=25890292, id=179, objectName='null', returnAddress='null'}
19:30:07.382 [QueueListener Request Queue test] DEBUG i.a.qbit.service.impl.ServiceImpl - ServiceImpl::receive() 
RESPONSE
ResponseImpl{address='add', params=null, body=3}
FROM CALL
MethodCallImpl{name='add', address='', params=io.advantageous.qbit.util.MultiMap$1@368b9426, body=[1, 2], timestamp=25890292, id=179, objectName='null', returnAddress='null'}


Queue Limit 
Queue Empty 
19:30:07.382 [QueueListener Request Queue test] DEBUG i.a.qbit.service.impl.ServiceImpl - ServiceImpl::doHandleMethodCall() METHOD CALLMethodCallImpl{name='add', address='', params=io.advantageous.qbit.util.MultiMap$1@368b9426, body=[1, 2], timestamp=25890292, id=180, objectName='null', returnAddress='null'}
19:30:07.382 [QueueListener Request Queue test] DEBUG i.a.qbit.service.impl.ServiceImpl - ServiceImpl::receive() 
RESPONSE
ResponseImpl{address='add', params=null, body=3}
FROM CALL
MethodCallImpl{name='add', address='', params=io.advantageous.qbit.util.MultiMap$1@368b9426, body=[1, 2], timestamp=25890292, id=180, objectName='null', returnAddress='null'}


19:30:07.382 [QueueListener Request Queue test] DEBUG i.a.qbit.service.impl.ServiceImpl - ServiceImpl::doHandleMethodCall() METHOD CALLMethodCallImpl{name='add', address='', params=io.advantageous.qbit.util.MultiMap$1@368b9426, body=[1, 2], timestamp=25890292, id=181, objectName='null', returnAddress='null'}
19:30:07.382 [QueueListener Request Queue test] DEBUG i.a.qbit.service.impl.ServiceImpl - ServiceImpl::receive() 
RESPONSE
ResponseImpl{address='add', params=null, body=3}
FROM CALL
MethodCallImpl{name='add', address='', params=io.advantageous.qbit.util.MultiMap$1@368b9426, body=[1, 2], timestamp=25890292, id=181, objectName='null', returnAddress='null'}


19:30:07.382 [QueueListener Request Queue test] DEBUG i.a.qbit.service.impl.ServiceImpl - ServiceImpl::doHandleMethodCall() METHOD CALLMethodCallImpl{name='add', address='', params=io.advantageous.qbit.util.MultiMap$1@368b9426, body=[1, 2], timestamp=25890292, id=182, objectName='null', returnAddress='null'}
19:30:07.382 [QueueListener Request Queue test] DEBUG i.a.qbit.service.impl.ServiceImpl - ServiceImpl::receive() 
RESPONSE
ResponseImpl{address='add', params=null, body=3}
FROM CALL
MethodCallImpl{name='add', address='', params=io.advantageous.qbit.util.MultiMap$1@368b9426, body=[1, 2], timestamp=25890292, id=182, objectName='null', returnAddress='null'}


19:30:07.382 [QueueListener Request Queue test] DEBUG i.a.qbit.service.impl.ServiceImpl - ServiceImpl::doHandleMethodCall() METHOD CALLMethodCallImpl{name='add', address='', params=io.advantageous.qbit.util.MultiMap$1@368b9426, body=[1, 2], timestamp=25890292, id=183, objectName='null', returnAddress='null'}
19:30:07.382 [QueueListener Request Queue test] DEBUG i.a.qbit.service.impl.ServiceImpl - ServiceImpl::receive() 
RESPONSE
ResponseImpl{address='add', params=null, body=3}
FROM CALL
MethodCallImpl{name='add', address='', params=io.advantageous.qbit.util.MultiMap$1@368b9426, body=[1, 2], timestamp=25890292, id=183, objectName='null', returnAddress='null'}


19:30:07.382 [QueueListener Request Queue test] DEBUG i.a.qbit.service.impl.ServiceImpl - ServiceImpl::doHandleMethodCall() METHOD CALLMethodCallImpl{name='add', address='', params=io.advantageous.qbit.util.MultiMap$1@368b9426, body=[1, 2], timestamp=25890292, id=184, objectName='null', returnAddress='null'}
19:30:07.382 [QueueListener Request Queue test] DEBUG i.a.qbit.service.impl.ServiceImpl - ServiceImpl::receive() 
RESPONSE
ResponseImpl{address='add', params=null, body=3}
FROM CALL
MethodCallImpl{name='add', address='', params=io.advantageous.qbit.util.MultiMap$1@368b9426, body=[1, 2], timestamp=25890292, id=184, objectName='null', returnAddress='null'}


19:30:07.382 [QueueListener Request Queue test] DEBUG i.a.qbit.service.impl.ServiceImpl - ServiceImpl::doHandleMethodCall() METHOD CALLMethodCallImpl{name='add', address='', params=io.advantageous.qbit.util.MultiMap$1@368b9426, body=[1, 2], timestamp=25890292, id=185, objectName='null', returnAddress='null'}
19:30:07.382 [QueueListener Request Queue test] DEBUG i.a.qbit.service.impl.ServiceImpl - ServiceImpl::receive() 
RESPONSE
ResponseImpl{address='add', params=null, body=3}
FROM CALL
MethodCallImpl{name='add', address='', params=io.advantageous.qbit.util.MultiMap$1@368b9426, body=[1, 2], timestamp=25890292, id=185, objectName='null', returnAddress='null'}


Queue Limit 
Queue Empty 
19:30:07.382 [QueueListener Request Queue test] DEBUG i.a.qbit.service.impl.ServiceImpl - ServiceImpl::doHandleMethodCall() METHOD CALLMethodCallImpl{name='add', address='', params=io.advantageous.qbit.util.MultiMap$1@368b9426, body=[1, 2], timestamp=25890292, id=186, objectName='null', returnAddress='null'}
19:30:07.382 [QueueListener Request Queue test] DEBUG i.a.qbit.service.impl.ServiceImpl - ServiceImpl::receive() 
RESPONSE
ResponseImpl{address='add', params=null, body=3}
FROM CALL
MethodCallImpl{name='add', address='', params=io.advantageous.qbit.util.MultiMap$1@368b9426, body=[1, 2], timestamp=25890292, id=186, objectName='null', returnAddress='null'}


19:30:07.382 [QueueListener Request Queue test] DEBUG i.a.qbit.service.impl.ServiceImpl - ServiceImpl::doHandleMethodCall() METHOD CALLMethodCallImpl{name='add', address='', params=io.advantageous.qbit.util.MultiMap$1@368b9426, body=[1, 2], timestamp=25890292, id=187, objectName='null', returnAddress='null'}
19:30:07.382 [QueueListener Request Queue test] DEBUG i.a.qbit.service.impl.ServiceImpl - ServiceImpl::receive() 
RESPONSE
ResponseImpl{address='add', params=null, body=3}
FROM CALL
MethodCallImpl{name='add', address='', params=io.advantageous.qbit.util.MultiMap$1@368b9426, body=[1, 2], timestamp=25890292, id=187, objectName='null', returnAddress='null'}


19:30:07.382 [QueueListener Request Queue test] DEBUG i.a.qbit.service.impl.ServiceImpl - ServiceImpl::doHandleMethodCall() METHOD CALLMethodCallImpl{name='add', address='', params=io.advantageous.qbit.util.MultiMap$1@368b9426, body=[1, 2], timestamp=25890292, id=188, objectName='null', returnAddress='null'}
19:30:07.382 [QueueListener Request Queue test] DEBUG i.a.qbit.service.impl.ServiceImpl - ServiceImpl::receive() 
RESPONSE
ResponseImpl{address='add', params=null, body=3}
FROM CALL
MethodCallImpl{name='add', address='', params=io.advantageous.qbit.util.MultiMap$1@368b9426, body=[1, 2], timestamp=25890292, id=188, objectName='null', returnAddress='null'}


19:30:07.382 [QueueListener Request Queue test] DEBUG i.a.qbit.service.impl.ServiceImpl - ServiceImpl::doHandleMethodCall() METHOD CALLMethodCallImpl{name='add', address='', params=io.advantageous.qbit.util.MultiMap$1@368b9426, body=[1, 2], timestamp=25890292, id=189, objectName='null', returnAddress='null'}
19:30:07.382 [QueueListener Request Queue test] DEBUG i.a.qbit.service.impl.ServiceImpl - ServiceImpl::receive() 
RESPONSE
ResponseImpl{address='add', params=null, body=3}
FROM CALL
MethodCallImpl{name='add', address='', params=io.advantageous.qbit.util.MultiMap$1@368b9426, body=[1, 2], timestamp=25890292, id=189, objectName='null', returnAddress='null'}


19:30:07.383 [QueueListener Request Queue test] DEBUG i.a.qbit.service.impl.ServiceImpl - ServiceImpl::doHandleMethodCall() METHOD CALLMethodCallImpl{name='add', address='', params=io.advantageous.qbit.util.MultiMap$1@368b9426, body=[1, 2], timestamp=25890292, id=190, objectName='null', returnAddress='null'}
19:30:07.383 [QueueListener Request Queue test] DEBUG i.a.qbit.service.impl.ServiceImpl - ServiceImpl::receive() 
RESPONSE
ResponseImpl{address='add', params=null, body=3}
FROM CALL
MethodCallImpl{name='add', address='', params=io.advantageous.qbit.util.MultiMap$1@368b9426, body=[1, 2], timestamp=25890292, id=190, objectName='null', returnAddress='null'}


19:30:07.383 [QueueListener Request Queue test] DEBUG i.a.qbit.service.impl.ServiceImpl - ServiceImpl::doHandleMethodCall() METHOD CALLMethodCallImpl{name='add', address='', params=io.advantageous.qbit.util.MultiMap$1@368b9426, body=[1, 2], timestamp=25890292, id=191, objectName='null', returnAddress='null'}
19:30:07.383 [QueueListener Request Queue test] DEBUG i.a.qbit.service.impl.ServiceImpl - ServiceImpl::receive() 
RESPONSE
ResponseImpl{address='add', params=null, body=3}
FROM CALL
MethodCallImpl{name='add', address='', params=io.advantageous.qbit.util.MultiMap$1@368b9426, body=[1, 2], timestamp=25890292, id=191, objectName='null', returnAddress='null'}


Queue Limit 
Queue Empty 
19:30:07.383 [QueueListener Request Queue test] DEBUG i.a.qbit.service.impl.ServiceImpl - ServiceImpl::doHandleMethodCall() METHOD CALLMethodCallImpl{name='add', address='', params=io.advantageous.qbit.util.MultiMap$1@368b9426, body=[1, 2], timestamp=25890292, id=192, objectName='null', returnAddress='null'}
19:30:07.383 [QueueListener Request Queue test] DEBUG i.a.qbit.service.impl.ServiceImpl - ServiceImpl::receive() 
RESPONSE
ResponseImpl{address='add', params=null, body=3}
FROM CALL
MethodCallImpl{name='add', address='', params=io.advantageous.qbit.util.MultiMap$1@368b9426, body=[1, 2], timestamp=25890292, id=192, objectName='null', returnAddress='null'}


19:30:07.383 [QueueListener Request Queue test] DEBUG i.a.qbit.service.impl.ServiceImpl - ServiceImpl::doHandleMethodCall() METHOD CALLMethodCallImpl{name='add', address='', params=io.advantageous.qbit.util.MultiMap$1@368b9426, body=[1, 2], timestamp=25890292, id=193, objectName='null', returnAddress='null'}
19:30:07.383 [QueueListener Request Queue test] DEBUG i.a.qbit.service.impl.ServiceImpl - ServiceImpl::receive() 
RESPONSE
ResponseImpl{address='add', params=null, body=3}
FROM CALL
MethodCallImpl{name='add', address='', params=io.advantageous.qbit.util.MultiMap$1@368b9426, body=[1, 2], timestamp=25890292, id=193, objectName='null', returnAddress='null'}


19:30:07.383 [QueueListener Request Queue test] DEBUG i.a.qbit.service.impl.ServiceImpl - ServiceImpl::doHandleMethodCall() METHOD CALLMethodCallImpl{name='add', address='', params=io.advantageous.qbit.util.MultiMap$1@368b9426, body=[1, 2], timestamp=25890292, id=194, objectName='null', returnAddress='null'}
19:30:07.383 [QueueListener Request Queue test] DEBUG i.a.qbit.service.impl.ServiceImpl - ServiceImpl::receive() 
RESPONSE
ResponseImpl{address='add', params=null, body=3}
FROM CALL
MethodCallImpl{name='add', address='', params=io.advantageous.qbit.util.MultiMap$1@368b9426, body=[1, 2], timestamp=25890292, id=194, objectName='null', returnAddress='null'}


19:30:07.383 [QueueListener Request Queue test] DEBUG i.a.qbit.service.impl.ServiceImpl - ServiceImpl::doHandleMethodCall() METHOD CALLMethodCallImpl{name='add', address='', params=io.advantageous.qbit.util.MultiMap$1@368b9426, body=[1, 2], timestamp=25890292, id=195, objectName='null', returnAddress='null'}
19:30:07.383 [QueueListener Request Queue test] DEBUG i.a.qbit.service.impl.ServiceImpl - ServiceImpl::receive() 
RESPONSE
ResponseImpl{address='add', params=null, body=3}
FROM CALL
MethodCallImpl{name='add', address='', params=io.advantageous.qbit.util.MultiMap$1@368b9426, body=[1, 2], timestamp=25890292, id=195, objectName='null', returnAddress='null'}


19:30:07.383 [QueueListener Request Queue test] DEBUG i.a.qbit.service.impl.ServiceImpl - ServiceImpl::doHandleMethodCall() METHOD CALLMethodCallImpl{name='add', address='', params=io.advantageous.qbit.util.MultiMap$1@368b9426, body=[1, 2], timestamp=25890292, id=196, objectName='null', returnAddress='null'}
19:30:07.383 [QueueListener Request Queue test] DEBUG i.a.qbit.service.impl.ServiceImpl - ServiceImpl::receive() 
RESPONSE
ResponseImpl{address='add', params=null, body=3}
FROM CALL
MethodCallImpl{name='add', address='', params=io.advantageous.qbit.util.MultiMap$1@368b9426, body=[1, 2], timestamp=25890292, id=196, objectName='null', returnAddress='null'}


19:30:07.383 [QueueListener Request Queue test] DEBUG i.a.qbit.service.impl.ServiceImpl - ServiceImpl::doHandleMethodCall() METHOD CALLMethodCallImpl{name='add', address='', params=io.advantageous.qbit.util.MultiMap$1@368b9426, body=[1, 2], timestamp=25890292, id=197, objectName='null', returnAddress='null'}
19:30:07.383 [QueueListener Request Queue test] DEBUG i.a.qbit.service.impl.ServiceImpl - ServiceImpl::receive() 
RESPONSE
ResponseImpl{address='add', params=null, body=3}
FROM CALL
MethodCallImpl{name='add', address='', params=io.advantageous.qbit.util.MultiMap$1@368b9426, body=[1, 2], timestamp=25890292, id=197, objectName='null', returnAddress='null'}


Queue Limit 
Queue Empty 
19:30:07.391 [QueueListener Request Queue test] DEBUG i.a.qbit.service.impl.ServiceImpl - ServiceImpl::doHandleMethodCall() METHOD CALLMethodCallImpl{name='add', address='', params=io.advantageous.qbit.util.MultiMap$1@368b9426, body=[1, 2], timestamp=25890292, id=198, objectName='null', returnAddress='null'}
19:30:07.391 [QueueListener Request Queue test] DEBUG i.a.qbit.service.impl.ServiceImpl - ServiceImpl::receive() 
RESPONSE
ResponseImpl{address='add', params=null, body=3}
FROM CALL
MethodCallImpl{name='add', address='', params=io.advantageous.qbit.util.MultiMap$1@368b9426, body=[1, 2], timestamp=25890292, id=198, objectName='null', returnAddress='null'}


19:30:07.392 [QueueListener Request Queue test] DEBUG i.a.qbit.service.impl.ServiceImpl - ServiceImpl::doHandleMethodCall() METHOD CALLMethodCallImpl{name='add', address='', params=io.advantageous.qbit.util.MultiMap$1@368b9426, body=[1, 2], timestamp=25890292, id=199, objectName='null', returnAddress='null'}
19:30:07.392 [QueueListener Request Queue test] DEBUG i.a.qbit.service.impl.ServiceImpl - ServiceImpl::receive() 
RESPONSE
ResponseImpl{address='add', params=null, body=3}
FROM CALL
MethodCallImpl{name='add', address='', params=io.advantageous.qbit.util.MultiMap$1@368b9426, body=[1, 2], timestamp=25890292, id=199, objectName='null', returnAddress='null'}


19:30:07.392 [QueueListener Request Queue test] DEBUG i.a.qbit.service.impl.ServiceImpl - ServiceImpl::doHandleMethodCall() METHOD CALLMethodCallImpl{name='add', address='', params=io.advantageous.qbit.util.MultiMap$1@368b9426, body=[1, 2], timestamp=25890292, id=200, objectName='null', returnAddress='null'}
19:30:07.392 [QueueListener Request Queue test] DEBUG i.a.qbit.service.impl.ServiceImpl - ServiceImpl::receive() 
RESPONSE
ResponseImpl{address='add', params=null, body=3}
FROM CALL
MethodCallImpl{name='add', address='', params=io.advantageous.qbit.util.MultiMap$1@368b9426, body=[1, 2], timestamp=25890292, id=200, objectName='null', returnAddress='null'}


19:30:07.392 [QueueListener Request Queue test] DEBUG i.a.qbit.service.impl.ServiceImpl - ServiceImpl::doHandleMethodCall() METHOD CALLMethodCallImpl{name='add', address='', params=io.advantageous.qbit.util.MultiMap$1@368b9426, body=[1, 2], timestamp=25890292, id=201, objectName='null', returnAddress='null'}
19:30:07.392 [QueueListener Request Queue test] DEBUG i.a.qbit.service.impl.ServiceImpl - ServiceImpl::receive() 
RESPONSE
ResponseImpl{address='add', params=null, body=3}
FROM CALL
MethodCallImpl{name='add', address='', params=io.advantageous.qbit.util.MultiMap$1@368b9426, body=[1, 2], timestamp=25890292, id=201, objectName='null', returnAddress='null'}


19:30:07.392 [QueueListener Request Queue test] DEBUG i.a.qbit.service.impl.ServiceImpl - ServiceImpl::doHandleMethodCall() METHOD CALLMethodCallImpl{name='add', address='', params=io.advantageous.qbit.util.MultiMap$1@368b9426, body=[1, 2], timestamp=25890292, id=202, objectName='null', returnAddress='null'}
19:30:07.392 [QueueListener Request Queue test] DEBUG i.a.qbit.service.impl.ServiceImpl - ServiceImpl::receive() 
RESPONSE
ResponseImpl{address='add', params=null, body=3}
FROM CALL
MethodCallImpl{name='add', address='', params=io.advantageous.qbit.util.MultiMap$1@368b9426, body=[1, 2], timestamp=25890292, id=202, objectName='null', returnAddress='null'}


19:30:07.392 [QueueListener Request Queue test] DEBUG i.a.qbit.service.impl.ServiceImpl - ServiceImpl::doHandleMethodCall() METHOD CALLMethodCallImpl{name='add', address='', params=io.advantageous.qbit.util.MultiMap$1@368b9426, body=[1, 2], timestamp=25890292, id=203, objectName='null', returnAddress='null'}
19:30:07.392 [QueueListener Request Queue test] DEBUG i.a.qbit.service.impl.ServiceImpl - ServiceImpl::receive() 
RESPONSE
ResponseImpl{address='add', params=null, body=3}
FROM CALL
MethodCallImpl{name='add', address='', params=io.advantageous.qbit.util.MultiMap$1@368b9426, body=[1, 2], timestamp=25890292, id=203, objectName='null', returnAddress='null'}


Queue Limit 
Queue Empty 
19:30:07.392 [QueueListener Request Queue test] DEBUG i.a.qbit.service.impl.ServiceImpl - ServiceImpl::doHandleMethodCall() METHOD CALLMethodCallImpl{name='add', address='', params=io.advantageous.qbit.util.MultiMap$1@368b9426, body=[1, 2], timestamp=25890292, id=204, objectName='null', returnAddress='null'}
19:30:07.392 [QueueListener Request Queue test] DEBUG i.a.qbit.service.impl.ServiceImpl - ServiceImpl::receive() 
RESPONSE
ResponseImpl{address='add', params=null, body=3}
FROM CALL
MethodCallImpl{name='add', address='', params=io.advantageous.qbit.util.MultiMap$1@368b9426, body=[1, 2], timestamp=25890292, id=204, objectName='null', returnAddress='null'}


19:30:07.392 [QueueListener Request Queue test] DEBUG i.a.qbit.service.impl.ServiceImpl - ServiceImpl::doHandleMethodCall() METHOD CALLMethodCallImpl{name='add', address='', params=io.advantageous.qbit.util.MultiMap$1@368b9426, body=[1, 2], timestamp=25890292, id=205, objectName='null', returnAddress='null'}
19:30:07.392 [QueueListener Request Queue test] DEBUG i.a.qbit.service.impl.ServiceImpl - ServiceImpl::receive() 
RESPONSE
ResponseImpl{address='add', params=null, body=3}
FROM CALL
MethodCallImpl{name='add', address='', params=io.advantageous.qbit.util.MultiMap$1@368b9426, body=[1, 2], timestamp=25890292, id=205, objectName='null', returnAddress='null'}


19:30:07.392 [QueueListener Request Queue test] DEBUG i.a.qbit.service.impl.ServiceImpl - ServiceImpl::doHandleMethodCall() METHOD CALLMethodCallImpl{name='add', address='', params=io.advantageous.qbit.util.MultiMap$1@368b9426, body=[1, 2], timestamp=25890292, id=206, objectName='null', returnAddress='null'}
19:30:07.392 [QueueListener Request Queue test] DEBUG i.a.qbit.service.impl.ServiceImpl - ServiceImpl::receive() 
RESPONSE
ResponseImpl{address='add', params=null, body=3}
FROM CALL
MethodCallImpl{name='add', address='', params=io.advantageous.qbit.util.MultiMap$1@368b9426, body=[1, 2], timestamp=25890292, id=206, objectName='null', returnAddress='null'}


19:30:07.393 [QueueListener Request Queue test] DEBUG i.a.qbit.service.impl.ServiceImpl - ServiceImpl::doHandleMethodCall() METHOD CALLMethodCallImpl{name='add', address='', params=io.advantageous.qbit.util.MultiMap$1@368b9426, body=[1, 2], timestamp=25890292, id=207, objectName='null', returnAddress='null'}
19:30:07.393 [QueueListener Request Queue test] DEBUG i.a.qbit.service.impl.ServiceImpl - ServiceImpl::receive() 
RESPONSE
ResponseImpl{address='add', params=null, body=3}
FROM CALL
MethodCallImpl{name='add', address='', params=io.advantageous.qbit.util.MultiMap$1@368b9426, body=[1, 2], timestamp=25890292, id=207, objectName='null', returnAddress='null'}


19:30:07.393 [QueueListener Request Queue test] DEBUG i.a.qbit.service.impl.ServiceImpl - ServiceImpl::doHandleMethodCall() METHOD CALLMethodCallImpl{name='add', address='', params=io.advantageous.qbit.util.MultiMap$1@368b9426, body=[1, 2], timestamp=25890292, id=208, objectName='null', returnAddress='null'}
19:30:07.393 [QueueListener Request Queue test] DEBUG i.a.qbit.service.impl.ServiceImpl - ServiceImpl::receive() 
RESPONSE
ResponseImpl{address='add', params=null, body=3}
FROM CALL
MethodCallImpl{name='add', address='', params=io.advantageous.qbit.util.MultiMap$1@368b9426, body=[1, 2], timestamp=25890292, id=208, objectName='null', returnAddress='null'}


19:30:07.393 [QueueListener Request Queue test] DEBUG i.a.qbit.service.impl.ServiceImpl - ServiceImpl::doHandleMethodCall() METHOD CALLMethodCallImpl{name='add', address='', params=io.advantageous.qbit.util.MultiMap$1@368b9426, body=[1, 2], timestamp=25890292, id=209, objectName='null', returnAddress='null'}
19:30:07.393 [QueueListener Request Queue test] DEBUG i.a.qbit.service.impl.ServiceImpl - ServiceImpl::receive() 
RESPONSE
ResponseImpl{address='add', params=null, body=3}
FROM CALL
MethodCallImpl{name='add', address='', params=io.advantageous.qbit.util.MultiMap$1@368b9426, body=[1, 2], timestamp=25890292, id=209, objectName='null', returnAddress='null'}


Queue Limit 
Queue Empty 
19:30:07.393 [QueueListener Request Queue test] DEBUG i.a.qbit.service.impl.ServiceImpl - ServiceImpl::doHandleMethodCall() METHOD CALLMethodCallImpl{name='add', address='', params=io.advantageous.qbit.util.MultiMap$1@368b9426, body=[1, 2], timestamp=25890292, id=210, objectName='null', returnAddress='null'}
19:30:07.393 [QueueListener Request Queue test] DEBUG i.a.qbit.service.impl.ServiceImpl - ServiceImpl::receive() 
RESPONSE
ResponseImpl{address='add', params=null, body=3}
FROM CALL
MethodCallImpl{name='add', address='', params=io.advantageous.qbit.util.MultiMap$1@368b9426, body=[1, 2], timestamp=25890292, id=210, objectName='null', returnAddress='null'}


19:30:07.393 [QueueListener Request Queue test] DEBUG i.a.qbit.service.impl.ServiceImpl - ServiceImpl::doHandleMethodCall() METHOD CALLMethodCallImpl{name='add', address='', params=io.advantageous.qbit.util.MultiMap$1@368b9426, body=[1, 2], timestamp=25890292, id=211, objectName='null', returnAddress='null'}
19:30:07.393 [QueueListener Request Queue test] DEBUG i.a.qbit.service.impl.ServiceImpl - ServiceImpl::receive() 
RESPONSE
ResponseImpl{address='add', params=null, body=3}
FROM CALL
MethodCallImpl{name='add', address='', params=io.advantageous.qbit.util.MultiMap$1@368b9426, body=[1, 2], timestamp=25890292, id=211, objectName='null', returnAddress='null'}


19:30:07.393 [QueueListener Request Queue test] DEBUG i.a.qbit.service.impl.ServiceImpl - ServiceImpl::doHandleMethodCall() METHOD CALLMethodCallImpl{name='add', address='', params=io.advantageous.qbit.util.MultiMap$1@368b9426, body=[1, 2], timestamp=25890292, id=212, objectName='null', returnAddress='null'}
19:30:07.393 [QueueListener Request Queue test] DEBUG i.a.qbit.service.impl.ServiceImpl - ServiceImpl::receive() 
RESPONSE
ResponseImpl{address='add', params=null, body=3}
FROM CALL
MethodCallImpl{name='add', address='', params=io.advantageous.qbit.util.MultiMap$1@368b9426, body=[1, 2], timestamp=25890292, id=212, objectName='null', returnAddress='null'}


19:30:07.393 [QueueListener Request Queue test] DEBUG i.a.qbit.service.impl.ServiceImpl - ServiceImpl::doHandleMethodCall() METHOD CALLMethodCallImpl{name='add', address='', params=io.advantageous.qbit.util.MultiMap$1@368b9426, body=[1, 2], timestamp=25890292, id=213, objectName='null', returnAddress='null'}
19:30:07.393 [QueueListener Request Queue test] DEBUG i.a.qbit.service.impl.ServiceImpl - ServiceImpl::receive() 
RESPONSE
ResponseImpl{address='add', params=null, body=3}
FROM CALL
MethodCallImpl{name='add', address='', params=io.advantageous.qbit.util.MultiMap$1@368b9426, body=[1, 2], timestamp=25890292, id=213, objectName='null', returnAddress='null'}


19:30:07.393 [QueueListener Request Queue test] DEBUG i.a.qbit.service.impl.ServiceImpl - ServiceImpl::doHandleMethodCall() METHOD CALLMethodCallImpl{name='add', address='', params=io.advantageous.qbit.util.MultiMap$1@368b9426, body=[1, 2], timestamp=25890292, id=214, objectName='null', returnAddress='null'}
19:30:07.393 [QueueListener Request Queue test] DEBUG i.a.qbit.service.impl.ServiceImpl - ServiceImpl::receive() 
RESPONSE
ResponseImpl{address='add', params=null, body=3}
FROM CALL
MethodCallImpl{name='add', address='', params=io.advantageous.qbit.util.MultiMap$1@368b9426, body=[1, 2], timestamp=25890292, id=214, objectName='null', returnAddress='null'}


19:30:07.393 [QueueListener Request Queue test] DEBUG i.a.qbit.service.impl.ServiceImpl - ServiceImpl::doHandleMethodCall() METHOD CALLMethodCallImpl{name='add', address='', params=io.advantageous.qbit.util.MultiMap$1@368b9426, body=[1, 2], timestamp=25890292, id=215, objectName='null', returnAddress='null'}
19:30:07.393 [QueueListener Request Queue test] DEBUG i.a.qbit.service.impl.ServiceImpl - ServiceImpl::receive() 
RESPONSE
ResponseImpl{address='add', params=null, body=3}
FROM CALL
MethodCallImpl{name='add', address='', params=io.advantageous.qbit.util.MultiMap$1@368b9426, body=[1, 2], timestamp=25890292, id=215, objectName='null', returnAddress='null'}


Queue Limit 
Queue Empty 
19:30:07.393 [QueueListener Request Queue test] DEBUG i.a.qbit.service.impl.ServiceImpl - ServiceImpl::doHandleMethodCall() METHOD CALLMethodCallImpl{name='add', address='', params=io.advantageous.qbit.util.MultiMap$1@368b9426, body=[1, 2], timestamp=25890292, id=216, objectName='null', returnAddress='null'}
19:30:07.394 [QueueListener Request Queue test] DEBUG i.a.qbit.service.impl.ServiceImpl - ServiceImpl::receive() 
RESPONSE
ResponseImpl{address='add', params=null, body=3}
FROM CALL
MethodCallImpl{name='add', address='', params=io.advantageous.qbit.util.MultiMap$1@368b9426, body=[1, 2], timestamp=25890292, id=216, objectName='null', returnAddress='null'}


19:30:07.394 [QueueListener Request Queue test] DEBUG i.a.qbit.service.impl.ServiceImpl - ServiceImpl::doHandleMethodCall() METHOD CALLMethodCallImpl{name='add', address='', params=io.advantageous.qbit.util.MultiMap$1@368b9426, body=[1, 2], timestamp=25890292, id=217, objectName='null', returnAddress='null'}
19:30:07.394 [QueueListener Request Queue test] DEBUG i.a.qbit.service.impl.ServiceImpl - ServiceImpl::receive() 
RESPONSE
ResponseImpl{address='add', params=null, body=3}
FROM CALL
MethodCallImpl{name='add', address='', params=io.advantageous.qbit.util.MultiMap$1@368b9426, body=[1, 2], timestamp=25890292, id=217, objectName='null', returnAddress='null'}


19:30:07.394 [QueueListener Request Queue test] DEBUG i.a.qbit.service.impl.ServiceImpl - ServiceImpl::doHandleMethodCall() METHOD CALLMethodCallImpl{name='add', address='', params=io.advantageous.qbit.util.MultiMap$1@368b9426, body=[1, 2], timestamp=25890292, id=218, objectName='null', returnAddress='null'}
19:30:07.394 [QueueListener Request Queue test] DEBUG i.a.qbit.service.impl.ServiceImpl - ServiceImpl::receive() 
RESPONSE
ResponseImpl{address='add', params=null, body=3}
FROM CALL
MethodCallImpl{name='add', address='', params=io.advantageous.qbit.util.MultiMap$1@368b9426, body=[1, 2], timestamp=25890292, id=218, objectName='null', returnAddress='null'}


19:30:07.394 [QueueListener Request Queue test] DEBUG i.a.qbit.service.impl.ServiceImpl - ServiceImpl::doHandleMethodCall() METHOD CALLMethodCallImpl{name='add', address='', params=io.advantageous.qbit.util.MultiMap$1@368b9426, body=[1, 2], timestamp=25890292, id=219, objectName='null', returnAddress='null'}
19:30:07.394 [QueueListener Request Queue test] DEBUG i.a.qbit.service.impl.ServiceImpl - ServiceImpl::receive() 
RESPONSE
ResponseImpl{address='add', params=null, body=3}
FROM CALL
MethodCallImpl{name='add', address='', params=io.advantageous.qbit.util.MultiMap$1@368b9426, body=[1, 2], timestamp=25890292, id=219, objectName='null', returnAddress='null'}


19:30:07.394 [QueueListener Request Queue test] DEBUG i.a.qbit.service.impl.ServiceImpl - ServiceImpl::doHandleMethodCall() METHOD CALLMethodCallImpl{name='add', address='', params=io.advantageous.qbit.util.MultiMap$1@368b9426, body=[1, 2], timestamp=25890292, id=220, objectName='null', returnAddress='null'}
19:30:07.394 [QueueListener Request Queue test] DEBUG i.a.qbit.service.impl.ServiceImpl - ServiceImpl::receive() 
RESPONSE
ResponseImpl{address='add', params=null, body=3}
FROM CALL
MethodCallImpl{name='add', address='', params=io.advantageous.qbit.util.MultiMap$1@368b9426, body=[1, 2], timestamp=25890292, id=220, objectName='null', returnAddress='null'}


19:30:07.394 [QueueListener Request Queue test] DEBUG i.a.qbit.service.impl.ServiceImpl - ServiceImpl::doHandleMethodCall() METHOD CALLMethodCallImpl{name='add', address='', params=io.advantageous.qbit.util.MultiMap$1@368b9426, body=[1, 2], timestamp=25890292, id=221, objectName='null', returnAddress='null'}
19:30:07.394 [QueueListener Request Queue test] DEBUG i.a.qbit.service.impl.ServiceImpl - ServiceImpl::receive() 
RESPONSE
ResponseImpl{address='add', params=null, body=3}
FROM CALL
MethodCallImpl{name='add', address='', params=io.advantageous.qbit.util.MultiMap$1@368b9426, body=[1, 2], timestamp=25890292, id=221, objectName='null', returnAddress='null'}


Queue Limit 
Queue Empty 
19:30:07.394 [QueueListener Request Queue test] DEBUG i.a.qbit.service.impl.ServiceImpl - ServiceImpl::doHandleMethodCall() METHOD CALLMethodCallImpl{name='add', address='', params=io.advantageous.qbit.util.MultiMap$1@368b9426, body=[1, 2], timestamp=25890292, id=222, objectName='null', returnAddress='null'}
19:30:07.394 [QueueListener Request Queue test] DEBUG i.a.qbit.service.impl.ServiceImpl - ServiceImpl::receive() 
RESPONSE
ResponseImpl{address='add', params=null, body=3}
FROM CALL
MethodCallImpl{name='add', address='', params=io.advantageous.qbit.util.MultiMap$1@368b9426, body=[1, 2], timestamp=25890292, id=222, objectName='null', returnAddress='null'}


19:30:07.394 [QueueListener Request Queue test] DEBUG i.a.qbit.service.impl.ServiceImpl - ServiceImpl::doHandleMethodCall() METHOD CALLMethodCallImpl{name='add', address='', params=io.advantageous.qbit.util.MultiMap$1@368b9426, body=[1, 2], timestamp=25890292, id=223, objectName='null', returnAddress='null'}
19:30:07.394 [QueueListener Request Queue test] DEBUG i.a.qbit.service.impl.ServiceImpl - ServiceImpl::receive() 
RESPONSE
ResponseImpl{address='add', params=null, body=3}
FROM CALL
MethodCallImpl{name='add', address='', params=io.advantageous.qbit.util.MultiMap$1@368b9426, body=[1, 2], timestamp=25890292, id=223, objectName='null', returnAddress='null'}


19:30:07.394 [QueueListener Request Queue test] DEBUG i.a.qbit.service.impl.ServiceImpl - ServiceImpl::doHandleMethodCall() METHOD CALLMethodCallImpl{name='add', address='', params=io.advantageous.qbit.util.MultiMap$1@368b9426, body=[1, 2], timestamp=25890292, id=224, objectName='null', returnAddress='null'}
19:30:07.394 [QueueListener Request Queue test] DEBUG i.a.qbit.service.impl.ServiceImpl - ServiceImpl::receive() 
RESPONSE
ResponseImpl{address='add', params=null, body=3}
FROM CALL
MethodCallImpl{name='add', address='', params=io.advantageous.qbit.util.MultiMap$1@368b9426, body=[1, 2], timestamp=25890292, id=224, objectName='null', returnAddress='null'}


19:30:07.394 [QueueListener Request Queue test] DEBUG i.a.qbit.service.impl.ServiceImpl - ServiceImpl::doHandleMethodCall() METHOD CALLMethodCallImpl{name='add', address='', params=io.advantageous.qbit.util.MultiMap$1@368b9426, body=[1, 2], timestamp=25890292, id=225, objectName='null', returnAddress='null'}
19:30:07.394 [QueueListener Request Queue test] DEBUG i.a.qbit.service.impl.ServiceImpl - ServiceImpl::receive() 
RESPONSE
ResponseImpl{address='add', params=null, body=3}
FROM CALL
MethodCallImpl{name='add', address='', params=io.advantageous.qbit.util.MultiMap$1@368b9426, body=[1, 2], timestamp=25890292, id=225, objectName='null', returnAddress='null'}


19:30:07.395 [QueueListener Request Queue test] DEBUG i.a.qbit.service.impl.ServiceImpl - ServiceImpl::doHandleMethodCall() METHOD CALLMethodCallImpl{name='add', address='', params=io.advantageous.qbit.util.MultiMap$1@368b9426, body=[1, 2], timestamp=25890292, id=226, objectName='null', returnAddress='null'}
19:30:07.395 [QueueListener Request Queue test] DEBUG i.a.qbit.service.impl.ServiceImpl - ServiceImpl::receive() 
RESPONSE
ResponseImpl{address='add', params=null, body=3}
FROM CALL
MethodCallImpl{name='add', address='', params=io.advantageous.qbit.util.MultiMap$1@368b9426, body=[1, 2], timestamp=25890292, id=226, objectName='null', returnAddress='null'}


19:30:07.395 [QueueListener Request Queue test] DEBUG i.a.qbit.service.impl.ServiceImpl - ServiceImpl::doHandleMethodCall() METHOD CALLMethodCallImpl{name='add', address='', params=io.advantageous.qbit.util.MultiMap$1@368b9426, body=[1, 2], timestamp=25890292, id=227, objectName='null', returnAddress='null'}
19:30:07.395 [QueueListener Request Queue test] DEBUG i.a.qbit.service.impl.ServiceImpl - ServiceImpl::receive() 
RESPONSE
ResponseImpl{address='add', params=null, body=3}
FROM CALL
MethodCallImpl{name='add', address='', params=io.advantageous.qbit.util.MultiMap$1@368b9426, body=[1, 2], timestamp=25890292, id=227, objectName='null', returnAddress='null'}


Queue Limit 
Queue Empty 
19:30:07.395 [QueueListener Request Queue test] DEBUG i.a.qbit.service.impl.ServiceImpl - ServiceImpl::doHandleMethodCall() METHOD CALLMethodCallImpl{name='add', address='', params=io.advantageous.qbit.util.MultiMap$1@368b9426, body=[1, 2], timestamp=25890292, id=228, objectName='null', returnAddress='null'}
19:30:07.395 [QueueListener Request Queue test] DEBUG i.a.qbit.service.impl.ServiceImpl - ServiceImpl::receive() 
RESPONSE
ResponseImpl{address='add', params=null, body=3}
FROM CALL
MethodCallImpl{name='add', address='', params=io.advantageous.qbit.util.MultiMap$1@368b9426, body=[1, 2], timestamp=25890292, id=228, objectName='null', returnAddress='null'}


19:30:07.395 [QueueListener Request Queue test] DEBUG i.a.qbit.service.impl.ServiceImpl - ServiceImpl::doHandleMethodCall() METHOD CALLMethodCallImpl{name='add', address='', params=io.advantageous.qbit.util.MultiMap$1@368b9426, body=[1, 2], timestamp=25890292, id=229, objectName='null', returnAddress='null'}
19:30:07.395 [QueueListener Request Queue test] DEBUG i.a.qbit.service.impl.ServiceImpl - ServiceImpl::receive() 
RESPONSE
ResponseImpl{address='add', params=null, body=3}
FROM CALL
MethodCallImpl{name='add', address='', params=io.advantageous.qbit.util.MultiMap$1@368b9426, body=[1, 2], timestamp=25890292, id=229, objectName='null', returnAddress='null'}


19:30:07.395 [QueueListener Request Queue test] DEBUG i.a.qbit.service.impl.ServiceImpl - ServiceImpl::doHandleMethodCall() METHOD CALLMethodCallImpl{name='add', address='', params=io.advantageous.qbit.util.MultiMap$1@368b9426, body=[1, 2], timestamp=25890292, id=230, objectName='null', returnAddress='null'}
19:30:07.395 [QueueListener Request Queue test] DEBUG i.a.qbit.service.impl.ServiceImpl - ServiceImpl::receive() 
RESPONSE
ResponseImpl{address='add', params=null, body=3}
FROM CALL
MethodCallImpl{name='add', address='', params=io.advantageous.qbit.util.MultiMap$1@368b9426, body=[1, 2], timestamp=25890292, id=230, objectName='null', returnAddress='null'}


19:30:07.395 [QueueListener Request Queue test] DEBUG i.a.qbit.service.impl.ServiceImpl - ServiceImpl::doHandleMethodCall() METHOD CALLMethodCallImpl{name='add', address='', params=io.advantageous.qbit.util.MultiMap$1@368b9426, body=[1, 2], timestamp=25890292, id=231, objectName='null', returnAddress='null'}
19:30:07.396 [QueueListener Request Queue test] DEBUG i.a.qbit.service.impl.ServiceImpl - ServiceImpl::receive() 
RESPONSE
ResponseImpl{address='add', params=null, body=3}
FROM CALL
MethodCallImpl{name='add', address='', params=io.advantageous.qbit.util.MultiMap$1@368b9426, body=[1, 2], timestamp=25890292, id=231, objectName='null', returnAddress='null'}


19:30:07.396 [QueueListener Request Queue test] DEBUG i.a.qbit.service.impl.ServiceImpl - ServiceImpl::doHandleMethodCall() METHOD CALLMethodCallImpl{name='add', address='', params=io.advantageous.qbit.util.MultiMap$1@368b9426, body=[1, 2], timestamp=25890292, id=232, objectName='null', returnAddress='null'}
19:30:07.396 [QueueListener Request Queue test] DEBUG i.a.qbit.service.impl.ServiceImpl - ServiceImpl::receive() 
RESPONSE
ResponseImpl{address='add', params=null, body=3}
FROM CALL
MethodCallImpl{name='add', address='', params=io.advantageous.qbit.util.MultiMap$1@368b9426, body=[1, 2], timestamp=25890292, id=232, objectName='null', returnAddress='null'}


19:30:07.396 [QueueListener Request Queue test] DEBUG i.a.qbit.service.impl.ServiceImpl - ServiceImpl::doHandleMethodCall() METHOD CALLMethodCallImpl{name='add', address='', params=io.advantageous.qbit.util.MultiMap$1@368b9426, body=[1, 2], timestamp=25890292, id=233, objectName='null', returnAddress='null'}
19:30:07.396 [QueueListener Request Queue test] DEBUG i.a.qbit.service.impl.ServiceImpl - ServiceImpl::receive() 
RESPONSE
ResponseImpl{address='add', params=null, body=3}
FROM CALL
MethodCallImpl{name='add', address='', params=io.advantageous.qbit.util.MultiMap$1@368b9426, body=[1, 2], timestamp=25890292, id=233, objectName='null', returnAddress='null'}


Queue Limit 
Queue Empty 
19:30:07.396 [QueueListener Request Queue test] DEBUG i.a.qbit.service.impl.ServiceImpl - ServiceImpl::doHandleMethodCall() METHOD CALLMethodCallImpl{name='add', address='', params=io.advantageous.qbit.util.MultiMap$1@368b9426, body=[1, 2], timestamp=25890292, id=234, objectName='null', returnAddress='null'}
19:30:07.396 [QueueListener Request Queue test] DEBUG i.a.qbit.service.impl.ServiceImpl - ServiceImpl::receive() 
RESPONSE
ResponseImpl{address='add', params=null, body=3}
FROM CALL
MethodCallImpl{name='add', address='', params=io.advantageous.qbit.util.MultiMap$1@368b9426, body=[1, 2], timestamp=25890292, id=234, objectName='null', returnAddress='null'}


19:30:07.396 [QueueListener Request Queue test] DEBUG i.a.qbit.service.impl.ServiceImpl - ServiceImpl::doHandleMethodCall() METHOD CALLMethodCallImpl{name='add', address='', params=io.advantageous.qbit.util.MultiMap$1@368b9426, body=[1, 2], timestamp=25890292, id=235, objectName='null', returnAddress='null'}
19:30:07.396 [QueueListener Request Queue test] DEBUG i.a.qbit.service.impl.ServiceImpl - ServiceImpl::receive() 
RESPONSE
ResponseImpl{address='add', params=null, body=3}
FROM CALL
MethodCallImpl{name='add', address='', params=io.advantageous.qbit.util.MultiMap$1@368b9426, body=[1, 2], timestamp=25890292, id=235, objectName='null', returnAddress='null'}


19:30:07.396 [QueueListener Request Queue test] DEBUG i.a.qbit.service.impl.ServiceImpl - ServiceImpl::doHandleMethodCall() METHOD CALLMethodCallImpl{name='add', address='', params=io.advantageous.qbit.util.MultiMap$1@368b9426, body=[1, 2], timestamp=25890292, id=236, objectName='null', returnAddress='null'}
19:30:07.396 [QueueListener Request Queue test] DEBUG i.a.qbit.service.impl.ServiceImpl - ServiceImpl::receive() 
RESPONSE
ResponseImpl{address='add', params=null, body=3}
FROM CALL
MethodCallImpl{name='add', address='', params=io.advantageous.qbit.util.MultiMap$1@368b9426, body=[1, 2], timestamp=25890292, id=236, objectName='null', returnAddress='null'}


19:30:07.396 [QueueListener Request Queue test] DEBUG i.a.qbit.service.impl.ServiceImpl - ServiceImpl::doHandleMethodCall() METHOD CALLMethodCallImpl{name='add', address='', params=io.advantageous.qbit.util.MultiMap$1@368b9426, body=[1, 2], timestamp=25890292, id=237, objectName='null', returnAddress='null'}
19:30:07.397 [QueueListener Request Queue test] DEBUG i.a.qbit.service.impl.ServiceImpl - ServiceImpl::receive() 
RESPONSE
ResponseImpl{address='add', params=null, body=3}
FROM CALL
MethodCallImpl{name='add', address='', params=io.advantageous.qbit.util.MultiMap$1@368b9426, body=[1, 2], timestamp=25890292, id=237, objectName='null', returnAddress='null'}


19:30:07.397 [QueueListener Request Queue test] DEBUG i.a.qbit.service.impl.ServiceImpl - ServiceImpl::doHandleMethodCall() METHOD CALLMethodCallImpl{name='add', address='', params=io.advantageous.qbit.util.MultiMap$1@368b9426, body=[1, 2], timestamp=25890292, id=238, objectName='null', returnAddress='null'}
19:30:07.397 [QueueListener Request Queue test] DEBUG i.a.qbit.service.impl.ServiceImpl - ServiceImpl::receive() 
RESPONSE
ResponseImpl{address='add', params=null, body=3}
FROM CALL
MethodCallImpl{name='add', address='', params=io.advantageous.qbit.util.MultiMap$1@368b9426, body=[1, 2], timestamp=25890292, id=238, objectName='null', returnAddress='null'}


19:30:07.397 [QueueListener Request Queue test] DEBUG i.a.qbit.service.impl.ServiceImpl - ServiceImpl::doHandleMethodCall() METHOD CALLMethodCallImpl{name='add', address='', params=io.advantageous.qbit.util.MultiMap$1@368b9426, body=[1, 2], timestamp=25890292, id=239, objectName='null', returnAddress='null'}
19:30:07.397 [QueueListener Request Queue test] DEBUG i.a.qbit.service.impl.ServiceImpl - ServiceImpl::receive() 
RESPONSE
ResponseImpl{address='add', params=null, body=3}
FROM CALL
MethodCallImpl{name='add', address='', params=io.advantageous.qbit.util.MultiMap$1@368b9426, body=[1, 2], timestamp=25890292, id=239, objectName='null', returnAddress='null'}


Queue Limit 
Queue Empty 
19:30:07.397 [QueueListener Request Queue test] DEBUG i.a.qbit.service.impl.ServiceImpl - ServiceImpl::doHandleMethodCall() METHOD CALLMethodCallImpl{name='add', address='', params=io.advantageous.qbit.util.MultiMap$1@368b9426, body=[1, 2], timestamp=25890292, id=240, objectName='null', returnAddress='null'}
19:30:07.397 [QueueListener Request Queue test] DEBUG i.a.qbit.service.impl.ServiceImpl - ServiceImpl::receive() 
RESPONSE
ResponseImpl{address='add', params=null, body=3}
FROM CALL
MethodCallImpl{name='add', address='', params=io.advantageous.qbit.util.MultiMap$1@368b9426, body=[1, 2], timestamp=25890292, id=240, objectName='null', returnAddress='null'}


19:30:07.397 [QueueListener Request Queue test] DEBUG i.a.qbit.service.impl.ServiceImpl - ServiceImpl::doHandleMethodCall() METHOD CALLMethodCallImpl{name='add', address='', params=io.advantageous.qbit.util.MultiMap$1@368b9426, body=[1, 2], timestamp=25890292, id=241, objectName='null', returnAddress='null'}
19:30:07.397 [QueueListener Request Queue test] DEBUG i.a.qbit.service.impl.ServiceImpl - ServiceImpl::receive() 
RESPONSE
ResponseImpl{address='add', params=null, body=3}
FROM CALL
MethodCallImpl{name='add', address='', params=io.advantageous.qbit.util.MultiMap$1@368b9426, body=[1, 2], timestamp=25890292, id=241, objectName='null', returnAddress='null'}


19:30:07.397 [QueueListener Request Queue test] DEBUG i.a.qbit.service.impl.ServiceImpl - ServiceImpl::doHandleMethodCall() METHOD CALLMethodCallImpl{name='add', address='', params=io.advantageous.qbit.util.MultiMap$1@368b9426, body=[1, 2], timestamp=25890292, id=242, objectName='null', returnAddress='null'}
19:30:07.397 [QueueListener Request Queue test] DEBUG i.a.qbit.service.impl.ServiceImpl - ServiceImpl::receive() 
RESPONSE
ResponseImpl{address='add', params=null, body=3}
FROM CALL
MethodCallImpl{name='add', address='', params=io.advantageous.qbit.util.MultiMap$1@368b9426, body=[1, 2], timestamp=25890292, id=242, objectName='null', returnAddress='null'}


19:30:07.397 [QueueListener Request Queue test] DEBUG i.a.qbit.service.impl.ServiceImpl - ServiceImpl::doHandleMethodCall() METHOD CALLMethodCallImpl{name='add', address='', params=io.advantageous.qbit.util.MultiMap$1@368b9426, body=[1, 2], timestamp=25890292, id=243, objectName='null', returnAddress='null'}
19:30:07.397 [QueueListener Request Queue test] DEBUG i.a.qbit.service.impl.ServiceImpl - ServiceImpl::receive() 
RESPONSE
ResponseImpl{address='add', params=null, body=3}
FROM CALL
MethodCallImpl{name='add', address='', params=io.advantageous.qbit.util.MultiMap$1@368b9426, body=[1, 2], timestamp=25890292, id=243, objectName='null', returnAddress='null'}


19:30:07.397 [QueueListener Request Queue test] DEBUG i.a.qbit.service.impl.ServiceImpl - ServiceImpl::doHandleMethodCall() METHOD CALLMethodCallImpl{name='add', address='', params=io.advantageous.qbit.util.MultiMap$1@368b9426, body=[1, 2], timestamp=25890292, id=244, objectName='null', returnAddress='null'}
19:30:07.397 [QueueListener Request Queue test] DEBUG i.a.qbit.service.impl.ServiceImpl - ServiceImpl::receive() 
RESPONSE
ResponseImpl{address='add', params=null, body=3}
FROM CALL
MethodCallImpl{name='add', address='', params=io.advantageous.qbit.util.MultiMap$1@368b9426, body=[1, 2], timestamp=25890292, id=244, objectName='null', returnAddress='null'}


19:30:07.397 [QueueListener Request Queue test] DEBUG i.a.qbit.service.impl.ServiceImpl - ServiceImpl::doHandleMethodCall() METHOD CALLMethodCallImpl{name='add', address='', params=io.advantageous.qbit.util.MultiMap$1@368b9426, body=[1, 2], timestamp=25890292, id=245, objectName='null', returnAddress='null'}
19:30:07.397 [QueueListener Request Queue test] DEBUG i.a.qbit.service.impl.ServiceImpl - ServiceImpl::receive() 
RESPONSE
ResponseImpl{address='add', params=null, body=3}
FROM CALL
MethodCallImpl{name='add', address='', params=io.advantageous.qbit.util.MultiMap$1@368b9426, body=[1, 2], timestamp=25890292, id=245, objectName='null', returnAddress='null'}


Queue Limit 
Queue Empty 
19:30:07.397 [QueueListener Request Queue test] DEBUG i.a.qbit.service.impl.ServiceImpl - ServiceImpl::doHandleMethodCall() METHOD CALLMethodCallImpl{name='add', address='', params=io.advantageous.qbit.util.MultiMap$1@368b9426, body=[1, 2], timestamp=25890292, id=246, objectName='null', returnAddress='null'}
19:30:07.397 [QueueListener Request Queue test] DEBUG i.a.qbit.service.impl.ServiceImpl - ServiceImpl::receive() 
RESPONSE
ResponseImpl{address='add', params=null, body=3}
FROM CALL
MethodCallImpl{name='add', address='', params=io.advantageous.qbit.util.MultiMap$1@368b9426, body=[1, 2], timestamp=25890292, id=246, objectName='null', returnAddress='null'}


19:30:07.398 [QueueListener Request Queue test] DEBUG i.a.qbit.service.impl.ServiceImpl - ServiceImpl::doHandleMethodCall() METHOD CALLMethodCallImpl{name='add', address='', params=io.advantageous.qbit.util.MultiMap$1@368b9426, body=[1, 2], timestamp=25890292, id=247, objectName='null', returnAddress='null'}
19:30:07.398 [QueueListener Request Queue test] DEBUG i.a.qbit.service.impl.ServiceImpl - ServiceImpl::receive() 
RESPONSE
ResponseImpl{address='add', params=null, body=3}
FROM CALL
MethodCallImpl{name='add', address='', params=io.advantageous.qbit.util.MultiMap$1@368b9426, body=[1, 2], timestamp=25890292, id=247, objectName='null', returnAddress='null'}


19:30:07.398 [QueueListener Request Queue test] DEBUG i.a.qbit.service.impl.ServiceImpl - ServiceImpl::doHandleMethodCall() METHOD CALLMethodCallImpl{name='add', address='', params=io.advantageous.qbit.util.MultiMap$1@368b9426, body=[1, 2], timestamp=25890292, id=248, objectName='null', returnAddress='null'}
19:30:07.398 [QueueListener Request Queue test] DEBUG i.a.qbit.service.impl.ServiceImpl - ServiceImpl::receive() 
RESPONSE
ResponseImpl{address='add', params=null, body=3}
FROM CALL
MethodCallImpl{name='add', address='', params=io.advantageous.qbit.util.MultiMap$1@368b9426, body=[1, 2], timestamp=25890292, id=248, objectName='null', returnAddress='null'}


19:30:07.398 [QueueListener Request Queue test] DEBUG i.a.qbit.service.impl.ServiceImpl - ServiceImpl::doHandleMethodCall() METHOD CALLMethodCallImpl{name='add', address='', params=io.advantageous.qbit.util.MultiMap$1@368b9426, body=[1, 2], timestamp=25890292, id=249, objectName='null', returnAddress='null'}
19:30:07.398 [QueueListener Request Queue test] DEBUG i.a.qbit.service.impl.ServiceImpl - ServiceImpl::receive() 
RESPONSE
ResponseImpl{address='add', params=null, body=3}
FROM CALL
MethodCallImpl{name='add', address='', params=io.advantageous.qbit.util.MultiMap$1@368b9426, body=[1, 2], timestamp=25890292, id=249, objectName='null', returnAddress='null'}


19:30:07.398 [QueueListener Request Queue test] DEBUG i.a.qbit.service.impl.ServiceImpl - ServiceImpl::doHandleMethodCall() METHOD CALLMethodCallImpl{name='add', address='', params=io.advantageous.qbit.util.MultiMap$1@368b9426, body=[1, 2], timestamp=25890292, id=250, objectName='null', returnAddress='null'}
19:30:07.398 [QueueListener Request Queue test] DEBUG i.a.qbit.service.impl.ServiceImpl - ServiceImpl::receive() 
RESPONSE
ResponseImpl{address='add', params=null, body=3}
FROM CALL
MethodCallImpl{name='add', address='', params=io.advantageous.qbit.util.MultiMap$1@368b9426, body=[1, 2], timestamp=25890292, id=250, objectName='null', returnAddress='null'}


19:30:07.398 [QueueListener Request Queue test] DEBUG i.a.qbit.service.impl.ServiceImpl - ServiceImpl::doHandleMethodCall() METHOD CALLMethodCallImpl{name='add', address='', params=io.advantageous.qbit.util.MultiMap$1@368b9426, body=[1, 2], timestamp=25890292, id=251, objectName='null', returnAddress='null'}
19:30:07.398 [QueueListener Request Queue test] DEBUG i.a.qbit.service.impl.ServiceImpl - ServiceImpl::receive() 
RESPONSE
ResponseImpl{address='add', params=null, body=3}
FROM CALL
MethodCallImpl{name='add', address='', params=io.advantageous.qbit.util.MultiMap$1@368b9426, body=[1, 2], timestamp=25890292, id=251, objectName='null', returnAddress='null'}


Queue Limit 
Queue Empty 
19:30:07.399 [QueueListener Request Queue test] DEBUG i.a.qbit.service.impl.ServiceImpl - ServiceImpl::doHandleMethodCall() METHOD CALLMethodCallImpl{name='add', address='', params=io.advantageous.qbit.util.MultiMap$1@368b9426, body=[1, 2], timestamp=25890292, id=252, objectName='null', returnAddress='null'}
19:30:07.399 [QueueListener Request Queue test] DEBUG i.a.qbit.service.impl.ServiceImpl - ServiceImpl::receive() 
RESPONSE
ResponseImpl{address='add', params=null, body=3}
FROM CALL
MethodCallImpl{name='add', address='', params=io.advantageous.qbit.util.MultiMap$1@368b9426, body=[1, 2], timestamp=25890292, id=252, objectName='null', returnAddress='null'}


19:30:07.399 [QueueListener Request Queue test] DEBUG i.a.qbit.service.impl.ServiceImpl - ServiceImpl::doHandleMethodCall() METHOD CALLMethodCallImpl{name='add', address='', params=io.advantageous.qbit.util.MultiMap$1@368b9426, body=[1, 2], timestamp=25890292, id=253, objectName='null', returnAddress='null'}
19:30:07.399 [QueueListener Request Queue test] DEBUG i.a.qbit.service.impl.ServiceImpl - ServiceImpl::receive() 
RESPONSE
ResponseImpl{address='add', params=null, body=3}
FROM CALL
MethodCallImpl{name='add', address='', params=io.advantageous.qbit.util.MultiMap$1@368b9426, body=[1, 2], timestamp=25890292, id=253, objectName='null', returnAddress='null'}


19:30:07.399 [QueueListener Request Queue test] DEBUG i.a.qbit.service.impl.ServiceImpl - ServiceImpl::doHandleMethodCall() METHOD CALLMethodCallImpl{name='add', address='', params=io.advantageous.qbit.util.MultiMap$1@368b9426, body=[1, 2], timestamp=25890292, id=254, objectName='null', returnAddress='null'}
19:30:07.399 [QueueListener Request Queue test] DEBUG i.a.qbit.service.impl.ServiceImpl - ServiceImpl::receive() 
RESPONSE
ResponseImpl{address='add', params=null, body=3}
FROM CALL
MethodCallImpl{name='add', address='', params=io.advantageous.qbit.util.MultiMap$1@368b9426, body=[1, 2], timestamp=25890292, id=254, objectName='null', returnAddress='null'}


19:30:07.399 [QueueListener Request Queue test] DEBUG i.a.qbit.service.impl.ServiceImpl - ServiceImpl::doHandleMethodCall() METHOD CALLMethodCallImpl{name='add', address='', params=io.advantageous.qbit.util.MultiMap$1@368b9426, body=[1, 2], timestamp=25890292, id=255, objectName='null', returnAddress='null'}
19:30:07.399 [QueueListener Request Queue test] DEBUG i.a.qbit.service.impl.ServiceImpl - ServiceImpl::receive() 
RESPONSE
ResponseImpl{address='add', params=null, body=3}
FROM CALL
MethodCallImpl{name='add', address='', params=io.advantageous.qbit.util.MultiMap$1@368b9426, body=[1, 2], timestamp=25890292, id=255, objectName='null', returnAddress='null'}


19:30:07.399 [QueueListener Request Queue test] DEBUG i.a.qbit.service.impl.ServiceImpl - ServiceImpl::doHandleMethodCall() METHOD CALLMethodCallImpl{name='add', address='', params=io.advantageous.qbit.util.MultiMap$1@368b9426, body=[1, 2], timestamp=25890292, id=256, objectName='null', returnAddress='null'}
19:30:07.399 [QueueListener Request Queue test] DEBUG i.a.qbit.service.impl.ServiceImpl - ServiceImpl::receive() 
RESPONSE
ResponseImpl{address='add', params=null, body=3}
FROM CALL
MethodCallImpl{name='add', address='', params=io.advantageous.qbit.util.MultiMap$1@368b9426, body=[1, 2], timestamp=25890292, id=256, objectName='null', returnAddress='null'}


19:30:07.399 [QueueListener Request Queue test] DEBUG i.a.qbit.service.impl.ServiceImpl - ServiceImpl::doHandleMethodCall() METHOD CALLMethodCallImpl{name='add', address='', params=io.advantageous.qbit.util.MultiMap$1@368b9426, body=[1, 2], timestamp=25890292, id=257, objectName='null', returnAddress='null'}
19:30:07.400 [QueueListener Request Queue test] DEBUG i.a.qbit.service.impl.ServiceImpl - ServiceImpl::receive() 
RESPONSE
ResponseImpl{address='add', params=null, body=3}
FROM CALL
MethodCallImpl{name='add', address='', params=io.advantageous.qbit.util.MultiMap$1@368b9426, body=[1, 2], timestamp=25890292, id=257, objectName='null', returnAddress='null'}


Queue Limit 
Queue Empty 
19:30:07.400 [QueueListener Request Queue test] DEBUG i.a.qbit.service.impl.ServiceImpl - ServiceImpl::doHandleMethodCall() METHOD CALLMethodCallImpl{name='add', address='', params=io.advantageous.qbit.util.MultiMap$1@368b9426, body=[1, 2], timestamp=25890292, id=258, objectName='null', returnAddress='null'}
19:30:07.400 [QueueListener Request Queue test] DEBUG i.a.qbit.service.impl.ServiceImpl - ServiceImpl::receive() 
RESPONSE
ResponseImpl{address='add', params=null, body=3}
FROM CALL
MethodCallImpl{name='add', address='', params=io.advantageous.qbit.util.MultiMap$1@368b9426, body=[1, 2], timestamp=25890292, id=258, objectName='null', returnAddress='null'}


19:30:07.400 [QueueListener Request Queue test] DEBUG i.a.qbit.service.impl.ServiceImpl - ServiceImpl::doHandleMethodCall() METHOD CALLMethodCallImpl{name='add', address='', params=io.advantageous.qbit.util.MultiMap$1@368b9426, body=[1, 2], timestamp=25890292, id=259, objectName='null', returnAddress='null'}
19:30:07.400 [QueueListener Request Queue test] DEBUG i.a.qbit.service.impl.ServiceImpl - ServiceImpl::receive() 
RESPONSE
ResponseImpl{address='add', params=null, body=3}
FROM CALL
MethodCallImpl{name='add', address='', params=io.advantageous.qbit.util.MultiMap$1@368b9426, body=[1, 2], timestamp=25890292, id=259, objectName='null', returnAddress='null'}


19:30:07.400 [QueueListener Request Queue test] DEBUG i.a.qbit.service.impl.ServiceImpl - ServiceImpl::doHandleMethodCall() METHOD CALLMethodCallImpl{name='add', address='', params=io.advantageous.qbit.util.MultiMap$1@368b9426, body=[1, 2], timestamp=25890292, id=260, objectName='null', returnAddress='null'}
19:30:07.400 [QueueListener Request Queue test] DEBUG i.a.qbit.service.impl.ServiceImpl - ServiceImpl::receive() 
RESPONSE
ResponseImpl{address='add', params=null, body=3}
FROM CALL
MethodCallImpl{name='add', address='', params=io.advantageous.qbit.util.MultiMap$1@368b9426, body=[1, 2], timestamp=25890292, id=260, objectName='null', returnAddress='null'}


19:30:07.400 [QueueListener Request Queue test] DEBUG i.a.qbit.service.impl.ServiceImpl - ServiceImpl::doHandleMethodCall() METHOD CALLMethodCallImpl{name='add', address='', params=io.advantageous.qbit.util.MultiMap$1@368b9426, body=[1, 2], timestamp=25890292, id=261, objectName='null', returnAddress='null'}
19:30:07.400 [QueueListener Request Queue test] DEBUG i.a.qbit.service.impl.ServiceImpl - ServiceImpl::receive() 
RESPONSE
ResponseImpl{address='add', params=null, body=3}
FROM CALL
MethodCallImpl{name='add', address='', params=io.advantageous.qbit.util.MultiMap$1@368b9426, body=[1, 2], timestamp=25890292, id=261, objectName='null', returnAddress='null'}


19:30:07.400 [QueueListener Request Queue test] DEBUG i.a.qbit.service.impl.ServiceImpl - ServiceImpl::doHandleMethodCall() METHOD CALLMethodCallImpl{name='add', address='', params=io.advantageous.qbit.util.MultiMap$1@368b9426, body=[1, 2], timestamp=25890292, id=262, objectName='null', returnAddress='null'}
19:30:07.400 [QueueListener Request Queue test] DEBUG i.a.qbit.service.impl.ServiceImpl - ServiceImpl::receive() 
RESPONSE
ResponseImpl{address='add', params=null, body=3}
FROM CALL
MethodCallImpl{name='add', address='', params=io.advantageous.qbit.util.MultiMap$1@368b9426, body=[1, 2], timestamp=25890292, id=262, objectName='null', returnAddress='null'}


19:30:07.400 [QueueListener Request Queue test] DEBUG i.a.qbit.service.impl.ServiceImpl - ServiceImpl::doHandleMethodCall() METHOD CALLMethodCallImpl{name='add', address='', params=io.advantageous.qbit.util.MultiMap$1@368b9426, body=[1, 2], timestamp=25890292, id=263, objectName='null', returnAddress='null'}
19:30:07.400 [QueueListener Request Queue test] DEBUG i.a.qbit.service.impl.ServiceImpl - ServiceImpl::receive() 
RESPONSE
ResponseImpl{address='add', params=null, body=3}
FROM CALL
MethodCallImpl{name='add', address='', params=io.advantageous.qbit.util.MultiMap$1@368b9426, body=[1, 2], timestamp=25890292, id=263, objectName='null', returnAddress='null'}


Queue Limit 
Queue Empty 
19:30:07.401 [QueueListener Request Queue test] DEBUG i.a.qbit.service.impl.ServiceImpl - ServiceImpl::doHandleMethodCall() METHOD CALLMethodCallImpl{name='add', address='', params=io.advantageous.qbit.util.MultiMap$1@368b9426, body=[1, 2], timestamp=25890292, id=264, objectName='null', returnAddress='null'}
19:30:07.401 [QueueListener Request Queue test] DEBUG i.a.qbit.service.impl.ServiceImpl - ServiceImpl::receive() 
RESPONSE
ResponseImpl{address='add', params=null, body=3}
FROM CALL
MethodCallImpl{name='add', address='', params=io.advantageous.qbit.util.MultiMap$1@368b9426, body=[1, 2], timestamp=25890292, id=264, objectName='null', returnAddress='null'}


19:30:07.401 [QueueListener Request Queue test] DEBUG i.a.qbit.service.impl.ServiceImpl - ServiceImpl::doHandleMethodCall() METHOD CALLMethodCallImpl{name='add', address='', params=io.advantageous.qbit.util.MultiMap$1@368b9426, body=[1, 2], timestamp=25890292, id=265, objectName='null', returnAddress='null'}
19:30:07.401 [QueueListener Request Queue test] DEBUG i.a.qbit.service.impl.ServiceImpl - ServiceImpl::receive() 
RESPONSE
ResponseImpl{address='add', params=null, body=3}
FROM CALL
MethodCallImpl{name='add', address='', params=io.advantageous.qbit.util.MultiMap$1@368b9426, body=[1, 2], timestamp=25890292, id=265, objectName='null', returnAddress='null'}


19:30:07.401 [QueueListener Request Queue test] DEBUG i.a.qbit.service.impl.ServiceImpl - ServiceImpl::doHandleMethodCall() METHOD CALLMethodCallImpl{name='add', address='', params=io.advantageous.qbit.util.MultiMap$1@368b9426, body=[1, 2], timestamp=25890292, id=266, objectName='null', returnAddress='null'}
19:30:07.401 [QueueListener Request Queue test] DEBUG i.a.qbit.service.impl.ServiceImpl - ServiceImpl::receive() 
RESPONSE
ResponseImpl{address='add', params=null, body=3}
FROM CALL
MethodCallImpl{name='add', address='', params=io.advantageous.qbit.util.MultiMap$1@368b9426, body=[1, 2], timestamp=25890292, id=266, objectName='null', returnAddress='null'}


19:30:07.401 [QueueListener Request Queue test] DEBUG i.a.qbit.service.impl.ServiceImpl - ServiceImpl::doHandleMethodCall() METHOD CALLMethodCallImpl{name='add', address='', params=io.advantageous.qbit.util.MultiMap$1@368b9426, body=[1, 2], timestamp=25890292, id=267, objectName='null', returnAddress='null'}
19:30:07.401 [QueueListener Request Queue test] DEBUG i.a.qbit.service.impl.ServiceImpl - ServiceImpl::receive() 
RESPONSE
ResponseImpl{address='add', params=null, body=3}
FROM CALL
MethodCallImpl{name='add', address='', params=io.advantageous.qbit.util.MultiMap$1@368b9426, body=[1, 2], timestamp=25890292, id=267, objectName='null', returnAddress='null'}


19:30:07.401 [QueueListener Request Queue test] DEBUG i.a.qbit.service.impl.ServiceImpl - ServiceImpl::doHandleMethodCall() METHOD CALLMethodCallImpl{name='add', address='', params=io.advantageous.qbit.util.MultiMap$1@368b9426, body=[1, 2], timestamp=25890292, id=268, objectName='null', returnAddress='null'}
19:30:07.401 [QueueListener Request Queue test] DEBUG i.a.qbit.service.impl.ServiceImpl - ServiceImpl::receive() 
RESPONSE
ResponseImpl{address='add', params=null, body=3}
FROM CALL
MethodCallImpl{name='add', address='', params=io.advantageous.qbit.util.MultiMap$1@368b9426, body=[1, 2], timestamp=25890292, id=268, objectName='null', returnAddress='null'}


19:30:07.401 [QueueListener Request Queue test] DEBUG i.a.qbit.service.impl.ServiceImpl - ServiceImpl::doHandleMethodCall() METHOD CALLMethodCallImpl{name='add', address='', params=io.advantageous.qbit.util.MultiMap$1@368b9426, body=[1, 2], timestamp=25890292, id=269, objectName='null', returnAddress='null'}
19:30:07.401 [QueueListener Request Queue test] DEBUG i.a.qbit.service.impl.ServiceImpl - ServiceImpl::receive() 
RESPONSE
ResponseImpl{address='add', params=null, body=3}
FROM CALL
MethodCallImpl{name='add', address='', params=io.advantageous.qbit.util.MultiMap$1@368b9426, body=[1, 2], timestamp=25890292, id=269, objectName='null', returnAddress='null'}


Queue Limit 
Queue Empty 
19:30:07.401 [QueueListener Request Queue test] DEBUG i.a.qbit.service.impl.ServiceImpl - ServiceImpl::doHandleMethodCall() METHOD CALLMethodCallImpl{name='add', address='', params=io.advantageous.qbit.util.MultiMap$1@368b9426, body=[1, 2], timestamp=25890292, id=270, objectName='null', returnAddress='null'}
19:30:07.401 [QueueListener Request Queue test] DEBUG i.a.qbit.service.impl.ServiceImpl - ServiceImpl::receive() 
RESPONSE
ResponseImpl{address='add', params=null, body=3}
FROM CALL
MethodCallImpl{name='add', address='', params=io.advantageous.qbit.util.MultiMap$1@368b9426, body=[1, 2], timestamp=25890292, id=270, objectName='null', returnAddress='null'}


19:30:07.401 [QueueListener Request Queue test] DEBUG i.a.qbit.service.impl.ServiceImpl - ServiceImpl::doHandleMethodCall() METHOD CALLMethodCallImpl{name='add', address='', params=io.advantageous.qbit.util.MultiMap$1@368b9426, body=[1, 2], timestamp=25890292, id=271, objectName='null', returnAddress='null'}
19:30:07.401 [QueueListener Request Queue test] DEBUG i.a.qbit.service.impl.ServiceImpl - ServiceImpl::receive() 
RESPONSE
ResponseImpl{address='add', params=null, body=3}
FROM CALL
MethodCallImpl{name='add', address='', params=io.advantageous.qbit.util.MultiMap$1@368b9426, body=[1, 2], timestamp=25890292, id=271, objectName='null', returnAddress='null'}


19:30:07.401 [QueueListener Request Queue test] DEBUG i.a.qbit.service.impl.ServiceImpl - ServiceImpl::doHandleMethodCall() METHOD CALLMethodCallImpl{name='add', address='', params=io.advantageous.qbit.util.MultiMap$1@368b9426, body=[1, 2], timestamp=25890292, id=272, objectName='null', returnAddress='null'}
19:30:07.401 [QueueListener Request Queue test] DEBUG i.a.qbit.service.impl.ServiceImpl - ServiceImpl::receive() 
RESPONSE
ResponseImpl{address='add', params=null, body=3}
FROM CALL
MethodCallImpl{name='add', address='', params=io.advantageous.qbit.util.MultiMap$1@368b9426, body=[1, 2], timestamp=25890292, id=272, objectName='null', returnAddress='null'}


19:30:07.401 [QueueListener Request Queue test] DEBUG i.a.qbit.service.impl.ServiceImpl - ServiceImpl::doHandleMethodCall() METHOD CALLMethodCallImpl{name='add', address='', params=io.advantageous.qbit.util.MultiMap$1@368b9426, body=[1, 2], timestamp=25890292, id=273, objectName='null', returnAddress='null'}
19:30:07.401 [QueueListener Request Queue test] DEBUG i.a.qbit.service.impl.ServiceImpl - ServiceImpl::receive() 
RESPONSE
ResponseImpl{address='add', params=null, body=3}
FROM CALL
MethodCallImpl{name='add', address='', params=io.advantageous.qbit.util.MultiMap$1@368b9426, body=[1, 2], timestamp=25890292, id=273, objectName='null', returnAddress='null'}


19:30:07.401 [QueueListener Request Queue test] DEBUG i.a.qbit.service.impl.ServiceImpl - ServiceImpl::doHandleMethodCall() METHOD CALLMethodCallImpl{name='add', address='', params=io.advantageous.qbit.util.MultiMap$1@368b9426, body=[1, 2], timestamp=25890292, id=274, objectName='null', returnAddress='null'}
19:30:07.401 [QueueListener Request Queue test] DEBUG i.a.qbit.service.impl.ServiceImpl - ServiceImpl::receive() 
RESPONSE
ResponseImpl{address='add', params=null, body=3}
FROM CALL
MethodCallImpl{name='add', address='', params=io.advantageous.qbit.util.MultiMap$1@368b9426, body=[1, 2], timestamp=25890292, id=274, objectName='null', returnAddress='null'}


19:30:07.402 [QueueListener Request Queue test] DEBUG i.a.qbit.service.impl.ServiceImpl - ServiceImpl::doHandleMethodCall() METHOD CALLMethodCallImpl{name='add', address='', params=io.advantageous.qbit.util.MultiMap$1@368b9426, body=[1, 2], timestamp=25890292, id=275, objectName='null', returnAddress='null'}
19:30:07.402 [QueueListener Request Queue test] DEBUG i.a.qbit.service.impl.ServiceImpl - ServiceImpl::receive() 
RESPONSE
ResponseImpl{address='add', params=null, body=3}
FROM CALL
MethodCallImpl{name='add', address='', params=io.advantageous.qbit.util.MultiMap$1@368b9426, body=[1, 2], timestamp=25890292, id=275, objectName='null', returnAddress='null'}


Queue Limit 
Queue Empty 
19:30:07.402 [QueueListener Request Queue test] DEBUG i.a.qbit.service.impl.ServiceImpl - ServiceImpl::doHandleMethodCall() METHOD CALLMethodCallImpl{name='add', address='', params=io.advantageous.qbit.util.MultiMap$1@368b9426, body=[1, 2], timestamp=25890292, id=276, objectName='null', returnAddress='null'}
19:30:07.402 [QueueListener Request Queue test] DEBUG i.a.qbit.service.impl.ServiceImpl - ServiceImpl::receive() 
RESPONSE
ResponseImpl{address='add', params=null, body=3}
FROM CALL
MethodCallImpl{name='add', address='', params=io.advantageous.qbit.util.MultiMap$1@368b9426, body=[1, 2], timestamp=25890292, id=276, objectName='null', returnAddress='null'}


19:30:07.402 [QueueListener Request Queue test] DEBUG i.a.qbit.service.impl.ServiceImpl - ServiceImpl::doHandleMethodCall() METHOD CALLMethodCallImpl{name='add', address='', params=io.advantageous.qbit.util.MultiMap$1@368b9426, body=[1, 2], timestamp=25890292, id=277, objectName='null', returnAddress='null'}
19:30:07.402 [QueueListener Request Queue test] DEBUG i.a.qbit.service.impl.ServiceImpl - ServiceImpl::receive() 
RESPONSE
ResponseImpl{address='add', params=null, body=3}
FROM CALL
MethodCallImpl{name='add', address='', params=io.advantageous.qbit.util.MultiMap$1@368b9426, body=[1, 2], timestamp=25890292, id=277, objectName='null', returnAddress='null'}


19:30:07.402 [QueueListener Request Queue test] DEBUG i.a.qbit.service.impl.ServiceImpl - ServiceImpl::doHandleMethodCall() METHOD CALLMethodCallImpl{name='add', address='', params=io.advantageous.qbit.util.MultiMap$1@368b9426, body=[1, 2], timestamp=25890292, id=278, objectName='null', returnAddress='null'}
19:30:07.402 [QueueListener Request Queue test] DEBUG i.a.qbit.service.impl.ServiceImpl - ServiceImpl::receive() 
RESPONSE
ResponseImpl{address='add', params=null, body=3}
FROM CALL
MethodCallImpl{name='add', address='', params=io.advantageous.qbit.util.MultiMap$1@368b9426, body=[1, 2], timestamp=25890292, id=278, objectName='null', returnAddress='null'}


19:30:07.402 [QueueListener Request Queue test] DEBUG i.a.qbit.service.impl.ServiceImpl - ServiceImpl::doHandleMethodCall() METHOD CALLMethodCallImpl{name='add', address='', params=io.advantageous.qbit.util.MultiMap$1@368b9426, body=[1, 2], timestamp=25890292, id=279, objectName='null', returnAddress='null'}
19:30:07.402 [QueueListener Request Queue test] DEBUG i.a.qbit.service.impl.ServiceImpl - ServiceImpl::receive() 
RESPONSE
ResponseImpl{address='add', params=null, body=3}
FROM CALL
MethodCallImpl{name='add', address='', params=io.advantageous.qbit.util.MultiMap$1@368b9426, body=[1, 2], timestamp=25890292, id=279, objectName='null', returnAddress='null'}


19:30:07.402 [QueueListener Request Queue test] DEBUG i.a.qbit.service.impl.ServiceImpl - ServiceImpl::doHandleMethodCall() METHOD CALLMethodCallImpl{name='add', address='', params=io.advantageous.qbit.util.MultiMap$1@368b9426, body=[1, 2], timestamp=25890292, id=280, objectName='null', returnAddress='null'}
19:30:07.402 [QueueListener Request Queue test] DEBUG i.a.qbit.service.impl.ServiceImpl - ServiceImpl::receive() 
RESPONSE
ResponseImpl{address='add', params=null, body=3}
FROM CALL
MethodCallImpl{name='add', address='', params=io.advantageous.qbit.util.MultiMap$1@368b9426, body=[1, 2], timestamp=25890292, id=280, objectName='null', returnAddress='null'}


19:30:07.403 [QueueListener Request Queue test] DEBUG i.a.qbit.service.impl.ServiceImpl - ServiceImpl::doHandleMethodCall() METHOD CALLMethodCallImpl{name='add', address='', params=io.advantageous.qbit.util.MultiMap$1@368b9426, body=[1, 2], timestamp=25890292, id=281, objectName='null', returnAddress='null'}
19:30:07.403 [QueueListener Request Queue test] DEBUG i.a.qbit.service.impl.ServiceImpl - ServiceImpl::receive() 
RESPONSE
ResponseImpl{address='add', params=null, body=3}
FROM CALL
MethodCallImpl{name='add', address='', params=io.advantageous.qbit.util.MultiMap$1@368b9426, body=[1, 2], timestamp=25890292, id=281, objectName='null', returnAddress='null'}


Queue Limit 
Queue Empty 
19:30:07.403 [QueueListener Request Queue test] DEBUG i.a.qbit.service.impl.ServiceImpl - ServiceImpl::doHandleMethodCall() METHOD CALLMethodCallImpl{name='add', address='', params=io.advantageous.qbit.util.MultiMap$1@368b9426, body=[1, 2], timestamp=25890292, id=282, objectName='null', returnAddress='null'}
19:30:07.403 [QueueListener Request Queue test] DEBUG i.a.qbit.service.impl.ServiceImpl - ServiceImpl::receive() 
RESPONSE
ResponseImpl{address='add', params=null, body=3}
FROM CALL
MethodCallImpl{name='add', address='', params=io.advantageous.qbit.util.MultiMap$1@368b9426, body=[1, 2], timestamp=25890292, id=282, objectName='null', returnAddress='null'}


19:30:07.403 [QueueListener Request Queue test] DEBUG i.a.qbit.service.impl.ServiceImpl - ServiceImpl::doHandleMethodCall() METHOD CALLMethodCallImpl{name='add', address='', params=io.advantageous.qbit.util.MultiMap$1@368b9426, body=[1, 2], timestamp=25890292, id=283, objectName='null', returnAddress='null'}
19:30:07.403 [QueueListener Request Queue test] DEBUG i.a.qbit.service.impl.ServiceImpl - ServiceImpl::receive() 
RESPONSE
ResponseImpl{address='add', params=null, body=3}
FROM CALL
MethodCallImpl{name='add', address='', params=io.advantageous.qbit.util.MultiMap$1@368b9426, body=[1, 2], timestamp=25890292, id=283, objectName='null', returnAddress='null'}


19:30:07.403 [QueueListener Request Queue test] DEBUG i.a.qbit.service.impl.ServiceImpl - ServiceImpl::doHandleMethodCall() METHOD CALLMethodCallImpl{name='add', address='', params=io.advantageous.qbit.util.MultiMap$1@368b9426, body=[1, 2], timestamp=25890292, id=284, objectName='null', returnAddress='null'}
19:30:07.403 [QueueListener Request Queue test] DEBUG i.a.qbit.service.impl.ServiceImpl - ServiceImpl::receive() 
RESPONSE
ResponseImpl{address='add', params=null, body=3}
FROM CALL
MethodCallImpl{name='add', address='', params=io.advantageous.qbit.util.MultiMap$1@368b9426, body=[1, 2], timestamp=25890292, id=284, objectName='null', returnAddress='null'}


19:30:07.403 [QueueListener Request Queue test] DEBUG i.a.qbit.service.impl.ServiceImpl - ServiceImpl::doHandleMethodCall() METHOD CALLMethodCallImpl{name='add', address='', params=io.advantageous.qbit.util.MultiMap$1@368b9426, body=[1, 2], timestamp=25890292, id=285, objectName='null', returnAddress='null'}
19:30:07.403 [QueueListener Request Queue test] DEBUG i.a.qbit.service.impl.ServiceImpl - ServiceImpl::receive() 
RESPONSE
ResponseImpl{address='add', params=null, body=3}
FROM CALL
MethodCallImpl{name='add', address='', params=io.advantageous.qbit.util.MultiMap$1@368b9426, body=[1, 2], timestamp=25890292, id=285, objectName='null', returnAddress='null'}


19:30:07.403 [QueueListener Request Queue test] DEBUG i.a.qbit.service.impl.ServiceImpl - ServiceImpl::doHandleMethodCall() METHOD CALLMethodCallImpl{name='add', address='', params=io.advantageous.qbit.util.MultiMap$1@368b9426, body=[1, 2], timestamp=25890292, id=286, objectName='null', returnAddress='null'}
19:30:07.404 [QueueListener Request Queue test] DEBUG i.a.qbit.service.impl.ServiceImpl - ServiceImpl::receive() 
RESPONSE
ResponseImpl{address='add', params=null, body=3}
FROM CALL
MethodCallImpl{name='add', address='', params=io.advantageous.qbit.util.MultiMap$1@368b9426, body=[1, 2], timestamp=25890292, id=286, objectName='null', returnAddress='null'}


19:30:07.404 [QueueListener Request Queue test] DEBUG i.a.qbit.service.impl.ServiceImpl - ServiceImpl::doHandleMethodCall() METHOD CALLMethodCallImpl{name='add', address='', params=io.advantageous.qbit.util.MultiMap$1@368b9426, body=[1, 2], timestamp=25890292, id=287, objectName='null', returnAddress='null'}
19:30:07.404 [QueueListener Request Queue test] DEBUG i.a.qbit.service.impl.ServiceImpl - ServiceImpl::receive() 
RESPONSE
ResponseImpl{address='add', params=null, body=3}
FROM CALL
MethodCallImpl{name='add', address='', params=io.advantageous.qbit.util.MultiMap$1@368b9426, body=[1, 2], timestamp=25890292, id=287, objectName='null', returnAddress='null'}


Queue Limit 
Queue Empty 
19:30:07.404 [QueueListener Request Queue test] DEBUG i.a.qbit.service.impl.ServiceImpl - ServiceImpl::doHandleMethodCall() METHOD CALLMethodCallImpl{name='add', address='', params=io.advantageous.qbit.util.MultiMap$1@368b9426, body=[1, 2], timestamp=25890292, id=288, objectName='null', returnAddress='null'}
19:30:07.404 [QueueListener Request Queue test] DEBUG i.a.qbit.service.impl.ServiceImpl - ServiceImpl::receive() 
RESPONSE
ResponseImpl{address='add', params=null, body=3}
FROM CALL
MethodCallImpl{name='add', address='', params=io.advantageous.qbit.util.MultiMap$1@368b9426, body=[1, 2], timestamp=25890292, id=288, objectName='null', returnAddress='null'}


19:30:07.404 [QueueListener Request Queue test] DEBUG i.a.qbit.service.impl.ServiceImpl - ServiceImpl::doHandleMethodCall() METHOD CALLMethodCallImpl{name='add', address='', params=io.advantageous.qbit.util.MultiMap$1@368b9426, body=[1, 2], timestamp=25890292, id=289, objectName='null', returnAddress='null'}
19:30:07.404 [QueueListener Request Queue test] DEBUG i.a.qbit.service.impl.ServiceImpl - ServiceImpl::receive() 
RESPONSE
ResponseImpl{address='add', params=null, body=3}
FROM CALL
MethodCallImpl{name='add', address='', params=io.advantageous.qbit.util.MultiMap$1@368b9426, body=[1, 2], timestamp=25890292, id=289, objectName='null', returnAddress='null'}


19:30:07.405 [QueueListener Request Queue test] DEBUG i.a.qbit.service.impl.ServiceImpl - ServiceImpl::doHandleMethodCall() METHOD CALLMethodCallImpl{name='add', address='', params=io.advantageous.qbit.util.MultiMap$1@368b9426, body=[1, 2], timestamp=25890292, id=290, objectName='null', returnAddress='null'}
19:30:07.405 [QueueListener Request Queue test] DEBUG i.a.qbit.service.impl.ServiceImpl - ServiceImpl::receive() 
RESPONSE
ResponseImpl{address='add', params=null, body=3}
FROM CALL
MethodCallImpl{name='add', address='', params=io.advantageous.qbit.util.MultiMap$1@368b9426, body=[1, 2], timestamp=25890292, id=290, objectName='null', returnAddress='null'}


19:30:07.405 [QueueListener Request Queue test] DEBUG i.a.qbit.service.impl.ServiceImpl - ServiceImpl::doHandleMethodCall() METHOD CALLMethodCallImpl{name='add', address='', params=io.advantageous.qbit.util.MultiMap$1@368b9426, body=[1, 2], timestamp=25890292, id=291, objectName='null', returnAddress='null'}
19:30:07.405 [QueueListener Request Queue test] DEBUG i.a.qbit.service.impl.ServiceImpl - ServiceImpl::receive() 
RESPONSE
ResponseImpl{address='add', params=null, body=3}
FROM CALL
MethodCallImpl{name='add', address='', params=io.advantageous.qbit.util.MultiMap$1@368b9426, body=[1, 2], timestamp=25890292, id=291, objectName='null', returnAddress='null'}


19:30:07.405 [QueueListener Request Queue test] DEBUG i.a.qbit.service.impl.ServiceImpl - ServiceImpl::doHandleMethodCall() METHOD CALLMethodCallImpl{name='add', address='', params=io.advantageous.qbit.util.MultiMap$1@368b9426, body=[1, 2], timestamp=25890292, id=292, objectName='null', returnAddress='null'}
19:30:07.405 [QueueListener Request Queue test] DEBUG i.a.qbit.service.impl.ServiceImpl - ServiceImpl::receive() 
RESPONSE
ResponseImpl{address='add', params=null, body=3}
FROM CALL
MethodCallImpl{name='add', address='', params=io.advantageous.qbit.util.MultiMap$1@368b9426, body=[1, 2], timestamp=25890292, id=292, objectName='null', returnAddress='null'}


19:30:07.405 [QueueListener Request Queue test] DEBUG i.a.qbit.service.impl.ServiceImpl - ServiceImpl::doHandleMethodCall() METHOD CALLMethodCallImpl{name='add', address='', params=io.advantageous.qbit.util.MultiMap$1@368b9426, body=[1, 2], timestamp=25890292, id=293, objectName='null', returnAddress='null'}
19:30:07.405 [QueueListener Request Queue test] DEBUG i.a.qbit.service.impl.ServiceImpl - ServiceImpl::receive() 
RESPONSE
ResponseImpl{address='add', params=null, body=3}
FROM CALL
MethodCallImpl{name='add', address='', params=io.advantageous.qbit.util.MultiMap$1@368b9426, body=[1, 2], timestamp=25890292, id=293, objectName='null', returnAddress='null'}


Queue Limit 
Queue Empty 
19:30:07.405 [QueueListener Request Queue test] DEBUG i.a.qbit.service.impl.ServiceImpl - ServiceImpl::doHandleMethodCall() METHOD CALLMethodCallImpl{name='add', address='', params=io.advantageous.qbit.util.MultiMap$1@368b9426, body=[1, 2], timestamp=25890292, id=294, objectName='null', returnAddress='null'}
19:30:07.405 [QueueListener Request Queue test] DEBUG i.a.qbit.service.impl.ServiceImpl - ServiceImpl::receive() 
RESPONSE
ResponseImpl{address='add', params=null, body=3}
FROM CALL
MethodCallImpl{name='add', address='', params=io.advantageous.qbit.util.MultiMap$1@368b9426, body=[1, 2], timestamp=25890292, id=294, objectName='null', returnAddress='null'}


19:30:07.406 [QueueListener Request Queue test] DEBUG i.a.qbit.service.impl.ServiceImpl - ServiceImpl::doHandleMethodCall() METHOD CALLMethodCallImpl{name='add', address='', params=io.advantageous.qbit.util.MultiMap$1@368b9426, body=[1, 2], timestamp=25890292, id=295, objectName='null', returnAddress='null'}
19:30:07.406 [QueueListener Request Queue test] DEBUG i.a.qbit.service.impl.ServiceImpl - ServiceImpl::receive() 
RESPONSE
ResponseImpl{address='add', params=null, body=3}
FROM CALL
MethodCallImpl{name='add', address='', params=io.advantageous.qbit.util.MultiMap$1@368b9426, body=[1, 2], timestamp=25890292, id=295, objectName='null', returnAddress='null'}


19:30:07.406 [QueueListener Request Queue test] DEBUG i.a.qbit.service.impl.ServiceImpl - ServiceImpl::doHandleMethodCall() METHOD CALLMethodCallImpl{name='add', address='', params=io.advantageous.qbit.util.MultiMap$1@368b9426, body=[1, 2], timestamp=25890292, id=296, objectName='null', returnAddress='null'}
19:30:07.406 [QueueListener Request Queue test] DEBUG i.a.qbit.service.impl.ServiceImpl - ServiceImpl::receive() 
RESPONSE
ResponseImpl{address='add', params=null, body=3}
FROM CALL
MethodCallImpl{name='add', address='', params=io.advantageous.qbit.util.MultiMap$1@368b9426, body=[1, 2], timestamp=25890292, id=296, objectName='null', returnAddress='null'}


19:30:07.406 [QueueListener Request Queue test] DEBUG i.a.qbit.service.impl.ServiceImpl - ServiceImpl::doHandleMethodCall() METHOD CALLMethodCallImpl{name='add', address='', params=io.advantageous.qbit.util.MultiMap$1@368b9426, body=[1, 2], timestamp=25890292, id=297, objectName='null', returnAddress='null'}
19:30:07.406 [QueueListener Request Queue test] DEBUG i.a.qbit.service.impl.ServiceImpl - ServiceImpl::receive() 
RESPONSE
ResponseImpl{address='add', params=null, body=3}
FROM CALL
MethodCallImpl{name='add', address='', params=io.advantageous.qbit.util.MultiMap$1@368b9426, body=[1, 2], timestamp=25890292, id=297, objectName='null', returnAddress='null'}


19:30:07.406 [QueueListener Request Queue test] DEBUG i.a.qbit.service.impl.ServiceImpl - ServiceImpl::doHandleMethodCall() METHOD CALLMethodCallImpl{name='add', address='', params=io.advantageous.qbit.util.MultiMap$1@368b9426, body=[1, 2], timestamp=25890292, id=298, objectName='null', returnAddress='null'}
19:30:07.406 [QueueListener Request Queue test] DEBUG i.a.qbit.service.impl.ServiceImpl - ServiceImpl::receive() 
RESPONSE
ResponseImpl{address='add', params=null, body=3}
FROM CALL
MethodCallImpl{name='add', address='', params=io.advantageous.qbit.util.MultiMap$1@368b9426, body=[1, 2], timestamp=25890292, id=298, objectName='null', returnAddress='null'}


19:30:07.406 [QueueListener Request Queue test] DEBUG i.a.qbit.service.impl.ServiceImpl - ServiceImpl::doHandleMethodCall() METHOD CALLMethodCallImpl{name='add', address='', params=io.advantageous.qbit.util.MultiMap$1@368b9426, body=[1, 2], timestamp=25890292, id=299, objectName='null', returnAddress='null'}
19:30:07.406 [QueueListener Request Queue test] DEBUG i.a.qbit.service.impl.ServiceImpl - ServiceImpl::receive() 
RESPONSE
ResponseImpl{address='add', params=null, body=3}
FROM CALL
MethodCallImpl{name='add', address='', params=io.advantageous.qbit.util.MultiMap$1@368b9426, body=[1, 2], timestamp=25890292, id=299, objectName='null', returnAddress='null'}


Queue Limit 
Queue Empty 
19:30:07.406 [QueueListener Request Queue test] DEBUG i.a.qbit.service.impl.ServiceImpl - ServiceImpl::doHandleMethodCall() METHOD CALLMethodCallImpl{name='add', address='', params=io.advantageous.qbit.util.MultiMap$1@368b9426, body=[1, 2], timestamp=25890292, id=300, objectName='null', returnAddress='null'}
19:30:07.406 [QueueListener Request Queue test] DEBUG i.a.qbit.service.impl.ServiceImpl - ServiceImpl::receive() 
RESPONSE
ResponseImpl{address='add', params=null, body=3}
FROM CALL
MethodCallImpl{name='add', address='', params=io.advantageous.qbit.util.MultiMap$1@368b9426, body=[1, 2], timestamp=25890292, id=300, objectName='null', returnAddress='null'}


19:30:07.406 [QueueListener Request Queue test] DEBUG i.a.qbit.service.impl.ServiceImpl - ServiceImpl::doHandleMethodCall() METHOD CALLMethodCallImpl{name='add', address='', params=io.advantageous.qbit.util.MultiMap$1@368b9426, body=[1, 2], timestamp=25890292, id=301, objectName='null', returnAddress='null'}
19:30:07.406 [QueueListener Request Queue test] DEBUG i.a.qbit.service.impl.ServiceImpl - ServiceImpl::receive() 
RESPONSE
ResponseImpl{address='add', params=null, body=3}
FROM CALL
MethodCallImpl{name='add', address='', params=io.advantageous.qbit.util.MultiMap$1@368b9426, body=[1, 2], timestamp=25890292, id=301, objectName='null', returnAddress='null'}


19:30:07.406 [QueueListener Request Queue test] DEBUG i.a.qbit.service.impl.ServiceImpl - ServiceImpl::doHandleMethodCall() METHOD CALLMethodCallImpl{name='add', address='', params=io.advantageous.qbit.util.MultiMap$1@368b9426, body=[1, 2], timestamp=25890292, id=302, objectName='null', returnAddress='null'}
19:30:07.407 [QueueListener Request Queue test] DEBUG i.a.qbit.service.impl.ServiceImpl - ServiceImpl::receive() 
RESPONSE
ResponseImpl{address='add', params=null, body=3}
FROM CALL
MethodCallImpl{name='add', address='', params=io.advantageous.qbit.util.MultiMap$1@368b9426, body=[1, 2], timestamp=25890292, id=302, objectName='null', returnAddress='null'}


19:30:07.407 [QueueListener Request Queue test] DEBUG i.a.qbit.service.impl.ServiceImpl - ServiceImpl::doHandleMethodCall() METHOD CALLMethodCallImpl{name='add', address='', params=io.advantageous.qbit.util.MultiMap$1@368b9426, body=[1, 2], timestamp=25890292, id=303, objectName='null', returnAddress='null'}
19:30:07.407 [QueueListener Request Queue test] DEBUG i.a.qbit.service.impl.ServiceImpl - ServiceImpl::receive() 
RESPONSE
ResponseImpl{address='add', params=null, body=3}
FROM CALL
MethodCallImpl{name='add', address='', params=io.advantageous.qbit.util.MultiMap$1@368b9426, body=[1, 2], timestamp=25890292, id=303, objectName='null', returnAddress='null'}


19:30:07.407 [QueueListener Request Queue test] DEBUG i.a.qbit.service.impl.ServiceImpl - ServiceImpl::doHandleMethodCall() METHOD CALLMethodCallImpl{name='add', address='', params=io.advantageous.qbit.util.MultiMap$1@368b9426, body=[1, 2], timestamp=25890292, id=304, objectName='null', returnAddress='null'}
19:30:07.407 [QueueListener Request Queue test] DEBUG i.a.qbit.service.impl.ServiceImpl - ServiceImpl::receive() 
RESPONSE
ResponseImpl{address='add', params=null, body=3}
FROM CALL
MethodCallImpl{name='add', address='', params=io.advantageous.qbit.util.MultiMap$1@368b9426, body=[1, 2], timestamp=25890292, id=304, objectName='null', returnAddress='null'}


19:30:07.407 [QueueListener Request Queue test] DEBUG i.a.qbit.service.impl.ServiceImpl - ServiceImpl::doHandleMethodCall() METHOD CALLMethodCallImpl{name='add', address='', params=io.advantageous.qbit.util.MultiMap$1@368b9426, body=[1, 2], timestamp=25890292, id=305, objectName='null', returnAddress='null'}
19:30:07.407 [QueueListener Request Queue test] DEBUG i.a.qbit.service.impl.ServiceImpl - ServiceImpl::receive() 
RESPONSE
ResponseImpl{address='add', params=null, body=3}
FROM CALL
MethodCallImpl{name='add', address='', params=io.advantageous.qbit.util.MultiMap$1@368b9426, body=[1, 2], timestamp=25890292, id=305, objectName='null', returnAddress='null'}


Queue Limit 
Queue Empty 
19:30:07.407 [QueueListener Request Queue test] DEBUG i.a.qbit.service.impl.ServiceImpl - ServiceImpl::doHandleMethodCall() METHOD CALLMethodCallImpl{name='add', address='', params=io.advantageous.qbit.util.MultiMap$1@368b9426, body=[1, 2], timestamp=25890292, id=306, objectName='null', returnAddress='null'}
19:30:07.407 [QueueListener Request Queue test] DEBUG i.a.qbit.service.impl.ServiceImpl - ServiceImpl::receive() 
RESPONSE
ResponseImpl{address='add', params=null, body=3}
FROM CALL
MethodCallImpl{name='add', address='', params=io.advantageous.qbit.util.MultiMap$1@368b9426, body=[1, 2], timestamp=25890292, id=306, objectName='null', returnAddress='null'}


19:30:07.407 [QueueListener Request Queue test] DEBUG i.a.qbit.service.impl.ServiceImpl - ServiceImpl::doHandleMethodCall() METHOD CALLMethodCallImpl{name='add', address='', params=io.advantageous.qbit.util.MultiMap$1@368b9426, body=[1, 2], timestamp=25890292, id=307, objectName='null', returnAddress='null'}
19:30:07.407 [QueueListener Request Queue test] DEBUG i.a.qbit.service.impl.ServiceImpl - ServiceImpl::receive() 
RESPONSE
ResponseImpl{address='add', params=null, body=3}
FROM CALL
MethodCallImpl{name='add', address='', params=io.advantageous.qbit.util.MultiMap$1@368b9426, body=[1, 2], timestamp=25890292, id=307, objectName='null', returnAddress='null'}


19:30:07.407 [QueueListener Request Queue test] DEBUG i.a.qbit.service.impl.ServiceImpl - ServiceImpl::doHandleMethodCall() METHOD CALLMethodCallImpl{name='add', address='', params=io.advantageous.qbit.util.MultiMap$1@368b9426, body=[1, 2], timestamp=25890292, id=308, objectName='null', returnAddress='null'}
19:30:07.407 [QueueListener Request Queue test] DEBUG i.a.qbit.service.impl.ServiceImpl - ServiceImpl::receive() 
RESPONSE
ResponseImpl{address='add', params=null, body=3}
FROM CALL
MethodCallImpl{name='add', address='', params=io.advantageous.qbit.util.MultiMap$1@368b9426, body=[1, 2], timestamp=25890292, id=308, objectName='null', returnAddress='null'}


19:30:07.407 [QueueListener Request Queue test] DEBUG i.a.qbit.service.impl.ServiceImpl - ServiceImpl::doHandleMethodCall() METHOD CALLMethodCallImpl{name='add', address='', params=io.advantageous.qbit.util.MultiMap$1@368b9426, body=[1, 2], timestamp=25890292, id=309, objectName='null', returnAddress='null'}
19:30:07.407 [QueueListener Request Queue test] DEBUG i.a.qbit.service.impl.ServiceImpl - ServiceImpl::receive() 
RESPONSE
ResponseImpl{address='add', params=null, body=3}
FROM CALL
MethodCallImpl{name='add', address='', params=io.advantageous.qbit.util.MultiMap$1@368b9426, body=[1, 2], timestamp=25890292, id=309, objectName='null', returnAddress='null'}


19:30:07.407 [QueueListener Request Queue test] DEBUG i.a.qbit.service.impl.ServiceImpl - ServiceImpl::doHandleMethodCall() METHOD CALLMethodCallImpl{name='add', address='', params=io.advantageous.qbit.util.MultiMap$1@368b9426, body=[1, 2], timestamp=25890292, id=310, objectName='null', returnAddress='null'}
19:30:07.407 [QueueListener Request Queue test] DEBUG i.a.qbit.service.impl.ServiceImpl - ServiceImpl::receive() 
RESPONSE
ResponseImpl{address='add', params=null, body=3}
FROM CALL
MethodCallImpl{name='add', address='', params=io.advantageous.qbit.util.MultiMap$1@368b9426, body=[1, 2], timestamp=25890292, id=310, objectName='null', returnAddress='null'}


19:30:07.408 [QueueListener Request Queue test] DEBUG i.a.qbit.service.impl.ServiceImpl - ServiceImpl::doHandleMethodCall() METHOD CALLMethodCallImpl{name='add', address='', params=io.advantageous.qbit.util.MultiMap$1@368b9426, body=[1, 2], timestamp=25890292, id=311, objectName='null', returnAddress='null'}
19:30:07.408 [QueueListener Request Queue test] DEBUG i.a.qbit.service.impl.ServiceImpl - ServiceImpl::receive() 
RESPONSE
ResponseImpl{address='add', params=null, body=3}
FROM CALL
MethodCallImpl{name='add', address='', params=io.advantageous.qbit.util.MultiMap$1@368b9426, body=[1, 2], timestamp=25890292, id=311, objectName='null', returnAddress='null'}


Queue Limit 
Queue Empty 
19:30:07.408 [QueueListener Request Queue test] DEBUG i.a.qbit.service.impl.ServiceImpl - ServiceImpl::doHandleMethodCall() METHOD CALLMethodCallImpl{name='add', address='', params=io.advantageous.qbit.util.MultiMap$1@368b9426, body=[1, 2], timestamp=25890292, id=312, objectName='null', returnAddress='null'}
19:30:07.408 [QueueListener Request Queue test] DEBUG i.a.qbit.service.impl.ServiceImpl - ServiceImpl::receive() 
RESPONSE
ResponseImpl{address='add', params=null, body=3}
FROM CALL
MethodCallImpl{name='add', address='', params=io.advantageous.qbit.util.MultiMap$1@368b9426, body=[1, 2], timestamp=25890292, id=312, objectName='null', returnAddress='null'}


19:30:07.408 [QueueListener Request Queue test] DEBUG i.a.qbit.service.impl.ServiceImpl - ServiceImpl::doHandleMethodCall() METHOD CALLMethodCallImpl{name='add', address='', params=io.advantageous.qbit.util.MultiMap$1@368b9426, body=[1, 2], timestamp=25890292, id=313, objectName='null', returnAddress='null'}
19:30:07.408 [QueueListener Request Queue test] DEBUG i.a.qbit.service.impl.ServiceImpl - ServiceImpl::receive() 
RESPONSE
ResponseImpl{address='add', params=null, body=3}
FROM CALL
MethodCallImpl{name='add', address='', params=io.advantageous.qbit.util.MultiMap$1@368b9426, body=[1, 2], timestamp=25890292, id=313, objectName='null', returnAddress='null'}


19:30:07.408 [QueueListener Request Queue test] DEBUG i.a.qbit.service.impl.ServiceImpl - ServiceImpl::doHandleMethodCall() METHOD CALLMethodCallImpl{name='add', address='', params=io.advantageous.qbit.util.MultiMap$1@368b9426, body=[1, 2], timestamp=25890292, id=314, objectName='null', returnAddress='null'}
19:30:07.408 [QueueListener Request Queue test] DEBUG i.a.qbit.service.impl.ServiceImpl - ServiceImpl::receive() 
RESPONSE
ResponseImpl{address='add', params=null, body=3}
FROM CALL
MethodCallImpl{name='add', address='', params=io.advantageous.qbit.util.MultiMap$1@368b9426, body=[1, 2], timestamp=25890292, id=314, objectName='null', returnAddress='null'}


19:30:07.408 [QueueListener Request Queue test] DEBUG i.a.qbit.service.impl.ServiceImpl - ServiceImpl::doHandleMethodCall() METHOD CALLMethodCallImpl{name='add', address='', params=io.advantageous.qbit.util.MultiMap$1@368b9426, body=[1, 2], timestamp=25890292, id=315, objectName='null', returnAddress='null'}
19:30:07.408 [QueueListener Request Queue test] DEBUG i.a.qbit.service.impl.ServiceImpl - ServiceImpl::receive() 
RESPONSE
ResponseImpl{address='add', params=null, body=3}
FROM CALL
MethodCallImpl{name='add', address='', params=io.advantageous.qbit.util.MultiMap$1@368b9426, body=[1, 2], timestamp=25890292, id=315, objectName='null', returnAddress='null'}


19:30:07.408 [QueueListener Request Queue test] DEBUG i.a.qbit.service.impl.ServiceImpl - ServiceImpl::doHandleMethodCall() METHOD CALLMethodCallImpl{name='add', address='', params=io.advantageous.qbit.util.MultiMap$1@368b9426, body=[1, 2], timestamp=25890292, id=316, objectName='null', returnAddress='null'}
19:30:07.408 [QueueListener Request Queue test] DEBUG i.a.qbit.service.impl.ServiceImpl - ServiceImpl::receive() 
RESPONSE
ResponseImpl{address='add', params=null, body=3}
FROM CALL
MethodCallImpl{name='add', address='', params=io.advantageous.qbit.util.MultiMap$1@368b9426, body=[1, 2], timestamp=25890292, id=316, objectName='null', returnAddress='null'}


19:30:07.408 [QueueListener Request Queue test] DEBUG i.a.qbit.service.impl.ServiceImpl - ServiceImpl::doHandleMethodCall() METHOD CALLMethodCallImpl{name='add', address='', params=io.advantageous.qbit.util.MultiMap$1@368b9426, body=[1, 2], timestamp=25890292, id=317, objectName='null', returnAddress='null'}
19:30:07.408 [QueueListener Request Queue test] DEBUG i.a.qbit.service.impl.ServiceImpl - ServiceImpl::receive() 
RESPONSE
ResponseImpl{address='add', params=null, body=3}
FROM CALL
MethodCallImpl{name='add', address='', params=io.advantageous.qbit.util.MultiMap$1@368b9426, body=[1, 2], timestamp=25890292, id=317, objectName='null', returnAddress='null'}


Queue Limit 
Queue Empty 
19:30:07.408 [QueueListener Request Queue test] DEBUG i.a.qbit.service.impl.ServiceImpl - ServiceImpl::doHandleMethodCall() METHOD CALLMethodCallImpl{name='add', address='', params=io.advantageous.qbit.util.MultiMap$1@368b9426, body=[1, 2], timestamp=25890292, id=318, objectName='null', returnAddress='null'}
19:30:07.408 [QueueListener Request Queue test] DEBUG i.a.qbit.service.impl.ServiceImpl - ServiceImpl::receive() 
RESPONSE
ResponseImpl{address='add', params=null, body=3}
FROM CALL
MethodCallImpl{name='add', address='', params=io.advantageous.qbit.util.MultiMap$1@368b9426, body=[1, 2], timestamp=25890292, id=318, objectName='null', returnAddress='null'}


19:30:07.408 [QueueListener Request Queue test] DEBUG i.a.qbit.service.impl.ServiceImpl - ServiceImpl::doHandleMethodCall() METHOD CALLMethodCallImpl{name='add', address='', params=io.advantageous.qbit.util.MultiMap$1@368b9426, body=[1, 2], timestamp=25890292, id=319, objectName='null', returnAddress='null'}
19:30:07.408 [QueueListener Request Queue test] DEBUG i.a.qbit.service.impl.ServiceImpl - ServiceImpl::receive() 
RESPONSE
ResponseImpl{address='add', params=null, body=3}
FROM CALL
MethodCallImpl{name='add', address='', params=io.advantageous.qbit.util.MultiMap$1@368b9426, body=[1, 2], timestamp=25890292, id=319, objectName='null', returnAddress='null'}


19:30:07.409 [QueueListener Request Queue test] DEBUG i.a.qbit.service.impl.ServiceImpl - ServiceImpl::doHandleMethodCall() METHOD CALLMethodCallImpl{name='add', address='', params=io.advantageous.qbit.util.MultiMap$1@368b9426, body=[1, 2], timestamp=25890292, id=320, objectName='null', returnAddress='null'}
19:30:07.409 [QueueListener Request Queue test] DEBUG i.a.qbit.service.impl.ServiceImpl - ServiceImpl::receive() 
RESPONSE
ResponseImpl{address='add', params=null, body=3}
FROM CALL
MethodCallImpl{name='add', address='', params=io.advantageous.qbit.util.MultiMap$1@368b9426, body=[1, 2], timestamp=25890292, id=320, objectName='null', returnAddress='null'}


19:30:07.409 [QueueListener Request Queue test] DEBUG i.a.qbit.service.impl.ServiceImpl - ServiceImpl::doHandleMethodCall() METHOD CALLMethodCallImpl{name='add', address='', params=io.advantageous.qbit.util.MultiMap$1@368b9426, body=[1, 2], timestamp=25890292, id=321, objectName='null', returnAddress='null'}
19:30:07.409 [QueueListener Request Queue test] DEBUG i.a.qbit.service.impl.ServiceImpl - ServiceImpl::receive() 
RESPONSE
ResponseImpl{address='add', params=null, body=3}
FROM CALL
MethodCallImpl{name='add', address='', params=io.advantageous.qbit.util.MultiMap$1@368b9426, body=[1, 2], timestamp=25890292, id=321, objectName='null', returnAddress='null'}


19:30:07.409 [QueueListener Request Queue test] DEBUG i.a.qbit.service.impl.ServiceImpl - ServiceImpl::doHandleMethodCall() METHOD CALLMethodCallImpl{name='add', address='', params=io.advantageous.qbit.util.MultiMap$1@368b9426, body=[1, 2], timestamp=25890292, id=322, objectName='null', returnAddress='null'}
19:30:07.409 [QueueListener Request Queue test] DEBUG i.a.qbit.service.impl.ServiceImpl - ServiceImpl::receive() 
RESPONSE
ResponseImpl{address='add', params=null, body=3}
FROM CALL
MethodCallImpl{name='add', address='', params=io.advantageous.qbit.util.MultiMap$1@368b9426, body=[1, 2], timestamp=25890292, id=322, objectName='null', returnAddress='null'}


19:30:07.409 [QueueListener Request Queue test] DEBUG i.a.qbit.service.impl.ServiceImpl - ServiceImpl::doHandleMethodCall() METHOD CALLMethodCallImpl{name='add', address='', params=io.advantageous.qbit.util.MultiMap$1@368b9426, body=[1, 2], timestamp=25890292, id=323, objectName='null', returnAddress='null'}
19:30:07.409 [QueueListener Request Queue test] DEBUG i.a.qbit.service.impl.ServiceImpl - ServiceImpl::receive() 
RESPONSE
ResponseImpl{address='add', params=null, body=3}
FROM CALL
MethodCallImpl{name='add', address='', params=io.advantageous.qbit.util.MultiMap$1@368b9426, body=[1, 2], timestamp=25890292, id=323, objectName='null', returnAddress='null'}


Queue Limit 
Queue Empty 
19:30:07.409 [QueueListener Request Queue test] DEBUG i.a.qbit.service.impl.ServiceImpl - ServiceImpl::doHandleMethodCall() METHOD CALLMethodCallImpl{name='add', address='', params=io.advantageous.qbit.util.MultiMap$1@368b9426, body=[1, 2], timestamp=25890292, id=324, objectName='null', returnAddress='null'}
19:30:07.409 [QueueListener Request Queue test] DEBUG i.a.qbit.service.impl.ServiceImpl - ServiceImpl::receive() 
RESPONSE
ResponseImpl{address='add', params=null, body=3}
FROM CALL
MethodCallImpl{name='add', address='', params=io.advantageous.qbit.util.MultiMap$1@368b9426, body=[1, 2], timestamp=25890292, id=324, objectName='null', returnAddress='null'}


19:30:07.409 [QueueListener Request Queue test] DEBUG i.a.qbit.service.impl.ServiceImpl - ServiceImpl::doHandleMethodCall() METHOD CALLMethodCallImpl{name='add', address='', params=io.advantageous.qbit.util.MultiMap$1@368b9426, body=[1, 2], timestamp=25890292, id=325, objectName='null', returnAddress='null'}
19:30:07.409 [QueueListener Request Queue test] DEBUG i.a.qbit.service.impl.ServiceImpl - ServiceImpl::receive() 
RESPONSE
ResponseImpl{address='add', params=null, body=3}
FROM CALL
MethodCallImpl{name='add', address='', params=io.advantageous.qbit.util.MultiMap$1@368b9426, body=[1, 2], timestamp=25890292, id=325, objectName='null', returnAddress='null'}


19:30:07.409 [QueueListener Request Queue test] DEBUG i.a.qbit.service.impl.ServiceImpl - ServiceImpl::doHandleMethodCall() METHOD CALLMethodCallImpl{name='add', address='', params=io.advantageous.qbit.util.MultiMap$1@368b9426, body=[1, 2], timestamp=25890292, id=326, objectName='null', returnAddress='null'}
19:30:07.409 [QueueListener Request Queue test] DEBUG i.a.qbit.service.impl.ServiceImpl - ServiceImpl::receive() 
RESPONSE
ResponseImpl{address='add', params=null, body=3}
FROM CALL
MethodCallImpl{name='add', address='', params=io.advantageous.qbit.util.MultiMap$1@368b9426, body=[1, 2], timestamp=25890292, id=326, objectName='null', returnAddress='null'}


19:30:07.409 [QueueListener Request Queue test] DEBUG i.a.qbit.service.impl.ServiceImpl - ServiceImpl::doHandleMethodCall() METHOD CALLMethodCallImpl{name='add', address='', params=io.advantageous.qbit.util.MultiMap$1@368b9426, body=[1, 2], timestamp=25890292, id=327, objectName='null', returnAddress='null'}
19:30:07.409 [QueueListener Request Queue test] DEBUG i.a.qbit.service.impl.ServiceImpl - ServiceImpl::receive() 
RESPONSE
ResponseImpl{address='add', params=null, body=3}
FROM CALL
MethodCallImpl{name='add', address='', params=io.advantageous.qbit.util.MultiMap$1@368b9426, body=[1, 2], timestamp=25890292, id=327, objectName='null', returnAddress='null'}


19:30:07.409 [QueueListener Request Queue test] DEBUG i.a.qbit.service.impl.ServiceImpl - ServiceImpl::doHandleMethodCall() METHOD CALLMethodCallImpl{name='add', address='', params=io.advantageous.qbit.util.MultiMap$1@368b9426, body=[1, 2], timestamp=25890292, id=328, objectName='null', returnAddress='null'}
19:30:07.409 [QueueListener Request Queue test] DEBUG i.a.qbit.service.impl.ServiceImpl - ServiceImpl::receive() 
RESPONSE
ResponseImpl{address='add', params=null, body=3}
FROM CALL
MethodCallImpl{name='add', address='', params=io.advantageous.qbit.util.MultiMap$1@368b9426, body=[1, 2], timestamp=25890292, id=328, objectName='null', returnAddress='null'}


19:30:07.409 [QueueListener Request Queue test] DEBUG i.a.qbit.service.impl.ServiceImpl - ServiceImpl::doHandleMethodCall() METHOD CALLMethodCallImpl{name='add', address='', params=io.advantageous.qbit.util.MultiMap$1@368b9426, body=[1, 2], timestamp=25890292, id=329, objectName='null', returnAddress='null'}
19:30:07.409 [QueueListener Request Queue test] DEBUG i.a.qbit.service.impl.ServiceImpl - ServiceImpl::receive() 
RESPONSE
ResponseImpl{address='add', params=null, body=3}
FROM CALL
MethodCallImpl{name='add', address='', params=io.advantageous.qbit.util.MultiMap$1@368b9426, body=[1, 2], timestamp=25890292, id=329, objectName='null', returnAddress='null'}


Queue Limit 
Queue Empty 
19:30:07.409 [QueueListener Request Queue test] DEBUG i.a.qbit.service.impl.ServiceImpl - ServiceImpl::doHandleMethodCall() METHOD CALLMethodCallImpl{name='add', address='', params=io.advantageous.qbit.util.MultiMap$1@368b9426, body=[1, 2], timestamp=25890292, id=330, objectName='null', returnAddress='null'}
19:30:07.409 [QueueListener Request Queue test] DEBUG i.a.qbit.service.impl.ServiceImpl - ServiceImpl::receive() 
RESPONSE
ResponseImpl{address='add', params=null, body=3}
FROM CALL
MethodCallImpl{name='add', address='', params=io.advantageous.qbit.util.MultiMap$1@368b9426, body=[1, 2], timestamp=25890292, id=330, objectName='null', returnAddress='null'}


19:30:07.410 [QueueListener Request Queue test] DEBUG i.a.qbit.service.impl.ServiceImpl - ServiceImpl::doHandleMethodCall() METHOD CALLMethodCallImpl{name='add', address='', params=io.advantageous.qbit.util.MultiMap$1@368b9426, body=[1, 2], timestamp=25890292, id=331, objectName='null', returnAddress='null'}
19:30:07.411 [QueueListener Request Queue test] DEBUG i.a.qbit.service.impl.ServiceImpl - ServiceImpl::receive() 
RESPONSE
ResponseImpl{address='add', params=null, body=3}
FROM CALL
MethodCallImpl{name='add', address='', params=io.advantageous.qbit.util.MultiMap$1@368b9426, body=[1, 2], timestamp=25890292, id=331, objectName='null', returnAddress='null'}


19:30:07.411 [QueueListener Request Queue test] DEBUG i.a.qbit.service.impl.ServiceImpl - ServiceImpl::doHandleMethodCall() METHOD CALLMethodCallImpl{name='add', address='', params=io.advantageous.qbit.util.MultiMap$1@368b9426, body=[1, 2], timestamp=25890292, id=332, objectName='null', returnAddress='null'}
19:30:07.411 [QueueListener Request Queue test] DEBUG i.a.qbit.service.impl.ServiceImpl - ServiceImpl::receive() 
RESPONSE
ResponseImpl{address='add', params=null, body=3}
FROM CALL
MethodCallImpl{name='add', address='', params=io.advantageous.qbit.util.MultiMap$1@368b9426, body=[1, 2], timestamp=25890292, id=332, objectName='null', returnAddress='null'}


19:30:07.411 [QueueListener Request Queue test] DEBUG i.a.qbit.service.impl.ServiceImpl - ServiceImpl::doHandleMethodCall() METHOD CALLMethodCallImpl{name='add', address='', params=io.advantageous.qbit.util.MultiMap$1@368b9426, body=[1, 2], timestamp=25890292, id=333, objectName='null', returnAddress='null'}
19:30:07.411 [QueueListener Request Queue test] DEBUG i.a.qbit.service.impl.ServiceImpl - ServiceImpl::receive() 
RESPONSE
ResponseImpl{address='add', params=null, body=3}
FROM CALL
MethodCallImpl{name='add', address='', params=io.advantageous.qbit.util.MultiMap$1@368b9426, body=[1, 2], timestamp=25890292, id=333, objectName='null', returnAddress='null'}


19:30:07.411 [QueueListener Request Queue test] DEBUG i.a.qbit.service.impl.ServiceImpl - ServiceImpl::doHandleMethodCall() METHOD CALLMethodCallImpl{name='add', address='', params=io.advantageous.qbit.util.MultiMap$1@368b9426, body=[1, 2], timestamp=25890292, id=334, objectName='null', returnAddress='null'}
19:30:07.411 [QueueListener Request Queue test] DEBUG i.a.qbit.service.impl.ServiceImpl - ServiceImpl::receive() 
RESPONSE
ResponseImpl{address='add', params=null, body=3}
FROM CALL
MethodCallImpl{name='add', address='', params=io.advantageous.qbit.util.MultiMap$1@368b9426, body=[1, 2], timestamp=25890292, id=334, objectName='null', returnAddress='null'}


19:30:07.411 [QueueListener Request Queue test] DEBUG i.a.qbit.service.impl.ServiceImpl - ServiceImpl::doHandleMethodCall() METHOD CALLMethodCallImpl{name='add', address='', params=io.advantageous.qbit.util.MultiMap$1@368b9426, body=[1, 2], timestamp=25890292, id=335, objectName='null', returnAddress='null'}
19:30:07.411 [QueueListener Request Queue test] DEBUG i.a.qbit.service.impl.ServiceImpl - ServiceImpl::receive() 
RESPONSE
ResponseImpl{address='add', params=null, body=3}
FROM CALL
MethodCallImpl{name='add', address='', params=io.advantageous.qbit.util.MultiMap$1@368b9426, body=[1, 2], timestamp=25890292, id=335, objectName='null', returnAddress='null'}


Queue Limit 
Queue Empty 
19:30:07.411 [QueueListener Request Queue test] DEBUG i.a.qbit.service.impl.ServiceImpl - ServiceImpl::doHandleMethodCall() METHOD CALLMethodCallImpl{name='add', address='', params=io.advantageous.qbit.util.MultiMap$1@368b9426, body=[1, 2], timestamp=25890292, id=336, objectName='null', returnAddress='null'}
19:30:07.411 [QueueListener Request Queue test] DEBUG i.a.qbit.service.impl.ServiceImpl - ServiceImpl::receive() 
RESPONSE
ResponseImpl{address='add', params=null, body=3}
FROM CALL
MethodCallImpl{name='add', address='', params=io.advantageous.qbit.util.MultiMap$1@368b9426, body=[1, 2], timestamp=25890292, id=336, objectName='null', returnAddress='null'}


19:30:07.411 [QueueListener Request Queue test] DEBUG i.a.qbit.service.impl.ServiceImpl - ServiceImpl::doHandleMethodCall() METHOD CALLMethodCallImpl{name='add', address='', params=io.advantageous.qbit.util.MultiMap$1@368b9426, body=[1, 2], timestamp=25890292, id=337, objectName='null', returnAddress='null'}
19:30:07.411 [QueueListener Request Queue test] DEBUG i.a.qbit.service.impl.ServiceImpl - ServiceImpl::receive() 
RESPONSE
ResponseImpl{address='add', params=null, body=3}
FROM CALL
MethodCallImpl{name='add', address='', params=io.advantageous.qbit.util.MultiMap$1@368b9426, body=[1, 2], timestamp=25890292, id=337, objectName='null', returnAddress='null'}


19:30:07.411 [QueueListener Request Queue test] DEBUG i.a.qbit.service.impl.ServiceImpl - ServiceImpl::doHandleMethodCall() METHOD CALLMethodCallImpl{name='add', address='', params=io.advantageous.qbit.util.MultiMap$1@368b9426, body=[1, 2], timestamp=25890292, id=338, objectName='null', returnAddress='null'}
19:30:07.411 [QueueListener Request Queue test] DEBUG i.a.qbit.service.impl.ServiceImpl - ServiceImpl::receive() 
RESPONSE
ResponseImpl{address='add', params=null, body=3}
FROM CALL
MethodCallImpl{name='add', address='', params=io.advantageous.qbit.util.MultiMap$1@368b9426, body=[1, 2], timestamp=25890292, id=338, objectName='null', returnAddress='null'}


19:30:07.411 [QueueListener Request Queue test] DEBUG i.a.qbit.service.impl.ServiceImpl - ServiceImpl::doHandleMethodCall() METHOD CALLMethodCallImpl{name='add', address='', params=io.advantageous.qbit.util.MultiMap$1@368b9426, body=[1, 2], timestamp=25890292, id=339, objectName='null', returnAddress='null'}
19:30:07.411 [QueueListener Request Queue test] DEBUG i.a.qbit.service.impl.ServiceImpl - ServiceImpl::receive() 
RESPONSE
ResponseImpl{address='add', params=null, body=3}
FROM CALL
MethodCallImpl{name='add', address='', params=io.advantageous.qbit.util.MultiMap$1@368b9426, body=[1, 2], timestamp=25890292, id=339, objectName='null', returnAddress='null'}


19:30:07.411 [QueueListener Request Queue test] DEBUG i.a.qbit.service.impl.ServiceImpl - ServiceImpl::doHandleMethodCall() METHOD CALLMethodCallImpl{name='add', address='', params=io.advantageous.qbit.util.MultiMap$1@368b9426, body=[1, 2], timestamp=25890292, id=340, objectName='null', returnAddress='null'}
19:30:07.411 [QueueListener Request Queue test] DEBUG i.a.qbit.service.impl.ServiceImpl - ServiceImpl::receive() 
RESPONSE
ResponseImpl{address='add', params=null, body=3}
FROM CALL
MethodCallImpl{name='add', address='', params=io.advantageous.qbit.util.MultiMap$1@368b9426, body=[1, 2], timestamp=25890292, id=340, objectName='null', returnAddress='null'}


19:30:07.411 [QueueListener Request Queue test] DEBUG i.a.qbit.service.impl.ServiceImpl - ServiceImpl::doHandleMethodCall() METHOD CALLMethodCallImpl{name='add', address='', params=io.advantageous.qbit.util.MultiMap$1@368b9426, body=[1, 2], timestamp=25890292, id=341, objectName='null', returnAddress='null'}
19:30:07.411 [QueueListener Request Queue test] DEBUG i.a.qbit.service.impl.ServiceImpl - ServiceImpl::receive() 
RESPONSE
ResponseImpl{address='add', params=null, body=3}
FROM CALL
MethodCallImpl{name='add', address='', params=io.advantageous.qbit.util.MultiMap$1@368b9426, body=[1, 2], timestamp=25890292, id=341, objectName='null', returnAddress='null'}


Queue Limit 
Queue Empty 
19:30:07.411 [QueueListener Request Queue test] DEBUG i.a.qbit.service.impl.ServiceImpl - ServiceImpl::doHandleMethodCall() METHOD CALLMethodCallImpl{name='add', address='', params=io.advantageous.qbit.util.MultiMap$1@368b9426, body=[1, 2], timestamp=25890292, id=342, objectName='null', returnAddress='null'}
19:30:07.411 [QueueListener Request Queue test] DEBUG i.a.qbit.service.impl.ServiceImpl - ServiceImpl::receive() 
RESPONSE
ResponseImpl{address='add', params=null, body=3}
FROM CALL
MethodCallImpl{name='add', address='', params=io.advantageous.qbit.util.MultiMap$1@368b9426, body=[1, 2], timestamp=25890292, id=342, objectName='null', returnAddress='null'}


19:30:07.412 [QueueListener Request Queue test] DEBUG i.a.qbit.service.impl.ServiceImpl - ServiceImpl::doHandleMethodCall() METHOD CALLMethodCallImpl{name='add', address='', params=io.advantageous.qbit.util.MultiMap$1@368b9426, body=[1, 2], timestamp=25890292, id=343, objectName='null', returnAddress='null'}
19:30:07.412 [QueueListener Request Queue test] DEBUG i.a.qbit.service.impl.ServiceImpl - ServiceImpl::receive() 
RESPONSE
ResponseImpl{address='add', params=null, body=3}
FROM CALL
MethodCallImpl{name='add', address='', params=io.advantageous.qbit.util.MultiMap$1@368b9426, body=[1, 2], timestamp=25890292, id=343, objectName='null', returnAddress='null'}


19:30:07.412 [QueueListener Request Queue test] DEBUG i.a.qbit.service.impl.ServiceImpl - ServiceImpl::doHandleMethodCall() METHOD CALLMethodCallImpl{name='add', address='', params=io.advantageous.qbit.util.MultiMap$1@368b9426, body=[1, 2], timestamp=25890292, id=344, objectName='null', returnAddress='null'}
19:30:07.412 [QueueListener Request Queue test] DEBUG i.a.qbit.service.impl.ServiceImpl - ServiceImpl::receive() 
RESPONSE
ResponseImpl{address='add', params=null, body=3}
FROM CALL
MethodCallImpl{name='add', address='', params=io.advantageous.qbit.util.MultiMap$1@368b9426, body=[1, 2], timestamp=25890292, id=344, objectName='null', returnAddress='null'}


19:30:07.412 [QueueListener Request Queue test] DEBUG i.a.qbit.service.impl.ServiceImpl - ServiceImpl::doHandleMethodCall() METHOD CALLMethodCallImpl{name='add', address='', params=io.advantageous.qbit.util.MultiMap$1@368b9426, body=[1, 2], timestamp=25890292, id=345, objectName='null', returnAddress='null'}
19:30:07.412 [QueueListener Request Queue test] DEBUG i.a.qbit.service.impl.ServiceImpl - ServiceImpl::receive() 
RESPONSE
ResponseImpl{address='add', params=null, body=3}
FROM CALL
MethodCallImpl{name='add', address='', params=io.advantageous.qbit.util.MultiMap$1@368b9426, body=[1, 2], timestamp=25890292, id=345, objectName='null', returnAddress='null'}


19:30:07.412 [QueueListener Request Queue test] DEBUG i.a.qbit.service.impl.ServiceImpl - ServiceImpl::doHandleMethodCall() METHOD CALLMethodCallImpl{name='add', address='', params=io.advantageous.qbit.util.MultiMap$1@368b9426, body=[1, 2], timestamp=25890292, id=346, objectName='null', returnAddress='null'}
19:30:07.412 [QueueListener Request Queue test] DEBUG i.a.qbit.service.impl.ServiceImpl - ServiceImpl::receive() 
RESPONSE
ResponseImpl{address='add', params=null, body=3}
FROM CALL
MethodCallImpl{name='add', address='', params=io.advantageous.qbit.util.MultiMap$1@368b9426, body=[1, 2], timestamp=25890292, id=346, objectName='null', returnAddress='null'}


19:30:07.412 [QueueListener Request Queue test] DEBUG i.a.qbit.service.impl.ServiceImpl - ServiceImpl::doHandleMethodCall() METHOD CALLMethodCallImpl{name='add', address='', params=io.advantageous.qbit.util.MultiMap$1@368b9426, body=[1, 2], timestamp=25890292, id=347, objectName='null', returnAddress='null'}
19:30:07.412 [QueueListener Request Queue test] DEBUG i.a.qbit.service.impl.ServiceImpl - ServiceImpl::receive() 
RESPONSE
ResponseImpl{address='add', params=null, body=3}
FROM CALL
MethodCallImpl{name='add', address='', params=io.advantageous.qbit.util.MultiMap$1@368b9426, body=[1, 2], timestamp=25890292, id=347, objectName='null', returnAddress='null'}


Queue Limit 
Queue Empty 
19:30:07.412 [QueueListener Request Queue test] DEBUG i.a.qbit.service.impl.ServiceImpl - ServiceImpl::doHandleMethodCall() METHOD CALLMethodCallImpl{name='add', address='', params=io.advantageous.qbit.util.MultiMap$1@368b9426, body=[1, 2], timestamp=25890292, id=348, objectName='null', returnAddress='null'}
19:30:07.412 [QueueListener Request Queue test] DEBUG i.a.qbit.service.impl.ServiceImpl - ServiceImpl::receive() 
RESPONSE
ResponseImpl{address='add', params=null, body=3}
FROM CALL
MethodCallImpl{name='add', address='', params=io.advantageous.qbit.util.MultiMap$1@368b9426, body=[1, 2], timestamp=25890292, id=348, objectName='null', returnAddress='null'}


19:30:07.412 [QueueListener Request Queue test] DEBUG i.a.qbit.service.impl.ServiceImpl - ServiceImpl::doHandleMethodCall() METHOD CALLMethodCallImpl{name='add', address='', params=io.advantageous.qbit.util.MultiMap$1@368b9426, body=[1, 2], timestamp=25890292, id=349, objectName='null', returnAddress='null'}
19:30:07.412 [QueueListener Request Queue test] DEBUG i.a.qbit.service.impl.ServiceImpl - ServiceImpl::receive() 
RESPONSE
ResponseImpl{address='add', params=null, body=3}
FROM CALL
MethodCallImpl{name='add', address='', params=io.advantageous.qbit.util.MultiMap$1@368b9426, body=[1, 2], timestamp=25890292, id=349, objectName='null', returnAddress='null'}


19:30:07.412 [QueueListener Request Queue test] DEBUG i.a.qbit.service.impl.ServiceImpl - ServiceImpl::doHandleMethodCall() METHOD CALLMethodCallImpl{name='add', address='', params=io.advantageous.qbit.util.MultiMap$1@368b9426, body=[1, 2], timestamp=25890292, id=350, objectName='null', returnAddress='null'}
19:30:07.412 [QueueListener Request Queue test] DEBUG i.a.qbit.service.impl.ServiceImpl - ServiceImpl::receive() 
RESPONSE
ResponseImpl{address='add', params=null, body=3}
FROM CALL
MethodCallImpl{name='add', address='', params=io.advantageous.qbit.util.MultiMap$1@368b9426, body=[1, 2], timestamp=25890292, id=350, objectName='null', returnAddress='null'}


19:30:07.412 [QueueListener Request Queue test] DEBUG i.a.qbit.service.impl.ServiceImpl - ServiceImpl::doHandleMethodCall() METHOD CALLMethodCallImpl{name='add', address='', params=io.advantageous.qbit.util.MultiMap$1@368b9426, body=[1, 2], timestamp=25890292, id=351, objectName='null', returnAddress='null'}
19:30:07.413 [QueueListener Request Queue test] DEBUG i.a.qbit.service.impl.ServiceImpl - ServiceImpl::receive() 
RESPONSE
ResponseImpl{address='add', params=null, body=3}
FROM CALL
MethodCallImpl{name='add', address='', params=io.advantageous.qbit.util.MultiMap$1@368b9426, body=[1, 2], timestamp=25890292, id=351, objectName='null', returnAddress='null'}


19:30:07.413 [QueueListener Request Queue test] DEBUG i.a.qbit.service.impl.ServiceImpl - ServiceImpl::doHandleMethodCall() METHOD CALLMethodCallImpl{name='add', address='', params=io.advantageous.qbit.util.MultiMap$1@368b9426, body=[1, 2], timestamp=25890292, id=352, objectName='null', returnAddress='null'}
19:30:07.413 [QueueListener Request Queue test] DEBUG i.a.qbit.service.impl.ServiceImpl - ServiceImpl::receive() 
RESPONSE
ResponseImpl{address='add', params=null, body=3}
FROM CALL
MethodCallImpl{name='add', address='', params=io.advantageous.qbit.util.MultiMap$1@368b9426, body=[1, 2], timestamp=25890292, id=352, objectName='null', returnAddress='null'}


19:30:07.413 [QueueListener Request Queue test] DEBUG i.a.qbit.service.impl.ServiceImpl - ServiceImpl::doHandleMethodCall() METHOD CALLMethodCallImpl{name='add', address='', params=io.advantageous.qbit.util.MultiMap$1@368b9426, body=[1, 2], timestamp=25890292, id=353, objectName='null', returnAddress='null'}
19:30:07.413 [QueueListener Request Queue test] DEBUG i.a.qbit.service.impl.ServiceImpl - ServiceImpl::receive() 
RESPONSE
ResponseImpl{address='add', params=null, body=3}
FROM CALL
MethodCallImpl{name='add', address='', params=io.advantageous.qbit.util.MultiMap$1@368b9426, body=[1, 2], timestamp=25890292, id=353, objectName='null', returnAddress='null'}


Queue Limit 
Queue Empty 
19:30:07.413 [QueueListener Request Queue test] DEBUG i.a.qbit.service.impl.ServiceImpl - ServiceImpl::doHandleMethodCall() METHOD CALLMethodCallImpl{name='add', address='', params=io.advantageous.qbit.util.MultiMap$1@368b9426, body=[1, 2], timestamp=25890292, id=354, objectName='null', returnAddress='null'}
19:30:07.413 [QueueListener Request Queue test] DEBUG i.a.qbit.service.impl.ServiceImpl - ServiceImpl::receive() 
RESPONSE
ResponseImpl{address='add', params=null, body=3}
FROM CALL
MethodCallImpl{name='add', address='', params=io.advantageous.qbit.util.MultiMap$1@368b9426, body=[1, 2], timestamp=25890292, id=354, objectName='null', returnAddress='null'}


19:30:07.413 [QueueListener Request Queue test] DEBUG i.a.qbit.service.impl.ServiceImpl - ServiceImpl::doHandleMethodCall() METHOD CALLMethodCallImpl{name='add', address='', params=io.advantageous.qbit.util.MultiMap$1@368b9426, body=[1, 2], timestamp=25890292, id=355, objectName='null', returnAddress='null'}
19:30:07.413 [QueueListener Request Queue test] DEBUG i.a.qbit.service.impl.ServiceImpl - ServiceImpl::receive() 
RESPONSE
ResponseImpl{address='add', params=null, body=3}
FROM CALL
MethodCallImpl{name='add', address='', params=io.advantageous.qbit.util.MultiMap$1@368b9426, body=[1, 2], timestamp=25890292, id=355, objectName='null', returnAddress='null'}


19:30:07.413 [QueueListener Request Queue test] DEBUG i.a.qbit.service.impl.ServiceImpl - ServiceImpl::doHandleMethodCall() METHOD CALLMethodCallImpl{name='add', address='', params=io.advantageous.qbit.util.MultiMap$1@368b9426, body=[1, 2], timestamp=25890292, id=356, objectName='null', returnAddress='null'}
19:30:07.413 [QueueListener Request Queue test] DEBUG i.a.qbit.service.impl.ServiceImpl - ServiceImpl::receive() 
RESPONSE
ResponseImpl{address='add', params=null, body=3}
FROM CALL
MethodCallImpl{name='add', address='', params=io.advantageous.qbit.util.MultiMap$1@368b9426, body=[1, 2], timestamp=25890292, id=356, objectName='null', returnAddress='null'}


19:30:07.413 [QueueListener Request Queue test] DEBUG i.a.qbit.service.impl.ServiceImpl - ServiceImpl::doHandleMethodCall() METHOD CALLMethodCallImpl{name='add', address='', params=io.advantageous.qbit.util.MultiMap$1@368b9426, body=[1, 2], timestamp=25890292, id=357, objectName='null', returnAddress='null'}
19:30:07.413 [QueueListener Request Queue test] DEBUG i.a.qbit.service.impl.ServiceImpl - ServiceImpl::receive() 
RESPONSE
ResponseImpl{address='add', params=null, body=3}
FROM CALL
MethodCallImpl{name='add', address='', params=io.advantageous.qbit.util.MultiMap$1@368b9426, body=[1, 2], timestamp=25890292, id=357, objectName='null', returnAddress='null'}


19:30:07.413 [QueueListener Request Queue test] DEBUG i.a.qbit.service.impl.ServiceImpl - ServiceImpl::doHandleMethodCall() METHOD CALLMethodCallImpl{name='add', address='', params=io.advantageous.qbit.util.MultiMap$1@368b9426, body=[1, 2], timestamp=25890292, id=358, objectName='null', returnAddress='null'}
19:30:07.414 [QueueListener Request Queue test] DEBUG i.a.qbit.service.impl.ServiceImpl - ServiceImpl::receive() 
RESPONSE
ResponseImpl{address='add', params=null, body=3}
FROM CALL
MethodCallImpl{name='add', address='', params=io.advantageous.qbit.util.MultiMap$1@368b9426, body=[1, 2], timestamp=25890292, id=358, objectName='null', returnAddress='null'}


19:30:07.414 [QueueListener Request Queue test] DEBUG i.a.qbit.service.impl.ServiceImpl - ServiceImpl::doHandleMethodCall() METHOD CALLMethodCallImpl{name='add', address='', params=io.advantageous.qbit.util.MultiMap$1@368b9426, body=[1, 2], timestamp=25890292, id=359, objectName='null', returnAddress='null'}
19:30:07.414 [QueueListener Request Queue test] DEBUG i.a.qbit.service.impl.ServiceImpl - ServiceImpl::receive() 
RESPONSE
ResponseImpl{address='add', params=null, body=3}
FROM CALL
MethodCallImpl{name='add', address='', params=io.advantageous.qbit.util.MultiMap$1@368b9426, body=[1, 2], timestamp=25890292, id=359, objectName='null', returnAddress='null'}


Queue Limit 
Queue Empty 
19:30:07.414 [QueueListener Request Queue test] DEBUG i.a.qbit.service.impl.ServiceImpl - ServiceImpl::doHandleMethodCall() METHOD CALLMethodCallImpl{name='add', address='', params=io.advantageous.qbit.util.MultiMap$1@368b9426, body=[1, 2], timestamp=25890292, id=360, objectName='null', returnAddress='null'}
19:30:07.414 [QueueListener Request Queue test] DEBUG i.a.qbit.service.impl.ServiceImpl - ServiceImpl::receive() 
RESPONSE
ResponseImpl{address='add', params=null, body=3}
FROM CALL
MethodCallImpl{name='add', address='', params=io.advantageous.qbit.util.MultiMap$1@368b9426, body=[1, 2], timestamp=25890292, id=360, objectName='null', returnAddress='null'}


19:30:07.414 [QueueListener Request Queue test] DEBUG i.a.qbit.service.impl.ServiceImpl - ServiceImpl::doHandleMethodCall() METHOD CALLMethodCallImpl{name='add', address='', params=io.advantageous.qbit.util.MultiMap$1@368b9426, body=[1, 2], timestamp=25890292, id=361, objectName='null', returnAddress='null'}
19:30:07.414 [QueueListener Request Queue test] DEBUG i.a.qbit.service.impl.ServiceImpl - ServiceImpl::receive() 
RESPONSE
ResponseImpl{address='add', params=null, body=3}
FROM CALL
MethodCallImpl{name='add', address='', params=io.advantageous.qbit.util.MultiMap$1@368b9426, body=[1, 2], timestamp=25890292, id=361, objectName='null', returnAddress='null'}


19:30:07.414 [QueueListener Request Queue test] DEBUG i.a.qbit.service.impl.ServiceImpl - ServiceImpl::doHandleMethodCall() METHOD CALLMethodCallImpl{name='add', address='', params=io.advantageous.qbit.util.MultiMap$1@368b9426, body=[1, 2], timestamp=25890292, id=362, objectName='null', returnAddress='null'}
19:30:07.414 [QueueListener Request Queue test] DEBUG i.a.qbit.service.impl.ServiceImpl - ServiceImpl::receive() 
RESPONSE
ResponseImpl{address='add', params=null, body=3}
FROM CALL
MethodCallImpl{name='add', address='', params=io.advantageous.qbit.util.MultiMap$1@368b9426, body=[1, 2], timestamp=25890292, id=362, objectName='null', returnAddress='null'}


19:30:07.414 [QueueListener Request Queue test] DEBUG i.a.qbit.service.impl.ServiceImpl - ServiceImpl::doHandleMethodCall() METHOD CALLMethodCallImpl{name='add', address='', params=io.advantageous.qbit.util.MultiMap$1@368b9426, body=[1, 2], timestamp=25890292, id=363, objectName='null', returnAddress='null'}
19:30:07.414 [QueueListener Request Queue test] DEBUG i.a.qbit.service.impl.ServiceImpl - ServiceImpl::receive() 
RESPONSE
ResponseImpl{address='add', params=null, body=3}
FROM CALL
MethodCallImpl{name='add', address='', params=io.advantageous.qbit.util.MultiMap$1@368b9426, body=[1, 2], timestamp=25890292, id=363, objectName='null', returnAddress='null'}


19:30:07.414 [QueueListener Request Queue test] DEBUG i.a.qbit.service.impl.ServiceImpl - ServiceImpl::doHandleMethodCall() METHOD CALLMethodCallImpl{name='add', address='', params=io.advantageous.qbit.util.MultiMap$1@368b9426, body=[1, 2], timestamp=25890292, id=364, objectName='null', returnAddress='null'}
19:30:07.414 [QueueListener Request Queue test] DEBUG i.a.qbit.service.impl.ServiceImpl - ServiceImpl::receive() 
RESPONSE
ResponseImpl{address='add', params=null, body=3}
FROM CALL
MethodCallImpl{name='add', address='', params=io.advantageous.qbit.util.MultiMap$1@368b9426, body=[1, 2], timestamp=25890292, id=364, objectName='null', returnAddress='null'}


19:30:07.414 [QueueListener Request Queue test] DEBUG i.a.qbit.service.impl.ServiceImpl - ServiceImpl::doHandleMethodCall() METHOD CALLMethodCallImpl{name='add', address='', params=io.advantageous.qbit.util.MultiMap$1@368b9426, body=[1, 2], timestamp=25890292, id=365, objectName='null', returnAddress='null'}
19:30:07.414 [QueueListener Request Queue test] DEBUG i.a.qbit.service.impl.ServiceImpl - ServiceImpl::receive() 
RESPONSE
ResponseImpl{address='add', params=null, body=3}
FROM CALL
MethodCallImpl{name='add', address='', params=io.advantageous.qbit.util.MultiMap$1@368b9426, body=[1, 2], timestamp=25890292, id=365, objectName='null', returnAddress='null'}


Queue Limit 
Queue Empty 
19:30:07.414 [QueueListener Request Queue test] DEBUG i.a.qbit.service.impl.ServiceImpl - ServiceImpl::doHandleMethodCall() METHOD CALLMethodCallImpl{name='add', address='', params=io.advantageous.qbit.util.MultiMap$1@368b9426, body=[1, 2], timestamp=25890292, id=366, objectName='null', returnAddress='null'}
19:30:07.414 [QueueListener Request Queue test] DEBUG i.a.qbit.service.impl.ServiceImpl - ServiceImpl::receive() 
RESPONSE
ResponseImpl{address='add', params=null, body=3}
FROM CALL
MethodCallImpl{name='add', address='', params=io.advantageous.qbit.util.MultiMap$1@368b9426, body=[1, 2], timestamp=25890292, id=366, objectName='null', returnAddress='null'}


19:30:07.414 [QueueListener Request Queue test] DEBUG i.a.qbit.service.impl.ServiceImpl - ServiceImpl::doHandleMethodCall() METHOD CALLMethodCallImpl{name='add', address='', params=io.advantageous.qbit.util.MultiMap$1@368b9426, body=[1, 2], timestamp=25890292, id=367, objectName='null', returnAddress='null'}
19:30:07.414 [QueueListener Request Queue test] DEBUG i.a.qbit.service.impl.ServiceImpl - ServiceImpl::receive() 
RESPONSE
ResponseImpl{address='add', params=null, body=3}
FROM CALL
MethodCallImpl{name='add', address='', params=io.advantageous.qbit.util.MultiMap$1@368b9426, body=[1, 2], timestamp=25890292, id=367, objectName='null', returnAddress='null'}


19:30:07.415 [QueueListener Request Queue test] DEBUG i.a.qbit.service.impl.ServiceImpl - ServiceImpl::doHandleMethodCall() METHOD CALLMethodCallImpl{name='add', address='', params=io.advantageous.qbit.util.MultiMap$1@368b9426, body=[1, 2], timestamp=25890292, id=368, objectName='null', returnAddress='null'}
19:30:07.415 [QueueListener Request Queue test] DEBUG i.a.qbit.service.impl.ServiceImpl - ServiceImpl::receive() 
RESPONSE
ResponseImpl{address='add', params=null, body=3}
FROM CALL
MethodCallImpl{name='add', address='', params=io.advantageous.qbit.util.MultiMap$1@368b9426, body=[1, 2], timestamp=25890292, id=368, objectName='null', returnAddress='null'}


19:30:07.415 [QueueListener Request Queue test] DEBUG i.a.qbit.service.impl.ServiceImpl - ServiceImpl::doHandleMethodCall() METHOD CALLMethodCallImpl{name='add', address='', params=io.advantageous.qbit.util.MultiMap$1@368b9426, body=[1, 2], timestamp=25890292, id=369, objectName='null', returnAddress='null'}
19:30:07.415 [QueueListener Request Queue test] DEBUG i.a.qbit.service.impl.ServiceImpl - ServiceImpl::receive() 
RESPONSE
ResponseImpl{address='add', params=null, body=3}
FROM CALL
MethodCallImpl{name='add', address='', params=io.advantageous.qbit.util.MultiMap$1@368b9426, body=[1, 2], timestamp=25890292, id=369, objectName='null', returnAddress='null'}


19:30:07.415 [QueueListener Request Queue test] DEBUG i.a.qbit.service.impl.ServiceImpl - ServiceImpl::doHandleMethodCall() METHOD CALLMethodCallImpl{name='add', address='', params=io.advantageous.qbit.util.MultiMap$1@368b9426, body=[1, 2], timestamp=25890292, id=370, objectName='null', returnAddress='null'}
19:30:07.415 [QueueListener Request Queue test] DEBUG i.a.qbit.service.impl.ServiceImpl - ServiceImpl::receive() 
RESPONSE
ResponseImpl{address='add', params=null, body=3}
FROM CALL
MethodCallImpl{name='add', address='', params=io.advantageous.qbit.util.MultiMap$1@368b9426, body=[1, 2], timestamp=25890292, id=370, objectName='null', returnAddress='null'}


19:30:07.415 [QueueListener Request Queue test] DEBUG i.a.qbit.service.impl.ServiceImpl - ServiceImpl::doHandleMethodCall() METHOD CALLMethodCallImpl{name='add', address='', params=io.advantageous.qbit.util.MultiMap$1@368b9426, body=[1, 2], timestamp=25890292, id=371, objectName='null', returnAddress='null'}
19:30:07.415 [QueueListener Request Queue test] DEBUG i.a.qbit.service.impl.ServiceImpl - ServiceImpl::receive() 
RESPONSE
ResponseImpl{address='add', params=null, body=3}
FROM CALL
MethodCallImpl{name='add', address='', params=io.advantageous.qbit.util.MultiMap$1@368b9426, body=[1, 2], timestamp=25890292, id=371, objectName='null', returnAddress='null'}


Queue Limit 
Queue Empty 
19:30:07.416 [QueueListener Request Queue test] DEBUG i.a.qbit.service.impl.ServiceImpl - ServiceImpl::doHandleMethodCall() METHOD CALLMethodCallImpl{name='add', address='', params=io.advantageous.qbit.util.MultiMap$1@368b9426, body=[1, 2], timestamp=25890292, id=372, objectName='null', returnAddress='null'}
19:30:07.416 [QueueListener Request Queue test] DEBUG i.a.qbit.service.impl.ServiceImpl - ServiceImpl::receive() 
RESPONSE
ResponseImpl{address='add', params=null, body=3}
FROM CALL
MethodCallImpl{name='add', address='', params=io.advantageous.qbit.util.MultiMap$1@368b9426, body=[1, 2], timestamp=25890292, id=372, objectName='null', returnAddress='null'}


19:30:07.416 [QueueListener Request Queue test] DEBUG i.a.qbit.service.impl.ServiceImpl - ServiceImpl::doHandleMethodCall() METHOD CALLMethodCallImpl{name='add', address='', params=io.advantageous.qbit.util.MultiMap$1@368b9426, body=[1, 2], timestamp=25890292, id=373, objectName='null', returnAddress='null'}
19:30:07.416 [QueueListener Request Queue test] DEBUG i.a.qbit.service.impl.ServiceImpl - ServiceImpl::receive() 
RESPONSE
ResponseImpl{address='add', params=null, body=3}
FROM CALL
MethodCallImpl{name='add', address='', params=io.advantageous.qbit.util.MultiMap$1@368b9426, body=[1, 2], timestamp=25890292, id=373, objectName='null', returnAddress='null'}


19:30:07.416 [QueueListener Request Queue test] DEBUG i.a.qbit.service.impl.ServiceImpl - ServiceImpl::doHandleMethodCall() METHOD CALLMethodCallImpl{name='add', address='', params=io.advantageous.qbit.util.MultiMap$1@368b9426, body=[1, 2], timestamp=25890292, id=374, objectName='null', returnAddress='null'}
19:30:07.416 [QueueListener Request Queue test] DEBUG i.a.qbit.service.impl.ServiceImpl - ServiceImpl::receive() 
RESPONSE
ResponseImpl{address='add', params=null, body=3}
FROM CALL
MethodCallImpl{name='add', address='', params=io.advantageous.qbit.util.MultiMap$1@368b9426, body=[1, 2], timestamp=25890292, id=374, objectName='null', returnAddress='null'}


19:30:07.416 [QueueListener Request Queue test] DEBUG i.a.qbit.service.impl.ServiceImpl - ServiceImpl::doHandleMethodCall() METHOD CALLMethodCallImpl{name='add', address='', params=io.advantageous.qbit.util.MultiMap$1@368b9426, body=[1, 2], timestamp=25890292, id=375, objectName='null', returnAddress='null'}
19:30:07.416 [QueueListener Request Queue test] DEBUG i.a.qbit.service.impl.ServiceImpl - ServiceImpl::receive() 
RESPONSE
ResponseImpl{address='add', params=null, body=3}
FROM CALL
MethodCallImpl{name='add', address='', params=io.advantageous.qbit.util.MultiMap$1@368b9426, body=[1, 2], timestamp=25890292, id=375, objectName='null', returnAddress='null'}


19:30:07.416 [QueueListener Request Queue test] DEBUG i.a.qbit.service.impl.ServiceImpl - ServiceImpl::doHandleMethodCall() METHOD CALLMethodCallImpl{name='add', address='', params=io.advantageous.qbit.util.MultiMap$1@368b9426, body=[1, 2], timestamp=25890292, id=376, objectName='null', returnAddress='null'}
19:30:07.417 [QueueListener Request Queue test] DEBUG i.a.qbit.service.impl.ServiceImpl - ServiceImpl::receive() 
RESPONSE
ResponseImpl{address='add', params=null, body=3}
FROM CALL
MethodCallImpl{name='add', address='', params=io.advantageous.qbit.util.MultiMap$1@368b9426, body=[1, 2], timestamp=25890292, id=376, objectName='null', returnAddress='null'}


19:30:07.417 [QueueListener Request Queue test] DEBUG i.a.qbit.service.impl.ServiceImpl - ServiceImpl::doHandleMethodCall() METHOD CALLMethodCallImpl{name='add', address='', params=io.advantageous.qbit.util.MultiMap$1@368b9426, body=[1, 2], timestamp=25890292, id=377, objectName='null', returnAddress='null'}
19:30:07.417 [QueueListener Request Queue test] DEBUG i.a.qbit.service.impl.ServiceImpl - ServiceImpl::receive() 
RESPONSE
ResponseImpl{address='add', params=null, body=3}
FROM CALL
MethodCallImpl{name='add', address='', params=io.advantageous.qbit.util.MultiMap$1@368b9426, body=[1, 2], timestamp=25890292, id=377, objectName='null', returnAddress='null'}


Queue Limit 
Queue Empty 
19:30:07.417 [QueueListener Request Queue test] DEBUG i.a.qbit.service.impl.ServiceImpl - ServiceImpl::doHandleMethodCall() METHOD CALLMethodCallImpl{name='add', address='', params=io.advantageous.qbit.util.MultiMap$1@368b9426, body=[1, 2], timestamp=25890292, id=378, objectName='null', returnAddress='null'}
19:30:07.417 [QueueListener Request Queue test] DEBUG i.a.qbit.service.impl.ServiceImpl - ServiceImpl::receive() 
RESPONSE
ResponseImpl{address='add', params=null, body=3}
FROM CALL
MethodCallImpl{name='add', address='', params=io.advantageous.qbit.util.MultiMap$1@368b9426, body=[1, 2], timestamp=25890292, id=378, objectName='null', returnAddress='null'}


19:30:07.417 [QueueListener Request Queue test] DEBUG i.a.qbit.service.impl.ServiceImpl - ServiceImpl::doHandleMethodCall() METHOD CALLMethodCallImpl{name='add', address='', params=io.advantageous.qbit.util.MultiMap$1@368b9426, body=[1, 2], timestamp=25890292, id=379, objectName='null', returnAddress='null'}
19:30:07.417 [QueueListener Request Queue test] DEBUG i.a.qbit.service.impl.ServiceImpl - ServiceImpl::receive() 
RESPONSE
ResponseImpl{address='add', params=null, body=3}
FROM CALL
MethodCallImpl{name='add', address='', params=io.advantageous.qbit.util.MultiMap$1@368b9426, body=[1, 2], timestamp=25890292, id=379, objectName='null', returnAddress='null'}


19:30:07.417 [QueueListener Request Queue test] DEBUG i.a.qbit.service.impl.ServiceImpl - ServiceImpl::doHandleMethodCall() METHOD CALLMethodCallImpl{name='add', address='', params=io.advantageous.qbit.util.MultiMap$1@368b9426, body=[1, 2], timestamp=25890292, id=380, objectName='null', returnAddress='null'}
19:30:07.417 [QueueListener Request Queue test] DEBUG i.a.qbit.service.impl.ServiceImpl - ServiceImpl::receive() 
RESPONSE
ResponseImpl{address='add', params=null, body=3}
FROM CALL
MethodCallImpl{name='add', address='', params=io.advantageous.qbit.util.MultiMap$1@368b9426, body=[1, 2], timestamp=25890292, id=380, objectName='null', returnAddress='null'}


19:30:07.417 [QueueListener Request Queue test] DEBUG i.a.qbit.service.impl.ServiceImpl - ServiceImpl::doHandleMethodCall() METHOD CALLMethodCallImpl{name='add', address='', params=io.advantageous.qbit.util.MultiMap$1@368b9426, body=[1, 2], timestamp=25890292, id=381, objectName='null', returnAddress='null'}
19:30:07.417 [QueueListener Request Queue test] DEBUG i.a.qbit.service.impl.ServiceImpl - ServiceImpl::receive() 
RESPONSE
ResponseImpl{address='add', params=null, body=3}
FROM CALL
MethodCallImpl{name='add', address='', params=io.advantageous.qbit.util.MultiMap$1@368b9426, body=[1, 2], timestamp=25890292, id=381, objectName='null', returnAddress='null'}


19:30:07.417 [QueueListener Request Queue test] DEBUG i.a.qbit.service.impl.ServiceImpl - ServiceImpl::doHandleMethodCall() METHOD CALLMethodCallImpl{name='add', address='', params=io.advantageous.qbit.util.MultiMap$1@368b9426, body=[1, 2], timestamp=25890292, id=382, objectName='null', returnAddress='null'}
19:30:07.417 [QueueListener Request Queue test] DEBUG i.a.qbit.service.impl.ServiceImpl - ServiceImpl::receive() 
RESPONSE
ResponseImpl{address='add', params=null, body=3}
FROM CALL
MethodCallImpl{name='add', address='', params=io.advantageous.qbit.util.MultiMap$1@368b9426, body=[1, 2], timestamp=25890292, id=382, objectName='null', returnAddress='null'}


19:30:07.418 [QueueListener Request Queue test] DEBUG i.a.qbit.service.impl.ServiceImpl - ServiceImpl::doHandleMethodCall() METHOD CALLMethodCallImpl{name='add', address='', params=io.advantageous.qbit.util.MultiMap$1@368b9426, body=[1, 2], timestamp=25890292, id=383, objectName='null', returnAddress='null'}
19:30:07.418 [QueueListener Request Queue test] DEBUG i.a.qbit.service.impl.ServiceImpl - ServiceImpl::receive() 
RESPONSE
ResponseImpl{address='add', params=null, body=3}
FROM CALL
MethodCallImpl{name='add', address='', params=io.advantageous.qbit.util.MultiMap$1@368b9426, body=[1, 2], timestamp=25890292, id=383, objectName='null', returnAddress='null'}


Queue Limit 
Queue Empty 
19:30:07.418 [QueueListener Request Queue test] DEBUG i.a.qbit.service.impl.ServiceImpl - ServiceImpl::doHandleMethodCall() METHOD CALLMethodCallImpl{name='add', address='', params=io.advantageous.qbit.util.MultiMap$1@368b9426, body=[1, 2], timestamp=25890292, id=384, objectName='null', returnAddress='null'}
19:30:07.418 [QueueListener Request Queue test] DEBUG i.a.qbit.service.impl.ServiceImpl - ServiceImpl::receive() 
RESPONSE
ResponseImpl{address='add', params=null, body=3}
FROM CALL
MethodCallImpl{name='add', address='', params=io.advantageous.qbit.util.MultiMap$1@368b9426, body=[1, 2], timestamp=25890292, id=384, objectName='null', returnAddress='null'}


19:30:07.418 [QueueListener Request Queue test] DEBUG i.a.qbit.service.impl.ServiceImpl - ServiceImpl::doHandleMethodCall() METHOD CALLMethodCallImpl{name='add', address='', params=io.advantageous.qbit.util.MultiMap$1@368b9426, body=[1, 2], timestamp=25890292, id=385, objectName='null', returnAddress='null'}
19:30:07.418 [QueueListener Request Queue test] DEBUG i.a.qbit.service.impl.ServiceImpl - ServiceImpl::receive() 
RESPONSE
ResponseImpl{address='add', params=null, body=3}
FROM CALL
MethodCallImpl{name='add', address='', params=io.advantageous.qbit.util.MultiMap$1@368b9426, body=[1, 2], timestamp=25890292, id=385, objectName='null', returnAddress='null'}


19:30:07.418 [QueueListener Request Queue test] DEBUG i.a.qbit.service.impl.ServiceImpl - ServiceImpl::doHandleMethodCall() METHOD CALLMethodCallImpl{name='add', address='', params=io.advantageous.qbit.util.MultiMap$1@368b9426, body=[1, 2], timestamp=25890292, id=386, objectName='null', returnAddress='null'}
19:30:07.418 [QueueListener Request Queue test] DEBUG i.a.qbit.service.impl.ServiceImpl - ServiceImpl::receive() 
RESPONSE
ResponseImpl{address='add', params=null, body=3}
FROM CALL
MethodCallImpl{name='add', address='', params=io.advantageous.qbit.util.MultiMap$1@368b9426, body=[1, 2], timestamp=25890292, id=386, objectName='null', returnAddress='null'}


19:30:07.418 [QueueListener Request Queue test] DEBUG i.a.qbit.service.impl.ServiceImpl - ServiceImpl::doHandleMethodCall() METHOD CALLMethodCallImpl{name='add', address='', params=io.advantageous.qbit.util.MultiMap$1@368b9426, body=[1, 2], timestamp=25890292, id=387, objectName='null', returnAddress='null'}
19:30:07.418 [QueueListener Request Queue test] DEBUG i.a.qbit.service.impl.ServiceImpl - ServiceImpl::receive() 
RESPONSE
ResponseImpl{address='add', params=null, body=3}
FROM CALL
MethodCallImpl{name='add', address='', params=io.advantageous.qbit.util.MultiMap$1@368b9426, body=[1, 2], timestamp=25890292, id=387, objectName='null', returnAddress='null'}


19:30:07.418 [QueueListener Request Queue test] DEBUG i.a.qbit.service.impl.ServiceImpl - ServiceImpl::doHandleMethodCall() METHOD CALLMethodCallImpl{name='add', address='', params=io.advantageous.qbit.util.MultiMap$1@368b9426, body=[1, 2], timestamp=25890292, id=388, objectName='null', returnAddress='null'}
19:30:07.418 [QueueListener Request Queue test] DEBUG i.a.qbit.service.impl.ServiceImpl - ServiceImpl::receive() 
RESPONSE
ResponseImpl{address='add', params=null, body=3}
FROM CALL
MethodCallImpl{name='add', address='', params=io.advantageous.qbit.util.MultiMap$1@368b9426, body=[1, 2], timestamp=25890292, id=388, objectName='null', returnAddress='null'}


19:30:07.418 [QueueListener Request Queue test] DEBUG i.a.qbit.service.impl.ServiceImpl - ServiceImpl::doHandleMethodCall() METHOD CALLMethodCallImpl{name='add', address='', params=io.advantageous.qbit.util.MultiMap$1@368b9426, body=[1, 2], timestamp=25890292, id=389, objectName='null', returnAddress='null'}
19:30:07.418 [QueueListener Request Queue test] DEBUG i.a.qbit.service.impl.ServiceImpl - ServiceImpl::receive() 
RESPONSE
ResponseImpl{address='add', params=null, body=3}
FROM CALL
MethodCallImpl{name='add', address='', params=io.advantageous.qbit.util.MultiMap$1@368b9426, body=[1, 2], timestamp=25890292, id=389, objectName='null', returnAddress='null'}


Queue Limit 
Queue Empty 
19:30:07.418 [QueueListener Request Queue test] DEBUG i.a.qbit.service.impl.ServiceImpl - ServiceImpl::doHandleMethodCall() METHOD CALLMethodCallImpl{name='add', address='', params=io.advantageous.qbit.util.MultiMap$1@368b9426, body=[1, 2], timestamp=25890292, id=390, objectName='null', returnAddress='null'}
19:30:07.418 [QueueListener Request Queue test] DEBUG i.a.qbit.service.impl.ServiceImpl - ServiceImpl::receive() 
RESPONSE
ResponseImpl{address='add', params=null, body=3}
FROM CALL
MethodCallImpl{name='add', address='', params=io.advantageous.qbit.util.MultiMap$1@368b9426, body=[1, 2], timestamp=25890292, id=390, objectName='null', returnAddress='null'}


19:30:07.418 [QueueListener Request Queue test] DEBUG i.a.qbit.service.impl.ServiceImpl - ServiceImpl::doHandleMethodCall() METHOD CALLMethodCallImpl{name='add', address='', params=io.advantageous.qbit.util.MultiMap$1@368b9426, body=[1, 2], timestamp=25890292, id=391, objectName='null', returnAddress='null'}
19:30:07.418 [QueueListener Request Queue test] DEBUG i.a.qbit.service.impl.ServiceImpl - ServiceImpl::receive() 
RESPONSE
ResponseImpl{address='add', params=null, body=3}
FROM CALL
MethodCallImpl{name='add', address='', params=io.advantageous.qbit.util.MultiMap$1@368b9426, body=[1, 2], timestamp=25890292, id=391, objectName='null', returnAddress='null'}


19:30:07.418 [QueueListener Request Queue test] DEBUG i.a.qbit.service.impl.ServiceImpl - ServiceImpl::doHandleMethodCall() METHOD CALLMethodCallImpl{name='add', address='', params=io.advantageous.qbit.util.MultiMap$1@368b9426, body=[1, 2], timestamp=25890292, id=392, objectName='null', returnAddress='null'}
19:30:07.418 [QueueListener Request Queue test] DEBUG i.a.qbit.service.impl.ServiceImpl - ServiceImpl::receive() 
RESPONSE
ResponseImpl{address='add', params=null, body=3}
FROM CALL
MethodCallImpl{name='add', address='', params=io.advantageous.qbit.util.MultiMap$1@368b9426, body=[1, 2], timestamp=25890292, id=392, objectName='null', returnAddress='null'}


19:30:07.418 [QueueListener Request Queue test] DEBUG i.a.qbit.service.impl.ServiceImpl - ServiceImpl::doHandleMethodCall() METHOD CALLMethodCallImpl{name='add', address='', params=io.advantageous.qbit.util.MultiMap$1@368b9426, body=[1, 2], timestamp=25890292, id=393, objectName='null', returnAddress='null'}
19:30:07.418 [QueueListener Request Queue test] DEBUG i.a.qbit.service.impl.ServiceImpl - ServiceImpl::receive() 
RESPONSE
ResponseImpl{address='add', params=null, body=3}
FROM CALL
MethodCallImpl{name='add', address='', params=io.advantageous.qbit.util.MultiMap$1@368b9426, body=[1, 2], timestamp=25890292, id=393, objectName='null', returnAddress='null'}


19:30:07.418 [QueueListener Request Queue test] DEBUG i.a.qbit.service.impl.ServiceImpl - ServiceImpl::doHandleMethodCall() METHOD CALLMethodCallImpl{name='add', address='', params=io.advantageous.qbit.util.MultiMap$1@368b9426, body=[1, 2], timestamp=25890292, id=394, objectName='null', returnAddress='null'}
19:30:07.418 [QueueListener Request Queue test] DEBUG i.a.qbit.service.impl.ServiceImpl - ServiceImpl::receive() 
RESPONSE
ResponseImpl{address='add', params=null, body=3}
FROM CALL
MethodCallImpl{name='add', address='', params=io.advantageous.qbit.util.MultiMap$1@368b9426, body=[1, 2], timestamp=25890292, id=394, objectName='null', returnAddress='null'}


19:30:07.419 [QueueListener Request Queue test] DEBUG i.a.qbit.service.impl.ServiceImpl - ServiceImpl::doHandleMethodCall() METHOD CALLMethodCallImpl{name='add', address='', params=io.advantageous.qbit.util.MultiMap$1@368b9426, body=[1, 2], timestamp=25890292, id=395, objectName='null', returnAddress='null'}
19:30:07.419 [QueueListener Request Queue test] DEBUG i.a.qbit.service.impl.ServiceImpl - ServiceImpl::receive() 
RESPONSE
ResponseImpl{address='add', params=null, body=3}
FROM CALL
MethodCallImpl{name='add', address='', params=io.advantageous.qbit.util.MultiMap$1@368b9426, body=[1, 2], timestamp=25890292, id=395, objectName='null', returnAddress='null'}


Queue Limit 
Queue Empty 
19:30:07.419 [QueueListener Request Queue test] DEBUG i.a.qbit.service.impl.ServiceImpl - ServiceImpl::doHandleMethodCall() METHOD CALLMethodCallImpl{name='add', address='', params=io.advantageous.qbit.util.MultiMap$1@368b9426, body=[1, 2], timestamp=25890292, id=396, objectName='null', returnAddress='null'}
19:30:07.419 [QueueListener Request Queue test] DEBUG i.a.qbit.service.impl.ServiceImpl - ServiceImpl::receive() 
RESPONSE
ResponseImpl{address='add', params=null, body=3}
FROM CALL
MethodCallImpl{name='add', address='', params=io.advantageous.qbit.util.MultiMap$1@368b9426, body=[1, 2], timestamp=25890292, id=396, objectName='null', returnAddress='null'}


19:30:07.419 [QueueListener Request Queue test] DEBUG i.a.qbit.service.impl.ServiceImpl - ServiceImpl::doHandleMethodCall() METHOD CALLMethodCallImpl{name='add', address='', params=io.advantageous.qbit.util.MultiMap$1@368b9426, body=[1, 2], timestamp=25890292, id=397, objectName='null', returnAddress='null'}
19:30:07.419 [QueueListener Request Queue test] DEBUG i.a.qbit.service.impl.ServiceImpl - ServiceImpl::receive() 
RESPONSE
ResponseImpl{address='add', params=null, body=3}
FROM CALL
MethodCallImpl{name='add', address='', params=io.advantageous.qbit.util.MultiMap$1@368b9426, body=[1, 2], timestamp=25890292, id=397, objectName='null', returnAddress='null'}


19:30:07.419 [QueueListener Request Queue test] DEBUG i.a.qbit.service.impl.ServiceImpl - ServiceImpl::doHandleMethodCall() METHOD CALLMethodCallImpl{name='add', address='', params=io.advantageous.qbit.util.MultiMap$1@368b9426, body=[1, 2], timestamp=25890292, id=398, objectName='null', returnAddress='null'}
19:30:07.419 [QueueListener Request Queue test] DEBUG i.a.qbit.service.impl.ServiceImpl - ServiceImpl::receive() 
RESPONSE
ResponseImpl{address='add', params=null, body=3}
FROM CALL
MethodCallImpl{name='add', address='', params=io.advantageous.qbit.util.MultiMap$1@368b9426, body=[1, 2], timestamp=25890292, id=398, objectName='null', returnAddress='null'}


19:30:07.419 [QueueListener Request Queue test] DEBUG i.a.qbit.service.impl.ServiceImpl - ServiceImpl::doHandleMethodCall() METHOD CALLMethodCallImpl{name='add', address='', params=io.advantageous.qbit.util.MultiMap$1@368b9426, body=[1, 2], timestamp=25890292, id=399, objectName='null', returnAddress='null'}
19:30:07.419 [QueueListener Request Queue test] DEBUG i.a.qbit.service.impl.ServiceImpl - ServiceImpl::receive() 
RESPONSE
ResponseImpl{address='add', params=null, body=3}
FROM CALL
MethodCallImpl{name='add', address='', params=io.advantageous.qbit.util.MultiMap$1@368b9426, body=[1, 2], timestamp=25890292, id=399, objectName='null', returnAddress='null'}


19:30:07.419 [QueueListener Request Queue test] DEBUG i.a.qbit.service.impl.ServiceImpl - ServiceImpl::doHandleMethodCall() METHOD CALLMethodCallImpl{name='add', address='', params=io.advantageous.qbit.util.MultiMap$1@368b9426, body=[1, 2], timestamp=25890292, id=400, objectName='null', returnAddress='null'}
19:30:07.419 [QueueListener Request Queue test] DEBUG i.a.qbit.service.impl.ServiceImpl - ServiceImpl::receive() 
RESPONSE
ResponseImpl{address='add', params=null, body=3}
FROM CALL
MethodCallImpl{name='add', address='', params=io.advantageous.qbit.util.MultiMap$1@368b9426, body=[1, 2], timestamp=25890292, id=400, objectName='null', returnAddress='null'}


19:30:07.419 [QueueListener Request Queue test] DEBUG i.a.qbit.service.impl.ServiceImpl - ServiceImpl::doHandleMethodCall() METHOD CALLMethodCallImpl{name='add', address='', params=io.advantageous.qbit.util.MultiMap$1@368b9426, body=[1, 2], timestamp=25890292, id=401, objectName='null', returnAddress='null'}
19:30:07.419 [QueueListener Request Queue test] DEBUG i.a.qbit.service.impl.ServiceImpl - ServiceImpl::receive() 
RESPONSE
ResponseImpl{address='add', params=null, body=3}
FROM CALL
MethodCallImpl{name='add', address='', params=io.advantageous.qbit.util.MultiMap$1@368b9426, body=[1, 2], timestamp=25890292, id=401, objectName='null', returnAddress='null'}


Queue Limit 
Queue Empty 
19:30:07.419 [QueueListener Request Queue test] DEBUG i.a.qbit.service.impl.ServiceImpl - ServiceImpl::doHandleMethodCall() METHOD CALLMethodCallImpl{name='add', address='', params=io.advantageous.qbit.util.MultiMap$1@368b9426, body=[1, 2], timestamp=25890292, id=402, objectName='null', returnAddress='null'}
19:30:07.419 [QueueListener Request Queue test] DEBUG i.a.qbit.service.impl.ServiceImpl - ServiceImpl::receive() 
RESPONSE
ResponseImpl{address='add', params=null, body=3}
FROM CALL
MethodCallImpl{name='add', address='', params=io.advantageous.qbit.util.MultiMap$1@368b9426, body=[1, 2], timestamp=25890292, id=402, objectName='null', returnAddress='null'}


19:30:07.419 [QueueListener Request Queue test] DEBUG i.a.qbit.service.impl.ServiceImpl - ServiceImpl::doHandleMethodCall() METHOD CALLMethodCallImpl{name='add', address='', params=io.advantageous.qbit.util.MultiMap$1@368b9426, body=[1, 2], timestamp=25890292, id=403, objectName='null', returnAddress='null'}
19:30:07.419 [QueueListener Request Queue test] DEBUG i.a.qbit.service.impl.ServiceImpl - ServiceImpl::receive() 
RESPONSE
ResponseImpl{address='add', params=null, body=3}
FROM CALL
MethodCallImpl{name='add', address='', params=io.advantageous.qbit.util.MultiMap$1@368b9426, body=[1, 2], timestamp=25890292, id=403, objectName='null', returnAddress='null'}


19:30:07.419 [QueueListener Request Queue test] DEBUG i.a.qbit.service.impl.ServiceImpl - ServiceImpl::doHandleMethodCall() METHOD CALLMethodCallImpl{name='add', address='', params=io.advantageous.qbit.util.MultiMap$1@368b9426, body=[1, 2], timestamp=25890292, id=404, objectName='null', returnAddress='null'}
19:30:07.419 [QueueListener Request Queue test] DEBUG i.a.qbit.service.impl.ServiceImpl - ServiceImpl::receive() 
RESPONSE
ResponseImpl{address='add', params=null, body=3}
FROM CALL
MethodCallImpl{name='add', address='', params=io.advantageous.qbit.util.MultiMap$1@368b9426, body=[1, 2], timestamp=25890292, id=404, objectName='null', returnAddress='null'}


19:30:07.419 [QueueListener Request Queue test] DEBUG i.a.qbit.service.impl.ServiceImpl - ServiceImpl::doHandleMethodCall() METHOD CALLMethodCallImpl{name='add', address='', params=io.advantageous.qbit.util.MultiMap$1@368b9426, body=[1, 2], timestamp=25890292, id=405, objectName='null', returnAddress='null'}
19:30:07.419 [QueueListener Request Queue test] DEBUG i.a.qbit.service.impl.ServiceImpl - ServiceImpl::receive() 
RESPONSE
ResponseImpl{address='add', params=null, body=3}
FROM CALL
MethodCallImpl{name='add', address='', params=io.advantageous.qbit.util.MultiMap$1@368b9426, body=[1, 2], timestamp=25890292, id=405, objectName='null', returnAddress='null'}


19:30:07.419 [QueueListener Request Queue test] DEBUG i.a.qbit.service.impl.ServiceImpl - ServiceImpl::doHandleMethodCall() METHOD CALLMethodCallImpl{name='add', address='', params=io.advantageous.qbit.util.MultiMap$1@368b9426, body=[1, 2], timestamp=25890292, id=406, objectName='null', returnAddress='null'}
19:30:07.419 [QueueListener Request Queue test] DEBUG i.a.qbit.service.impl.ServiceImpl - ServiceImpl::receive() 
RESPONSE
ResponseImpl{address='add', params=null, body=3}
FROM CALL
MethodCallImpl{name='add', address='', params=io.advantageous.qbit.util.MultiMap$1@368b9426, body=[1, 2], timestamp=25890292, id=406, objectName='null', returnAddress='null'}


19:30:07.420 [QueueListener Request Queue test] DEBUG i.a.qbit.service.impl.ServiceImpl - ServiceImpl::doHandleMethodCall() METHOD CALLMethodCallImpl{name='add', address='', params=io.advantageous.qbit.util.MultiMap$1@368b9426, body=[1, 2], timestamp=25890292, id=407, objectName='null', returnAddress='null'}
19:30:07.420 [QueueListener Request Queue test] DEBUG i.a.qbit.service.impl.ServiceImpl - ServiceImpl::receive() 
RESPONSE
ResponseImpl{address='add', params=null, body=3}
FROM CALL
MethodCallImpl{name='add', address='', params=io.advantageous.qbit.util.MultiMap$1@368b9426, body=[1, 2], timestamp=25890292, id=407, objectName='null', returnAddress='null'}


Queue Limit 
Queue Empty 
19:30:07.420 [QueueListener Request Queue test] DEBUG i.a.qbit.service.impl.ServiceImpl - ServiceImpl::doHandleMethodCall() METHOD CALLMethodCallImpl{name='add', address='', params=io.advantageous.qbit.util.MultiMap$1@368b9426, body=[1, 2], timestamp=25890292, id=408, objectName='null', returnAddress='null'}
19:30:07.420 [QueueListener Request Queue test] DEBUG i.a.qbit.service.impl.ServiceImpl - ServiceImpl::receive() 
RESPONSE
ResponseImpl{address='add', params=null, body=3}
FROM CALL
MethodCallImpl{name='add', address='', params=io.advantageous.qbit.util.MultiMap$1@368b9426, body=[1, 2], timestamp=25890292, id=408, objectName='null', returnAddress='null'}


19:30:07.420 [QueueListener Request Queue test] DEBUG i.a.qbit.service.impl.ServiceImpl - ServiceImpl::doHandleMethodCall() METHOD CALLMethodCallImpl{name='add', address='', params=io.advantageous.qbit.util.MultiMap$1@368b9426, body=[1, 2], timestamp=25890292, id=409, objectName='null', returnAddress='null'}
19:30:07.420 [QueueListener Request Queue test] DEBUG i.a.qbit.service.impl.ServiceImpl - ServiceImpl::receive() 
RESPONSE
ResponseImpl{address='add', params=null, body=3}
FROM CALL
MethodCallImpl{name='add', address='', params=io.advantageous.qbit.util.MultiMap$1@368b9426, body=[1, 2], timestamp=25890292, id=409, objectName='null', returnAddress='null'}


19:30:07.420 [QueueListener Request Queue test] DEBUG i.a.qbit.service.impl.ServiceImpl - ServiceImpl::doHandleMethodCall() METHOD CALLMethodCallImpl{name='add', address='', params=io.advantageous.qbit.util.MultiMap$1@368b9426, body=[1, 2], timestamp=25890292, id=410, objectName='null', returnAddress='null'}
19:30:07.420 [QueueListener Request Queue test] DEBUG i.a.qbit.service.impl.ServiceImpl - ServiceImpl::receive() 
RESPONSE
ResponseImpl{address='add', params=null, body=3}
FROM CALL
MethodCallImpl{name='add', address='', params=io.advantageous.qbit.util.MultiMap$1@368b9426, body=[1, 2], timestamp=25890292, id=410, objectName='null', returnAddress='null'}


19:30:07.420 [QueueListener Request Queue test] DEBUG i.a.qbit.service.impl.ServiceImpl - ServiceImpl::doHandleMethodCall() METHOD CALLMethodCallImpl{name='add', address='', params=io.advantageous.qbit.util.MultiMap$1@368b9426, body=[1, 2], timestamp=25890292, id=411, objectName='null', returnAddress='null'}
19:30:07.420 [QueueListener Request Queue test] DEBUG i.a.qbit.service.impl.ServiceImpl - ServiceImpl::receive() 
RESPONSE
ResponseImpl{address='add', params=null, body=3}
FROM CALL
MethodCallImpl{name='add', address='', params=io.advantageous.qbit.util.MultiMap$1@368b9426, body=[1, 2], timestamp=25890292, id=411, objectName='null', returnAddress='null'}


19:30:07.420 [QueueListener Request Queue test] DEBUG i.a.qbit.service.impl.ServiceImpl - ServiceImpl::doHandleMethodCall() METHOD CALLMethodCallImpl{name='add', address='', params=io.advantageous.qbit.util.MultiMap$1@368b9426, body=[1, 2], timestamp=25890292, id=412, objectName='null', returnAddress='null'}
19:30:07.420 [QueueListener Request Queue test] DEBUG i.a.qbit.service.impl.ServiceImpl - ServiceImpl::receive() 
RESPONSE
ResponseImpl{address='add', params=null, body=3}
FROM CALL
MethodCallImpl{name='add', address='', params=io.advantageous.qbit.util.MultiMap$1@368b9426, body=[1, 2], timestamp=25890292, id=412, objectName='null', returnAddress='null'}


19:30:07.420 [QueueListener Request Queue test] DEBUG i.a.qbit.service.impl.ServiceImpl - ServiceImpl::doHandleMethodCall() METHOD CALLMethodCallImpl{name='add', address='', params=io.advantageous.qbit.util.MultiMap$1@368b9426, body=[1, 2], timestamp=25890292, id=413, objectName='null', returnAddress='null'}
19:30:07.420 [QueueListener Request Queue test] DEBUG i.a.qbit.service.impl.ServiceImpl - ServiceImpl::receive() 
RESPONSE
ResponseImpl{address='add', params=null, body=3}
FROM CALL
MethodCallImpl{name='add', address='', params=io.advantageous.qbit.util.MultiMap$1@368b9426, body=[1, 2], timestamp=25890292, id=413, objectName='null', returnAddress='null'}


Queue Limit 
Queue Empty 
19:30:07.420 [QueueListener Request Queue test] DEBUG i.a.qbit.service.impl.ServiceImpl - ServiceImpl::doHandleMethodCall() METHOD CALLMethodCallImpl{name='add', address='', params=io.advantageous.qbit.util.MultiMap$1@368b9426, body=[1, 2], timestamp=25890292, id=414, objectName='null', returnAddress='null'}
19:30:07.420 [QueueListener Request Queue test] DEBUG i.a.qbit.service.impl.ServiceImpl - ServiceImpl::receive() 
RESPONSE
ResponseImpl{address='add', params=null, body=3}
FROM CALL
MethodCallImpl{name='add', address='', params=io.advantageous.qbit.util.MultiMap$1@368b9426, body=[1, 2], timestamp=25890292, id=414, objectName='null', returnAddress='null'}


19:30:07.420 [QueueListener Request Queue test] DEBUG i.a.qbit.service.impl.ServiceImpl - ServiceImpl::doHandleMethodCall() METHOD CALLMethodCallImpl{name='add', address='', params=io.advantageous.qbit.util.MultiMap$1@368b9426, body=[1, 2], timestamp=25890292, id=415, objectName='null', returnAddress='null'}
19:30:07.420 [QueueListener Request Queue test] DEBUG i.a.qbit.service.impl.ServiceImpl - ServiceImpl::receive() 
RESPONSE
ResponseImpl{address='add', params=null, body=3}
FROM CALL
MethodCallImpl{name='add', address='', params=io.advantageous.qbit.util.MultiMap$1@368b9426, body=[1, 2], timestamp=25890292, id=415, objectName='null', returnAddress='null'}


19:30:07.420 [QueueListener Request Queue test] DEBUG i.a.qbit.service.impl.ServiceImpl - ServiceImpl::doHandleMethodCall() METHOD CALLMethodCallImpl{name='add', address='', params=io.advantageous.qbit.util.MultiMap$1@368b9426, body=[1, 2], timestamp=25890292, id=416, objectName='null', returnAddress='null'}
19:30:07.420 [QueueListener Request Queue test] DEBUG i.a.qbit.service.impl.ServiceImpl - ServiceImpl::receive() 
RESPONSE
ResponseImpl{address='add', params=null, body=3}
FROM CALL
MethodCallImpl{name='add', address='', params=io.advantageous.qbit.util.MultiMap$1@368b9426, body=[1, 2], timestamp=25890292, id=416, objectName='null', returnAddress='null'}


19:30:07.420 [QueueListener Request Queue test] DEBUG i.a.qbit.service.impl.ServiceImpl - ServiceImpl::doHandleMethodCall() METHOD CALLMethodCallImpl{name='add', address='', params=io.advantageous.qbit.util.MultiMap$1@368b9426, body=[1, 2], timestamp=25890292, id=417, objectName='null', returnAddress='null'}
19:30:07.420 [QueueListener Request Queue test] DEBUG i.a.qbit.service.impl.ServiceImpl - ServiceImpl::receive() 
RESPONSE
ResponseImpl{address='add', params=null, body=3}
FROM CALL
MethodCallImpl{name='add', address='', params=io.advantageous.qbit.util.MultiMap$1@368b9426, body=[1, 2], timestamp=25890292, id=417, objectName='null', returnAddress='null'}


19:30:07.420 [QueueListener Request Queue test] DEBUG i.a.qbit.service.impl.ServiceImpl - ServiceImpl::doHandleMethodCall() METHOD CALLMethodCallImpl{name='add', address='', params=io.advantageous.qbit.util.MultiMap$1@368b9426, body=[1, 2], timestamp=25890292, id=418, objectName='null', returnAddress='null'}
19:30:07.421 [QueueListener Request Queue test] DEBUG i.a.qbit.service.impl.ServiceImpl - ServiceImpl::receive() 
RESPONSE
ResponseImpl{address='add', params=null, body=3}
FROM CALL
MethodCallImpl{name='add', address='', params=io.advantageous.qbit.util.MultiMap$1@368b9426, body=[1, 2], timestamp=25890292, id=418, objectName='null', returnAddress='null'}


19:30:07.421 [QueueListener Request Queue test] DEBUG i.a.qbit.service.impl.ServiceImpl - ServiceImpl::doHandleMethodCall() METHOD CALLMethodCallImpl{name='add', address='', params=io.advantageous.qbit.util.MultiMap$1@368b9426, body=[1, 2], timestamp=25890292, id=419, objectName='null', returnAddress='null'}
19:30:07.421 [QueueListener Request Queue test] DEBUG i.a.qbit.service.impl.ServiceImpl - ServiceImpl::receive() 
RESPONSE
ResponseImpl{address='add', params=null, body=3}
FROM CALL
MethodCallImpl{name='add', address='', params=io.advantageous.qbit.util.MultiMap$1@368b9426, body=[1, 2], timestamp=25890292, id=419, objectName='null', returnAddress='null'}


Queue Limit 
Queue Empty 
19:30:07.422 [QueueListener Request Queue test] DEBUG i.a.qbit.service.impl.ServiceImpl - ServiceImpl::doHandleMethodCall() METHOD CALLMethodCallImpl{name='add', address='', params=io.advantageous.qbit.util.MultiMap$1@368b9426, body=[1, 2], timestamp=25890292, id=420, objectName='null', returnAddress='null'}
19:30:07.424 [QueueListener Request Queue test] DEBUG i.a.qbit.service.impl.ServiceImpl - ServiceImpl::receive() 
RESPONSE
ResponseImpl{address='add', params=null, body=3}
FROM CALL
MethodCallImpl{name='add', address='', params=io.advantageous.qbit.util.MultiMap$1@368b9426, body=[1, 2], timestamp=25890292, id=420, objectName='null', returnAddress='null'}


19:30:07.424 [QueueListener Request Queue test] DEBUG i.a.qbit.service.impl.ServiceImpl - ServiceImpl::doHandleMethodCall() METHOD CALLMethodCallImpl{name='add', address='', params=io.advantageous.qbit.util.MultiMap$1@368b9426, body=[1, 2], timestamp=25890292, id=421, objectName='null', returnAddress='null'}
19:30:07.424 [QueueListener Request Queue test] DEBUG i.a.qbit.service.impl.ServiceImpl - ServiceImpl::receive() 
RESPONSE
ResponseImpl{address='add', params=null, body=3}
FROM CALL
MethodCallImpl{name='add', address='', params=io.advantageous.qbit.util.MultiMap$1@368b9426, body=[1, 2], timestamp=25890292, id=421, objectName='null', returnAddress='null'}


19:30:07.424 [QueueListener Request Queue test] DEBUG i.a.qbit.service.impl.ServiceImpl - ServiceImpl::doHandleMethodCall() METHOD CALLMethodCallImpl{name='add', address='', params=io.advantageous.qbit.util.MultiMap$1@368b9426, body=[1, 2], timestamp=25890292, id=422, objectName='null', returnAddress='null'}
19:30:07.424 [QueueListener Request Queue test] DEBUG i.a.qbit.service.impl.ServiceImpl - ServiceImpl::receive() 
RESPONSE
ResponseImpl{address='add', params=null, body=3}
FROM CALL
MethodCallImpl{name='add', address='', params=io.advantageous.qbit.util.MultiMap$1@368b9426, body=[1, 2], timestamp=25890292, id=422, objectName='null', returnAddress='null'}


19:30:07.424 [QueueListener Request Queue test] DEBUG i.a.qbit.service.impl.ServiceImpl - ServiceImpl::doHandleMethodCall() METHOD CALLMethodCallImpl{name='add', address='', params=io.advantageous.qbit.util.MultiMap$1@368b9426, body=[1, 2], timestamp=25890292, id=423, objectName='null', returnAddress='null'}
19:30:07.424 [QueueListener Request Queue test] DEBUG i.a.qbit.service.impl.ServiceImpl - ServiceImpl::receive() 
RESPONSE
ResponseImpl{address='add', params=null, body=3}
FROM CALL
MethodCallImpl{name='add', address='', params=io.advantageous.qbit.util.MultiMap$1@368b9426, body=[1, 2], timestamp=25890292, id=423, objectName='null', returnAddress='null'}


19:30:07.424 [QueueListener Request Queue test] DEBUG i.a.qbit.service.impl.ServiceImpl - ServiceImpl::doHandleMethodCall() METHOD CALLMethodCallImpl{name='add', address='', params=io.advantageous.qbit.util.MultiMap$1@368b9426, body=[1, 2], timestamp=25890292, id=424, objectName='null', returnAddress='null'}
19:30:07.424 [QueueListener Request Queue test] DEBUG i.a.qbit.service.impl.ServiceImpl - ServiceImpl::receive() 
RESPONSE
ResponseImpl{address='add', params=null, body=3}
FROM CALL
MethodCallImpl{name='add', address='', params=io.advantageous.qbit.util.MultiMap$1@368b9426, body=[1, 2], timestamp=25890292, id=424, objectName='null', returnAddress='null'}


19:30:07.424 [QueueListener Request Queue test] DEBUG i.a.qbit.service.impl.ServiceImpl - ServiceImpl::doHandleMethodCall() METHOD CALLMethodCallImpl{name='add', address='', params=io.advantageous.qbit.util.MultiMap$1@368b9426, body=[1, 2], timestamp=25890292, id=425, objectName='null', returnAddress='null'}
19:30:07.424 [QueueListener Request Queue test] DEBUG i.a.qbit.service.impl.ServiceImpl - ServiceImpl::receive() 
RESPONSE
ResponseImpl{address='add', params=null, body=3}
FROM CALL
MethodCallImpl{name='add', address='', params=io.advantageous.qbit.util.MultiMap$1@368b9426, body=[1, 2], timestamp=25890292, id=425, objectName='null', returnAddress='null'}


Queue Limit 
Queue Empty 
19:30:07.424 [QueueListener Request Queue test] DEBUG i.a.qbit.service.impl.ServiceImpl - ServiceImpl::doHandleMethodCall() METHOD CALLMethodCallImpl{name='add', address='', params=io.advantageous.qbit.util.MultiMap$1@368b9426, body=[1, 2], timestamp=25890292, id=426, objectName='null', returnAddress='null'}
19:30:07.424 [QueueListener Request Queue test] DEBUG i.a.qbit.service.impl.ServiceImpl - ServiceImpl::receive() 
RESPONSE
ResponseImpl{address='add', params=null, body=3}
FROM CALL
MethodCallImpl{name='add', address='', params=io.advantageous.qbit.util.MultiMap$1@368b9426, body=[1, 2], timestamp=25890292, id=426, objectName='null', returnAddress='null'}


19:30:07.424 [QueueListener Request Queue test] DEBUG i.a.qbit.service.impl.ServiceImpl - ServiceImpl::doHandleMethodCall() METHOD CALLMethodCallImpl{name='add', address='', params=io.advantageous.qbit.util.MultiMap$1@368b9426, body=[1, 2], timestamp=25890292, id=427, objectName='null', returnAddress='null'}
19:30:07.424 [QueueListener Request Queue test] DEBUG i.a.qbit.service.impl.ServiceImpl - ServiceImpl::receive() 
RESPONSE
ResponseImpl{address='add', params=null, body=3}
FROM CALL
MethodCallImpl{name='add', address='', params=io.advantageous.qbit.util.MultiMap$1@368b9426, body=[1, 2], timestamp=25890292, id=427, objectName='null', returnAddress='null'}


19:30:07.424 [QueueListener Request Queue test] DEBUG i.a.qbit.service.impl.ServiceImpl - ServiceImpl::doHandleMethodCall() METHOD CALLMethodCallImpl{name='add', address='', params=io.advantageous.qbit.util.MultiMap$1@368b9426, body=[1, 2], timestamp=25890292, id=428, objectName='null', returnAddress='null'}
19:30:07.424 [QueueListener Request Queue test] DEBUG i.a.qbit.service.impl.ServiceImpl - ServiceImpl::receive() 
RESPONSE
ResponseImpl{address='add', params=null, body=3}
FROM CALL
MethodCallImpl{name='add', address='', params=io.advantageous.qbit.util.MultiMap$1@368b9426, body=[1, 2], timestamp=25890292, id=428, objectName='null', returnAddress='null'}


19:30:07.424 [QueueListener Request Queue test] DEBUG i.a.qbit.service.impl.ServiceImpl - ServiceImpl::doHandleMethodCall() METHOD CALLMethodCallImpl{name='add', address='', params=io.advantageous.qbit.util.MultiMap$1@368b9426, body=[1, 2], timestamp=25890292, id=429, objectName='null', returnAddress='null'}
19:30:07.424 [QueueListener Request Queue test] DEBUG i.a.qbit.service.impl.ServiceImpl - ServiceImpl::receive() 
RESPONSE
ResponseImpl{address='add', params=null, body=3}
FROM CALL
MethodCallImpl{name='add', address='', params=io.advantageous.qbit.util.MultiMap$1@368b9426, body=[1, 2], timestamp=25890292, id=429, objectName='null', returnAddress='null'}


19:30:07.424 [QueueListener Request Queue test] DEBUG i.a.qbit.service.impl.ServiceImpl - ServiceImpl::doHandleMethodCall() METHOD CALLMethodCallImpl{name='add', address='', params=io.advantageous.qbit.util.MultiMap$1@368b9426, body=[1, 2], timestamp=25890292, id=430, objectName='null', returnAddress='null'}
19:30:07.424 [QueueListener Request Queue test] DEBUG i.a.qbit.service.impl.ServiceImpl - ServiceImpl::receive() 
RESPONSE
ResponseImpl{address='add', params=null, body=3}
FROM CALL
MethodCallImpl{name='add', address='', params=io.advantageous.qbit.util.MultiMap$1@368b9426, body=[1, 2], timestamp=25890292, id=430, objectName='null', returnAddress='null'}


19:30:07.424 [QueueListener Request Queue test] DEBUG i.a.qbit.service.impl.ServiceImpl - ServiceImpl::doHandleMethodCall() METHOD CALLMethodCallImpl{name='add', address='', params=io.advantageous.qbit.util.MultiMap$1@368b9426, body=[1, 2], timestamp=25890292, id=431, objectName='null', returnAddress='null'}
19:30:07.425 [QueueListener Request Queue test] DEBUG i.a.qbit.service.impl.ServiceImpl - ServiceImpl::receive() 
RESPONSE
ResponseImpl{address='add', params=null, body=3}
FROM CALL
MethodCallImpl{name='add', address='', params=io.advantageous.qbit.util.MultiMap$1@368b9426, body=[1, 2], timestamp=25890292, id=431, objectName='null', returnAddress='null'}


Queue Limit 
Queue Empty 
19:30:07.425 [QueueListener Request Queue test] DEBUG i.a.qbit.service.impl.ServiceImpl - ServiceImpl::doHandleMethodCall() METHOD CALLMethodCallImpl{name='add', address='', params=io.advantageous.qbit.util.MultiMap$1@368b9426, body=[1, 2], timestamp=25890292, id=432, objectName='null', returnAddress='null'}
19:30:07.425 [QueueListener Request Queue test] DEBUG i.a.qbit.service.impl.ServiceImpl - ServiceImpl::receive() 
RESPONSE
ResponseImpl{address='add', params=null, body=3}
FROM CALL
MethodCallImpl{name='add', address='', params=io.advantageous.qbit.util.MultiMap$1@368b9426, body=[1, 2], timestamp=25890292, id=432, objectName='null', returnAddress='null'}


19:30:07.425 [QueueListener Request Queue test] DEBUG i.a.qbit.service.impl.ServiceImpl - ServiceImpl::doHandleMethodCall() METHOD CALLMethodCallImpl{name='add', address='', params=io.advantageous.qbit.util.MultiMap$1@368b9426, body=[1, 2], timestamp=25890292, id=433, objectName='null', returnAddress='null'}
19:30:07.425 [QueueListener Request Queue test] DEBUG i.a.qbit.service.impl.ServiceImpl - ServiceImpl::receive() 
RESPONSE
ResponseImpl{address='add', params=null, body=3}
FROM CALL
MethodCallImpl{name='add', address='', params=io.advantageous.qbit.util.MultiMap$1@368b9426, body=[1, 2], timestamp=25890292, id=433, objectName='null', returnAddress='null'}


19:30:07.425 [QueueListener Request Queue test] DEBUG i.a.qbit.service.impl.ServiceImpl - ServiceImpl::doHandleMethodCall() METHOD CALLMethodCallImpl{name='add', address='', params=io.advantageous.qbit.util.MultiMap$1@368b9426, body=[1, 2], timestamp=25890292, id=434, objectName='null', returnAddress='null'}
19:30:07.425 [QueueListener Request Queue test] DEBUG i.a.qbit.service.impl.ServiceImpl - ServiceImpl::receive() 
RESPONSE
ResponseImpl{address='add', params=null, body=3}
FROM CALL
MethodCallImpl{name='add', address='', params=io.advantageous.qbit.util.MultiMap$1@368b9426, body=[1, 2], timestamp=25890292, id=434, objectName='null', returnAddress='null'}


19:30:07.425 [QueueListener Request Queue test] DEBUG i.a.qbit.service.impl.ServiceImpl - ServiceImpl::doHandleMethodCall() METHOD CALLMethodCallImpl{name='add', address='', params=io.advantageous.qbit.util.MultiMap$1@368b9426, body=[1, 2], timestamp=25890292, id=435, objectName='null', returnAddress='null'}
19:30:07.425 [QueueListener Request Queue test] DEBUG i.a.qbit.service.impl.ServiceImpl - ServiceImpl::receive() 
RESPONSE
ResponseImpl{address='add', params=null, body=3}
FROM CALL
MethodCallImpl{name='add', address='', params=io.advantageous.qbit.util.MultiMap$1@368b9426, body=[1, 2], timestamp=25890292, id=435, objectName='null', returnAddress='null'}


19:30:07.425 [QueueListener Request Queue test] DEBUG i.a.qbit.service.impl.ServiceImpl - ServiceImpl::doHandleMethodCall() METHOD CALLMethodCallImpl{name='add', address='', params=io.advantageous.qbit.util.MultiMap$1@368b9426, body=[1, 2], timestamp=25890292, id=436, objectName='null', returnAddress='null'}
19:30:07.425 [QueueListener Request Queue test] DEBUG i.a.qbit.service.impl.ServiceImpl - ServiceImpl::receive() 
RESPONSE
ResponseImpl{address='add', params=null, body=3}
FROM CALL
MethodCallImpl{name='add', address='', params=io.advantageous.qbit.util.MultiMap$1@368b9426, body=[1, 2], timestamp=25890292, id=436, objectName='null', returnAddress='null'}


19:30:07.425 [QueueListener Request Queue test] DEBUG i.a.qbit.service.impl.ServiceImpl - ServiceImpl::doHandleMethodCall() METHOD CALLMethodCallImpl{name='add', address='', params=io.advantageous.qbit.util.MultiMap$1@368b9426, body=[1, 2], timestamp=25890292, id=437, objectName='null', returnAddress='null'}
19:30:07.425 [QueueListener Request Queue test] DEBUG i.a.qbit.service.impl.ServiceImpl - ServiceImpl::receive() 
RESPONSE
ResponseImpl{address='add', params=null, body=3}
FROM CALL
MethodCallImpl{name='add', address='', params=io.advantageous.qbit.util.MultiMap$1@368b9426, body=[1, 2], timestamp=25890292, id=437, objectName='null', returnAddress='null'}


Queue Limit 
Queue Empty 
19:30:07.425 [QueueListener Request Queue test] DEBUG i.a.qbit.service.impl.ServiceImpl - ServiceImpl::doHandleMethodCall() METHOD CALLMethodCallImpl{name='add', address='', params=io.advantageous.qbit.util.MultiMap$1@368b9426, body=[1, 2], timestamp=25890292, id=438, objectName='null', returnAddress='null'}
19:30:07.425 [QueueListener Request Queue test] DEBUG i.a.qbit.service.impl.ServiceImpl - ServiceImpl::receive() 
RESPONSE
ResponseImpl{address='add', params=null, body=3}
FROM CALL
MethodCallImpl{name='add', address='', params=io.advantageous.qbit.util.MultiMap$1@368b9426, body=[1, 2], timestamp=25890292, id=438, objectName='null', returnAddress='null'}


19:30:07.425 [QueueListener Request Queue test] DEBUG i.a.qbit.service.impl.ServiceImpl - ServiceImpl::doHandleMethodCall() METHOD CALLMethodCallImpl{name='add', address='', params=io.advantageous.qbit.util.MultiMap$1@368b9426, body=[1, 2], timestamp=25890292, id=439, objectName='null', returnAddress='null'}
19:30:07.426 [QueueListener Request Queue test] DEBUG i.a.qbit.service.impl.ServiceImpl - ServiceImpl::receive() 
RESPONSE
ResponseImpl{address='add', params=null, body=3}
FROM CALL
MethodCallImpl{name='add', address='', params=io.advantageous.qbit.util.MultiMap$1@368b9426, body=[1, 2], timestamp=25890292, id=439, objectName='null', returnAddress='null'}


19:30:07.426 [QueueListener Request Queue test] DEBUG i.a.qbit.service.impl.ServiceImpl - ServiceImpl::doHandleMethodCall() METHOD CALLMethodCallImpl{name='add', address='', params=io.advantageous.qbit.util.MultiMap$1@368b9426, body=[1, 2], timestamp=25890292, id=440, objectName='null', returnAddress='null'}
19:30:07.426 [QueueListener Request Queue test] DEBUG i.a.qbit.service.impl.ServiceImpl - ServiceImpl::receive() 
RESPONSE
ResponseImpl{address='add', params=null, body=3}
FROM CALL
MethodCallImpl{name='add', address='', params=io.advantageous.qbit.util.MultiMap$1@368b9426, body=[1, 2], timestamp=25890292, id=440, objectName='null', returnAddress='null'}


19:30:07.426 [QueueListener Request Queue test] DEBUG i.a.qbit.service.impl.ServiceImpl - ServiceImpl::doHandleMethodCall() METHOD CALLMethodCallImpl{name='add', address='', params=io.advantageous.qbit.util.MultiMap$1@368b9426, body=[1, 2], timestamp=25890292, id=441, objectName='null', returnAddress='null'}
19:30:07.426 [QueueListener Request Queue test] DEBUG i.a.qbit.service.impl.ServiceImpl - ServiceImpl::receive() 
RESPONSE
ResponseImpl{address='add', params=null, body=3}
FROM CALL
MethodCallImpl{name='add', address='', params=io.advantageous.qbit.util.MultiMap$1@368b9426, body=[1, 2], timestamp=25890292, id=441, objectName='null', returnAddress='null'}


19:30:07.426 [QueueListener Request Queue test] DEBUG i.a.qbit.service.impl.ServiceImpl - ServiceImpl::doHandleMethodCall() METHOD CALLMethodCallImpl{name='add', address='', params=io.advantageous.qbit.util.MultiMap$1@368b9426, body=[1, 2], timestamp=25890292, id=442, objectName='null', returnAddress='null'}
19:30:07.426 [QueueListener Request Queue test] DEBUG i.a.qbit.service.impl.ServiceImpl - ServiceImpl::receive() 
RESPONSE
ResponseImpl{address='add', params=null, body=3}
FROM CALL
MethodCallImpl{name='add', address='', params=io.advantageous.qbit.util.MultiMap$1@368b9426, body=[1, 2], timestamp=25890292, id=442, objectName='null', returnAddress='null'}


19:30:07.426 [QueueListener Request Queue test] DEBUG i.a.qbit.service.impl.ServiceImpl - ServiceImpl::doHandleMethodCall() METHOD CALLMethodCallImpl{name='add', address='', params=io.advantageous.qbit.util.MultiMap$1@368b9426, body=[1, 2], timestamp=25890292, id=443, objectName='null', returnAddress='null'}
19:30:07.426 [QueueListener Request Queue test] DEBUG i.a.qbit.service.impl.ServiceImpl - ServiceImpl::receive() 
RESPONSE
ResponseImpl{address='add', params=null, body=3}
FROM CALL
MethodCallImpl{name='add', address='', params=io.advantageous.qbit.util.MultiMap$1@368b9426, body=[1, 2], timestamp=25890292, id=443, objectName='null', returnAddress='null'}


Queue Limit 
Queue Empty 
19:30:07.426 [QueueListener Request Queue test] DEBUG i.a.qbit.service.impl.ServiceImpl - ServiceImpl::doHandleMethodCall() METHOD CALLMethodCallImpl{name='add', address='', params=io.advantageous.qbit.util.MultiMap$1@368b9426, body=[1, 2], timestamp=25890292, id=444, objectName='null', returnAddress='null'}
19:30:07.426 [QueueListener Request Queue test] DEBUG i.a.qbit.service.impl.ServiceImpl - ServiceImpl::receive() 
RESPONSE
ResponseImpl{address='add', params=null, body=3}
FROM CALL
MethodCallImpl{name='add', address='', params=io.advantageous.qbit.util.MultiMap$1@368b9426, body=[1, 2], timestamp=25890292, id=444, objectName='null', returnAddress='null'}


19:30:07.426 [QueueListener Request Queue test] DEBUG i.a.qbit.service.impl.ServiceImpl - ServiceImpl::doHandleMethodCall() METHOD CALLMethodCallImpl{name='add', address='', params=io.advantageous.qbit.util.MultiMap$1@368b9426, body=[1, 2], timestamp=25890292, id=445, objectName='null', returnAddress='null'}
19:30:07.426 [QueueListener Request Queue test] DEBUG i.a.qbit.service.impl.ServiceImpl - ServiceImpl::receive() 
RESPONSE
ResponseImpl{address='add', params=null, body=3}
FROM CALL
MethodCallImpl{name='add', address='', params=io.advantageous.qbit.util.MultiMap$1@368b9426, body=[1, 2], timestamp=25890292, id=445, objectName='null', returnAddress='null'}


19:30:07.426 [QueueListener Request Queue test] DEBUG i.a.qbit.service.impl.ServiceImpl - ServiceImpl::doHandleMethodCall() METHOD CALLMethodCallImpl{name='add', address='', params=io.advantageous.qbit.util.MultiMap$1@368b9426, body=[1, 2], timestamp=25890292, id=446, objectName='null', returnAddress='null'}
19:30:07.426 [QueueListener Request Queue test] DEBUG i.a.qbit.service.impl.ServiceImpl - ServiceImpl::receive() 
RESPONSE
ResponseImpl{address='add', params=null, body=3}
FROM CALL
MethodCallImpl{name='add', address='', params=io.advantageous.qbit.util.MultiMap$1@368b9426, body=[1, 2], timestamp=25890292, id=446, objectName='null', returnAddress='null'}


19:30:07.426 [QueueListener Request Queue test] DEBUG i.a.qbit.service.impl.ServiceImpl - ServiceImpl::doHandleMethodCall() METHOD CALLMethodCallImpl{name='add', address='', params=io.advantageous.qbit.util.MultiMap$1@368b9426, body=[1, 2], timestamp=25890292, id=447, objectName='null', returnAddress='null'}
19:30:07.426 [QueueListener Request Queue test] DEBUG i.a.qbit.service.impl.ServiceImpl - ServiceImpl::receive() 
RESPONSE
ResponseImpl{address='add', params=null, body=3}
FROM CALL
MethodCallImpl{name='add', address='', params=io.advantageous.qbit.util.MultiMap$1@368b9426, body=[1, 2], timestamp=25890292, id=447, objectName='null', returnAddress='null'}


19:30:07.426 [QueueListener Request Queue test] DEBUG i.a.qbit.service.impl.ServiceImpl - ServiceImpl::doHandleMethodCall() METHOD CALLMethodCallImpl{name='add', address='', params=io.advantageous.qbit.util.MultiMap$1@368b9426, body=[1, 2], timestamp=25890292, id=448, objectName='null', returnAddress='null'}
19:30:07.426 [QueueListener Request Queue test] DEBUG i.a.qbit.service.impl.ServiceImpl - ServiceImpl::receive() 
RESPONSE
ResponseImpl{address='add', params=null, body=3}
FROM CALL
MethodCallImpl{name='add', address='', params=io.advantageous.qbit.util.MultiMap$1@368b9426, body=[1, 2], timestamp=25890292, id=448, objectName='null', returnAddress='null'}


19:30:07.426 [QueueListener Request Queue test] DEBUG i.a.qbit.service.impl.ServiceImpl - ServiceImpl::doHandleMethodCall() METHOD CALLMethodCallImpl{name='add', address='', params=io.advantageous.qbit.util.MultiMap$1@368b9426, body=[1, 2], timestamp=25890292, id=449, objectName='null', returnAddress='null'}
19:30:07.426 [QueueListener Request Queue test] DEBUG i.a.qbit.service.impl.ServiceImpl - ServiceImpl::receive() 
RESPONSE
ResponseImpl{address='add', params=null, body=3}
FROM CALL
MethodCallImpl{name='add', address='', params=io.advantageous.qbit.util.MultiMap$1@368b9426, body=[1, 2], timestamp=25890292, id=449, objectName='null', returnAddress='null'}


Queue Limit 
Queue Empty 
19:30:07.427 [QueueListener Request Queue test] DEBUG i.a.qbit.service.impl.ServiceImpl - ServiceImpl::doHandleMethodCall() METHOD CALLMethodCallImpl{name='add', address='', params=io.advantageous.qbit.util.MultiMap$1@368b9426, body=[1, 2], timestamp=25890292, id=450, objectName='null', returnAddress='null'}
19:30:07.427 [QueueListener Request Queue test] DEBUG i.a.qbit.service.impl.ServiceImpl - ServiceImpl::receive() 
RESPONSE
ResponseImpl{address='add', params=null, body=3}
FROM CALL
MethodCallImpl{name='add', address='', params=io.advantageous.qbit.util.MultiMap$1@368b9426, body=[1, 2], timestamp=25890292, id=450, objectName='null', returnAddress='null'}


19:30:07.427 [QueueListener Request Queue test] DEBUG i.a.qbit.service.impl.ServiceImpl - ServiceImpl::doHandleMethodCall() METHOD CALLMethodCallImpl{name='add', address='', params=io.advantageous.qbit.util.MultiMap$1@368b9426, body=[1, 2], timestamp=25890292, id=451, objectName='null', returnAddress='null'}
19:30:07.427 [QueueListener Request Queue test] DEBUG i.a.qbit.service.impl.ServiceImpl - ServiceImpl::receive() 
RESPONSE
ResponseImpl{address='add', params=null, body=3}
FROM CALL
MethodCallImpl{name='add', address='', params=io.advantageous.qbit.util.MultiMap$1@368b9426, body=[1, 2], timestamp=25890292, id=451, objectName='null', returnAddress='null'}


19:30:07.427 [QueueListener Request Queue test] DEBUG i.a.qbit.service.impl.ServiceImpl - ServiceImpl::doHandleMethodCall() METHOD CALLMethodCallImpl{name='add', address='', params=io.advantageous.qbit.util.MultiMap$1@368b9426, body=[1, 2], timestamp=25890292, id=452, objectName='null', returnAddress='null'}
19:30:07.427 [QueueListener Request Queue test] DEBUG i.a.qbit.service.impl.ServiceImpl - ServiceImpl::receive() 
RESPONSE
ResponseImpl{address='add', params=null, body=3}
FROM CALL
MethodCallImpl{name='add', address='', params=io.advantageous.qbit.util.MultiMap$1@368b9426, body=[1, 2], timestamp=25890292, id=452, objectName='null', returnAddress='null'}


19:30:07.427 [QueueListener Request Queue test] DEBUG i.a.qbit.service.impl.ServiceImpl - ServiceImpl::doHandleMethodCall() METHOD CALLMethodCallImpl{name='add', address='', params=io.advantageous.qbit.util.MultiMap$1@368b9426, body=[1, 2], timestamp=25890292, id=453, objectName='null', returnAddress='null'}
19:30:07.427 [QueueListener Request Queue test] DEBUG i.a.qbit.service.impl.ServiceImpl - ServiceImpl::receive() 
RESPONSE
ResponseImpl{address='add', params=null, body=3}
FROM CALL
MethodCallImpl{name='add', address='', params=io.advantageous.qbit.util.MultiMap$1@368b9426, body=[1, 2], timestamp=25890292, id=453, objectName='null', returnAddress='null'}


19:30:07.427 [QueueListener Request Queue test] DEBUG i.a.qbit.service.impl.ServiceImpl - ServiceImpl::doHandleMethodCall() METHOD CALLMethodCallImpl{name='add', address='', params=io.advantageous.qbit.util.MultiMap$1@368b9426, body=[1, 2], timestamp=25890292, id=454, objectName='null', returnAddress='null'}
19:30:07.427 [QueueListener Request Queue test] DEBUG i.a.qbit.service.impl.ServiceImpl - ServiceImpl::receive() 
RESPONSE
ResponseImpl{address='add', params=null, body=3}
FROM CALL
MethodCallImpl{name='add', address='', params=io.advantageous.qbit.util.MultiMap$1@368b9426, body=[1, 2], timestamp=25890292, id=454, objectName='null', returnAddress='null'}


19:30:07.427 [QueueListener Request Queue test] DEBUG i.a.qbit.service.impl.ServiceImpl - ServiceImpl::doHandleMethodCall() METHOD CALLMethodCallImpl{name='add', address='', params=io.advantageous.qbit.util.MultiMap$1@368b9426, body=[1, 2], timestamp=25890292, id=455, objectName='null', returnAddress='null'}
19:30:07.427 [QueueListener Request Queue test] DEBUG i.a.qbit.service.impl.ServiceImpl - ServiceImpl::receive() 
RESPONSE
ResponseImpl{address='add', params=null, body=3}
FROM CALL
MethodCallImpl{name='add', address='', params=io.advantageous.qbit.util.MultiMap$1@368b9426, body=[1, 2], timestamp=25890292, id=455, objectName='null', returnAddress='null'}


Queue Limit 
Queue Empty 
19:30:07.427 [QueueListener Request Queue test] DEBUG i.a.qbit.service.impl.ServiceImpl - ServiceImpl::doHandleMethodCall() METHOD CALLMethodCallImpl{name='add', address='', params=io.advantageous.qbit.util.MultiMap$1@368b9426, body=[1, 2], timestamp=25890292, id=456, objectName='null', returnAddress='null'}
19:30:07.427 [QueueListener Request Queue test] DEBUG i.a.qbit.service.impl.ServiceImpl - ServiceImpl::receive() 
RESPONSE
ResponseImpl{address='add', params=null, body=3}
FROM CALL
MethodCallImpl{name='add', address='', params=io.advantageous.qbit.util.MultiMap$1@368b9426, body=[1, 2], timestamp=25890292, id=456, objectName='null', returnAddress='null'}


19:30:07.427 [QueueListener Request Queue test] DEBUG i.a.qbit.service.impl.ServiceImpl - ServiceImpl::doHandleMethodCall() METHOD CALLMethodCallImpl{name='add', address='', params=io.advantageous.qbit.util.MultiMap$1@368b9426, body=[1, 2], timestamp=25890292, id=457, objectName='null', returnAddress='null'}
19:30:07.427 [QueueListener Request Queue test] DEBUG i.a.qbit.service.impl.ServiceImpl - ServiceImpl::receive() 
RESPONSE
ResponseImpl{address='add', params=null, body=3}
FROM CALL
MethodCallImpl{name='add', address='', params=io.advantageous.qbit.util.MultiMap$1@368b9426, body=[1, 2], timestamp=25890292, id=457, objectName='null', returnAddress='null'}


19:30:07.427 [QueueListener Request Queue test] DEBUG i.a.qbit.service.impl.ServiceImpl - ServiceImpl::doHandleMethodCall() METHOD CALLMethodCallImpl{name='add', address='', params=io.advantageous.qbit.util.MultiMap$1@368b9426, body=[1, 2], timestamp=25890292, id=458, objectName='null', returnAddress='null'}
19:30:07.427 [QueueListener Request Queue test] DEBUG i.a.qbit.service.impl.ServiceImpl - ServiceImpl::receive() 
RESPONSE
ResponseImpl{address='add', params=null, body=3}
FROM CALL
MethodCallImpl{name='add', address='', params=io.advantageous.qbit.util.MultiMap$1@368b9426, body=[1, 2], timestamp=25890292, id=458, objectName='null', returnAddress='null'}


19:30:07.427 [QueueListener Request Queue test] DEBUG i.a.qbit.service.impl.ServiceImpl - ServiceImpl::doHandleMethodCall() METHOD CALLMethodCallImpl{name='add', address='', params=io.advantageous.qbit.util.MultiMap$1@368b9426, body=[1, 2], timestamp=25890292, id=459, objectName='null', returnAddress='null'}
19:30:07.427 [QueueListener Request Queue test] DEBUG i.a.qbit.service.impl.ServiceImpl - ServiceImpl::receive() 
RESPONSE
ResponseImpl{address='add', params=null, body=3}
FROM CALL
MethodCallImpl{name='add', address='', params=io.advantageous.qbit.util.MultiMap$1@368b9426, body=[1, 2], timestamp=25890292, id=459, objectName='null', returnAddress='null'}


19:30:07.427 [QueueListener Request Queue test] DEBUG i.a.qbit.service.impl.ServiceImpl - ServiceImpl::doHandleMethodCall() METHOD CALLMethodCallImpl{name='add', address='', params=io.advantageous.qbit.util.MultiMap$1@368b9426, body=[1, 2], timestamp=25890292, id=460, objectName='null', returnAddress='null'}
19:30:07.427 [QueueListener Request Queue test] DEBUG i.a.qbit.service.impl.ServiceImpl - ServiceImpl::receive() 
RESPONSE
ResponseImpl{address='add', params=null, body=3}
FROM CALL
MethodCallImpl{name='add', address='', params=io.advantageous.qbit.util.MultiMap$1@368b9426, body=[1, 2], timestamp=25890292, id=460, objectName='null', returnAddress='null'}


19:30:07.427 [QueueListener Request Queue test] DEBUG i.a.qbit.service.impl.ServiceImpl - ServiceImpl::doHandleMethodCall() METHOD CALLMethodCallImpl{name='add', address='', params=io.advantageous.qbit.util.MultiMap$1@368b9426, body=[1, 2], timestamp=25890292, id=461, objectName='null', returnAddress='null'}
19:30:07.427 [QueueListener Request Queue test] DEBUG i.a.qbit.service.impl.ServiceImpl - ServiceImpl::receive() 
RESPONSE
ResponseImpl{address='add', params=null, body=3}
FROM CALL
MethodCallImpl{name='add', address='', params=io.advantageous.qbit.util.MultiMap$1@368b9426, body=[1, 2], timestamp=25890292, id=461, objectName='null', returnAddress='null'}


Queue Limit 
Queue Empty 
19:30:07.428 [QueueListener Request Queue test] DEBUG i.a.qbit.service.impl.ServiceImpl - ServiceImpl::doHandleMethodCall() METHOD CALLMethodCallImpl{name='add', address='', params=io.advantageous.qbit.util.MultiMap$1@368b9426, body=[1, 2], timestamp=25890292, id=462, objectName='null', returnAddress='null'}
19:30:07.428 [QueueListener Request Queue test] DEBUG i.a.qbit.service.impl.ServiceImpl - ServiceImpl::receive() 
RESPONSE
ResponseImpl{address='add', params=null, body=3}
FROM CALL
MethodCallImpl{name='add', address='', params=io.advantageous.qbit.util.MultiMap$1@368b9426, body=[1, 2], timestamp=25890292, id=462, objectName='null', returnAddress='null'}


19:30:07.428 [QueueListener Request Queue test] DEBUG i.a.qbit.service.impl.ServiceImpl - ServiceImpl::doHandleMethodCall() METHOD CALLMethodCallImpl{name='add', address='', params=io.advantageous.qbit.util.MultiMap$1@368b9426, body=[1, 2], timestamp=25890292, id=463, objectName='null', returnAddress='null'}
19:30:07.428 [QueueListener Request Queue test] DEBUG i.a.qbit.service.impl.ServiceImpl - ServiceImpl::receive() 
RESPONSE
ResponseImpl{address='add', params=null, body=3}
FROM CALL
MethodCallImpl{name='add', address='', params=io.advantageous.qbit.util.MultiMap$1@368b9426, body=[1, 2], timestamp=25890292, id=463, objectName='null', returnAddress='null'}


19:30:07.428 [QueueListener Request Queue test] DEBUG i.a.qbit.service.impl.ServiceImpl - ServiceImpl::doHandleMethodCall() METHOD CALLMethodCallImpl{name='add', address='', params=io.advantageous.qbit.util.MultiMap$1@368b9426, body=[1, 2], timestamp=25890292, id=464, objectName='null', returnAddress='null'}
19:30:07.428 [QueueListener Request Queue test] DEBUG i.a.qbit.service.impl.ServiceImpl - ServiceImpl::receive() 
RESPONSE
ResponseImpl{address='add', params=null, body=3}
FROM CALL
MethodCallImpl{name='add', address='', params=io.advantageous.qbit.util.MultiMap$1@368b9426, body=[1, 2], timestamp=25890292, id=464, objectName='null', returnAddress='null'}


19:30:07.428 [QueueListener Request Queue test] DEBUG i.a.qbit.service.impl.ServiceImpl - ServiceImpl::doHandleMethodCall() METHOD CALLMethodCallImpl{name='add', address='', params=io.advantageous.qbit.util.MultiMap$1@368b9426, body=[1, 2], timestamp=25890292, id=465, objectName='null', returnAddress='null'}
19:30:07.428 [QueueListener Request Queue test] DEBUG i.a.qbit.service.impl.ServiceImpl - ServiceImpl::receive() 
RESPONSE
ResponseImpl{address='add', params=null, body=3}
FROM CALL
MethodCallImpl{name='add', address='', params=io.advantageous.qbit.util.MultiMap$1@368b9426, body=[1, 2], timestamp=25890292, id=465, objectName='null', returnAddress='null'}


19:30:07.428 [QueueListener Request Queue test] DEBUG i.a.qbit.service.impl.ServiceImpl - ServiceImpl::doHandleMethodCall() METHOD CALLMethodCallImpl{name='add', address='', params=io.advantageous.qbit.util.MultiMap$1@368b9426, body=[1, 2], timestamp=25890292, id=466, objectName='null', returnAddress='null'}
19:30:07.428 [QueueListener Request Queue test] DEBUG i.a.qbit.service.impl.ServiceImpl - ServiceImpl::receive() 
RESPONSE
ResponseImpl{address='add', params=null, body=3}
FROM CALL
MethodCallImpl{name='add', address='', params=io.advantageous.qbit.util.MultiMap$1@368b9426, body=[1, 2], timestamp=25890292, id=466, objectName='null', returnAddress='null'}


19:30:07.428 [QueueListener Request Queue test] DEBUG i.a.qbit.service.impl.ServiceImpl - ServiceImpl::doHandleMethodCall() METHOD CALLMethodCallImpl{name='add', address='', params=io.advantageous.qbit.util.MultiMap$1@368b9426, body=[1, 2], timestamp=25890292, id=467, objectName='null', returnAddress='null'}
19:30:07.428 [QueueListener Request Queue test] DEBUG i.a.qbit.service.impl.ServiceImpl - ServiceImpl::receive() 
RESPONSE
ResponseImpl{address='add', params=null, body=3}
FROM CALL
MethodCallImpl{name='add', address='', params=io.advantageous.qbit.util.MultiMap$1@368b9426, body=[1, 2], timestamp=25890292, id=467, objectName='null', returnAddress='null'}


Queue Limit 
Queue Empty 
19:30:07.428 [QueueListener Request Queue test] DEBUG i.a.qbit.service.impl.ServiceImpl - ServiceImpl::doHandleMethodCall() METHOD CALLMethodCallImpl{name='add', address='', params=io.advantageous.qbit.util.MultiMap$1@368b9426, body=[1, 2], timestamp=25890292, id=468, objectName='null', returnAddress='null'}
19:30:07.428 [QueueListener Request Queue test] DEBUG i.a.qbit.service.impl.ServiceImpl - ServiceImpl::receive() 
RESPONSE
ResponseImpl{address='add', params=null, body=3}
FROM CALL
MethodCallImpl{name='add', address='', params=io.advantageous.qbit.util.MultiMap$1@368b9426, body=[1, 2], timestamp=25890292, id=468, objectName='null', returnAddress='null'}


19:30:07.428 [QueueListener Request Queue test] DEBUG i.a.qbit.service.impl.ServiceImpl - ServiceImpl::doHandleMethodCall() METHOD CALLMethodCallImpl{name='add', address='', params=io.advantageous.qbit.util.MultiMap$1@368b9426, body=[1, 2], timestamp=25890292, id=469, objectName='null', returnAddress='null'}
19:30:07.428 [QueueListener Request Queue test] DEBUG i.a.qbit.service.impl.ServiceImpl - ServiceImpl::receive() 
RESPONSE
ResponseImpl{address='add', params=null, body=3}
FROM CALL
MethodCallImpl{name='add', address='', params=io.advantageous.qbit.util.MultiMap$1@368b9426, body=[1, 2], timestamp=25890292, id=469, objectName='null', returnAddress='null'}


19:30:07.428 [QueueListener Request Queue test] DEBUG i.a.qbit.service.impl.ServiceImpl - ServiceImpl::doHandleMethodCall() METHOD CALLMethodCallImpl{name='add', address='', params=io.advantageous.qbit.util.MultiMap$1@368b9426, body=[1, 2], timestamp=25890292, id=470, objectName='null', returnAddress='null'}
19:30:07.428 [QueueListener Request Queue test] DEBUG i.a.qbit.service.impl.ServiceImpl - ServiceImpl::receive() 
RESPONSE
ResponseImpl{address='add', params=null, body=3}
FROM CALL
MethodCallImpl{name='add', address='', params=io.advantageous.qbit.util.MultiMap$1@368b9426, body=[1, 2], timestamp=25890292, id=470, objectName='null', returnAddress='null'}


19:30:07.428 [QueueListener Request Queue test] DEBUG i.a.qbit.service.impl.ServiceImpl - ServiceImpl::doHandleMethodCall() METHOD CALLMethodCallImpl{name='add', address='', params=io.advantageous.qbit.util.MultiMap$1@368b9426, body=[1, 2], timestamp=25890292, id=471, objectName='null', returnAddress='null'}
19:30:07.428 [QueueListener Request Queue test] DEBUG i.a.qbit.service.impl.ServiceImpl - ServiceImpl::receive() 
RESPONSE
ResponseImpl{address='add', params=null, body=3}
FROM CALL
MethodCallImpl{name='add', address='', params=io.advantageous.qbit.util.MultiMap$1@368b9426, body=[1, 2], timestamp=25890292, id=471, objectName='null', returnAddress='null'}


19:30:07.428 [QueueListener Request Queue test] DEBUG i.a.qbit.service.impl.ServiceImpl - ServiceImpl::doHandleMethodCall() METHOD CALLMethodCallImpl{name='add', address='', params=io.advantageous.qbit.util.MultiMap$1@368b9426, body=[1, 2], timestamp=25890292, id=472, objectName='null', returnAddress='null'}
19:30:07.428 [QueueListener Request Queue test] DEBUG i.a.qbit.service.impl.ServiceImpl - ServiceImpl::receive() 
RESPONSE
ResponseImpl{address='add', params=null, body=3}
FROM CALL
MethodCallImpl{name='add', address='', params=io.advantageous.qbit.util.MultiMap$1@368b9426, body=[1, 2], timestamp=25890292, id=472, objectName='null', returnAddress='null'}


19:30:07.429 [QueueListener Request Queue test] DEBUG i.a.qbit.service.impl.ServiceImpl - ServiceImpl::doHandleMethodCall() METHOD CALLMethodCallImpl{name='add', address='', params=io.advantageous.qbit.util.MultiMap$1@368b9426, body=[1, 2], timestamp=25890292, id=473, objectName='null', returnAddress='null'}
19:30:07.429 [QueueListener Request Queue test] DEBUG i.a.qbit.service.impl.ServiceImpl - ServiceImpl::receive() 
RESPONSE
ResponseImpl{address='add', params=null, body=3}
FROM CALL
MethodCallImpl{name='add', address='', params=io.advantageous.qbit.util.MultiMap$1@368b9426, body=[1, 2], timestamp=25890292, id=473, objectName='null', returnAddress='null'}


Queue Limit 
Queue Empty 
19:30:07.429 [QueueListener Request Queue test] DEBUG i.a.qbit.service.impl.ServiceImpl - ServiceImpl::doHandleMethodCall() METHOD CALLMethodCallImpl{name='add', address='', params=io.advantageous.qbit.util.MultiMap$1@368b9426, body=[1, 2], timestamp=25890292, id=474, objectName='null', returnAddress='null'}
19:30:07.429 [QueueListener Request Queue test] DEBUG i.a.qbit.service.impl.ServiceImpl - ServiceImpl::receive() 
RESPONSE
ResponseImpl{address='add', params=null, body=3}
FROM CALL
MethodCallImpl{name='add', address='', params=io.advantageous.qbit.util.MultiMap$1@368b9426, body=[1, 2], timestamp=25890292, id=474, objectName='null', returnAddress='null'}


19:30:07.429 [QueueListener Request Queue test] DEBUG i.a.qbit.service.impl.ServiceImpl - ServiceImpl::doHandleMethodCall() METHOD CALLMethodCallImpl{name='add', address='', params=io.advantageous.qbit.util.MultiMap$1@368b9426, body=[1, 2], timestamp=25890292, id=475, objectName='null', returnAddress='null'}
19:30:07.429 [QueueListener Request Queue test] DEBUG i.a.qbit.service.impl.ServiceImpl - ServiceImpl::receive() 
RESPONSE
ResponseImpl{address='add', params=null, body=3}
FROM CALL
MethodCallImpl{name='add', address='', params=io.advantageous.qbit.util.MultiMap$1@368b9426, body=[1, 2], timestamp=25890292, id=475, objectName='null', returnAddress='null'}


19:30:07.429 [QueueListener Request Queue test] DEBUG i.a.qbit.service.impl.ServiceImpl - ServiceImpl::doHandleMethodCall() METHOD CALLMethodCallImpl{name='add', address='', params=io.advantageous.qbit.util.MultiMap$1@368b9426, body=[1, 2], timestamp=25890292, id=476, objectName='null', returnAddress='null'}
19:30:07.429 [QueueListener Request Queue test] DEBUG i.a.qbit.service.impl.ServiceImpl - ServiceImpl::receive() 
RESPONSE
ResponseImpl{address='add', params=null, body=3}
FROM CALL
MethodCallImpl{name='add', address='', params=io.advantageous.qbit.util.MultiMap$1@368b9426, body=[1, 2], timestamp=25890292, id=476, objectName='null', returnAddress='null'}


19:30:07.429 [QueueListener Request Queue test] DEBUG i.a.qbit.service.impl.ServiceImpl - ServiceImpl::doHandleMethodCall() METHOD CALLMethodCallImpl{name='add', address='', params=io.advantageous.qbit.util.MultiMap$1@368b9426, body=[1, 2], timestamp=25890292, id=477, objectName='null', returnAddress='null'}
19:30:07.429 [QueueListener Request Queue test] DEBUG i.a.qbit.service.impl.ServiceImpl - ServiceImpl::receive() 
RESPONSE
ResponseImpl{address='add', params=null, body=3}
FROM CALL
MethodCallImpl{name='add', address='', params=io.advantageous.qbit.util.MultiMap$1@368b9426, body=[1, 2], timestamp=25890292, id=477, objectName='null', returnAddress='null'}


19:30:07.429 [QueueListener Request Queue test] DEBUG i.a.qbit.service.impl.ServiceImpl - ServiceImpl::doHandleMethodCall() METHOD CALLMethodCallImpl{name='add', address='', params=io.advantageous.qbit.util.MultiMap$1@368b9426, body=[1, 2], timestamp=25890292, id=478, objectName='null', returnAddress='null'}
19:30:07.429 [QueueListener Request Queue test] DEBUG i.a.qbit.service.impl.ServiceImpl - ServiceImpl::receive() 
RESPONSE
ResponseImpl{address='add', params=null, body=3}
FROM CALL
MethodCallImpl{name='add', address='', params=io.advantageous.qbit.util.MultiMap$1@368b9426, body=[1, 2], timestamp=25890292, id=478, objectName='null', returnAddress='null'}


19:30:07.429 [QueueListener Request Queue test] DEBUG i.a.qbit.service.impl.ServiceImpl - ServiceImpl::doHandleMethodCall() METHOD CALLMethodCallImpl{name='add', address='', params=io.advantageous.qbit.util.MultiMap$1@368b9426, body=[1, 2], timestamp=25890292, id=479, objectName='null', returnAddress='null'}
19:30:07.429 [QueueListener Request Queue test] DEBUG i.a.qbit.service.impl.ServiceImpl - ServiceImpl::receive() 
RESPONSE
ResponseImpl{address='add', params=null, body=3}
FROM CALL
MethodCallImpl{name='add', address='', params=io.advantageous.qbit.util.MultiMap$1@368b9426, body=[1, 2], timestamp=25890292, id=479, objectName='null', returnAddress='null'}


Queue Limit 
Queue Empty 
19:30:07.429 [QueueListener Request Queue test] DEBUG i.a.qbit.service.impl.ServiceImpl - ServiceImpl::doHandleMethodCall() METHOD CALLMethodCallImpl{name='add', address='', params=io.advantageous.qbit.util.MultiMap$1@368b9426, body=[1, 2], timestamp=25890292, id=480, objectName='null', returnAddress='null'}
19:30:07.429 [QueueListener Request Queue test] DEBUG i.a.qbit.service.impl.ServiceImpl - ServiceImpl::receive() 
RESPONSE
ResponseImpl{address='add', params=null, body=3}
FROM CALL
MethodCallImpl{name='add', address='', params=io.advantageous.qbit.util.MultiMap$1@368b9426, body=[1, 2], timestamp=25890292, id=480, objectName='null', returnAddress='null'}


19:30:07.429 [QueueListener Request Queue test] DEBUG i.a.qbit.service.impl.ServiceImpl - ServiceImpl::doHandleMethodCall() METHOD CALLMethodCallImpl{name='add', address='', params=io.advantageous.qbit.util.MultiMap$1@368b9426, body=[1, 2], timestamp=25890292, id=481, objectName='null', returnAddress='null'}
19:30:07.429 [QueueListener Request Queue test] DEBUG i.a.qbit.service.impl.ServiceImpl - ServiceImpl::receive() 
RESPONSE
ResponseImpl{address='add', params=null, body=3}
FROM CALL
MethodCallImpl{name='add', address='', params=io.advantageous.qbit.util.MultiMap$1@368b9426, body=[1, 2], timestamp=25890292, id=481, objectName='null', returnAddress='null'}


19:30:07.429 [QueueListener Request Queue test] DEBUG i.a.qbit.service.impl.ServiceImpl - ServiceImpl::doHandleMethodCall() METHOD CALLMethodCallImpl{name='add', address='', params=io.advantageous.qbit.util.MultiMap$1@368b9426, body=[1, 2], timestamp=25890292, id=482, objectName='null', returnAddress='null'}
19:30:07.429 [QueueListener Request Queue test] DEBUG i.a.qbit.service.impl.ServiceImpl - ServiceImpl::receive() 
RESPONSE
ResponseImpl{address='add', params=null, body=3}
FROM CALL
MethodCallImpl{name='add', address='', params=io.advantageous.qbit.util.MultiMap$1@368b9426, body=[1, 2], timestamp=25890292, id=482, objectName='null', returnAddress='null'}


19:30:07.429 [QueueListener Request Queue test] DEBUG i.a.qbit.service.impl.ServiceImpl - ServiceImpl::doHandleMethodCall() METHOD CALLMethodCallImpl{name='add', address='', params=io.advantageous.qbit.util.MultiMap$1@368b9426, body=[1, 2], timestamp=25890292, id=483, objectName='null', returnAddress='null'}
19:30:07.429 [QueueListener Request Queue test] DEBUG i.a.qbit.service.impl.ServiceImpl - ServiceImpl::receive() 
RESPONSE
ResponseImpl{address='add', params=null, body=3}
FROM CALL
MethodCallImpl{name='add', address='', params=io.advantageous.qbit.util.MultiMap$1@368b9426, body=[1, 2], timestamp=25890292, id=483, objectName='null', returnAddress='null'}


19:30:07.429 [QueueListener Request Queue test] DEBUG i.a.qbit.service.impl.ServiceImpl - ServiceImpl::doHandleMethodCall() METHOD CALLMethodCallImpl{name='add', address='', params=io.advantageous.qbit.util.MultiMap$1@368b9426, body=[1, 2], timestamp=25890292, id=484, objectName='null', returnAddress='null'}
19:30:07.429 [QueueListener Request Queue test] DEBUG i.a.qbit.service.impl.ServiceImpl - ServiceImpl::receive() 
RESPONSE
ResponseImpl{address='add', params=null, body=3}
FROM CALL
MethodCallImpl{name='add', address='', params=io.advantageous.qbit.util.MultiMap$1@368b9426, body=[1, 2], timestamp=25890292, id=484, objectName='null', returnAddress='null'}


19:30:07.430 [QueueListener Request Queue test] DEBUG i.a.qbit.service.impl.ServiceImpl - ServiceImpl::doHandleMethodCall() METHOD CALLMethodCallImpl{name='add', address='', params=io.advantageous.qbit.util.MultiMap$1@368b9426, body=[1, 2], timestamp=25890292, id=485, objectName='null', returnAddress='null'}
19:30:07.430 [QueueListener Request Queue test] DEBUG i.a.qbit.service.impl.ServiceImpl - ServiceImpl::receive() 
RESPONSE
ResponseImpl{address='add', params=null, body=3}
FROM CALL
MethodCallImpl{name='add', address='', params=io.advantageous.qbit.util.MultiMap$1@368b9426, body=[1, 2], timestamp=25890292, id=485, objectName='null', returnAddress='null'}


Queue Limit 
Queue Empty 
19:30:07.430 [QueueListener Request Queue test] DEBUG i.a.qbit.service.impl.ServiceImpl - ServiceImpl::doHandleMethodCall() METHOD CALLMethodCallImpl{name='add', address='', params=io.advantageous.qbit.util.MultiMap$1@368b9426, body=[1, 2], timestamp=25890292, id=486, objectName='null', returnAddress='null'}
19:30:07.430 [QueueListener Request Queue test] DEBUG i.a.qbit.service.impl.ServiceImpl - ServiceImpl::receive() 
RESPONSE
ResponseImpl{address='add', params=null, body=3}
FROM CALL
MethodCallImpl{name='add', address='', params=io.advantageous.qbit.util.MultiMap$1@368b9426, body=[1, 2], timestamp=25890292, id=486, objectName='null', returnAddress='null'}


19:30:07.430 [QueueListener Request Queue test] DEBUG i.a.qbit.service.impl.ServiceImpl - ServiceImpl::doHandleMethodCall() METHOD CALLMethodCallImpl{name='add', address='', params=io.advantageous.qbit.util.MultiMap$1@368b9426, body=[1, 2], timestamp=25890292, id=487, objectName='null', returnAddress='null'}
19:30:07.430 [QueueListener Request Queue test] DEBUG i.a.qbit.service.impl.ServiceImpl - ServiceImpl::receive() 
RESPONSE
ResponseImpl{address='add', params=null, body=3}
FROM CALL
MethodCallImpl{name='add', address='', params=io.advantageous.qbit.util.MultiMap$1@368b9426, body=[1, 2], timestamp=25890292, id=487, objectName='null', returnAddress='null'}


19:30:07.430 [QueueListener Request Queue test] DEBUG i.a.qbit.service.impl.ServiceImpl - ServiceImpl::doHandleMethodCall() METHOD CALLMethodCallImpl{name='add', address='', params=io.advantageous.qbit.util.MultiMap$1@368b9426, body=[1, 2], timestamp=25890292, id=488, objectName='null', returnAddress='null'}
19:30:07.430 [QueueListener Request Queue test] DEBUG i.a.qbit.service.impl.ServiceImpl - ServiceImpl::receive() 
RESPONSE
ResponseImpl{address='add', params=null, body=3}
FROM CALL
MethodCallImpl{name='add', address='', params=io.advantageous.qbit.util.MultiMap$1@368b9426, body=[1, 2], timestamp=25890292, id=488, objectName='null', returnAddress='null'}


19:30:07.430 [QueueListener Request Queue test] DEBUG i.a.qbit.service.impl.ServiceImpl - ServiceImpl::doHandleMethodCall() METHOD CALLMethodCallImpl{name='add', address='', params=io.advantageous.qbit.util.MultiMap$1@368b9426, body=[1, 2], timestamp=25890292, id=489, objectName='null', returnAddress='null'}
19:30:07.430 [QueueListener Request Queue test] DEBUG i.a.qbit.service.impl.ServiceImpl - ServiceImpl::receive() 
RESPONSE
ResponseImpl{address='add', params=null, body=3}
FROM CALL
MethodCallImpl{name='add', address='', params=io.advantageous.qbit.util.MultiMap$1@368b9426, body=[1, 2], timestamp=25890292, id=489, objectName='null', returnAddress='null'}


19:30:07.430 [QueueListener Request Queue test] DEBUG i.a.qbit.service.impl.ServiceImpl - ServiceImpl::doHandleMethodCall() METHOD CALLMethodCallImpl{name='add', address='', params=io.advantageous.qbit.util.MultiMap$1@368b9426, body=[1, 2], timestamp=25890292, id=490, objectName='null', returnAddress='null'}
19:30:07.430 [QueueListener Request Queue test] DEBUG i.a.qbit.service.impl.ServiceImpl - ServiceImpl::receive() 
RESPONSE
ResponseImpl{address='add', params=null, body=3}
FROM CALL
MethodCallImpl{name='add', address='', params=io.advantageous.qbit.util.MultiMap$1@368b9426, body=[1, 2], timestamp=25890292, id=490, objectName='null', returnAddress='null'}


19:30:07.430 [QueueListener Request Queue test] DEBUG i.a.qbit.service.impl.ServiceImpl - ServiceImpl::doHandleMethodCall() METHOD CALLMethodCallImpl{name='add', address='', params=io.advantageous.qbit.util.MultiMap$1@368b9426, body=[1, 2], timestamp=25890292, id=491, objectName='null', returnAddress='null'}
19:30:07.430 [QueueListener Request Queue test] DEBUG i.a.qbit.service.impl.ServiceImpl - ServiceImpl::receive() 
RESPONSE
ResponseImpl{address='add', params=null, body=3}
FROM CALL
MethodCallImpl{name='add', address='', params=io.advantageous.qbit.util.MultiMap$1@368b9426, body=[1, 2], timestamp=25890292, id=491, objectName='null', returnAddress='null'}


Queue Limit 
Queue Empty 
19:30:07.430 [QueueListener Request Queue test] DEBUG i.a.qbit.service.impl.ServiceImpl - ServiceImpl::doHandleMethodCall() METHOD CALLMethodCallImpl{name='add', address='', params=io.advantageous.qbit.util.MultiMap$1@368b9426, body=[1, 2], timestamp=25890292, id=492, objectName='null', returnAddress='null'}
19:30:07.430 [QueueListener Request Queue test] DEBUG i.a.qbit.service.impl.ServiceImpl - ServiceImpl::receive() 
RESPONSE
ResponseImpl{address='add', params=null, body=3}
FROM CALL
MethodCallImpl{name='add', address='', params=io.advantageous.qbit.util.MultiMap$1@368b9426, body=[1, 2], timestamp=25890292, id=492, objectName='null', returnAddress='null'}


19:30:07.430 [QueueListener Request Queue test] DEBUG i.a.qbit.service.impl.ServiceImpl - ServiceImpl::doHandleMethodCall() METHOD CALLMethodCallImpl{name='add', address='', params=io.advantageous.qbit.util.MultiMap$1@368b9426, body=[1, 2], timestamp=25890292, id=493, objectName='null', returnAddress='null'}
19:30:07.430 [QueueListener Request Queue test] DEBUG i.a.qbit.service.impl.ServiceImpl - ServiceImpl::receive() 
RESPONSE
ResponseImpl{address='add', params=null, body=3}
FROM CALL
MethodCallImpl{name='add', address='', params=io.advantageous.qbit.util.MultiMap$1@368b9426, body=[1, 2], timestamp=25890292, id=493, objectName='null', returnAddress='null'}


19:30:07.430 [QueueListener Request Queue test] DEBUG i.a.qbit.service.impl.ServiceImpl - ServiceImpl::doHandleMethodCall() METHOD CALLMethodCallImpl{name='add', address='', params=io.advantageous.qbit.util.MultiMap$1@368b9426, body=[1, 2], timestamp=25890292, id=494, objectName='null', returnAddress='null'}
19:30:07.430 [QueueListener Request Queue test] DEBUG i.a.qbit.service.impl.ServiceImpl - ServiceImpl::receive() 
RESPONSE
ResponseImpl{address='add', params=null, body=3}
FROM CALL
MethodCallImpl{name='add', address='', params=io.advantageous.qbit.util.MultiMap$1@368b9426, body=[1, 2], timestamp=25890292, id=494, objectName='null', returnAddress='null'}


19:30:07.430 [QueueListener Request Queue test] DEBUG i.a.qbit.service.impl.ServiceImpl - ServiceImpl::doHandleMethodCall() METHOD CALLMethodCallImpl{name='add', address='', params=io.advantageous.qbit.util.MultiMap$1@368b9426, body=[1, 2], timestamp=25890292, id=495, objectName='null', returnAddress='null'}
19:30:07.430 [QueueListener Request Queue test] DEBUG i.a.qbit.service.impl.ServiceImpl - ServiceImpl::receive() 
RESPONSE
ResponseImpl{address='add', params=null, body=3}
FROM CALL
MethodCallImpl{name='add', address='', params=io.advantageous.qbit.util.MultiMap$1@368b9426, body=[1, 2], timestamp=25890292, id=495, objectName='null', returnAddress='null'}


19:30:07.430 [QueueListener Request Queue test] DEBUG i.a.qbit.service.impl.ServiceImpl - ServiceImpl::doHandleMethodCall() METHOD CALLMethodCallImpl{name='add', address='', params=io.advantageous.qbit.util.MultiMap$1@368b9426, body=[1, 2], timestamp=25890292, id=496, objectName='null', returnAddress='null'}
19:30:07.431 [QueueListener Request Queue test] DEBUG i.a.qbit.service.impl.ServiceImpl - ServiceImpl::receive() 
RESPONSE
ResponseImpl{address='add', params=null, body=3}
FROM CALL
MethodCallImpl{name='add', address='', params=io.advantageous.qbit.util.MultiMap$1@368b9426, body=[1, 2], timestamp=25890292, id=496, objectName='null', returnAddress='null'}


19:30:07.431 [QueueListener Request Queue test] DEBUG i.a.qbit.service.impl.ServiceImpl - ServiceImpl::doHandleMethodCall() METHOD CALLMethodCallImpl{name='add', address='', params=io.advantageous.qbit.util.MultiMap$1@368b9426, body=[1, 2], timestamp=25890292, id=497, objectName='null', returnAddress='null'}
19:30:07.431 [QueueListener Request Queue test] DEBUG i.a.qbit.service.impl.ServiceImpl - ServiceImpl::receive() 
RESPONSE
ResponseImpl{address='add', params=null, body=3}
FROM CALL
MethodCallImpl{name='add', address='', params=io.advantageous.qbit.util.MultiMap$1@368b9426, body=[1, 2], timestamp=25890292, id=497, objectName='null', returnAddress='null'}


Queue Limit 
Queue Empty 
19:30:07.431 [QueueListener Request Queue test] DEBUG i.a.qbit.service.impl.ServiceImpl - ServiceImpl::doHandleMethodCall() METHOD CALLMethodCallImpl{name='add', address='', params=io.advantageous.qbit.util.MultiMap$1@368b9426, body=[1, 2], timestamp=25890292, id=498, objectName='null', returnAddress='null'}
19:30:07.431 [QueueListener Request Queue test] DEBUG i.a.qbit.service.impl.ServiceImpl - ServiceImpl::receive() 
RESPONSE
ResponseImpl{address='add', params=null, body=3}
FROM CALL
MethodCallImpl{name='add', address='', params=io.advantageous.qbit.util.MultiMap$1@368b9426, body=[1, 2], timestamp=25890292, id=498, objectName='null', returnAddress='null'}


19:30:07.431 [QueueListener Request Queue test] DEBUG i.a.qbit.service.impl.ServiceImpl - ServiceImpl::doHandleMethodCall() METHOD CALLMethodCallImpl{name='add', address='', params=io.advantageous.qbit.util.MultiMap$1@368b9426, body=[1, 2], timestamp=25890292, id=499, objectName='null', returnAddress='null'}
19:30:07.431 [QueueListener Request Queue test] DEBUG i.a.qbit.service.impl.ServiceImpl - ServiceImpl::receive() 
RESPONSE
ResponseImpl{address='add', params=null, body=3}
FROM CALL
MethodCallImpl{name='add', address='', params=io.advantageous.qbit.util.MultiMap$1@368b9426, body=[1, 2], timestamp=25890292, id=499, objectName='null', returnAddress='null'}


19:30:07.431 [QueueListener Request Queue test] DEBUG i.a.qbit.service.impl.ServiceImpl - ServiceImpl::doHandleMethodCall() METHOD CALLMethodCallImpl{name='add', address='', params=io.advantageous.qbit.util.MultiMap$1@368b9426, body=[1, 2], timestamp=25890292, id=500, objectName='null', returnAddress='null'}
19:30:07.431 [QueueListener Request Queue test] DEBUG i.a.qbit.service.impl.ServiceImpl - ServiceImpl::receive() 
RESPONSE
ResponseImpl{address='add', params=null, body=3}
FROM CALL
MethodCallImpl{name='add', address='', params=io.advantageous.qbit.util.MultiMap$1@368b9426, body=[1, 2], timestamp=25890292, id=500, objectName='null', returnAddress='null'}


19:30:07.431 [QueueListener Request Queue test] DEBUG i.a.qbit.service.impl.ServiceImpl - ServiceImpl::doHandleMethodCall() METHOD CALLMethodCallImpl{name='add', address='', params=io.advantageous.qbit.util.MultiMap$1@368b9426, body=[1, 2], timestamp=25890292, id=501, objectName='null', returnAddress='null'}
19:30:07.431 [QueueListener Request Queue test] DEBUG i.a.qbit.service.impl.ServiceImpl - ServiceImpl::receive() 
RESPONSE
ResponseImpl{address='add', params=null, body=3}
FROM CALL
MethodCallImpl{name='add', address='', params=io.advantageous.qbit.util.MultiMap$1@368b9426, body=[1, 2], timestamp=25890292, id=501, objectName='null', returnAddress='null'}


19:30:07.431 [QueueListener Request Queue test] DEBUG i.a.qbit.service.impl.ServiceImpl - ServiceImpl::doHandleMethodCall() METHOD CALLMethodCallImpl{name='add', address='', params=io.advantageous.qbit.util.MultiMap$1@368b9426, body=[1, 2], timestamp=25890292, id=502, objectName='null', returnAddress='null'}
19:30:07.431 [QueueListener Request Queue test] DEBUG i.a.qbit.service.impl.ServiceImpl - ServiceImpl::receive() 
RESPONSE
ResponseImpl{address='add', params=null, body=3}
FROM CALL
MethodCallImpl{name='add', address='', params=io.advantageous.qbit.util.MultiMap$1@368b9426, body=[1, 2], timestamp=25890292, id=502, objectName='null', returnAddress='null'}


19:30:07.431 [QueueListener Request Queue test] DEBUG i.a.qbit.service.impl.ServiceImpl - ServiceImpl::doHandleMethodCall() METHOD CALLMethodCallImpl{name='add', address='', params=io.advantageous.qbit.util.MultiMap$1@368b9426, body=[1, 2], timestamp=25890292, id=503, objectName='null', returnAddress='null'}
19:30:07.431 [QueueListener Request Queue test] DEBUG i.a.qbit.service.impl.ServiceImpl - ServiceImpl::receive() 
RESPONSE
ResponseImpl{address='add', params=null, body=3}
FROM CALL
MethodCallImpl{name='add', address='', params=io.advantageous.qbit.util.MultiMap$1@368b9426, body=[1, 2], timestamp=25890292, id=503, objectName='null', returnAddress='null'}


Queue Limit 
Queue Empty 
19:30:07.431 [QueueListener Request Queue test] DEBUG i.a.qbit.service.impl.ServiceImpl - ServiceImpl::doHandleMethodCall() METHOD CALLMethodCallImpl{name='add', address='', params=io.advantageous.qbit.util.MultiMap$1@368b9426, body=[1, 2], timestamp=25890292, id=504, objectName='null', returnAddress='null'}
19:30:07.431 [QueueListener Request Queue test] DEBUG i.a.qbit.service.impl.ServiceImpl - ServiceImpl::receive() 
RESPONSE
ResponseImpl{address='add', params=null, body=3}
FROM CALL
MethodCallImpl{name='add', address='', params=io.advantageous.qbit.util.MultiMap$1@368b9426, body=[1, 2], timestamp=25890292, id=504, objectName='null', returnAddress='null'}


19:30:07.432 [QueueListener Request Queue test] DEBUG i.a.qbit.service.impl.ServiceImpl - ServiceImpl::doHandleMethodCall() METHOD CALLMethodCallImpl{name='add', address='', params=io.advantageous.qbit.util.MultiMap$1@368b9426, body=[1, 2], timestamp=25890292, id=505, objectName='null', returnAddress='null'}
19:30:07.432 [QueueListener Request Queue test] DEBUG i.a.qbit.service.impl.ServiceImpl - ServiceImpl::receive() 
RESPONSE
ResponseImpl{address='add', params=null, body=3}
FROM CALL
MethodCallImpl{name='add', address='', params=io.advantageous.qbit.util.MultiMap$1@368b9426, body=[1, 2], timestamp=25890292, id=505, objectName='null', returnAddress='null'}


19:30:07.434 [QueueListener Request Queue test] DEBUG i.a.qbit.service.impl.ServiceImpl - ServiceImpl::doHandleMethodCall() METHOD CALLMethodCallImpl{name='add', address='', params=io.advantageous.qbit.util.MultiMap$1@368b9426, body=[1, 2], timestamp=25890292, id=506, objectName='null', returnAddress='null'}
19:30:07.435 [QueueListener Request Queue test] DEBUG i.a.qbit.service.impl.ServiceImpl - ServiceImpl::receive() 
RESPONSE
ResponseImpl{address='add', params=null, body=3}
FROM CALL
MethodCallImpl{name='add', address='', params=io.advantageous.qbit.util.MultiMap$1@368b9426, body=[1, 2], timestamp=25890292, id=506, objectName='null', returnAddress='null'}


19:30:07.435 [QueueListener Request Queue test] DEBUG i.a.qbit.service.impl.ServiceImpl - ServiceImpl::doHandleMethodCall() METHOD CALLMethodCallImpl{name='add', address='', params=io.advantageous.qbit.util.MultiMap$1@368b9426, body=[1, 2], timestamp=25890292, id=507, objectName='null', returnAddress='null'}
19:30:07.435 [QueueListener Request Queue test] DEBUG i.a.qbit.service.impl.ServiceImpl - ServiceImpl::receive() 
RESPONSE
ResponseImpl{address='add', params=null, body=3}
FROM CALL
MethodCallImpl{name='add', address='', params=io.advantageous.qbit.util.MultiMap$1@368b9426, body=[1, 2], timestamp=25890292, id=507, objectName='null', returnAddress='null'}


19:30:07.435 [QueueListener Request Queue test] DEBUG i.a.qbit.service.impl.ServiceImpl - ServiceImpl::doHandleMethodCall() METHOD CALLMethodCallImpl{name='add', address='', params=io.advantageous.qbit.util.MultiMap$1@368b9426, body=[1, 2], timestamp=25890292, id=508, objectName='null', returnAddress='null'}
19:30:07.435 [QueueListener Request Queue test] DEBUG i.a.qbit.service.impl.ServiceImpl - ServiceImpl::receive() 
RESPONSE
ResponseImpl{address='add', params=null, body=3}
FROM CALL
MethodCallImpl{name='add', address='', params=io.advantageous.qbit.util.MultiMap$1@368b9426, body=[1, 2], timestamp=25890292, id=508, objectName='null', returnAddress='null'}


19:30:07.435 [QueueListener Request Queue test] DEBUG i.a.qbit.service.impl.ServiceImpl - ServiceImpl::doHandleMethodCall() METHOD CALLMethodCallImpl{name='add', address='', params=io.advantageous.qbit.util.MultiMap$1@368b9426, body=[1, 2], timestamp=25890292, id=509, objectName='null', returnAddress='null'}
19:30:07.435 [QueueListener Request Queue test] DEBUG i.a.qbit.service.impl.ServiceImpl - ServiceImpl::receive() 
RESPONSE
ResponseImpl{address='add', params=null, body=3}
FROM CALL
MethodCallImpl{name='add', address='', params=io.advantageous.qbit.util.MultiMap$1@368b9426, body=[1, 2], timestamp=25890292, id=509, objectName='null', returnAddress='null'}


Queue Limit 
Queue Empty 
19:30:07.435 [QueueListener Request Queue test] DEBUG i.a.qbit.service.impl.ServiceImpl - ServiceImpl::doHandleMethodCall() METHOD CALLMethodCallImpl{name='add', address='', params=io.advantageous.qbit.util.MultiMap$1@368b9426, body=[1, 2], timestamp=25890292, id=510, objectName='null', returnAddress='null'}
19:30:07.435 [QueueListener Request Queue test] DEBUG i.a.qbit.service.impl.ServiceImpl - ServiceImpl::receive() 
RESPONSE
ResponseImpl{address='add', params=null, body=3}
FROM CALL
MethodCallImpl{name='add', address='', params=io.advantageous.qbit.util.MultiMap$1@368b9426, body=[1, 2], timestamp=25890292, id=510, objectName='null', returnAddress='null'}


19:30:07.436 [QueueListener Request Queue test] DEBUG i.a.qbit.service.impl.ServiceImpl - ServiceImpl::doHandleMethodCall() METHOD CALLMethodCallImpl{name='add', address='', params=io.advantageous.qbit.util.MultiMap$1@368b9426, body=[1, 2], timestamp=25890292, id=511, objectName='null', returnAddress='null'}
19:30:07.436 [QueueListener Request Queue test] DEBUG i.a.qbit.service.impl.ServiceImpl - ServiceImpl::receive() 
RESPONSE
ResponseImpl{address='add', params=null, body=3}
FROM CALL
MethodCallImpl{name='add', address='', params=io.advantageous.qbit.util.MultiMap$1@368b9426, body=[1, 2], timestamp=25890292, id=511, objectName='null', returnAddress='null'}


19:30:07.436 [QueueListener Request Queue test] DEBUG i.a.qbit.service.impl.ServiceImpl - ServiceImpl::doHandleMethodCall() METHOD CALLMethodCallImpl{name='add', address='', params=io.advantageous.qbit.util.MultiMap$1@368b9426, body=[1, 2], timestamp=25890292, id=512, objectName='null', returnAddress='null'}
19:30:07.436 [QueueListener Request Queue test] DEBUG i.a.qbit.service.impl.ServiceImpl - ServiceImpl::receive() 
RESPONSE
ResponseImpl{address='add', params=null, body=3}
FROM CALL
MethodCallImpl{name='add', address='', params=io.advantageous.qbit.util.MultiMap$1@368b9426, body=[1, 2], timestamp=25890292, id=512, objectName='null', returnAddress='null'}


19:30:07.436 [QueueListener Request Queue test] DEBUG i.a.qbit.service.impl.ServiceImpl - ServiceImpl::doHandleMethodCall() METHOD CALLMethodCallImpl{name='add', address='', params=io.advantageous.qbit.util.MultiMap$1@368b9426, body=[1, 2], timestamp=25890292, id=513, objectName='null', returnAddress='null'}
19:30:07.436 [QueueListener Request Queue test] DEBUG i.a.qbit.service.impl.ServiceImpl - ServiceImpl::receive() 
RESPONSE
ResponseImpl{address='add', params=null, body=3}
FROM CALL
MethodCallImpl{name='add', address='', params=io.advantageous.qbit.util.MultiMap$1@368b9426, body=[1, 2], timestamp=25890292, id=513, objectName='null', returnAddress='null'}


19:30:07.436 [QueueListener Request Queue test] DEBUG i.a.qbit.service.impl.ServiceImpl - ServiceImpl::doHandleMethodCall() METHOD CALLMethodCallImpl{name='add', address='', params=io.advantageous.qbit.util.MultiMap$1@368b9426, body=[1, 2], timestamp=25890292, id=514, objectName='null', returnAddress='null'}
19:30:07.436 [QueueListener Request Queue test] DEBUG i.a.qbit.service.impl.ServiceImpl - ServiceImpl::receive() 
RESPONSE
ResponseImpl{address='add', params=null, body=3}
FROM CALL
MethodCallImpl{name='add', address='', params=io.advantageous.qbit.util.MultiMap$1@368b9426, body=[1, 2], timestamp=25890292, id=514, objectName='null', returnAddress='null'}


19:30:07.436 [QueueListener Request Queue test] DEBUG i.a.qbit.service.impl.ServiceImpl - ServiceImpl::doHandleMethodCall() METHOD CALLMethodCallImpl{name='add', address='', params=io.advantageous.qbit.util.MultiMap$1@368b9426, body=[1, 2], timestamp=25890292, id=515, objectName='null', returnAddress='null'}
19:30:07.436 [QueueListener Request Queue test] DEBUG i.a.qbit.service.impl.ServiceImpl - ServiceImpl::receive() 
RESPONSE
ResponseImpl{address='add', params=null, body=3}
FROM CALL
MethodCallImpl{name='add', address='', params=io.advantageous.qbit.util.MultiMap$1@368b9426, body=[1, 2], timestamp=25890292, id=515, objectName='null', returnAddress='null'}


Queue Limit 
Queue Empty 
19:30:07.436 [QueueListener Request Queue test] DEBUG i.a.qbit.service.impl.ServiceImpl - ServiceImpl::doHandleMethodCall() METHOD CALLMethodCallImpl{name='add', address='', params=io.advantageous.qbit.util.MultiMap$1@368b9426, body=[1, 2], timestamp=25890292, id=516, objectName='null', returnAddress='null'}
19:30:07.436 [QueueListener Request Queue test] DEBUG i.a.qbit.service.impl.ServiceImpl - ServiceImpl::receive() 
RESPONSE
ResponseImpl{address='add', params=null, body=3}
FROM CALL
MethodCallImpl{name='add', address='', params=io.advantageous.qbit.util.MultiMap$1@368b9426, body=[1, 2], timestamp=25890292, id=516, objectName='null', returnAddress='null'}


19:30:07.436 [QueueListener Request Queue test] DEBUG i.a.qbit.service.impl.ServiceImpl - ServiceImpl::doHandleMethodCall() METHOD CALLMethodCallImpl{name='add', address='', params=io.advantageous.qbit.util.MultiMap$1@368b9426, body=[1, 2], timestamp=25890292, id=517, objectName='null', returnAddress='null'}
19:30:07.436 [QueueListener Request Queue test] DEBUG i.a.qbit.service.impl.ServiceImpl - ServiceImpl::receive() 
RESPONSE
ResponseImpl{address='add', params=null, body=3}
FROM CALL
MethodCallImpl{name='add', address='', params=io.advantageous.qbit.util.MultiMap$1@368b9426, body=[1, 2], timestamp=25890292, id=517, objectName='null', returnAddress='null'}


19:30:07.436 [QueueListener Request Queue test] DEBUG i.a.qbit.service.impl.ServiceImpl - ServiceImpl::doHandleMethodCall() METHOD CALLMethodCallImpl{name='add', address='', params=io.advantageous.qbit.util.MultiMap$1@368b9426, body=[1, 2], timestamp=25890292, id=518, objectName='null', returnAddress='null'}
19:30:07.436 [QueueListener Request Queue test] DEBUG i.a.qbit.service.impl.ServiceImpl - ServiceImpl::receive() 
RESPONSE
ResponseImpl{address='add', params=null, body=3}
FROM CALL
MethodCallImpl{name='add', address='', params=io.advantageous.qbit.util.MultiMap$1@368b9426, body=[1, 2], timestamp=25890292, id=518, objectName='null', returnAddress='null'}


19:30:07.436 [QueueListener Request Queue test] DEBUG i.a.qbit.service.impl.ServiceImpl - ServiceImpl::doHandleMethodCall() METHOD CALLMethodCallImpl{name='add', address='', params=io.advantageous.qbit.util.MultiMap$1@368b9426, body=[1, 2], timestamp=25890292, id=519, objectName='null', returnAddress='null'}
19:30:07.436 [QueueListener Request Queue test] DEBUG i.a.qbit.service.impl.ServiceImpl - ServiceImpl::receive() 
RESPONSE
ResponseImpl{address='add', params=null, body=3}
FROM CALL
MethodCallImpl{name='add', address='', params=io.advantageous.qbit.util.MultiMap$1@368b9426, body=[1, 2], timestamp=25890292, id=519, objectName='null', returnAddress='null'}


19:30:07.436 [QueueListener Request Queue test] DEBUG i.a.qbit.service.impl.ServiceImpl - ServiceImpl::doHandleMethodCall() METHOD CALLMethodCallImpl{name='add', address='', params=io.advantageous.qbit.util.MultiMap$1@368b9426, body=[1, 2], timestamp=25890292, id=520, objectName='null', returnAddress='null'}
19:30:07.437 [QueueListener Request Queue test] DEBUG i.a.qbit.service.impl.ServiceImpl - ServiceImpl::receive() 
RESPONSE
ResponseImpl{address='add', params=null, body=3}
FROM CALL
MethodCallImpl{name='add', address='', params=io.advantageous.qbit.util.MultiMap$1@368b9426, body=[1, 2], timestamp=25890292, id=520, objectName='null', returnAddress='null'}


19:30:07.437 [QueueListener Request Queue test] DEBUG i.a.qbit.service.impl.ServiceImpl - ServiceImpl::doHandleMethodCall() METHOD CALLMethodCallImpl{name='add', address='', params=io.advantageous.qbit.util.MultiMap$1@368b9426, body=[1, 2], timestamp=25890292, id=521, objectName='null', returnAddress='null'}
19:30:07.437 [QueueListener Request Queue test] DEBUG i.a.qbit.service.impl.ServiceImpl - ServiceImpl::receive() 
RESPONSE
ResponseImpl{address='add', params=null, body=3}
FROM CALL
MethodCallImpl{name='add', address='', params=io.advantageous.qbit.util.MultiMap$1@368b9426, body=[1, 2], timestamp=25890292, id=521, objectName='null', returnAddress='null'}


Queue Limit 
Queue Empty 
19:30:07.437 [QueueListener Request Queue test] DEBUG i.a.qbit.service.impl.ServiceImpl - ServiceImpl::doHandleMethodCall() METHOD CALLMethodCallImpl{name='add', address='', params=io.advantageous.qbit.util.MultiMap$1@368b9426, body=[1, 2], timestamp=25890292, id=522, objectName='null', returnAddress='null'}
19:30:07.437 [QueueListener Request Queue test] DEBUG i.a.qbit.service.impl.ServiceImpl - ServiceImpl::receive() 
RESPONSE
ResponseImpl{address='add', params=null, body=3}
FROM CALL
MethodCallImpl{name='add', address='', params=io.advantageous.qbit.util.MultiMap$1@368b9426, body=[1, 2], timestamp=25890292, id=522, objectName='null', returnAddress='null'}


19:30:07.437 [QueueListener Request Queue test] DEBUG i.a.qbit.service.impl.ServiceImpl - ServiceImpl::doHandleMethodCall() METHOD CALLMethodCallImpl{name='add', address='', params=io.advantageous.qbit.util.MultiMap$1@368b9426, body=[1, 2], timestamp=25890292, id=523, objectName='null', returnAddress='null'}
19:30:07.437 [QueueListener Request Queue test] DEBUG i.a.qbit.service.impl.ServiceImpl - ServiceImpl::receive() 
RESPONSE
ResponseImpl{address='add', params=null, body=3}
FROM CALL
MethodCallImpl{name='add', address='', params=io.advantageous.qbit.util.MultiMap$1@368b9426, body=[1, 2], timestamp=25890292, id=523, objectName='null', returnAddress='null'}


19:30:07.437 [QueueListener Request Queue test] DEBUG i.a.qbit.service.impl.ServiceImpl - ServiceImpl::doHandleMethodCall() METHOD CALLMethodCallImpl{name='add', address='', params=io.advantageous.qbit.util.MultiMap$1@368b9426, body=[1, 2], timestamp=25890292, id=524, objectName='null', returnAddress='null'}
19:30:07.437 [QueueListener Request Queue test] DEBUG i.a.qbit.service.impl.ServiceImpl - ServiceImpl::receive() 
RESPONSE
ResponseImpl{address='add', params=null, body=3}
FROM CALL
MethodCallImpl{name='add', address='', params=io.advantageous.qbit.util.MultiMap$1@368b9426, body=[1, 2], timestamp=25890292, id=524, objectName='null', returnAddress='null'}


19:30:07.437 [QueueListener Request Queue test] DEBUG i.a.qbit.service.impl.ServiceImpl - ServiceImpl::doHandleMethodCall() METHOD CALLMethodCallImpl{name='add', address='', params=io.advantageous.qbit.util.MultiMap$1@368b9426, body=[1, 2], timestamp=25890292, id=525, objectName='null', returnAddress='null'}
19:30:07.437 [QueueListener Request Queue test] DEBUG i.a.qbit.service.impl.ServiceImpl - ServiceImpl::receive() 
RESPONSE
ResponseImpl{address='add', params=null, body=3}
FROM CALL
MethodCallImpl{name='add', address='', params=io.advantageous.qbit.util.MultiMap$1@368b9426, body=[1, 2], timestamp=25890292, id=525, objectName='null', returnAddress='null'}


19:30:07.437 [QueueListener Request Queue test] DEBUG i.a.qbit.service.impl.ServiceImpl - ServiceImpl::doHandleMethodCall() METHOD CALLMethodCallImpl{name='add', address='', params=io.advantageous.qbit.util.MultiMap$1@368b9426, body=[1, 2], timestamp=25890292, id=526, objectName='null', returnAddress='null'}
19:30:07.440 [QueueListener Request Queue test] DEBUG i.a.qbit.service.impl.ServiceImpl - ServiceImpl::receive() 
RESPONSE
ResponseImpl{address='add', params=null, body=3}
FROM CALL
MethodCallImpl{name='add', address='', params=io.advantageous.qbit.util.MultiMap$1@368b9426, body=[1, 2], timestamp=25890292, id=526, objectName='null', returnAddress='null'}


19:30:07.440 [QueueListener Request Queue test] DEBUG i.a.qbit.service.impl.ServiceImpl - ServiceImpl::doHandleMethodCall() METHOD CALLMethodCallImpl{name='add', address='', params=io.advantageous.qbit.util.MultiMap$1@368b9426, body=[1, 2], timestamp=25890292, id=527, objectName='null', returnAddress='null'}
19:30:07.440 [QueueListener Request Queue test] DEBUG i.a.qbit.service.impl.ServiceImpl - ServiceImpl::receive() 
RESPONSE
ResponseImpl{address='add', params=null, body=3}
FROM CALL
MethodCallImpl{name='add', address='', params=io.advantageous.qbit.util.MultiMap$1@368b9426, body=[1, 2], timestamp=25890292, id=527, objectName='null', returnAddress='null'}


Queue Limit 
Queue Empty 
19:30:07.441 [QueueListener Request Queue test] DEBUG i.a.qbit.service.impl.ServiceImpl - ServiceImpl::doHandleMethodCall() METHOD CALLMethodCallImpl{name='add', address='', params=io.advantageous.qbit.util.MultiMap$1@368b9426, body=[1, 2], timestamp=25890292, id=528, objectName='null', returnAddress='null'}
19:30:07.441 [QueueListener Request Queue test] DEBUG i.a.qbit.service.impl.ServiceImpl - ServiceImpl::receive() 
RESPONSE
ResponseImpl{address='add', params=null, body=3}
FROM CALL
MethodCallImpl{name='add', address='', params=io.advantageous.qbit.util.MultiMap$1@368b9426, body=[1, 2], timestamp=25890292, id=528, objectName='null', returnAddress='null'}


19:30:07.441 [QueueListener Request Queue test] DEBUG i.a.qbit.service.impl.ServiceImpl - ServiceImpl::doHandleMethodCall() METHOD CALLMethodCallImpl{name='add', address='', params=io.advantageous.qbit.util.MultiMap$1@368b9426, body=[1, 2], timestamp=25890292, id=529, objectName='null', returnAddress='null'}
19:30:07.441 [QueueListener Request Queue test] DEBUG i.a.qbit.service.impl.ServiceImpl - ServiceImpl::receive() 
RESPONSE
ResponseImpl{address='add', params=null, body=3}
FROM CALL
MethodCallImpl{name='add', address='', params=io.advantageous.qbit.util.MultiMap$1@368b9426, body=[1, 2], timestamp=25890292, id=529, objectName='null', returnAddress='null'}


19:30:07.441 [QueueListener Request Queue test] DEBUG i.a.qbit.service.impl.ServiceImpl - ServiceImpl::doHandleMethodCall() METHOD CALLMethodCallImpl{name='add', address='', params=io.advantageous.qbit.util.MultiMap$1@368b9426, body=[1, 2], timestamp=25890292, id=530, objectName='null', returnAddress='null'}
19:30:07.441 [QueueListener Request Queue test] DEBUG i.a.qbit.service.impl.ServiceImpl - ServiceImpl::receive() 
RESPONSE
ResponseImpl{address='add', params=null, body=3}
FROM CALL
MethodCallImpl{name='add', address='', params=io.advantageous.qbit.util.MultiMap$1@368b9426, body=[1, 2], timestamp=25890292, id=530, objectName='null', returnAddress='null'}


19:30:07.441 [QueueListener Request Queue test] DEBUG i.a.qbit.service.impl.ServiceImpl - ServiceImpl::doHandleMethodCall() METHOD CALLMethodCallImpl{name='add', address='', params=io.advantageous.qbit.util.MultiMap$1@368b9426, body=[1, 2], timestamp=25890292, id=531, objectName='null', returnAddress='null'}
19:30:07.441 [QueueListener Request Queue test] DEBUG i.a.qbit.service.impl.ServiceImpl - ServiceImpl::receive() 
RESPONSE
ResponseImpl{address='add', params=null, body=3}
FROM CALL
MethodCallImpl{name='add', address='', params=io.advantageous.qbit.util.MultiMap$1@368b9426, body=[1, 2], timestamp=25890292, id=531, objectName='null', returnAddress='null'}


19:30:07.441 [QueueListener Request Queue test] DEBUG i.a.qbit.service.impl.ServiceImpl - ServiceImpl::doHandleMethodCall() METHOD CALLMethodCallImpl{name='add', address='', params=io.advantageous.qbit.util.MultiMap$1@368b9426, body=[1, 2], timestamp=25890292, id=532, objectName='null', returnAddress='null'}
19:30:07.441 [QueueListener Request Queue test] DEBUG i.a.qbit.service.impl.ServiceImpl - ServiceImpl::receive() 
RESPONSE
ResponseImpl{address='add', params=null, body=3}
FROM CALL
MethodCallImpl{name='add', address='', params=io.advantageous.qbit.util.MultiMap$1@368b9426, body=[1, 2], timestamp=25890292, id=532, objectName='null', returnAddress='null'}


19:30:07.441 [QueueListener Request Queue test] DEBUG i.a.qbit.service.impl.ServiceImpl - ServiceImpl::doHandleMethodCall() METHOD CALLMethodCallImpl{name='add', address='', params=io.advantageous.qbit.util.MultiMap$1@368b9426, body=[1, 2], timestamp=25890292, id=533, objectName='null', returnAddress='null'}
19:30:07.441 [QueueListener Request Queue test] DEBUG i.a.qbit.service.impl.ServiceImpl - ServiceImpl::receive() 
RESPONSE
ResponseImpl{address='add', params=null, body=3}
FROM CALL
MethodCallImpl{name='add', address='', params=io.advantageous.qbit.util.MultiMap$1@368b9426, body=[1, 2], timestamp=25890292, id=533, objectName='null', returnAddress='null'}


Queue Limit 
Queue Empty 
19:30:07.441 [QueueListener Request Queue test] DEBUG i.a.qbit.service.impl.ServiceImpl - ServiceImpl::doHandleMethodCall() METHOD CALLMethodCallImpl{name='add', address='', params=io.advantageous.qbit.util.MultiMap$1@368b9426, body=[1, 2], timestamp=25890292, id=534, objectName='null', returnAddress='null'}
19:30:07.441 [QueueListener Request Queue test] DEBUG i.a.qbit.service.impl.ServiceImpl - ServiceImpl::receive() 
RESPONSE
ResponseImpl{address='add', params=null, body=3}
FROM CALL
MethodCallImpl{name='add', address='', params=io.advantageous.qbit.util.MultiMap$1@368b9426, body=[1, 2], timestamp=25890292, id=534, objectName='null', returnAddress='null'}


19:30:07.441 [QueueListener Request Queue test] DEBUG i.a.qbit.service.impl.ServiceImpl - ServiceImpl::doHandleMethodCall() METHOD CALLMethodCallImpl{name='add', address='', params=io.advantageous.qbit.util.MultiMap$1@368b9426, body=[1, 2], timestamp=25890292, id=535, objectName='null', returnAddress='null'}
19:30:07.442 [QueueListener Request Queue test] DEBUG i.a.qbit.service.impl.ServiceImpl - ServiceImpl::receive() 
RESPONSE
ResponseImpl{address='add', params=null, body=3}
FROM CALL
MethodCallImpl{name='add', address='', params=io.advantageous.qbit.util.MultiMap$1@368b9426, body=[1, 2], timestamp=25890292, id=535, objectName='null', returnAddress='null'}


19:30:07.442 [QueueListener Request Queue test] DEBUG i.a.qbit.service.impl.ServiceImpl - ServiceImpl::doHandleMethodCall() METHOD CALLMethodCallImpl{name='add', address='', params=io.advantageous.qbit.util.MultiMap$1@368b9426, body=[1, 2], timestamp=25890292, id=536, objectName='null', returnAddress='null'}
19:30:07.442 [QueueListener Request Queue test] DEBUG i.a.qbit.service.impl.ServiceImpl - ServiceImpl::receive() 
RESPONSE
ResponseImpl{address='add', params=null, body=3}
FROM CALL
MethodCallImpl{name='add', address='', params=io.advantageous.qbit.util.MultiMap$1@368b9426, body=[1, 2], timestamp=25890292, id=536, objectName='null', returnAddress='null'}


19:30:07.442 [QueueListener Request Queue test] DEBUG i.a.qbit.service.impl.ServiceImpl - ServiceImpl::doHandleMethodCall() METHOD CALLMethodCallImpl{name='add', address='', params=io.advantageous.qbit.util.MultiMap$1@368b9426, body=[1, 2], timestamp=25890292, id=537, objectName='null', returnAddress='null'}
19:30:07.442 [QueueListener Request Queue test] DEBUG i.a.qbit.service.impl.ServiceImpl - ServiceImpl::receive() 
RESPONSE
ResponseImpl{address='add', params=null, body=3}
FROM CALL
MethodCallImpl{name='add', address='', params=io.advantageous.qbit.util.MultiMap$1@368b9426, body=[1, 2], timestamp=25890292, id=537, objectName='null', returnAddress='null'}


19:30:07.442 [QueueListener Request Queue test] DEBUG i.a.qbit.service.impl.ServiceImpl - ServiceImpl::doHandleMethodCall() METHOD CALLMethodCallImpl{name='add', address='', params=io.advantageous.qbit.util.MultiMap$1@368b9426, body=[1, 2], timestamp=25890292, id=538, objectName='null', returnAddress='null'}
19:30:07.442 [QueueListener Request Queue test] DEBUG i.a.qbit.service.impl.ServiceImpl - ServiceImpl::receive() 
RESPONSE
ResponseImpl{address='add', params=null, body=3}
FROM CALL
MethodCallImpl{name='add', address='', params=io.advantageous.qbit.util.MultiMap$1@368b9426, body=[1, 2], timestamp=25890292, id=538, objectName='null', returnAddress='null'}


19:30:07.442 [QueueListener Request Queue test] DEBUG i.a.qbit.service.impl.ServiceImpl - ServiceImpl::doHandleMethodCall() METHOD CALLMethodCallImpl{name='add', address='', params=io.advantageous.qbit.util.MultiMap$1@368b9426, body=[1, 2], timestamp=25890292, id=539, objectName='null', returnAddress='null'}
19:30:07.442 [QueueListener Request Queue test] DEBUG i.a.qbit.service.impl.ServiceImpl - ServiceImpl::receive() 
RESPONSE
ResponseImpl{address='add', params=null, body=3}
FROM CALL
MethodCallImpl{name='add', address='', params=io.advantageous.qbit.util.MultiMap$1@368b9426, body=[1, 2], timestamp=25890292, id=539, objectName='null', returnAddress='null'}


Queue Limit 
Queue Empty 
19:30:07.442 [QueueListener Request Queue test] DEBUG i.a.qbit.service.impl.ServiceImpl - ServiceImpl::doHandleMethodCall() METHOD CALLMethodCallImpl{name='add', address='', params=io.advantageous.qbit.util.MultiMap$1@368b9426, body=[1, 2], timestamp=25890292, id=540, objectName='null', returnAddress='null'}
19:30:07.442 [QueueListener Request Queue test] DEBUG i.a.qbit.service.impl.ServiceImpl - ServiceImpl::receive() 
RESPONSE
ResponseImpl{address='add', params=null, body=3}
FROM CALL
MethodCallImpl{name='add', address='', params=io.advantageous.qbit.util.MultiMap$1@368b9426, body=[1, 2], timestamp=25890292, id=540, objectName='null', returnAddress='null'}


19:30:07.442 [QueueListener Request Queue test] DEBUG i.a.qbit.service.impl.ServiceImpl - ServiceImpl::doHandleMethodCall() METHOD CALLMethodCallImpl{name='add', address='', params=io.advantageous.qbit.util.MultiMap$1@368b9426, body=[1, 2], timestamp=25890292, id=541, objectName='null', returnAddress='null'}
19:30:07.442 [QueueListener Request Queue test] DEBUG i.a.qbit.service.impl.ServiceImpl - ServiceImpl::receive() 
RESPONSE
ResponseImpl{address='add', params=null, body=3}
FROM CALL
MethodCallImpl{name='add', address='', params=io.advantageous.qbit.util.MultiMap$1@368b9426, body=[1, 2], timestamp=25890292, id=541, objectName='null', returnAddress='null'}


19:30:07.442 [QueueListener Request Queue test] DEBUG i.a.qbit.service.impl.ServiceImpl - ServiceImpl::doHandleMethodCall() METHOD CALLMethodCallImpl{name='add', address='', params=io.advantageous.qbit.util.MultiMap$1@368b9426, body=[1, 2], timestamp=25890292, id=542, objectName='null', returnAddress='null'}
19:30:07.442 [QueueListener Request Queue test] DEBUG i.a.qbit.service.impl.ServiceImpl - ServiceImpl::receive() 
RESPONSE
ResponseImpl{address='add', params=null, body=3}
FROM CALL
MethodCallImpl{name='add', address='', params=io.advantageous.qbit.util.MultiMap$1@368b9426, body=[1, 2], timestamp=25890292, id=542, objectName='null', returnAddress='null'}


19:30:07.442 [QueueListener Request Queue test] DEBUG i.a.qbit.service.impl.ServiceImpl - ServiceImpl::doHandleMethodCall() METHOD CALLMethodCallImpl{name='add', address='', params=io.advantageous.qbit.util.MultiMap$1@368b9426, body=[1, 2], timestamp=25890292, id=543, objectName='null', returnAddress='null'}
19:30:07.442 [QueueListener Request Queue test] DEBUG i.a.qbit.service.impl.ServiceImpl - ServiceImpl::receive() 
RESPONSE
ResponseImpl{address='add', params=null, body=3}
FROM CALL
MethodCallImpl{name='add', address='', params=io.advantageous.qbit.util.MultiMap$1@368b9426, body=[1, 2], timestamp=25890292, id=543, objectName='null', returnAddress='null'}


19:30:07.442 [QueueListener Request Queue test] DEBUG i.a.qbit.service.impl.ServiceImpl - ServiceImpl::doHandleMethodCall() METHOD CALLMethodCallImpl{name='add', address='', params=io.advantageous.qbit.util.MultiMap$1@368b9426, body=[1, 2], timestamp=25890292, id=544, objectName='null', returnAddress='null'}
19:30:07.442 [QueueListener Request Queue test] DEBUG i.a.qbit.service.impl.ServiceImpl - ServiceImpl::receive() 
RESPONSE
ResponseImpl{address='add', params=null, body=3}
FROM CALL
MethodCallImpl{name='add', address='', params=io.advantageous.qbit.util.MultiMap$1@368b9426, body=[1, 2], timestamp=25890292, id=544, objectName='null', returnAddress='null'}


19:30:07.442 [QueueListener Request Queue test] DEBUG i.a.qbit.service.impl.ServiceImpl - ServiceImpl::doHandleMethodCall() METHOD CALLMethodCallImpl{name='add', address='', params=io.advantageous.qbit.util.MultiMap$1@368b9426, body=[1, 2], timestamp=25890292, id=545, objectName='null', returnAddress='null'}
19:30:07.443 [QueueListener Request Queue test] DEBUG i.a.qbit.service.impl.ServiceImpl - ServiceImpl::receive() 
RESPONSE
ResponseImpl{address='add', params=null, body=3}
FROM CALL
MethodCallImpl{name='add', address='', params=io.advantageous.qbit.util.MultiMap$1@368b9426, body=[1, 2], timestamp=25890292, id=545, objectName='null', returnAddress='null'}


Queue Limit 
Queue Empty 
19:30:07.443 [QueueListener Request Queue test] DEBUG i.a.qbit.service.impl.ServiceImpl - ServiceImpl::doHandleMethodCall() METHOD CALLMethodCallImpl{name='add', address='', params=io.advantageous.qbit.util.MultiMap$1@368b9426, body=[1, 2], timestamp=25890292, id=546, objectName='null', returnAddress='null'}
19:30:07.443 [QueueListener Request Queue test] DEBUG i.a.qbit.service.impl.ServiceImpl - ServiceImpl::receive() 
RESPONSE
ResponseImpl{address='add', params=null, body=3}
FROM CALL
MethodCallImpl{name='add', address='', params=io.advantageous.qbit.util.MultiMap$1@368b9426, body=[1, 2], timestamp=25890292, id=546, objectName='null', returnAddress='null'}


19:30:07.443 [QueueListener Request Queue test] DEBUG i.a.qbit.service.impl.ServiceImpl - ServiceImpl::doHandleMethodCall() METHOD CALLMethodCallImpl{name='add', address='', params=io.advantageous.qbit.util.MultiMap$1@368b9426, body=[1, 2], timestamp=25890292, id=547, objectName='null', returnAddress='null'}
19:30:07.443 [QueueListener Request Queue test] DEBUG i.a.qbit.service.impl.ServiceImpl - ServiceImpl::receive() 
RESPONSE
ResponseImpl{address='add', params=null, body=3}
FROM CALL
MethodCallImpl{name='add', address='', params=io.advantageous.qbit.util.MultiMap$1@368b9426, body=[1, 2], timestamp=25890292, id=547, objectName='null', returnAddress='null'}


19:30:07.443 [QueueListener Request Queue test] DEBUG i.a.qbit.service.impl.ServiceImpl - ServiceImpl::doHandleMethodCall() METHOD CALLMethodCallImpl{name='add', address='', params=io.advantageous.qbit.util.MultiMap$1@368b9426, body=[1, 2], timestamp=25890292, id=548, objectName='null', returnAddress='null'}
19:30:07.443 [QueueListener Request Queue test] DEBUG i.a.qbit.service.impl.ServiceImpl - ServiceImpl::receive() 
RESPONSE
ResponseImpl{address='add', params=null, body=3}
FROM CALL
MethodCallImpl{name='add', address='', params=io.advantageous.qbit.util.MultiMap$1@368b9426, body=[1, 2], timestamp=25890292, id=548, objectName='null', returnAddress='null'}


19:30:07.443 [QueueListener Request Queue test] DEBUG i.a.qbit.service.impl.ServiceImpl - ServiceImpl::doHandleMethodCall() METHOD CALLMethodCallImpl{name='add', address='', params=io.advantageous.qbit.util.MultiMap$1@368b9426, body=[1, 2], timestamp=25890292, id=549, objectName='null', returnAddress='null'}
19:30:07.443 [QueueListener Request Queue test] DEBUG i.a.qbit.service.impl.ServiceImpl - ServiceImpl::receive() 
RESPONSE
ResponseImpl{address='add', params=null, body=3}
FROM CALL
MethodCallImpl{name='add', address='', params=io.advantageous.qbit.util.MultiMap$1@368b9426, body=[1, 2], timestamp=25890292, id=549, objectName='null', returnAddress='null'}


19:30:07.443 [QueueListener Request Queue test] DEBUG i.a.qbit.service.impl.ServiceImpl - ServiceImpl::doHandleMethodCall() METHOD CALLMethodCallImpl{name='add', address='', params=io.advantageous.qbit.util.MultiMap$1@368b9426, body=[1, 2], timestamp=25890292, id=550, objectName='null', returnAddress='null'}
19:30:07.443 [QueueListener Request Queue test] DEBUG i.a.qbit.service.impl.ServiceImpl - ServiceImpl::receive() 
RESPONSE
ResponseImpl{address='add', params=null, body=3}
FROM CALL
MethodCallImpl{name='add', address='', params=io.advantageous.qbit.util.MultiMap$1@368b9426, body=[1, 2], timestamp=25890292, id=550, objectName='null', returnAddress='null'}


19:30:07.443 [QueueListener Request Queue test] DEBUG i.a.qbit.service.impl.ServiceImpl - ServiceImpl::doHandleMethodCall() METHOD CALLMethodCallImpl{name='add', address='', params=io.advantageous.qbit.util.MultiMap$1@368b9426, body=[1, 2], timestamp=25890292, id=551, objectName='null', returnAddress='null'}
19:30:07.443 [QueueListener Request Queue test] DEBUG i.a.qbit.service.impl.ServiceImpl - ServiceImpl::receive() 
RESPONSE
ResponseImpl{address='add', params=null, body=3}
FROM CALL
MethodCallImpl{name='add', address='', params=io.advantageous.qbit.util.MultiMap$1@368b9426, body=[1, 2], timestamp=25890292, id=551, objectName='null', returnAddress='null'}


Queue Limit 
Queue Empty 
19:30:07.443 [QueueListener Request Queue test] DEBUG i.a.qbit.service.impl.ServiceImpl - ServiceImpl::doHandleMethodCall() METHOD CALLMethodCallImpl{name='add', address='', params=io.advantageous.qbit.util.MultiMap$1@368b9426, body=[1, 2], timestamp=25890292, id=552, objectName='null', returnAddress='null'}
19:30:07.443 [QueueListener Request Queue test] DEBUG i.a.qbit.service.impl.ServiceImpl - ServiceImpl::receive() 
RESPONSE
ResponseImpl{address='add', params=null, body=3}
FROM CALL
MethodCallImpl{name='add', address='', params=io.advantageous.qbit.util.MultiMap$1@368b9426, body=[1, 2], timestamp=25890292, id=552, objectName='null', returnAddress='null'}


19:30:07.444 [QueueListener Request Queue test] DEBUG i.a.qbit.service.impl.ServiceImpl - ServiceImpl::doHandleMethodCall() METHOD CALLMethodCallImpl{name='add', address='', params=io.advantageous.qbit.util.MultiMap$1@368b9426, body=[1, 2], timestamp=25890292, id=553, objectName='null', returnAddress='null'}
19:30:07.444 [QueueListener Request Queue test] DEBUG i.a.qbit.service.impl.ServiceImpl - ServiceImpl::receive() 
RESPONSE
ResponseImpl{address='add', params=null, body=3}
FROM CALL
MethodCallImpl{name='add', address='', params=io.advantageous.qbit.util.MultiMap$1@368b9426, body=[1, 2], timestamp=25890292, id=553, objectName='null', returnAddress='null'}


19:30:07.444 [QueueListener Request Queue test] DEBUG i.a.qbit.service.impl.ServiceImpl - ServiceImpl::doHandleMethodCall() METHOD CALLMethodCallImpl{name='add', address='', params=io.advantageous.qbit.util.MultiMap$1@368b9426, body=[1, 2], timestamp=25890292, id=554, objectName='null', returnAddress='null'}
19:30:07.444 [QueueListener Request Queue test] DEBUG i.a.qbit.service.impl.ServiceImpl - ServiceImpl::receive() 
RESPONSE
ResponseImpl{address='add', params=null, body=3}
FROM CALL
MethodCallImpl{name='add', address='', params=io.advantageous.qbit.util.MultiMap$1@368b9426, body=[1, 2], timestamp=25890292, id=554, objectName='null', returnAddress='null'}


19:30:07.444 [QueueListener Request Queue test] DEBUG i.a.qbit.service.impl.ServiceImpl - ServiceImpl::doHandleMethodCall() METHOD CALLMethodCallImpl{name='add', address='', params=io.advantageous.qbit.util.MultiMap$1@368b9426, body=[1, 2], timestamp=25890292, id=555, objectName='null', returnAddress='null'}
19:30:07.444 [QueueListener Request Queue test] DEBUG i.a.qbit.service.impl.ServiceImpl - ServiceImpl::receive() 
RESPONSE
ResponseImpl{address='add', params=null, body=3}
FROM CALL
MethodCallImpl{name='add', address='', params=io.advantageous.qbit.util.MultiMap$1@368b9426, body=[1, 2], timestamp=25890292, id=555, objectName='null', returnAddress='null'}


19:30:07.444 [QueueListener Request Queue test] DEBUG i.a.qbit.service.impl.ServiceImpl - ServiceImpl::doHandleMethodCall() METHOD CALLMethodCallImpl{name='add', address='', params=io.advantageous.qbit.util.MultiMap$1@368b9426, body=[1, 2], timestamp=25890292, id=556, objectName='null', returnAddress='null'}
19:30:07.444 [QueueListener Request Queue test] DEBUG i.a.qbit.service.impl.ServiceImpl - ServiceImpl::receive() 
RESPONSE
ResponseImpl{address='add', params=null, body=3}
FROM CALL
MethodCallImpl{name='add', address='', params=io.advantageous.qbit.util.MultiMap$1@368b9426, body=[1, 2], timestamp=25890292, id=556, objectName='null', returnAddress='null'}


19:30:07.444 [QueueListener Request Queue test] DEBUG i.a.qbit.service.impl.ServiceImpl - ServiceImpl::doHandleMethodCall() METHOD CALLMethodCallImpl{name='add', address='', params=io.advantageous.qbit.util.MultiMap$1@368b9426, body=[1, 2], timestamp=25890292, id=557, objectName='null', returnAddress='null'}
19:30:07.444 [QueueListener Request Queue test] DEBUG i.a.qbit.service.impl.ServiceImpl - ServiceImpl::receive() 
RESPONSE
ResponseImpl{address='add', params=null, body=3}
FROM CALL
MethodCallImpl{name='add', address='', params=io.advantageous.qbit.util.MultiMap$1@368b9426, body=[1, 2], timestamp=25890292, id=557, objectName='null', returnAddress='null'}


Queue Limit 
Queue Empty 
19:30:07.444 [QueueListener Request Queue test] DEBUG i.a.qbit.service.impl.ServiceImpl - ServiceImpl::doHandleMethodCall() METHOD CALLMethodCallImpl{name='add', address='', params=io.advantageous.qbit.util.MultiMap$1@368b9426, body=[1, 2], timestamp=25890292, id=558, objectName='null', returnAddress='null'}
19:30:07.444 [QueueListener Request Queue test] DEBUG i.a.qbit.service.impl.ServiceImpl - ServiceImpl::receive() 
RESPONSE
ResponseImpl{address='add', params=null, body=3}
FROM CALL
MethodCallImpl{name='add', address='', params=io.advantageous.qbit.util.MultiMap$1@368b9426, body=[1, 2], timestamp=25890292, id=558, objectName='null', returnAddress='null'}


19:30:07.444 [QueueListener Request Queue test] DEBUG i.a.qbit.service.impl.ServiceImpl - ServiceImpl::doHandleMethodCall() METHOD CALLMethodCallImpl{name='add', address='', params=io.advantageous.qbit.util.MultiMap$1@368b9426, body=[1, 2], timestamp=25890292, id=559, objectName='null', returnAddress='null'}
19:30:07.444 [QueueListener Request Queue test] DEBUG i.a.qbit.service.impl.ServiceImpl - ServiceImpl::receive() 
RESPONSE
ResponseImpl{address='add', params=null, body=3}
FROM CALL
MethodCallImpl{name='add', address='', params=io.advantageous.qbit.util.MultiMap$1@368b9426, body=[1, 2], timestamp=25890292, id=559, objectName='null', returnAddress='null'}


19:30:07.444 [QueueListener Request Queue test] DEBUG i.a.qbit.service.impl.ServiceImpl - ServiceImpl::doHandleMethodCall() METHOD CALLMethodCallImpl{name='add', address='', params=io.advantageous.qbit.util.MultiMap$1@368b9426, body=[1, 2], timestamp=25890292, id=560, objectName='null', returnAddress='null'}
19:30:07.444 [QueueListener Request Queue test] DEBUG i.a.qbit.service.impl.ServiceImpl - ServiceImpl::receive() 
RESPONSE
ResponseImpl{address='add', params=null, body=3}
FROM CALL
MethodCallImpl{name='add', address='', params=io.advantageous.qbit.util.MultiMap$1@368b9426, body=[1, 2], timestamp=25890292, id=560, objectName='null', returnAddress='null'}


19:30:07.444 [QueueListener Request Queue test] DEBUG i.a.qbit.service.impl.ServiceImpl - ServiceImpl::doHandleMethodCall() METHOD CALLMethodCallImpl{name='add', address='', params=io.advantageous.qbit.util.MultiMap$1@368b9426, body=[1, 2], timestamp=25890292, id=561, objectName='null', returnAddress='null'}
19:30:07.445 [QueueListener Request Queue test] DEBUG i.a.qbit.service.impl.ServiceImpl - ServiceImpl::receive() 
RESPONSE
ResponseImpl{address='add', params=null, body=3}
FROM CALL
MethodCallImpl{name='add', address='', params=io.advantageous.qbit.util.MultiMap$1@368b9426, body=[1, 2], timestamp=25890292, id=561, objectName='null', returnAddress='null'}


19:30:07.446 [QueueListener Request Queue test] DEBUG i.a.qbit.service.impl.ServiceImpl - ServiceImpl::doHandleMethodCall() METHOD CALLMethodCallImpl{name='add', address='', params=io.advantageous.qbit.util.MultiMap$1@368b9426, body=[1, 2], timestamp=25890292, id=562, objectName='null', returnAddress='null'}
19:30:07.446 [QueueListener Request Queue test] DEBUG i.a.qbit.service.impl.ServiceImpl - ServiceImpl::receive() 
RESPONSE
ResponseImpl{address='add', params=null, body=3}
FROM CALL
MethodCallImpl{name='add', address='', params=io.advantageous.qbit.util.MultiMap$1@368b9426, body=[1, 2], timestamp=25890292, id=562, objectName='null', returnAddress='null'}


19:30:07.446 [QueueListener Request Queue test] DEBUG i.a.qbit.service.impl.ServiceImpl - ServiceImpl::doHandleMethodCall() METHOD CALLMethodCallImpl{name='add', address='', params=io.advantageous.qbit.util.MultiMap$1@368b9426, body=[1, 2], timestamp=25890292, id=563, objectName='null', returnAddress='null'}
19:30:07.446 [QueueListener Request Queue test] DEBUG i.a.qbit.service.impl.ServiceImpl - ServiceImpl::receive() 
RESPONSE
ResponseImpl{address='add', params=null, body=3}
FROM CALL
MethodCallImpl{name='add', address='', params=io.advantageous.qbit.util.MultiMap$1@368b9426, body=[1, 2], timestamp=25890292, id=563, objectName='null', returnAddress='null'}


Queue Limit 
Queue Empty 
19:30:07.446 [QueueListener Request Queue test] DEBUG i.a.qbit.service.impl.ServiceImpl - ServiceImpl::doHandleMethodCall() METHOD CALLMethodCallImpl{name='add', address='', params=io.advantageous.qbit.util.MultiMap$1@368b9426, body=[1, 2], timestamp=25890292, id=564, objectName='null', returnAddress='null'}
19:30:07.446 [QueueListener Request Queue test] DEBUG i.a.qbit.service.impl.ServiceImpl - ServiceImpl::receive() 
RESPONSE
ResponseImpl{address='add', params=null, body=3}
FROM CALL
MethodCallImpl{name='add', address='', params=io.advantageous.qbit.util.MultiMap$1@368b9426, body=[1, 2], timestamp=25890292, id=564, objectName='null', returnAddress='null'}


19:30:07.446 [QueueListener Request Queue test] DEBUG i.a.qbit.service.impl.ServiceImpl - ServiceImpl::doHandleMethodCall() METHOD CALLMethodCallImpl{name='add', address='', params=io.advantageous.qbit.util.MultiMap$1@368b9426, body=[1, 2], timestamp=25890292, id=565, objectName='null', returnAddress='null'}
19:30:07.446 [QueueListener Request Queue test] DEBUG i.a.qbit.service.impl.ServiceImpl - ServiceImpl::receive() 
RESPONSE
ResponseImpl{address='add', params=null, body=3}
FROM CALL
MethodCallImpl{name='add', address='', params=io.advantageous.qbit.util.MultiMap$1@368b9426, body=[1, 2], timestamp=25890292, id=565, objectName='null', returnAddress='null'}


19:30:07.446 [QueueListener Request Queue test] DEBUG i.a.qbit.service.impl.ServiceImpl - ServiceImpl::doHandleMethodCall() METHOD CALLMethodCallImpl{name='add', address='', params=io.advantageous.qbit.util.MultiMap$1@368b9426, body=[1, 2], timestamp=25890292, id=566, objectName='null', returnAddress='null'}
19:30:07.446 [QueueListener Request Queue test] DEBUG i.a.qbit.service.impl.ServiceImpl - ServiceImpl::receive() 
RESPONSE
ResponseImpl{address='add', params=null, body=3}
FROM CALL
MethodCallImpl{name='add', address='', params=io.advantageous.qbit.util.MultiMap$1@368b9426, body=[1, 2], timestamp=25890292, id=566, objectName='null', returnAddress='null'}


19:30:07.446 [QueueListener Request Queue test] DEBUG i.a.qbit.service.impl.ServiceImpl - ServiceImpl::doHandleMethodCall() METHOD CALLMethodCallImpl{name='add', address='', params=io.advantageous.qbit.util.MultiMap$1@368b9426, body=[1, 2], timestamp=25890292, id=567, objectName='null', returnAddress='null'}
19:30:07.446 [QueueListener Request Queue test] DEBUG i.a.qbit.service.impl.ServiceImpl - ServiceImpl::receive() 
RESPONSE
ResponseImpl{address='add', params=null, body=3}
FROM CALL
MethodCallImpl{name='add', address='', params=io.advantageous.qbit.util.MultiMap$1@368b9426, body=[1, 2], timestamp=25890292, id=567, objectName='null', returnAddress='null'}


19:30:07.446 [QueueListener Request Queue test] DEBUG i.a.qbit.service.impl.ServiceImpl - ServiceImpl::doHandleMethodCall() METHOD CALLMethodCallImpl{name='add', address='', params=io.advantageous.qbit.util.MultiMap$1@368b9426, body=[1, 2], timestamp=25890292, id=568, objectName='null', returnAddress='null'}
19:30:07.446 [QueueListener Request Queue test] DEBUG i.a.qbit.service.impl.ServiceImpl - ServiceImpl::receive() 
RESPONSE
ResponseImpl{address='add', params=null, body=3}
FROM CALL
MethodCallImpl{name='add', address='', params=io.advantageous.qbit.util.MultiMap$1@368b9426, body=[1, 2], timestamp=25890292, id=568, objectName='null', returnAddress='null'}


19:30:07.446 [QueueListener Request Queue test] DEBUG i.a.qbit.service.impl.ServiceImpl - ServiceImpl::doHandleMethodCall() METHOD CALLMethodCallImpl{name='add', address='', params=io.advantageous.qbit.util.MultiMap$1@368b9426, body=[1, 2], timestamp=25890292, id=569, objectName='null', returnAddress='null'}
19:30:07.446 [QueueListener Request Queue test] DEBUG i.a.qbit.service.impl.ServiceImpl - ServiceImpl::receive() 
RESPONSE
ResponseImpl{address='add', params=null, body=3}
FROM CALL
MethodCallImpl{name='add', address='', params=io.advantageous.qbit.util.MultiMap$1@368b9426, body=[1, 2], timestamp=25890292, id=569, objectName='null', returnAddress='null'}


Queue Limit 
Queue Empty 
19:30:07.447 [QueueListener Request Queue test] DEBUG i.a.qbit.service.impl.ServiceImpl - ServiceImpl::doHandleMethodCall() METHOD CALLMethodCallImpl{name='add', address='', params=io.advantageous.qbit.util.MultiMap$1@368b9426, body=[1, 2], timestamp=25890292, id=570, objectName='null', returnAddress='null'}
19:30:07.447 [QueueListener Request Queue test] DEBUG i.a.qbit.service.impl.ServiceImpl - ServiceImpl::receive() 
RESPONSE
ResponseImpl{address='add', params=null, body=3}
FROM CALL
MethodCallImpl{name='add', address='', params=io.advantageous.qbit.util.MultiMap$1@368b9426, body=[1, 2], timestamp=25890292, id=570, objectName='null', returnAddress='null'}


19:30:07.447 [QueueListener Request Queue test] DEBUG i.a.qbit.service.impl.ServiceImpl - ServiceImpl::doHandleMethodCall() METHOD CALLMethodCallImpl{name='add', address='', params=io.advantageous.qbit.util.MultiMap$1@368b9426, body=[1, 2], timestamp=25890292, id=571, objectName='null', returnAddress='null'}
19:30:07.447 [QueueListener Request Queue test] DEBUG i.a.qbit.service.impl.ServiceImpl - ServiceImpl::receive() 
RESPONSE
ResponseImpl{address='add', params=null, body=3}
FROM CALL
MethodCallImpl{name='add', address='', params=io.advantageous.qbit.util.MultiMap$1@368b9426, body=[1, 2], timestamp=25890292, id=571, objectName='null', returnAddress='null'}


19:30:07.447 [QueueListener Request Queue test] DEBUG i.a.qbit.service.impl.ServiceImpl - ServiceImpl::doHandleMethodCall() METHOD CALLMethodCallImpl{name='add', address='', params=io.advantageous.qbit.util.MultiMap$1@368b9426, body=[1, 2], timestamp=25890292, id=572, objectName='null', returnAddress='null'}
19:30:07.447 [QueueListener Request Queue test] DEBUG i.a.qbit.service.impl.ServiceImpl - ServiceImpl::receive() 
RESPONSE
ResponseImpl{address='add', params=null, body=3}
FROM CALL
MethodCallImpl{name='add', address='', params=io.advantageous.qbit.util.MultiMap$1@368b9426, body=[1, 2], timestamp=25890292, id=572, objectName='null', returnAddress='null'}


19:30:07.447 [QueueListener Request Queue test] DEBUG i.a.qbit.service.impl.ServiceImpl - ServiceImpl::doHandleMethodCall() METHOD CALLMethodCallImpl{name='add', address='', params=io.advantageous.qbit.util.MultiMap$1@368b9426, body=[1, 2], timestamp=25890292, id=573, objectName='null', returnAddress='null'}
19:30:07.447 [QueueListener Request Queue test] DEBUG i.a.qbit.service.impl.ServiceImpl - ServiceImpl::receive() 
RESPONSE
ResponseImpl{address='add', params=null, body=3}
FROM CALL
MethodCallImpl{name='add', address='', params=io.advantageous.qbit.util.MultiMap$1@368b9426, body=[1, 2], timestamp=25890292, id=573, objectName='null', returnAddress='null'}


19:30:07.448 [QueueListener Request Queue test] DEBUG i.a.qbit.service.impl.ServiceImpl - ServiceImpl::doHandleMethodCall() METHOD CALLMethodCallImpl{name='add', address='', params=io.advantageous.qbit.util.MultiMap$1@368b9426, body=[1, 2], timestamp=25890292, id=574, objectName='null', returnAddress='null'}
19:30:07.448 [QueueListener Request Queue test] DEBUG i.a.qbit.service.impl.ServiceImpl - ServiceImpl::receive() 
RESPONSE
ResponseImpl{address='add', params=null, body=3}
FROM CALL
MethodCallImpl{name='add', address='', params=io.advantageous.qbit.util.MultiMap$1@368b9426, body=[1, 2], timestamp=25890292, id=574, objectName='null', returnAddress='null'}


19:30:07.448 [QueueListener Request Queue test] DEBUG i.a.qbit.service.impl.ServiceImpl - ServiceImpl::doHandleMethodCall() METHOD CALLMethodCallImpl{name='add', address='', params=io.advantageous.qbit.util.MultiMap$1@368b9426, body=[1, 2], timestamp=25890292, id=575, objectName='null', returnAddress='null'}
19:30:07.448 [QueueListener Request Queue test] DEBUG i.a.qbit.service.impl.ServiceImpl - ServiceImpl::receive() 
RESPONSE
ResponseImpl{address='add', params=null, body=3}
FROM CALL
MethodCallImpl{name='add', address='', params=io.advantageous.qbit.util.MultiMap$1@368b9426, body=[1, 2], timestamp=25890292, id=575, objectName='null', returnAddress='null'}


Queue Limit 
Queue Empty 
19:30:07.448 [QueueListener Request Queue test] DEBUG i.a.qbit.service.impl.ServiceImpl - ServiceImpl::doHandleMethodCall() METHOD CALLMethodCallImpl{name='add', address='', params=io.advantageous.qbit.util.MultiMap$1@368b9426, body=[1, 2], timestamp=25890292, id=576, objectName='null', returnAddress='null'}
19:30:07.448 [QueueListener Request Queue test] DEBUG i.a.qbit.service.impl.ServiceImpl - ServiceImpl::receive() 
RESPONSE
ResponseImpl{address='add', params=null, body=3}
FROM CALL
MethodCallImpl{name='add', address='', params=io.advantageous.qbit.util.MultiMap$1@368b9426, body=[1, 2], timestamp=25890292, id=576, objectName='null', returnAddress='null'}


19:30:07.448 [QueueListener Request Queue test] DEBUG i.a.qbit.service.impl.ServiceImpl - ServiceImpl::doHandleMethodCall() METHOD CALLMethodCallImpl{name='add', address='', params=io.advantageous.qbit.util.MultiMap$1@368b9426, body=[1, 2], timestamp=25890292, id=577, objectName='null', returnAddress='null'}
19:30:07.448 [QueueListener Request Queue test] DEBUG i.a.qbit.service.impl.ServiceImpl - ServiceImpl::receive() 
RESPONSE
ResponseImpl{address='add', params=null, body=3}
FROM CALL
MethodCallImpl{name='add', address='', params=io.advantageous.qbit.util.MultiMap$1@368b9426, body=[1, 2], timestamp=25890292, id=577, objectName='null', returnAddress='null'}


19:30:07.448 [QueueListener Request Queue test] DEBUG i.a.qbit.service.impl.ServiceImpl - ServiceImpl::doHandleMethodCall() METHOD CALLMethodCallImpl{name='add', address='', params=io.advantageous.qbit.util.MultiMap$1@368b9426, body=[1, 2], timestamp=25890292, id=578, objectName='null', returnAddress='null'}
19:30:07.448 [QueueListener Request Queue test] DEBUG i.a.qbit.service.impl.ServiceImpl - ServiceImpl::receive() 
RESPONSE
ResponseImpl{address='add', params=null, body=3}
FROM CALL
MethodCallImpl{name='add', address='', params=io.advantageous.qbit.util.MultiMap$1@368b9426, body=[1, 2], timestamp=25890292, id=578, objectName='null', returnAddress='null'}


19:30:07.448 [QueueListener Request Queue test] DEBUG i.a.qbit.service.impl.ServiceImpl - ServiceImpl::doHandleMethodCall() METHOD CALLMethodCallImpl{name='add', address='', params=io.advantageous.qbit.util.MultiMap$1@368b9426, body=[1, 2], timestamp=25890292, id=579, objectName='null', returnAddress='null'}
19:30:07.448 [QueueListener Request Queue test] DEBUG i.a.qbit.service.impl.ServiceImpl - ServiceImpl::receive() 
RESPONSE
ResponseImpl{address='add', params=null, body=3}
FROM CALL
MethodCallImpl{name='add', address='', params=io.advantageous.qbit.util.MultiMap$1@368b9426, body=[1, 2], timestamp=25890292, id=579, objectName='null', returnAddress='null'}


19:30:07.448 [QueueListener Request Queue test] DEBUG i.a.qbit.service.impl.ServiceImpl - ServiceImpl::doHandleMethodCall() METHOD CALLMethodCallImpl{name='add', address='', params=io.advantageous.qbit.util.MultiMap$1@368b9426, body=[1, 2], timestamp=25890292, id=580, objectName='null', returnAddress='null'}
19:30:07.449 [QueueListener Request Queue test] DEBUG i.a.qbit.service.impl.ServiceImpl - ServiceImpl::receive() 
RESPONSE
ResponseImpl{address='add', params=null, body=3}
FROM CALL
MethodCallImpl{name='add', address='', params=io.advantageous.qbit.util.MultiMap$1@368b9426, body=[1, 2], timestamp=25890292, id=580, objectName='null', returnAddress='null'}


19:30:07.449 [QueueListener Request Queue test] DEBUG i.a.qbit.service.impl.ServiceImpl - ServiceImpl::doHandleMethodCall() METHOD CALLMethodCallImpl{name='add', address='', params=io.advantageous.qbit.util.MultiMap$1@368b9426, body=[1, 2], timestamp=25890292, id=581, objectName='null', returnAddress='null'}
19:30:07.449 [QueueListener Request Queue test] DEBUG i.a.qbit.service.impl.ServiceImpl - ServiceImpl::receive() 
RESPONSE
ResponseImpl{address='add', params=null, body=3}
FROM CALL
MethodCallImpl{name='add', address='', params=io.advantageous.qbit.util.MultiMap$1@368b9426, body=[1, 2], timestamp=25890292, id=581, objectName='null', returnAddress='null'}


Queue Limit 
Queue Empty 
19:30:07.449 [QueueListener Request Queue test] DEBUG i.a.qbit.service.impl.ServiceImpl - ServiceImpl::doHandleMethodCall() METHOD CALLMethodCallImpl{name='add', address='', params=io.advantageous.qbit.util.MultiMap$1@368b9426, body=[1, 2], timestamp=25890292, id=582, objectName='null', returnAddress='null'}
19:30:07.449 [QueueListener Request Queue test] DEBUG i.a.qbit.service.impl.ServiceImpl - ServiceImpl::receive() 
RESPONSE
ResponseImpl{address='add', params=null, body=3}
FROM CALL
MethodCallImpl{name='add', address='', params=io.advantageous.qbit.util.MultiMap$1@368b9426, body=[1, 2], timestamp=25890292, id=582, objectName='null', returnAddress='null'}


19:30:07.449 [QueueListener Request Queue test] DEBUG i.a.qbit.service.impl.ServiceImpl - ServiceImpl::doHandleMethodCall() METHOD CALLMethodCallImpl{name='add', address='', params=io.advantageous.qbit.util.MultiMap$1@368b9426, body=[1, 2], timestamp=25890292, id=583, objectName='null', returnAddress='null'}
19:30:07.449 [QueueListener Request Queue test] DEBUG i.a.qbit.service.impl.ServiceImpl - ServiceImpl::receive() 
RESPONSE
ResponseImpl{address='add', params=null, body=3}
FROM CALL
MethodCallImpl{name='add', address='', params=io.advantageous.qbit.util.MultiMap$1@368b9426, body=[1, 2], timestamp=25890292, id=583, objectName='null', returnAddress='null'}


19:30:07.449 [QueueListener Request Queue test] DEBUG i.a.qbit.service.impl.ServiceImpl - ServiceImpl::doHandleMethodCall() METHOD CALLMethodCallImpl{name='add', address='', params=io.advantageous.qbit.util.MultiMap$1@368b9426, body=[1, 2], timestamp=25890292, id=584, objectName='null', returnAddress='null'}
19:30:07.449 [QueueListener Request Queue test] DEBUG i.a.qbit.service.impl.ServiceImpl - ServiceImpl::receive() 
RESPONSE
ResponseImpl{address='add', params=null, body=3}
FROM CALL
MethodCallImpl{name='add', address='', params=io.advantageous.qbit.util.MultiMap$1@368b9426, body=[1, 2], timestamp=25890292, id=584, objectName='null', returnAddress='null'}


19:30:07.449 [QueueListener Request Queue test] DEBUG i.a.qbit.service.impl.ServiceImpl - ServiceImpl::doHandleMethodCall() METHOD CALLMethodCallImpl{name='add', address='', params=io.advantageous.qbit.util.MultiMap$1@368b9426, body=[1, 2], timestamp=25890292, id=585, objectName='null', returnAddress='null'}
19:30:07.450 [QueueListener Request Queue test] DEBUG i.a.qbit.service.impl.ServiceImpl - ServiceImpl::receive() 
RESPONSE
ResponseImpl{address='add', params=null, body=3}
FROM CALL
MethodCallImpl{name='add', address='', params=io.advantageous.qbit.util.MultiMap$1@368b9426, body=[1, 2], timestamp=25890292, id=585, objectName='null', returnAddress='null'}


19:30:07.450 [QueueListener Request Queue test] DEBUG i.a.qbit.service.impl.ServiceImpl - ServiceImpl::doHandleMethodCall() METHOD CALLMethodCallImpl{name='add', address='', params=io.advantageous.qbit.util.MultiMap$1@368b9426, body=[1, 2], timestamp=25890292, id=586, objectName='null', returnAddress='null'}
19:30:07.450 [QueueListener Request Queue test] DEBUG i.a.qbit.service.impl.ServiceImpl - ServiceImpl::receive() 
RESPONSE
ResponseImpl{address='add', params=null, body=3}
FROM CALL
MethodCallImpl{name='add', address='', params=io.advantageous.qbit.util.MultiMap$1@368b9426, body=[1, 2], timestamp=25890292, id=586, objectName='null', returnAddress='null'}


19:30:07.450 [QueueListener Request Queue test] DEBUG i.a.qbit.service.impl.ServiceImpl - ServiceImpl::doHandleMethodCall() METHOD CALLMethodCallImpl{name='add', address='', params=io.advantageous.qbit.util.MultiMap$1@368b9426, body=[1, 2], timestamp=25890292, id=587, objectName='null', returnAddress='null'}
19:30:07.450 [QueueListener Request Queue test] DEBUG i.a.qbit.service.impl.ServiceImpl - ServiceImpl::receive() 
RESPONSE
ResponseImpl{address='add', params=null, body=3}
FROM CALL
MethodCallImpl{name='add', address='', params=io.advantageous.qbit.util.MultiMap$1@368b9426, body=[1, 2], timestamp=25890292, id=587, objectName='null', returnAddress='null'}


Queue Limit 
Queue Empty 
19:30:07.450 [QueueListener Request Queue test] DEBUG i.a.qbit.service.impl.ServiceImpl - ServiceImpl::doHandleMethodCall() METHOD CALLMethodCallImpl{name='add', address='', params=io.advantageous.qbit.util.MultiMap$1@368b9426, body=[1, 2], timestamp=25890292, id=588, objectName='null', returnAddress='null'}
19:30:07.450 [QueueListener Request Queue test] DEBUG i.a.qbit.service.impl.ServiceImpl - ServiceImpl::receive() 
RESPONSE
ResponseImpl{address='add', params=null, body=3}
FROM CALL
MethodCallImpl{name='add', address='', params=io.advantageous.qbit.util.MultiMap$1@368b9426, body=[1, 2], timestamp=25890292, id=588, objectName='null', returnAddress='null'}


19:30:07.450 [QueueListener Request Queue test] DEBUG i.a.qbit.service.impl.ServiceImpl - ServiceImpl::doHandleMethodCall() METHOD CALLMethodCallImpl{name='add', address='', params=io.advantageous.qbit.util.MultiMap$1@368b9426, body=[1, 2], timestamp=25890292, id=589, objectName='null', returnAddress='null'}
19:30:07.450 [QueueListener Request Queue test] DEBUG i.a.qbit.service.impl.ServiceImpl - ServiceImpl::receive() 
RESPONSE
ResponseImpl{address='add', params=null, body=3}
FROM CALL
MethodCallImpl{name='add', address='', params=io.advantageous.qbit.util.MultiMap$1@368b9426, body=[1, 2], timestamp=25890292, id=589, objectName='null', returnAddress='null'}


19:30:07.450 [QueueListener Request Queue test] DEBUG i.a.qbit.service.impl.ServiceImpl - ServiceImpl::doHandleMethodCall() METHOD CALLMethodCallImpl{name='add', address='', params=io.advantageous.qbit.util.MultiMap$1@368b9426, body=[1, 2], timestamp=25890292, id=590, objectName='null', returnAddress='null'}
19:30:07.450 [QueueListener Request Queue test] DEBUG i.a.qbit.service.impl.ServiceImpl - ServiceImpl::receive() 
RESPONSE
ResponseImpl{address='add', params=null, body=3}
FROM CALL
MethodCallImpl{name='add', address='', params=io.advantageous.qbit.util.MultiMap$1@368b9426, body=[1, 2], timestamp=25890292, id=590, objectName='null', returnAddress='null'}


19:30:07.451 [QueueListener Request Queue test] DEBUG i.a.qbit.service.impl.ServiceImpl - ServiceImpl::doHandleMethodCall() METHOD CALLMethodCallImpl{name='add', address='', params=io.advantageous.qbit.util.MultiMap$1@368b9426, body=[1, 2], timestamp=25890292, id=591, objectName='null', returnAddress='null'}
19:30:07.451 [QueueListener Request Queue test] DEBUG i.a.qbit.service.impl.ServiceImpl - ServiceImpl::receive() 
RESPONSE
ResponseImpl{address='add', params=null, body=3}
FROM CALL
MethodCallImpl{name='add', address='', params=io.advantageous.qbit.util.MultiMap$1@368b9426, body=[1, 2], timestamp=25890292, id=591, objectName='null', returnAddress='null'}


19:30:07.451 [QueueListener Request Queue test] DEBUG i.a.qbit.service.impl.ServiceImpl - ServiceImpl::doHandleMethodCall() METHOD CALLMethodCallImpl{name='add', address='', params=io.advantageous.qbit.util.MultiMap$1@368b9426, body=[1, 2], timestamp=25890292, id=592, objectName='null', returnAddress='null'}
19:30:07.451 [QueueListener Request Queue test] DEBUG i.a.qbit.service.impl.ServiceImpl - ServiceImpl::receive() 
RESPONSE
ResponseImpl{address='add', params=null, body=3}
FROM CALL
MethodCallImpl{name='add', address='', params=io.advantageous.qbit.util.MultiMap$1@368b9426, body=[1, 2], timestamp=25890292, id=592, objectName='null', returnAddress='null'}


19:30:07.451 [QueueListener Request Queue test] DEBUG i.a.qbit.service.impl.ServiceImpl - ServiceImpl::doHandleMethodCall() METHOD CALLMethodCallImpl{name='add', address='', params=io.advantageous.qbit.util.MultiMap$1@368b9426, body=[1, 2], timestamp=25890292, id=593, objectName='null', returnAddress='null'}
19:30:07.451 [QueueListener Request Queue test] DEBUG i.a.qbit.service.impl.ServiceImpl - ServiceImpl::receive() 
RESPONSE
ResponseImpl{address='add', params=null, body=3}
FROM CALL
MethodCallImpl{name='add', address='', params=io.advantageous.qbit.util.MultiMap$1@368b9426, body=[1, 2], timestamp=25890292, id=593, objectName='null', returnAddress='null'}


Queue Limit 
Queue Empty 
19:30:07.451 [QueueListener Request Queue test] DEBUG i.a.qbit.service.impl.ServiceImpl - ServiceImpl::doHandleMethodCall() METHOD CALLMethodCallImpl{name='add', address='', params=io.advantageous.qbit.util.MultiMap$1@368b9426, body=[1, 2], timestamp=25890292, id=594, objectName='null', returnAddress='null'}
19:30:07.451 [QueueListener Request Queue test] DEBUG i.a.qbit.service.impl.ServiceImpl - ServiceImpl::receive() 
RESPONSE
ResponseImpl{address='add', params=null, body=3}
FROM CALL
MethodCallImpl{name='add', address='', params=io.advantageous.qbit.util.MultiMap$1@368b9426, body=[1, 2], timestamp=25890292, id=594, objectName='null', returnAddress='null'}


19:30:07.451 [QueueListener Request Queue test] DEBUG i.a.qbit.service.impl.ServiceImpl - ServiceImpl::doHandleMethodCall() METHOD CALLMethodCallImpl{name='add', address='', params=io.advantageous.qbit.util.MultiMap$1@368b9426, body=[1, 2], timestamp=25890292, id=595, objectName='null', returnAddress='null'}
19:30:07.451 [QueueListener Request Queue test] DEBUG i.a.qbit.service.impl.ServiceImpl - ServiceImpl::receive() 
RESPONSE
ResponseImpl{address='add', params=null, body=3}
FROM CALL
MethodCallImpl{name='add', address='', params=io.advantageous.qbit.util.MultiMap$1@368b9426, body=[1, 2], timestamp=25890292, id=595, objectName='null', returnAddress='null'}


19:30:07.451 [QueueListener Request Queue test] DEBUG i.a.qbit.service.impl.ServiceImpl - ServiceImpl::doHandleMethodCall() METHOD CALLMethodCallImpl{name='add', address='', params=io.advantageous.qbit.util.MultiMap$1@368b9426, body=[1, 2], timestamp=25890292, id=596, objectName='null', returnAddress='null'}
19:30:07.451 [QueueListener Request Queue test] DEBUG i.a.qbit.service.impl.ServiceImpl - ServiceImpl::receive() 
RESPONSE
ResponseImpl{address='add', params=null, body=3}
FROM CALL
MethodCallImpl{name='add', address='', params=io.advantageous.qbit.util.MultiMap$1@368b9426, body=[1, 2], timestamp=25890292, id=596, objectName='null', returnAddress='null'}


19:30:07.451 [QueueListener Request Queue test] DEBUG i.a.qbit.service.impl.ServiceImpl - ServiceImpl::doHandleMethodCall() METHOD CALLMethodCallImpl{name='add', address='', params=io.advantageous.qbit.util.MultiMap$1@368b9426, body=[1, 2], timestamp=25890292, id=597, objectName='null', returnAddress='null'}
19:30:07.451 [QueueListener Request Queue test] DEBUG i.a.qbit.service.impl.ServiceImpl - ServiceImpl::receive() 
RESPONSE
ResponseImpl{address='add', params=null, body=3}
FROM CALL
MethodCallImpl{name='add', address='', params=io.advantageous.qbit.util.MultiMap$1@368b9426, body=[1, 2], timestamp=25890292, id=597, objectName='null', returnAddress='null'}


19:30:07.451 [QueueListener Request Queue test] DEBUG i.a.qbit.service.impl.ServiceImpl - ServiceImpl::doHandleMethodCall() METHOD CALLMethodCallImpl{name='add', address='', params=io.advantageous.qbit.util.MultiMap$1@368b9426, body=[1, 2], timestamp=25890292, id=598, objectName='null', returnAddress='null'}
19:30:07.451 [QueueListener Request Queue test] DEBUG i.a.qbit.service.impl.ServiceImpl - ServiceImpl::receive() 
RESPONSE
ResponseImpl{address='add', params=null, body=3}
FROM CALL
MethodCallImpl{name='add', address='', params=io.advantageous.qbit.util.MultiMap$1@368b9426, body=[1, 2], timestamp=25890292, id=598, objectName='null', returnAddress='null'}


19:30:07.451 [QueueListener Request Queue test] DEBUG i.a.qbit.service.impl.ServiceImpl - ServiceImpl::doHandleMethodCall() METHOD CALLMethodCallImpl{name='add', address='', params=io.advantageous.qbit.util.MultiMap$1@368b9426, body=[1, 2], timestamp=25890292, id=599, objectName='null', returnAddress='null'}
19:30:07.452 [QueueListener Request Queue test] DEBUG i.a.qbit.service.impl.ServiceImpl - ServiceImpl::receive() 
RESPONSE
ResponseImpl{address='add', params=null, body=3}
FROM CALL
MethodCallImpl{name='add', address='', params=io.advantageous.qbit.util.MultiMap$1@368b9426, body=[1, 2], timestamp=25890292, id=599, objectName='null', returnAddress='null'}


Queue Limit 
Queue Empty 
19:30:07.452 [QueueListener Request Queue test] DEBUG i.a.qbit.service.impl.ServiceImpl - ServiceImpl::doHandleMethodCall() METHOD CALLMethodCallImpl{name='add', address='', params=io.advantageous.qbit.util.MultiMap$1@368b9426, body=[1, 2], timestamp=25890292, id=600, objectName='null', returnAddress='null'}
19:30:07.452 [QueueListener Request Queue test] DEBUG i.a.qbit.service.impl.ServiceImpl - ServiceImpl::receive() 
RESPONSE
ResponseImpl{address='add', params=null, body=3}
FROM CALL
MethodCallImpl{name='add', address='', params=io.advantageous.qbit.util.MultiMap$1@368b9426, body=[1, 2], timestamp=25890292, id=600, objectName='null', returnAddress='null'}


19:30:07.452 [QueueListener Request Queue test] DEBUG i.a.qbit.service.impl.ServiceImpl - ServiceImpl::doHandleMethodCall() METHOD CALLMethodCallImpl{name='add', address='', params=io.advantageous.qbit.util.MultiMap$1@368b9426, body=[1, 2], timestamp=25890292, id=601, objectName='null', returnAddress='null'}
19:30:07.452 [QueueListener Request Queue test] DEBUG i.a.qbit.service.impl.ServiceImpl - ServiceImpl::receive() 
RESPONSE
ResponseImpl{address='add', params=null, body=3}
FROM CALL
MethodCallImpl{name='add', address='', params=io.advantageous.qbit.util.MultiMap$1@368b9426, body=[1, 2], timestamp=25890292, id=601, objectName='null', returnAddress='null'}


19:30:07.452 [QueueListener Request Queue test] DEBUG i.a.qbit.service.impl.ServiceImpl - ServiceImpl::doHandleMethodCall() METHOD CALLMethodCallImpl{name='add', address='', params=io.advantageous.qbit.util.MultiMap$1@368b9426, body=[1, 2], timestamp=25890292, id=602, objectName='null', returnAddress='null'}
19:30:07.452 [QueueListener Request Queue test] DEBUG i.a.qbit.service.impl.ServiceImpl - ServiceImpl::receive() 
RESPONSE
ResponseImpl{address='add', params=null, body=3}
FROM CALL
MethodCallImpl{name='add', address='', params=io.advantageous.qbit.util.MultiMap$1@368b9426, body=[1, 2], timestamp=25890292, id=602, objectName='null', returnAddress='null'}


19:30:07.452 [QueueListener Request Queue test] DEBUG i.a.qbit.service.impl.ServiceImpl - ServiceImpl::doHandleMethodCall() METHOD CALLMethodCallImpl{name='add', address='', params=io.advantageous.qbit.util.MultiMap$1@368b9426, body=[1, 2], timestamp=25890292, id=603, objectName='null', returnAddress='null'}
19:30:07.452 [QueueListener Request Queue test] DEBUG i.a.qbit.service.impl.ServiceImpl - ServiceImpl::receive() 
RESPONSE
ResponseImpl{address='add', params=null, body=3}
FROM CALL
MethodCallImpl{name='add', address='', params=io.advantageous.qbit.util.MultiMap$1@368b9426, body=[1, 2], timestamp=25890292, id=603, objectName='null', returnAddress='null'}


19:30:07.452 [QueueListener Request Queue test] DEBUG i.a.qbit.service.impl.ServiceImpl - ServiceImpl::doHandleMethodCall() METHOD CALLMethodCallImpl{name='add', address='', params=io.advantageous.qbit.util.MultiMap$1@368b9426, body=[1, 2], timestamp=25890292, id=604, objectName='null', returnAddress='null'}
19:30:07.452 [QueueListener Request Queue test] DEBUG i.a.qbit.service.impl.ServiceImpl - ServiceImpl::receive() 
RESPONSE
ResponseImpl{address='add', params=null, body=3}
FROM CALL
MethodCallImpl{name='add', address='', params=io.advantageous.qbit.util.MultiMap$1@368b9426, body=[1, 2], timestamp=25890292, id=604, objectName='null', returnAddress='null'}


19:30:07.452 [QueueListener Request Queue test] DEBUG i.a.qbit.service.impl.ServiceImpl - ServiceImpl::doHandleMethodCall() METHOD CALLMethodCallImpl{name='add', address='', params=io.advantageous.qbit.util.MultiMap$1@368b9426, body=[1, 2], timestamp=25890292, id=605, objectName='null', returnAddress='null'}
19:30:07.452 [QueueListener Request Queue test] DEBUG i.a.qbit.service.impl.ServiceImpl - ServiceImpl::receive() 
RESPONSE
ResponseImpl{address='add', params=null, body=3}
FROM CALL
MethodCallImpl{name='add', address='', params=io.advantageous.qbit.util.MultiMap$1@368b9426, body=[1, 2], timestamp=25890292, id=605, objectName='null', returnAddress='null'}


Queue Limit 
Queue Empty 
19:30:07.452 [QueueListener Request Queue test] DEBUG i.a.qbit.service.impl.ServiceImpl - ServiceImpl::doHandleMethodCall() METHOD CALLMethodCallImpl{name='add', address='', params=io.advantageous.qbit.util.MultiMap$1@368b9426, body=[1, 2], timestamp=25890292, id=606, objectName='null', returnAddress='null'}
19:30:07.452 [QueueListener Request Queue test] DEBUG i.a.qbit.service.impl.ServiceImpl - ServiceImpl::receive() 
RESPONSE
ResponseImpl{address='add', params=null, body=3}
FROM CALL
MethodCallImpl{name='add', address='', params=io.advantageous.qbit.util.MultiMap$1@368b9426, body=[1, 2], timestamp=25890292, id=606, objectName='null', returnAddress='null'}


19:30:07.452 [QueueListener Request Queue test] DEBUG i.a.qbit.service.impl.ServiceImpl - ServiceImpl::doHandleMethodCall() METHOD CALLMethodCallImpl{name='add', address='', params=io.advantageous.qbit.util.MultiMap$1@368b9426, body=[1, 2], timestamp=25890292, id=607, objectName='null', returnAddress='null'}
19:30:07.452 [QueueListener Request Queue test] DEBUG i.a.qbit.service.impl.ServiceImpl - ServiceImpl::receive() 
RESPONSE
ResponseImpl{address='add', params=null, body=3}
FROM CALL
MethodCallImpl{name='add', address='', params=io.advantageous.qbit.util.MultiMap$1@368b9426, body=[1, 2], timestamp=25890292, id=607, objectName='null', returnAddress='null'}


19:30:07.452 [QueueListener Request Queue test] DEBUG i.a.qbit.service.impl.ServiceImpl - ServiceImpl::doHandleMethodCall() METHOD CALLMethodCallImpl{name='add', address='', params=io.advantageous.qbit.util.MultiMap$1@368b9426, body=[1, 2], timestamp=25890292, id=608, objectName='null', returnAddress='null'}
19:30:07.452 [QueueListener Request Queue test] DEBUG i.a.qbit.service.impl.ServiceImpl - ServiceImpl::receive() 
RESPONSE
ResponseImpl{address='add', params=null, body=3}
FROM CALL
MethodCallImpl{name='add', address='', params=io.advantageous.qbit.util.MultiMap$1@368b9426, body=[1, 2], timestamp=25890292, id=608, objectName='null', returnAddress='null'}


19:30:07.453 [QueueListener Request Queue test] DEBUG i.a.qbit.service.impl.ServiceImpl - ServiceImpl::doHandleMethodCall() METHOD CALLMethodCallImpl{name='add', address='', params=io.advantageous.qbit.util.MultiMap$1@368b9426, body=[1, 2], timestamp=25890292, id=609, objectName='null', returnAddress='null'}
19:30:07.453 [QueueListener Request Queue test] DEBUG i.a.qbit.service.impl.ServiceImpl - ServiceImpl::receive() 
RESPONSE
ResponseImpl{address='add', params=null, body=3}
FROM CALL
MethodCallImpl{name='add', address='', params=io.advantageous.qbit.util.MultiMap$1@368b9426, body=[1, 2], timestamp=25890292, id=609, objectName='null', returnAddress='null'}


19:30:07.453 [QueueListener Request Queue test] DEBUG i.a.qbit.service.impl.ServiceImpl - ServiceImpl::doHandleMethodCall() METHOD CALLMethodCallImpl{name='add', address='', params=io.advantageous.qbit.util.MultiMap$1@368b9426, body=[1, 2], timestamp=25890292, id=610, objectName='null', returnAddress='null'}
19:30:07.453 [QueueListener Request Queue test] DEBUG i.a.qbit.service.impl.ServiceImpl - ServiceImpl::receive() 
RESPONSE
ResponseImpl{address='add', params=null, body=3}
FROM CALL
MethodCallImpl{name='add', address='', params=io.advantageous.qbit.util.MultiMap$1@368b9426, body=[1, 2], timestamp=25890292, id=610, objectName='null', returnAddress='null'}


19:30:07.453 [QueueListener Request Queue test] DEBUG i.a.qbit.service.impl.ServiceImpl - ServiceImpl::doHandleMethodCall() METHOD CALLMethodCallImpl{name='add', address='', params=io.advantageous.qbit.util.MultiMap$1@368b9426, body=[1, 2], timestamp=25890292, id=611, objectName='null', returnAddress='null'}
19:30:07.453 [QueueListener Request Queue test] DEBUG i.a.qbit.service.impl.ServiceImpl - ServiceImpl::receive() 
RESPONSE
ResponseImpl{address='add', params=null, body=3}
FROM CALL
MethodCallImpl{name='add', address='', params=io.advantageous.qbit.util.MultiMap$1@368b9426, body=[1, 2], timestamp=25890292, id=611, objectName='null', returnAddress='null'}


Queue Limit 
Queue Empty 
19:30:07.453 [QueueListener Request Queue test] DEBUG i.a.qbit.service.impl.ServiceImpl - ServiceImpl::doHandleMethodCall() METHOD CALLMethodCallImpl{name='add', address='', params=io.advantageous.qbit.util.MultiMap$1@368b9426, body=[1, 2], timestamp=25890292, id=612, objectName='null', returnAddress='null'}
19:30:07.453 [QueueListener Request Queue test] DEBUG i.a.qbit.service.impl.ServiceImpl - ServiceImpl::receive() 
RESPONSE
ResponseImpl{address='add', params=null, body=3}
FROM CALL
MethodCallImpl{name='add', address='', params=io.advantageous.qbit.util.MultiMap$1@368b9426, body=[1, 2], timestamp=25890292, id=612, objectName='null', returnAddress='null'}


19:30:07.453 [QueueListener Request Queue test] DEBUG i.a.qbit.service.impl.ServiceImpl - ServiceImpl::doHandleMethodCall() METHOD CALLMethodCallImpl{name='add', address='', params=io.advantageous.qbit.util.MultiMap$1@368b9426, body=[1, 2], timestamp=25890292, id=613, objectName='null', returnAddress='null'}
19:30:07.453 [QueueListener Request Queue test] DEBUG i.a.qbit.service.impl.ServiceImpl - ServiceImpl::receive() 
RESPONSE
ResponseImpl{address='add', params=null, body=3}
FROM CALL
MethodCallImpl{name='add', address='', params=io.advantageous.qbit.util.MultiMap$1@368b9426, body=[1, 2], timestamp=25890292, id=613, objectName='null', returnAddress='null'}


19:30:07.453 [QueueListener Request Queue test] DEBUG i.a.qbit.service.impl.ServiceImpl - ServiceImpl::doHandleMethodCall() METHOD CALLMethodCallImpl{name='add', address='', params=io.advantageous.qbit.util.MultiMap$1@368b9426, body=[1, 2], timestamp=25890292, id=614, objectName='null', returnAddress='null'}
19:30:07.453 [QueueListener Request Queue test] DEBUG i.a.qbit.service.impl.ServiceImpl - ServiceImpl::receive() 
RESPONSE
ResponseImpl{address='add', params=null, body=3}
FROM CALL
MethodCallImpl{name='add', address='', params=io.advantageous.qbit.util.MultiMap$1@368b9426, body=[1, 2], timestamp=25890292, id=614, objectName='null', returnAddress='null'}


19:30:07.453 [QueueListener Request Queue test] DEBUG i.a.qbit.service.impl.ServiceImpl - ServiceImpl::doHandleMethodCall() METHOD CALLMethodCallImpl{name='add', address='', params=io.advantageous.qbit.util.MultiMap$1@368b9426, body=[1, 2], timestamp=25890292, id=615, objectName='null', returnAddress='null'}
19:30:07.453 [QueueListener Request Queue test] DEBUG i.a.qbit.service.impl.ServiceImpl - ServiceImpl::receive() 
RESPONSE
ResponseImpl{address='add', params=null, body=3}
FROM CALL
MethodCallImpl{name='add', address='', params=io.advantageous.qbit.util.MultiMap$1@368b9426, body=[1, 2], timestamp=25890292, id=615, objectName='null', returnAddress='null'}


19:30:07.453 [QueueListener Request Queue test] DEBUG i.a.qbit.service.impl.ServiceImpl - ServiceImpl::doHandleMethodCall() METHOD CALLMethodCallImpl{name='add', address='', params=io.advantageous.qbit.util.MultiMap$1@368b9426, body=[1, 2], timestamp=25890292, id=616, objectName='null', returnAddress='null'}
19:30:07.453 [QueueListener Request Queue test] DEBUG i.a.qbit.service.impl.ServiceImpl - ServiceImpl::receive() 
RESPONSE
ResponseImpl{address='add', params=null, body=3}
FROM CALL
MethodCallImpl{name='add', address='', params=io.advantageous.qbit.util.MultiMap$1@368b9426, body=[1, 2], timestamp=25890292, id=616, objectName='null', returnAddress='null'}


19:30:07.453 [QueueListener Request Queue test] DEBUG i.a.qbit.service.impl.ServiceImpl - ServiceImpl::doHandleMethodCall() METHOD CALLMethodCallImpl{name='add', address='', params=io.advantageous.qbit.util.MultiMap$1@368b9426, body=[1, 2], timestamp=25890292, id=617, objectName='null', returnAddress='null'}
19:30:07.454 [QueueListener Request Queue test] DEBUG i.a.qbit.service.impl.ServiceImpl - ServiceImpl::receive() 
RESPONSE
ResponseImpl{address='add', params=null, body=3}
FROM CALL
MethodCallImpl{name='add', address='', params=io.advantageous.qbit.util.MultiMap$1@368b9426, body=[1, 2], timestamp=25890292, id=617, objectName='null', returnAddress='null'}


Queue Limit 
Queue Empty 
19:30:07.454 [QueueListener Request Queue test] DEBUG i.a.qbit.service.impl.ServiceImpl - ServiceImpl::doHandleMethodCall() METHOD CALLMethodCallImpl{name='add', address='', params=io.advantageous.qbit.util.MultiMap$1@368b9426, body=[1, 2], timestamp=25890292, id=618, objectName='null', returnAddress='null'}
19:30:07.454 [QueueListener Request Queue test] DEBUG i.a.qbit.service.impl.ServiceImpl - ServiceImpl::receive() 
RESPONSE
ResponseImpl{address='add', params=null, body=3}
FROM CALL
MethodCallImpl{name='add', address='', params=io.advantageous.qbit.util.MultiMap$1@368b9426, body=[1, 2], timestamp=25890292, id=618, objectName='null', returnAddress='null'}


19:30:07.454 [QueueListener Request Queue test] DEBUG i.a.qbit.service.impl.ServiceImpl - ServiceImpl::doHandleMethodCall() METHOD CALLMethodCallImpl{name='add', address='', params=io.advantageous.qbit.util.MultiMap$1@368b9426, body=[1, 2], timestamp=25890292, id=619, objectName='null', returnAddress='null'}
19:30:07.454 [QueueListener Request Queue test] DEBUG i.a.qbit.service.impl.ServiceImpl - ServiceImpl::receive() 
RESPONSE
ResponseImpl{address='add', params=null, body=3}
FROM CALL
MethodCallImpl{name='add', address='', params=io.advantageous.qbit.util.MultiMap$1@368b9426, body=[1, 2], timestamp=25890292, id=619, objectName='null', returnAddress='null'}


19:30:07.454 [QueueListener Request Queue test] DEBUG i.a.qbit.service.impl.ServiceImpl - ServiceImpl::doHandleMethodCall() METHOD CALLMethodCallImpl{name='add', address='', params=io.advantageous.qbit.util.MultiMap$1@368b9426, body=[1, 2], timestamp=25890292, id=620, objectName='null', returnAddress='null'}
19:30:07.454 [QueueListener Request Queue test] DEBUG i.a.qbit.service.impl.ServiceImpl - ServiceImpl::receive() 
RESPONSE
ResponseImpl{address='add', params=null, body=3}
FROM CALL
MethodCallImpl{name='add', address='', params=io.advantageous.qbit.util.MultiMap$1@368b9426, body=[1, 2], timestamp=25890292, id=620, objectName='null', returnAddress='null'}


19:30:07.454 [QueueListener Request Queue test] DEBUG i.a.qbit.service.impl.ServiceImpl - ServiceImpl::doHandleMethodCall() METHOD CALLMethodCallImpl{name='add', address='', params=io.advantageous.qbit.util.MultiMap$1@368b9426, body=[1, 2], timestamp=25890292, id=621, objectName='null', returnAddress='null'}
19:30:07.454 [QueueListener Request Queue test] DEBUG i.a.qbit.service.impl.ServiceImpl - ServiceImpl::receive() 
RESPONSE
ResponseImpl{address='add', params=null, body=3}
FROM CALL
MethodCallImpl{name='add', address='', params=io.advantageous.qbit.util.MultiMap$1@368b9426, body=[1, 2], timestamp=25890292, id=621, objectName='null', returnAddress='null'}


19:30:07.454 [QueueListener Request Queue test] DEBUG i.a.qbit.service.impl.ServiceImpl - ServiceImpl::doHandleMethodCall() METHOD CALLMethodCallImpl{name='add', address='', params=io.advantageous.qbit.util.MultiMap$1@368b9426, body=[1, 2], timestamp=25890292, id=622, objectName='null', returnAddress='null'}
19:30:07.454 [QueueListener Request Queue test] DEBUG i.a.qbit.service.impl.ServiceImpl - ServiceImpl::receive() 
RESPONSE
ResponseImpl{address='add', params=null, body=3}
FROM CALL
MethodCallImpl{name='add', address='', params=io.advantageous.qbit.util.MultiMap$1@368b9426, body=[1, 2], timestamp=25890292, id=622, objectName='null', returnAddress='null'}


19:30:07.454 [QueueListener Request Queue test] DEBUG i.a.qbit.service.impl.ServiceImpl - ServiceImpl::doHandleMethodCall() METHOD CALLMethodCallImpl{name='add', address='', params=io.advantageous.qbit.util.MultiMap$1@368b9426, body=[1, 2], timestamp=25890292, id=623, objectName='null', returnAddress='null'}
19:30:07.454 [QueueListener Request Queue test] DEBUG i.a.qbit.service.impl.ServiceImpl - ServiceImpl::receive() 
RESPONSE
ResponseImpl{address='add', params=null, body=3}
FROM CALL
MethodCallImpl{name='add', address='', params=io.advantageous.qbit.util.MultiMap$1@368b9426, body=[1, 2], timestamp=25890292, id=623, objectName='null', returnAddress='null'}


Queue Limit 
Queue Empty 
19:30:07.454 [QueueListener Request Queue test] DEBUG i.a.qbit.service.impl.ServiceImpl - ServiceImpl::doHandleMethodCall() METHOD CALLMethodCallImpl{name='add', address='', params=io.advantageous.qbit.util.MultiMap$1@368b9426, body=[1, 2], timestamp=25890292, id=624, objectName='null', returnAddress='null'}
19:30:07.454 [QueueListener Request Queue test] DEBUG i.a.qbit.service.impl.ServiceImpl - ServiceImpl::receive() 
RESPONSE
ResponseImpl{address='add', params=null, body=3}
FROM CALL
MethodCallImpl{name='add', address='', params=io.advantageous.qbit.util.MultiMap$1@368b9426, body=[1, 2], timestamp=25890292, id=624, objectName='null', returnAddress='null'}


19:30:07.454 [QueueListener Request Queue test] DEBUG i.a.qbit.service.impl.ServiceImpl - ServiceImpl::doHandleMethodCall() METHOD CALLMethodCallImpl{name='add', address='', params=io.advantageous.qbit.util.MultiMap$1@368b9426, body=[1, 2], timestamp=25890292, id=625, objectName='null', returnAddress='null'}
19:30:07.454 [QueueListener Request Queue test] DEBUG i.a.qbit.service.impl.ServiceImpl - ServiceImpl::receive() 
RESPONSE
ResponseImpl{address='add', params=null, body=3}
FROM CALL
MethodCallImpl{name='add', address='', params=io.advantageous.qbit.util.MultiMap$1@368b9426, body=[1, 2], timestamp=25890292, id=625, objectName='null', returnAddress='null'}


19:30:07.454 [QueueListener Request Queue test] DEBUG i.a.qbit.service.impl.ServiceImpl - ServiceImpl::doHandleMethodCall() METHOD CALLMethodCallImpl{name='add', address='', params=io.advantageous.qbit.util.MultiMap$1@368b9426, body=[1, 2], timestamp=25890292, id=626, objectName='null', returnAddress='null'}
19:30:07.455 [QueueListener Request Queue test] DEBUG i.a.qbit.service.impl.ServiceImpl - ServiceImpl::receive() 
RESPONSE
ResponseImpl{address='add', params=null, body=3}
FROM CALL
MethodCallImpl{name='add', address='', params=io.advantageous.qbit.util.MultiMap$1@368b9426, body=[1, 2], timestamp=25890292, id=626, objectName='null', returnAddress='null'}


19:30:07.455 [QueueListener Request Queue test] DEBUG i.a.qbit.service.impl.ServiceImpl - ServiceImpl::doHandleMethodCall() METHOD CALLMethodCallImpl{name='add', address='', params=io.advantageous.qbit.util.MultiMap$1@368b9426, body=[1, 2], timestamp=25890292, id=627, objectName='null', returnAddress='null'}
19:30:07.455 [QueueListener Request Queue test] DEBUG i.a.qbit.service.impl.ServiceImpl - ServiceImpl::receive() 
RESPONSE
ResponseImpl{address='add', params=null, body=3}
FROM CALL
MethodCallImpl{name='add', address='', params=io.advantageous.qbit.util.MultiMap$1@368b9426, body=[1, 2], timestamp=25890292, id=627, objectName='null', returnAddress='null'}


19:30:07.455 [QueueListener Request Queue test] DEBUG i.a.qbit.service.impl.ServiceImpl - ServiceImpl::doHandleMethodCall() METHOD CALLMethodCallImpl{name='add', address='', params=io.advantageous.qbit.util.MultiMap$1@368b9426, body=[1, 2], timestamp=25890292, id=628, objectName='null', returnAddress='null'}
19:30:07.455 [QueueListener Request Queue test] DEBUG i.a.qbit.service.impl.ServiceImpl - ServiceImpl::receive() 
RESPONSE
ResponseImpl{address='add', params=null, body=3}
FROM CALL
MethodCallImpl{name='add', address='', params=io.advantageous.qbit.util.MultiMap$1@368b9426, body=[1, 2], timestamp=25890292, id=628, objectName='null', returnAddress='null'}


19:30:07.455 [QueueListener Request Queue test] DEBUG i.a.qbit.service.impl.ServiceImpl - ServiceImpl::doHandleMethodCall() METHOD CALLMethodCallImpl{name='add', address='', params=io.advantageous.qbit.util.MultiMap$1@368b9426, body=[1, 2], timestamp=25890292, id=629, objectName='null', returnAddress='null'}
19:30:07.455 [QueueListener Request Queue test] DEBUG i.a.qbit.service.impl.ServiceImpl - ServiceImpl::receive() 
RESPONSE
ResponseImpl{address='add', params=null, body=3}
FROM CALL
MethodCallImpl{name='add', address='', params=io.advantageous.qbit.util.MultiMap$1@368b9426, body=[1, 2], timestamp=25890292, id=629, objectName='null', returnAddress='null'}


Queue Limit 
Queue Empty 
19:30:07.455 [QueueListener Request Queue test] DEBUG i.a.qbit.service.impl.ServiceImpl - ServiceImpl::doHandleMethodCall() METHOD CALLMethodCallImpl{name='add', address='', params=io.advantageous.qbit.util.MultiMap$1@368b9426, body=[1, 2], timestamp=25890292, id=630, objectName='null', returnAddress='null'}
19:30:07.455 [QueueListener Request Queue test] DEBUG i.a.qbit.service.impl.ServiceImpl - ServiceImpl::receive() 
RESPONSE
ResponseImpl{address='add', params=null, body=3}
FROM CALL
MethodCallImpl{name='add', address='', params=io.advantageous.qbit.util.MultiMap$1@368b9426, body=[1, 2], timestamp=25890292, id=630, objectName='null', returnAddress='null'}


19:30:07.455 [QueueListener Request Queue test] DEBUG i.a.qbit.service.impl.ServiceImpl - ServiceImpl::doHandleMethodCall() METHOD CALLMethodCallImpl{name='add', address='', params=io.advantageous.qbit.util.MultiMap$1@368b9426, body=[1, 2], timestamp=25890292, id=631, objectName='null', returnAddress='null'}
19:30:07.455 [QueueListener Request Queue test] DEBUG i.a.qbit.service.impl.ServiceImpl - ServiceImpl::receive() 
RESPONSE
ResponseImpl{address='add', params=null, body=3}
FROM CALL
MethodCallImpl{name='add', address='', params=io.advantageous.qbit.util.MultiMap$1@368b9426, body=[1, 2], timestamp=25890292, id=631, objectName='null', returnAddress='null'}


19:30:07.455 [QueueListener Request Queue test] DEBUG i.a.qbit.service.impl.ServiceImpl - ServiceImpl::doHandleMethodCall() METHOD CALLMethodCallImpl{name='add', address='', params=io.advantageous.qbit.util.MultiMap$1@368b9426, body=[1, 2], timestamp=25890292, id=632, objectName='null', returnAddress='null'}
19:30:07.455 [QueueListener Request Queue test] DEBUG i.a.qbit.service.impl.ServiceImpl - ServiceImpl::receive() 
RESPONSE
ResponseImpl{address='add', params=null, body=3}
FROM CALL
MethodCallImpl{name='add', address='', params=io.advantageous.qbit.util.MultiMap$1@368b9426, body=[1, 2], timestamp=25890292, id=632, objectName='null', returnAddress='null'}


19:30:07.455 [QueueListener Request Queue test] DEBUG i.a.qbit.service.impl.ServiceImpl - ServiceImpl::doHandleMethodCall() METHOD CALLMethodCallImpl{name='add', address='', params=io.advantageous.qbit.util.MultiMap$1@368b9426, body=[1, 2], timestamp=25890292, id=633, objectName='null', returnAddress='null'}
19:30:07.455 [QueueListener Request Queue test] DEBUG i.a.qbit.service.impl.ServiceImpl - ServiceImpl::receive() 
RESPONSE
ResponseImpl{address='add', params=null, body=3}
FROM CALL
MethodCallImpl{name='add', address='', params=io.advantageous.qbit.util.MultiMap$1@368b9426, body=[1, 2], timestamp=25890292, id=633, objectName='null', returnAddress='null'}


19:30:07.455 [QueueListener Request Queue test] DEBUG i.a.qbit.service.impl.ServiceImpl - ServiceImpl::doHandleMethodCall() METHOD CALLMethodCallImpl{name='add', address='', params=io.advantageous.qbit.util.MultiMap$1@368b9426, body=[1, 2], timestamp=25890292, id=634, objectName='null', returnAddress='null'}
19:30:07.455 [QueueListener Request Queue test] DEBUG i.a.qbit.service.impl.ServiceImpl - ServiceImpl::receive() 
RESPONSE
ResponseImpl{address='add', params=null, body=3}
FROM CALL
MethodCallImpl{name='add', address='', params=io.advantageous.qbit.util.MultiMap$1@368b9426, body=[1, 2], timestamp=25890292, id=634, objectName='null', returnAddress='null'}


19:30:07.455 [QueueListener Request Queue test] DEBUG i.a.qbit.service.impl.ServiceImpl - ServiceImpl::doHandleMethodCall() METHOD CALLMethodCallImpl{name='add', address='', params=io.advantageous.qbit.util.MultiMap$1@368b9426, body=[1, 2], timestamp=25890292, id=635, objectName='null', returnAddress='null'}
19:30:07.455 [QueueListener Request Queue test] DEBUG i.a.qbit.service.impl.ServiceImpl - ServiceImpl::receive() 
RESPONSE
ResponseImpl{address='add', params=null, body=3}
FROM CALL
MethodCallImpl{name='add', address='', params=io.advantageous.qbit.util.MultiMap$1@368b9426, body=[1, 2], timestamp=25890292, id=635, objectName='null', returnAddress='null'}


Queue Limit 
Queue Empty 
19:30:07.455 [QueueListener Request Queue test] DEBUG i.a.qbit.service.impl.ServiceImpl - ServiceImpl::doHandleMethodCall() METHOD CALLMethodCallImpl{name='add', address='', params=io.advantageous.qbit.util.MultiMap$1@368b9426, body=[1, 2], timestamp=25890292, id=636, objectName='null', returnAddress='null'}
19:30:07.455 [QueueListener Request Queue test] DEBUG i.a.qbit.service.impl.ServiceImpl - ServiceImpl::receive() 
RESPONSE
ResponseImpl{address='add', params=null, body=3}
FROM CALL
MethodCallImpl{name='add', address='', params=io.advantageous.qbit.util.MultiMap$1@368b9426, body=[1, 2], timestamp=25890292, id=636, objectName='null', returnAddress='null'}


19:30:07.456 [QueueListener Request Queue test] DEBUG i.a.qbit.service.impl.ServiceImpl - ServiceImpl::doHandleMethodCall() METHOD CALLMethodCallImpl{name='add', address='', params=io.advantageous.qbit.util.MultiMap$1@368b9426, body=[1, 2], timestamp=25890292, id=637, objectName='null', returnAddress='null'}
19:30:07.456 [QueueListener Request Queue test] DEBUG i.a.qbit.service.impl.ServiceImpl - ServiceImpl::receive() 
RESPONSE
ResponseImpl{address='add', params=null, body=3}
FROM CALL
MethodCallImpl{name='add', address='', params=io.advantageous.qbit.util.MultiMap$1@368b9426, body=[1, 2], timestamp=25890292, id=637, objectName='null', returnAddress='null'}


19:30:07.456 [QueueListener Request Queue test] DEBUG i.a.qbit.service.impl.ServiceImpl - ServiceImpl::doHandleMethodCall() METHOD CALLMethodCallImpl{name='add', address='', params=io.advantageous.qbit.util.MultiMap$1@368b9426, body=[1, 2], timestamp=25890292, id=638, objectName='null', returnAddress='null'}
19:30:07.456 [QueueListener Request Queue test] DEBUG i.a.qbit.service.impl.ServiceImpl - ServiceImpl::receive() 
RESPONSE
ResponseImpl{address='add', params=null, body=3}
FROM CALL
MethodCallImpl{name='add', address='', params=io.advantageous.qbit.util.MultiMap$1@368b9426, body=[1, 2], timestamp=25890292, id=638, objectName='null', returnAddress='null'}


19:30:07.456 [QueueListener Request Queue test] DEBUG i.a.qbit.service.impl.ServiceImpl - ServiceImpl::doHandleMethodCall() METHOD CALLMethodCallImpl{name='add', address='', params=io.advantageous.qbit.util.MultiMap$1@368b9426, body=[1, 2], timestamp=25890292, id=639, objectName='null', returnAddress='null'}
19:30:07.456 [QueueListener Request Queue test] DEBUG i.a.qbit.service.impl.ServiceImpl - ServiceImpl::receive() 
RESPONSE
ResponseImpl{address='add', params=null, body=3}
FROM CALL
MethodCallImpl{name='add', address='', params=io.advantageous.qbit.util.MultiMap$1@368b9426, body=[1, 2], timestamp=25890292, id=639, objectName='null', returnAddress='null'}


19:30:07.456 [QueueListener Request Queue test] DEBUG i.a.qbit.service.impl.ServiceImpl - ServiceImpl::doHandleMethodCall() METHOD CALLMethodCallImpl{name='add', address='', params=io.advantageous.qbit.util.MultiMap$1@368b9426, body=[1, 2], timestamp=25890292, id=640, objectName='null', returnAddress='null'}
19:30:07.456 [QueueListener Request Queue test] DEBUG i.a.qbit.service.impl.ServiceImpl - ServiceImpl::receive() 
RESPONSE
ResponseImpl{address='add', params=null, body=3}
FROM CALL
MethodCallImpl{name='add', address='', params=io.advantageous.qbit.util.MultiMap$1@368b9426, body=[1, 2], timestamp=25890292, id=640, objectName='null', returnAddress='null'}


19:30:07.456 [QueueListener Request Queue test] DEBUG i.a.qbit.service.impl.ServiceImpl - ServiceImpl::doHandleMethodCall() METHOD CALLMethodCallImpl{name='add', address='', params=io.advantageous.qbit.util.MultiMap$1@368b9426, body=[1, 2], timestamp=25890292, id=641, objectName='null', returnAddress='null'}
19:30:07.456 [QueueListener Request Queue test] DEBUG i.a.qbit.service.impl.ServiceImpl - ServiceImpl::receive() 
RESPONSE
ResponseImpl{address='add', params=null, body=3}
FROM CALL
MethodCallImpl{name='add', address='', params=io.advantageous.qbit.util.MultiMap$1@368b9426, body=[1, 2], timestamp=25890292, id=641, objectName='null', returnAddress='null'}


Queue Limit 
Queue Empty 
19:30:07.456 [QueueListener Request Queue test] DEBUG i.a.qbit.service.impl.ServiceImpl - ServiceImpl::doHandleMethodCall() METHOD CALLMethodCallImpl{name='add', address='', params=io.advantageous.qbit.util.MultiMap$1@368b9426, body=[1, 2], timestamp=25890292, id=642, objectName='null', returnAddress='null'}
19:30:07.456 [QueueListener Request Queue test] DEBUG i.a.qbit.service.impl.ServiceImpl - ServiceImpl::receive() 
RESPONSE
ResponseImpl{address='add', params=null, body=3}
FROM CALL
MethodCallImpl{name='add', address='', params=io.advantageous.qbit.util.MultiMap$1@368b9426, body=[1, 2], timestamp=25890292, id=642, objectName='null', returnAddress='null'}


19:30:07.456 [QueueListener Request Queue test] DEBUG i.a.qbit.service.impl.ServiceImpl - ServiceImpl::doHandleMethodCall() METHOD CALLMethodCallImpl{name='add', address='', params=io.advantageous.qbit.util.MultiMap$1@368b9426, body=[1, 2], timestamp=25890292, id=643, objectName='null', returnAddress='null'}
19:30:07.456 [QueueListener Request Queue test] DEBUG i.a.qbit.service.impl.ServiceImpl - ServiceImpl::receive() 
RESPONSE
ResponseImpl{address='add', params=null, body=3}
FROM CALL
MethodCallImpl{name='add', address='', params=io.advantageous.qbit.util.MultiMap$1@368b9426, body=[1, 2], timestamp=25890292, id=643, objectName='null', returnAddress='null'}


19:30:07.456 [QueueListener Request Queue test] DEBUG i.a.qbit.service.impl.ServiceImpl - ServiceImpl::doHandleMethodCall() METHOD CALLMethodCallImpl{name='add', address='', params=io.advantageous.qbit.util.MultiMap$1@368b9426, body=[1, 2], timestamp=25890292, id=644, objectName='null', returnAddress='null'}
19:30:07.456 [QueueListener Request Queue test] DEBUG i.a.qbit.service.impl.ServiceImpl - ServiceImpl::receive() 
RESPONSE
ResponseImpl{address='add', params=null, body=3}
FROM CALL
MethodCallImpl{name='add', address='', params=io.advantageous.qbit.util.MultiMap$1@368b9426, body=[1, 2], timestamp=25890292, id=644, objectName='null', returnAddress='null'}


19:30:07.456 [QueueListener Request Queue test] DEBUG i.a.qbit.service.impl.ServiceImpl - ServiceImpl::doHandleMethodCall() METHOD CALLMethodCallImpl{name='add', address='', params=io.advantageous.qbit.util.MultiMap$1@368b9426, body=[1, 2], timestamp=25890292, id=645, objectName='null', returnAddress='null'}
19:30:07.456 [QueueListener Request Queue test] DEBUG i.a.qbit.service.impl.ServiceImpl - ServiceImpl::receive() 
RESPONSE
ResponseImpl{address='add', params=null, body=3}
FROM CALL
MethodCallImpl{name='add', address='', params=io.advantageous.qbit.util.MultiMap$1@368b9426, body=[1, 2], timestamp=25890292, id=645, objectName='null', returnAddress='null'}


19:30:07.456 [QueueListener Request Queue test] DEBUG i.a.qbit.service.impl.ServiceImpl - ServiceImpl::doHandleMethodCall() METHOD CALLMethodCallImpl{name='add', address='', params=io.advantageous.qbit.util.MultiMap$1@368b9426, body=[1, 2], timestamp=25890292, id=646, objectName='null', returnAddress='null'}
19:30:07.457 [QueueListener Request Queue test] DEBUG i.a.qbit.service.impl.ServiceImpl - ServiceImpl::receive() 
RESPONSE
ResponseImpl{address='add', params=null, body=3}
FROM CALL
MethodCallImpl{name='add', address='', params=io.advantageous.qbit.util.MultiMap$1@368b9426, body=[1, 2], timestamp=25890292, id=646, objectName='null', returnAddress='null'}


19:30:07.457 [QueueListener Request Queue test] DEBUG i.a.qbit.service.impl.ServiceImpl - ServiceImpl::doHandleMethodCall() METHOD CALLMethodCallImpl{name='add', address='', params=io.advantageous.qbit.util.MultiMap$1@368b9426, body=[1, 2], timestamp=25890292, id=647, objectName='null', returnAddress='null'}
19:30:07.457 [QueueListener Request Queue test] DEBUG i.a.qbit.service.impl.ServiceImpl - ServiceImpl::receive() 
RESPONSE
ResponseImpl{address='add', params=null, body=3}
FROM CALL
MethodCallImpl{name='add', address='', params=io.advantageous.qbit.util.MultiMap$1@368b9426, body=[1, 2], timestamp=25890292, id=647, objectName='null', returnAddress='null'}


Queue Limit 
Queue Empty 
19:30:07.457 [QueueListener Request Queue test] DEBUG i.a.qbit.service.impl.ServiceImpl - ServiceImpl::doHandleMethodCall() METHOD CALLMethodCallImpl{name='add', address='', params=io.advantageous.qbit.util.MultiMap$1@368b9426, body=[1, 2], timestamp=25890292, id=648, objectName='null', returnAddress='null'}
19:30:07.457 [QueueListener Request Queue test] DEBUG i.a.qbit.service.impl.ServiceImpl - ServiceImpl::receive() 
RESPONSE
ResponseImpl{address='add', params=null, body=3}
FROM CALL
MethodCallImpl{name='add', address='', params=io.advantageous.qbit.util.MultiMap$1@368b9426, body=[1, 2], timestamp=25890292, id=648, objectName='null', returnAddress='null'}


19:30:07.457 [QueueListener Request Queue test] DEBUG i.a.qbit.service.impl.ServiceImpl - ServiceImpl::doHandleMethodCall() METHOD CALLMethodCallImpl{name='add', address='', params=io.advantageous.qbit.util.MultiMap$1@368b9426, body=[1, 2], timestamp=25890292, id=649, objectName='null', returnAddress='null'}
19:30:07.457 [QueueListener Request Queue test] DEBUG i.a.qbit.service.impl.ServiceImpl - ServiceImpl::receive() 
RESPONSE
ResponseImpl{address='add', params=null, body=3}
FROM CALL
MethodCallImpl{name='add', address='', params=io.advantageous.qbit.util.MultiMap$1@368b9426, body=[1, 2], timestamp=25890292, id=649, objectName='null', returnAddress='null'}


19:30:07.457 [QueueListener Request Queue test] DEBUG i.a.qbit.service.impl.ServiceImpl - ServiceImpl::doHandleMethodCall() METHOD CALLMethodCallImpl{name='add', address='', params=io.advantageous.qbit.util.MultiMap$1@368b9426, body=[1, 2], timestamp=25890292, id=650, objectName='null', returnAddress='null'}
19:30:07.457 [QueueListener Request Queue test] DEBUG i.a.qbit.service.impl.ServiceImpl - ServiceImpl::receive() 
RESPONSE
ResponseImpl{address='add', params=null, body=3}
FROM CALL
MethodCallImpl{name='add', address='', params=io.advantageous.qbit.util.MultiMap$1@368b9426, body=[1, 2], timestamp=25890292, id=650, objectName='null', returnAddress='null'}


19:30:07.457 [QueueListener Request Queue test] DEBUG i.a.qbit.service.impl.ServiceImpl - ServiceImpl::doHandleMethodCall() METHOD CALLMethodCallImpl{name='add', address='', params=io.advantageous.qbit.util.MultiMap$1@368b9426, body=[1, 2], timestamp=25890292, id=651, objectName='null', returnAddress='null'}
19:30:07.457 [QueueListener Request Queue test] DEBUG i.a.qbit.service.impl.ServiceImpl - ServiceImpl::receive() 
RESPONSE
ResponseImpl{address='add', params=null, body=3}
FROM CALL
MethodCallImpl{name='add', address='', params=io.advantageous.qbit.util.MultiMap$1@368b9426, body=[1, 2], timestamp=25890292, id=651, objectName='null', returnAddress='null'}


19:30:07.457 [QueueListener Request Queue test] DEBUG i.a.qbit.service.impl.ServiceImpl - ServiceImpl::doHandleMethodCall() METHOD CALLMethodCallImpl{name='add', address='', params=io.advantageous.qbit.util.MultiMap$1@368b9426, body=[1, 2], timestamp=25890292, id=652, objectName='null', returnAddress='null'}
19:30:07.457 [QueueListener Request Queue test] DEBUG i.a.qbit.service.impl.ServiceImpl - ServiceImpl::receive() 
RESPONSE
ResponseImpl{address='add', params=null, body=3}
FROM CALL
MethodCallImpl{name='add', address='', params=io.advantageous.qbit.util.MultiMap$1@368b9426, body=[1, 2], timestamp=25890292, id=652, objectName='null', returnAddress='null'}


19:30:07.457 [QueueListener Request Queue test] DEBUG i.a.qbit.service.impl.ServiceImpl - ServiceImpl::doHandleMethodCall() METHOD CALLMethodCallImpl{name='add', address='', params=io.advantageous.qbit.util.MultiMap$1@368b9426, body=[1, 2], timestamp=25890292, id=653, objectName='null', returnAddress='null'}
19:30:07.457 [QueueListener Request Queue test] DEBUG i.a.qbit.service.impl.ServiceImpl - ServiceImpl::receive() 
RESPONSE
ResponseImpl{address='add', params=null, body=3}
FROM CALL
MethodCallImpl{name='add', address='', params=io.advantageous.qbit.util.MultiMap$1@368b9426, body=[1, 2], timestamp=25890292, id=653, objectName='null', returnAddress='null'}


Queue Limit 
Queue Empty 
19:30:07.457 [QueueListener Request Queue test] DEBUG i.a.qbit.service.impl.ServiceImpl - ServiceImpl::doHandleMethodCall() METHOD CALLMethodCallImpl{name='add', address='', params=io.advantageous.qbit.util.MultiMap$1@368b9426, body=[1, 2], timestamp=25890292, id=654, objectName='null', returnAddress='null'}
19:30:07.457 [QueueListener Request Queue test] DEBUG i.a.qbit.service.impl.ServiceImpl - ServiceImpl::receive() 
RESPONSE
ResponseImpl{address='add', params=null, body=3}
FROM CALL
MethodCallImpl{name='add', address='', params=io.advantageous.qbit.util.MultiMap$1@368b9426, body=[1, 2], timestamp=25890292, id=654, objectName='null', returnAddress='null'}


19:30:07.457 [QueueListener Request Queue test] DEBUG i.a.qbit.service.impl.ServiceImpl - ServiceImpl::doHandleMethodCall() METHOD CALLMethodCallImpl{name='add', address='', params=io.advantageous.qbit.util.MultiMap$1@368b9426, body=[1, 2], timestamp=25890292, id=655, objectName='null', returnAddress='null'}
19:30:07.458 [QueueListener Request Queue test] DEBUG i.a.qbit.service.impl.ServiceImpl - ServiceImpl::receive() 
RESPONSE
ResponseImpl{address='add', params=null, body=3}
FROM CALL
MethodCallImpl{name='add', address='', params=io.advantageous.qbit.util.MultiMap$1@368b9426, body=[1, 2], timestamp=25890292, id=655, objectName='null', returnAddress='null'}


19:30:07.458 [QueueListener Request Queue test] DEBUG i.a.qbit.service.impl.ServiceImpl - ServiceImpl::doHandleMethodCall() METHOD CALLMethodCallImpl{name='add', address='', params=io.advantageous.qbit.util.MultiMap$1@368b9426, body=[1, 2], timestamp=25890292, id=656, objectName='null', returnAddress='null'}
19:30:07.458 [QueueListener Request Queue test] DEBUG i.a.qbit.service.impl.ServiceImpl - ServiceImpl::receive() 
RESPONSE
ResponseImpl{address='add', params=null, body=3}
FROM CALL
MethodCallImpl{name='add', address='', params=io.advantageous.qbit.util.MultiMap$1@368b9426, body=[1, 2], timestamp=25890292, id=656, objectName='null', returnAddress='null'}


19:30:07.458 [QueueListener Request Queue test] DEBUG i.a.qbit.service.impl.ServiceImpl - ServiceImpl::doHandleMethodCall() METHOD CALLMethodCallImpl{name='add', address='', params=io.advantageous.qbit.util.MultiMap$1@368b9426, body=[1, 2], timestamp=25890292, id=657, objectName='null', returnAddress='null'}
19:30:07.458 [QueueListener Request Queue test] DEBUG i.a.qbit.service.impl.ServiceImpl - ServiceImpl::receive() 
RESPONSE
ResponseImpl{address='add', params=null, body=3}
FROM CALL
MethodCallImpl{name='add', address='', params=io.advantageous.qbit.util.MultiMap$1@368b9426, body=[1, 2], timestamp=25890292, id=657, objectName='null', returnAddress='null'}


19:30:07.458 [QueueListener Request Queue test] DEBUG i.a.qbit.service.impl.ServiceImpl - ServiceImpl::doHandleMethodCall() METHOD CALLMethodCallImpl{name='add', address='', params=io.advantageous.qbit.util.MultiMap$1@368b9426, body=[1, 2], timestamp=25890292, id=658, objectName='null', returnAddress='null'}
19:30:07.458 [QueueListener Request Queue test] DEBUG i.a.qbit.service.impl.ServiceImpl - ServiceImpl::receive() 
RESPONSE
ResponseImpl{address='add', params=null, body=3}
FROM CALL
MethodCallImpl{name='add', address='', params=io.advantageous.qbit.util.MultiMap$1@368b9426, body=[1, 2], timestamp=25890292, id=658, objectName='null', returnAddress='null'}


19:30:07.458 [QueueListener Request Queue test] DEBUG i.a.qbit.service.impl.ServiceImpl - ServiceImpl::doHandleMethodCall() METHOD CALLMethodCallImpl{name='add', address='', params=io.advantageous.qbit.util.MultiMap$1@368b9426, body=[1, 2], timestamp=25890292, id=659, objectName='null', returnAddress='null'}
19:30:07.458 [QueueListener Request Queue test] DEBUG i.a.qbit.service.impl.ServiceImpl - ServiceImpl::receive() 
RESPONSE
ResponseImpl{address='add', params=null, body=3}
FROM CALL
MethodCallImpl{name='add', address='', params=io.advantageous.qbit.util.MultiMap$1@368b9426, body=[1, 2], timestamp=25890292, id=659, objectName='null', returnAddress='null'}


Queue Limit 
Queue Empty 
19:30:07.458 [QueueListener Request Queue test] DEBUG i.a.qbit.service.impl.ServiceImpl - ServiceImpl::doHandleMethodCall() METHOD CALLMethodCallImpl{name='add', address='', params=io.advantageous.qbit.util.MultiMap$1@368b9426, body=[1, 2], timestamp=25890292, id=660, objectName='null', returnAddress='null'}
19:30:07.458 [QueueListener Request Queue test] DEBUG i.a.qbit.service.impl.ServiceImpl - ServiceImpl::receive() 
RESPONSE
ResponseImpl{address='add', params=null, body=3}
FROM CALL
MethodCallImpl{name='add', address='', params=io.advantageous.qbit.util.MultiMap$1@368b9426, body=[1, 2], timestamp=25890292, id=660, objectName='null', returnAddress='null'}


19:30:07.458 [QueueListener Request Queue test] DEBUG i.a.qbit.service.impl.ServiceImpl - ServiceImpl::doHandleMethodCall() METHOD CALLMethodCallImpl{name='add', address='', params=io.advantageous.qbit.util.MultiMap$1@368b9426, body=[1, 2], timestamp=25890292, id=661, objectName='null', returnAddress='null'}
19:30:07.458 [QueueListener Request Queue test] DEBUG i.a.qbit.service.impl.ServiceImpl - ServiceImpl::receive() 
RESPONSE
ResponseImpl{address='add', params=null, body=3}
FROM CALL
MethodCallImpl{name='add', address='', params=io.advantageous.qbit.util.MultiMap$1@368b9426, body=[1, 2], timestamp=25890292, id=661, objectName='null', returnAddress='null'}


19:30:07.458 [QueueListener Request Queue test] DEBUG i.a.qbit.service.impl.ServiceImpl - ServiceImpl::doHandleMethodCall() METHOD CALLMethodCallImpl{name='add', address='', params=io.advantageous.qbit.util.MultiMap$1@368b9426, body=[1, 2], timestamp=25890292, id=662, objectName='null', returnAddress='null'}
19:30:07.458 [QueueListener Request Queue test] DEBUG i.a.qbit.service.impl.ServiceImpl - ServiceImpl::receive() 
RESPONSE
ResponseImpl{address='add', params=null, body=3}
FROM CALL
MethodCallImpl{name='add', address='', params=io.advantageous.qbit.util.MultiMap$1@368b9426, body=[1, 2], timestamp=25890292, id=662, objectName='null', returnAddress='null'}


19:30:07.458 [QueueListener Request Queue test] DEBUG i.a.qbit.service.impl.ServiceImpl - ServiceImpl::doHandleMethodCall() METHOD CALLMethodCallImpl{name='add', address='', params=io.advantageous.qbit.util.MultiMap$1@368b9426, body=[1, 2], timestamp=25890292, id=663, objectName='null', returnAddress='null'}
19:30:07.458 [QueueListener Request Queue test] DEBUG i.a.qbit.service.impl.ServiceImpl - ServiceImpl::receive() 
RESPONSE
ResponseImpl{address='add', params=null, body=3}
FROM CALL
MethodCallImpl{name='add', address='', params=io.advantageous.qbit.util.MultiMap$1@368b9426, body=[1, 2], timestamp=25890292, id=663, objectName='null', returnAddress='null'}


19:30:07.458 [QueueListener Request Queue test] DEBUG i.a.qbit.service.impl.ServiceImpl - ServiceImpl::doHandleMethodCall() METHOD CALLMethodCallImpl{name='add', address='', params=io.advantageous.qbit.util.MultiMap$1@368b9426, body=[1, 2], timestamp=25890292, id=664, objectName='null', returnAddress='null'}
19:30:07.458 [QueueListener Request Queue test] DEBUG i.a.qbit.service.impl.ServiceImpl - ServiceImpl::receive() 
RESPONSE
ResponseImpl{address='add', params=null, body=3}
FROM CALL
MethodCallImpl{name='add', address='', params=io.advantageous.qbit.util.MultiMap$1@368b9426, body=[1, 2], timestamp=25890292, id=664, objectName='null', returnAddress='null'}


19:30:07.458 [QueueListener Request Queue test] DEBUG i.a.qbit.service.impl.ServiceImpl - ServiceImpl::doHandleMethodCall() METHOD CALLMethodCallImpl{name='add', address='', params=io.advantageous.qbit.util.MultiMap$1@368b9426, body=[1, 2], timestamp=25890292, id=665, objectName='null', returnAddress='null'}
19:30:07.458 [QueueListener Request Queue test] DEBUG i.a.qbit.service.impl.ServiceImpl - ServiceImpl::receive() 
RESPONSE
ResponseImpl{address='add', params=null, body=3}
FROM CALL
MethodCallImpl{name='add', address='', params=io.advantageous.qbit.util.MultiMap$1@368b9426, body=[1, 2], timestamp=25890292, id=665, objectName='null', returnAddress='null'}


Queue Limit 
Queue Empty 
19:30:07.459 [QueueListener Request Queue test] DEBUG i.a.qbit.service.impl.ServiceImpl - ServiceImpl::doHandleMethodCall() METHOD CALLMethodCallImpl{name='add', address='', params=io.advantageous.qbit.util.MultiMap$1@368b9426, body=[1, 2], timestamp=25890292, id=666, objectName='null', returnAddress='null'}
19:30:07.459 [QueueListener Request Queue test] DEBUG i.a.qbit.service.impl.ServiceImpl - ServiceImpl::receive() 
RESPONSE
ResponseImpl{address='add', params=null, body=3}
FROM CALL
MethodCallImpl{name='add', address='', params=io.advantageous.qbit.util.MultiMap$1@368b9426, body=[1, 2], timestamp=25890292, id=666, objectName='null', returnAddress='null'}


19:30:07.459 [QueueListener Request Queue test] DEBUG i.a.qbit.service.impl.ServiceImpl - ServiceImpl::doHandleMethodCall() METHOD CALLMethodCallImpl{name='add', address='', params=io.advantageous.qbit.util.MultiMap$1@368b9426, body=[1, 2], timestamp=25890292, id=667, objectName='null', returnAddress='null'}
19:30:07.459 [QueueListener Request Queue test] DEBUG i.a.qbit.service.impl.ServiceImpl - ServiceImpl::receive() 
RESPONSE
ResponseImpl{address='add', params=null, body=3}
FROM CALL
MethodCallImpl{name='add', address='', params=io.advantageous.qbit.util.MultiMap$1@368b9426, body=[1, 2], timestamp=25890292, id=667, objectName='null', returnAddress='null'}


19:30:07.459 [QueueListener Request Queue test] DEBUG i.a.qbit.service.impl.ServiceImpl - ServiceImpl::doHandleMethodCall() METHOD CALLMethodCallImpl{name='add', address='', params=io.advantageous.qbit.util.MultiMap$1@368b9426, body=[1, 2], timestamp=25890292, id=668, objectName='null', returnAddress='null'}
19:30:07.459 [QueueListener Request Queue test] DEBUG i.a.qbit.service.impl.ServiceImpl - ServiceImpl::receive() 
RESPONSE
ResponseImpl{address='add', params=null, body=3}
FROM CALL
MethodCallImpl{name='add', address='', params=io.advantageous.qbit.util.MultiMap$1@368b9426, body=[1, 2], timestamp=25890292, id=668, objectName='null', returnAddress='null'}


19:30:07.459 [QueueListener Request Queue test] DEBUG i.a.qbit.service.impl.ServiceImpl - ServiceImpl::doHandleMethodCall() METHOD CALLMethodCallImpl{name='add', address='', params=io.advantageous.qbit.util.MultiMap$1@368b9426, body=[1, 2], timestamp=25890292, id=669, objectName='null', returnAddress='null'}
19:30:07.459 [QueueListener Request Queue test] DEBUG i.a.qbit.service.impl.ServiceImpl - ServiceImpl::receive() 
RESPONSE
ResponseImpl{address='add', params=null, body=3}
FROM CALL
MethodCallImpl{name='add', address='', params=io.advantageous.qbit.util.MultiMap$1@368b9426, body=[1, 2], timestamp=25890292, id=669, objectName='null', returnAddress='null'}


19:30:07.459 [QueueListener Request Queue test] DEBUG i.a.qbit.service.impl.ServiceImpl - ServiceImpl::doHandleMethodCall() METHOD CALLMethodCallImpl{name='add', address='', params=io.advantageous.qbit.util.MultiMap$1@368b9426, body=[1, 2], timestamp=25890292, id=670, objectName='null', returnAddress='null'}
19:30:07.459 [QueueListener Request Queue test] DEBUG i.a.qbit.service.impl.ServiceImpl - ServiceImpl::receive() 
RESPONSE
ResponseImpl{address='add', params=null, body=3}
FROM CALL
MethodCallImpl{name='add', address='', params=io.advantageous.qbit.util.MultiMap$1@368b9426, body=[1, 2], timestamp=25890292, id=670, objectName='null', returnAddress='null'}


19:30:07.459 [QueueListener Request Queue test] DEBUG i.a.qbit.service.impl.ServiceImpl - ServiceImpl::doHandleMethodCall() METHOD CALLMethodCallImpl{name='add', address='', params=io.advantageous.qbit.util.MultiMap$1@368b9426, body=[1, 2], timestamp=25890292, id=671, objectName='null', returnAddress='null'}
19:30:07.459 [QueueListener Request Queue test] DEBUG i.a.qbit.service.impl.ServiceImpl - ServiceImpl::receive() 
RESPONSE
ResponseImpl{address='add', params=null, body=3}
FROM CALL
MethodCallImpl{name='add', address='', params=io.advantageous.qbit.util.MultiMap$1@368b9426, body=[1, 2], timestamp=25890292, id=671, objectName='null', returnAddress='null'}


Queue Limit 
Queue Empty 
19:30:07.459 [QueueListener Request Queue test] DEBUG i.a.qbit.service.impl.ServiceImpl - ServiceImpl::doHandleMethodCall() METHOD CALLMethodCallImpl{name='add', address='', params=io.advantageous.qbit.util.MultiMap$1@368b9426, body=[1, 2], timestamp=25890292, id=672, objectName='null', returnAddress='null'}
19:30:07.459 [QueueListener Request Queue test] DEBUG i.a.qbit.service.impl.ServiceImpl - ServiceImpl::receive() 
RESPONSE
ResponseImpl{address='add', params=null, body=3}
FROM CALL
MethodCallImpl{name='add', address='', params=io.advantageous.qbit.util.MultiMap$1@368b9426, body=[1, 2], timestamp=25890292, id=672, objectName='null', returnAddress='null'}


19:30:07.459 [QueueListener Request Queue test] DEBUG i.a.qbit.service.impl.ServiceImpl - ServiceImpl::doHandleMethodCall() METHOD CALLMethodCallImpl{name='add', address='', params=io.advantageous.qbit.util.MultiMap$1@368b9426, body=[1, 2], timestamp=25890292, id=673, objectName='null', returnAddress='null'}
19:30:07.459 [QueueListener Request Queue test] DEBUG i.a.qbit.service.impl.ServiceImpl - ServiceImpl::receive() 
RESPONSE
ResponseImpl{address='add', params=null, body=3}
FROM CALL
MethodCallImpl{name='add', address='', params=io.advantageous.qbit.util.MultiMap$1@368b9426, body=[1, 2], timestamp=25890292, id=673, objectName='null', returnAddress='null'}


19:30:07.459 [QueueListener Request Queue test] DEBUG i.a.qbit.service.impl.ServiceImpl - ServiceImpl::doHandleMethodCall() METHOD CALLMethodCallImpl{name='add', address='', params=io.advantageous.qbit.util.MultiMap$1@368b9426, body=[1, 2], timestamp=25890292, id=674, objectName='null', returnAddress='null'}
19:30:07.459 [QueueListener Request Queue test] DEBUG i.a.qbit.service.impl.ServiceImpl - ServiceImpl::receive() 
RESPONSE
ResponseImpl{address='add', params=null, body=3}
FROM CALL
MethodCallImpl{name='add', address='', params=io.advantageous.qbit.util.MultiMap$1@368b9426, body=[1, 2], timestamp=25890292, id=674, objectName='null', returnAddress='null'}


19:30:07.459 [QueueListener Request Queue test] DEBUG i.a.qbit.service.impl.ServiceImpl - ServiceImpl::doHandleMethodCall() METHOD CALLMethodCallImpl{name='add', address='', params=io.advantageous.qbit.util.MultiMap$1@368b9426, body=[1, 2], timestamp=25890292, id=675, objectName='null', returnAddress='null'}
19:30:07.459 [QueueListener Request Queue test] DEBUG i.a.qbit.service.impl.ServiceImpl - ServiceImpl::receive() 
RESPONSE
ResponseImpl{address='add', params=null, body=3}
FROM CALL
MethodCallImpl{name='add', address='', params=io.advantageous.qbit.util.MultiMap$1@368b9426, body=[1, 2], timestamp=25890292, id=675, objectName='null', returnAddress='null'}


19:30:07.460 [QueueListener Request Queue test] DEBUG i.a.qbit.service.impl.ServiceImpl - ServiceImpl::doHandleMethodCall() METHOD CALLMethodCallImpl{name='add', address='', params=io.advantageous.qbit.util.MultiMap$1@368b9426, body=[1, 2], timestamp=25890292, id=676, objectName='null', returnAddress='null'}
19:30:07.460 [QueueListener Request Queue test] DEBUG i.a.qbit.service.impl.ServiceImpl - ServiceImpl::receive() 
RESPONSE
ResponseImpl{address='add', params=null, body=3}
FROM CALL
MethodCallImpl{name='add', address='', params=io.advantageous.qbit.util.MultiMap$1@368b9426, body=[1, 2], timestamp=25890292, id=676, objectName='null', returnAddress='null'}


19:30:07.460 [QueueListener Request Queue test] DEBUG i.a.qbit.service.impl.ServiceImpl - ServiceImpl::doHandleMethodCall() METHOD CALLMethodCallImpl{name='add', address='', params=io.advantageous.qbit.util.MultiMap$1@368b9426, body=[1, 2], timestamp=25890292, id=677, objectName='null', returnAddress='null'}
19:30:07.460 [QueueListener Request Queue test] DEBUG i.a.qbit.service.impl.ServiceImpl - ServiceImpl::receive() 
RESPONSE
ResponseImpl{address='add', params=null, body=3}
FROM CALL
MethodCallImpl{name='add', address='', params=io.advantageous.qbit.util.MultiMap$1@368b9426, body=[1, 2], timestamp=25890292, id=677, objectName='null', returnAddress='null'}


Queue Limit 
Queue Empty 
19:30:07.460 [QueueListener Request Queue test] DEBUG i.a.qbit.service.impl.ServiceImpl - ServiceImpl::doHandleMethodCall() METHOD CALLMethodCallImpl{name='add', address='', params=io.advantageous.qbit.util.MultiMap$1@368b9426, body=[1, 2], timestamp=25890292, id=678, objectName='null', returnAddress='null'}
19:30:07.460 [QueueListener Request Queue test] DEBUG i.a.qbit.service.impl.ServiceImpl - ServiceImpl::receive() 
RESPONSE
ResponseImpl{address='add', params=null, body=3}
FROM CALL
MethodCallImpl{name='add', address='', params=io.advantageous.qbit.util.MultiMap$1@368b9426, body=[1, 2], timestamp=25890292, id=678, objectName='null', returnAddress='null'}


19:30:07.460 [QueueListener Request Queue test] DEBUG i.a.qbit.service.impl.ServiceImpl - ServiceImpl::doHandleMethodCall() METHOD CALLMethodCallImpl{name='add', address='', params=io.advantageous.qbit.util.MultiMap$1@368b9426, body=[1, 2], timestamp=25890292, id=679, objectName='null', returnAddress='null'}
19:30:07.460 [QueueListener Request Queue test] DEBUG i.a.qbit.service.impl.ServiceImpl - ServiceImpl::receive() 
RESPONSE
ResponseImpl{address='add', params=null, body=3}
FROM CALL
MethodCallImpl{name='add', address='', params=io.advantageous.qbit.util.MultiMap$1@368b9426, body=[1, 2], timestamp=25890292, id=679, objectName='null', returnAddress='null'}


19:30:07.460 [QueueListener Request Queue test] DEBUG i.a.qbit.service.impl.ServiceImpl - ServiceImpl::doHandleMethodCall() METHOD CALLMethodCallImpl{name='add', address='', params=io.advantageous.qbit.util.MultiMap$1@368b9426, body=[1, 2], timestamp=25890292, id=680, objectName='null', returnAddress='null'}
19:30:07.460 [QueueListener Request Queue test] DEBUG i.a.qbit.service.impl.ServiceImpl - ServiceImpl::receive() 
RESPONSE
ResponseImpl{address='add', params=null, body=3}
FROM CALL
MethodCallImpl{name='add', address='', params=io.advantageous.qbit.util.MultiMap$1@368b9426, body=[1, 2], timestamp=25890292, id=680, objectName='null', returnAddress='null'}


19:30:07.460 [QueueListener Request Queue test] DEBUG i.a.qbit.service.impl.ServiceImpl - ServiceImpl::doHandleMethodCall() METHOD CALLMethodCallImpl{name='add', address='', params=io.advantageous.qbit.util.MultiMap$1@368b9426, body=[1, 2], timestamp=25890292, id=681, objectName='null', returnAddress='null'}
19:30:07.460 [QueueListener Request Queue test] DEBUG i.a.qbit.service.impl.ServiceImpl - ServiceImpl::receive() 
RESPONSE
ResponseImpl{address='add', params=null, body=3}
FROM CALL
MethodCallImpl{name='add', address='', params=io.advantageous.qbit.util.MultiMap$1@368b9426, body=[1, 2], timestamp=25890292, id=681, objectName='null', returnAddress='null'}


19:30:07.460 [QueueListener Request Queue test] DEBUG i.a.qbit.service.impl.ServiceImpl - ServiceImpl::doHandleMethodCall() METHOD CALLMethodCallImpl{name='add', address='', params=io.advantageous.qbit.util.MultiMap$1@368b9426, body=[1, 2], timestamp=25890292, id=682, objectName='null', returnAddress='null'}
19:30:07.460 [QueueListener Request Queue test] DEBUG i.a.qbit.service.impl.ServiceImpl - ServiceImpl::receive() 
RESPONSE
ResponseImpl{address='add', params=null, body=3}
FROM CALL
MethodCallImpl{name='add', address='', params=io.advantageous.qbit.util.MultiMap$1@368b9426, body=[1, 2], timestamp=25890292, id=682, objectName='null', returnAddress='null'}


19:30:07.460 [QueueListener Request Queue test] DEBUG i.a.qbit.service.impl.ServiceImpl - ServiceImpl::doHandleMethodCall() METHOD CALLMethodCallImpl{name='add', address='', params=io.advantageous.qbit.util.MultiMap$1@368b9426, body=[1, 2], timestamp=25890292, id=683, objectName='null', returnAddress='null'}
19:30:07.460 [QueueListener Request Queue test] DEBUG i.a.qbit.service.impl.ServiceImpl - ServiceImpl::receive() 
RESPONSE
ResponseImpl{address='add', params=null, body=3}
FROM CALL
MethodCallImpl{name='add', address='', params=io.advantageous.qbit.util.MultiMap$1@368b9426, body=[1, 2], timestamp=25890292, id=683, objectName='null', returnAddress='null'}


Queue Limit 
Queue Empty 
19:30:07.460 [QueueListener Request Queue test] DEBUG i.a.qbit.service.impl.ServiceImpl - ServiceImpl::doHandleMethodCall() METHOD CALLMethodCallImpl{name='add', address='', params=io.advantageous.qbit.util.MultiMap$1@368b9426, body=[1, 2], timestamp=25890292, id=684, objectName='null', returnAddress='null'}
19:30:07.460 [QueueListener Request Queue test] DEBUG i.a.qbit.service.impl.ServiceImpl - ServiceImpl::receive() 
RESPONSE
ResponseImpl{address='add', params=null, body=3}
FROM CALL
MethodCallImpl{name='add', address='', params=io.advantageous.qbit.util.MultiMap$1@368b9426, body=[1, 2], timestamp=25890292, id=684, objectName='null', returnAddress='null'}


19:30:07.460 [QueueListener Request Queue test] DEBUG i.a.qbit.service.impl.ServiceImpl - ServiceImpl::doHandleMethodCall() METHOD CALLMethodCallImpl{name='add', address='', params=io.advantageous.qbit.util.MultiMap$1@368b9426, body=[1, 2], timestamp=25890292, id=685, objectName='null', returnAddress='null'}
19:30:07.461 [QueueListener Request Queue test] DEBUG i.a.qbit.service.impl.ServiceImpl - ServiceImpl::receive() 
RESPONSE
ResponseImpl{address='add', params=null, body=3}
FROM CALL
MethodCallImpl{name='add', address='', params=io.advantageous.qbit.util.MultiMap$1@368b9426, body=[1, 2], timestamp=25890292, id=685, objectName='null', returnAddress='null'}


19:30:07.461 [QueueListener Request Queue test] DEBUG i.a.qbit.service.impl.ServiceImpl - ServiceImpl::doHandleMethodCall() METHOD CALLMethodCallImpl{name='add', address='', params=io.advantageous.qbit.util.MultiMap$1@368b9426, body=[1, 2], timestamp=25890292, id=686, objectName='null', returnAddress='null'}
19:30:07.461 [QueueListener Request Queue test] DEBUG i.a.qbit.service.impl.ServiceImpl - ServiceImpl::receive() 
RESPONSE
ResponseImpl{address='add', params=null, body=3}
FROM CALL
MethodCallImpl{name='add', address='', params=io.advantageous.qbit.util.MultiMap$1@368b9426, body=[1, 2], timestamp=25890292, id=686, objectName='null', returnAddress='null'}


19:30:07.461 [QueueListener Request Queue test] DEBUG i.a.qbit.service.impl.ServiceImpl - ServiceImpl::doHandleMethodCall() METHOD CALLMethodCallImpl{name='add', address='', params=io.advantageous.qbit.util.MultiMap$1@368b9426, body=[1, 2], timestamp=25890292, id=687, objectName='null', returnAddress='null'}
19:30:07.461 [QueueListener Request Queue test] DEBUG i.a.qbit.service.impl.ServiceImpl - ServiceImpl::receive() 
RESPONSE
ResponseImpl{address='add', params=null, body=3}
FROM CALL
MethodCallImpl{name='add', address='', params=io.advantageous.qbit.util.MultiMap$1@368b9426, body=[1, 2], timestamp=25890292, id=687, objectName='null', returnAddress='null'}


19:30:07.461 [QueueListener Request Queue test] DEBUG i.a.qbit.service.impl.ServiceImpl - ServiceImpl::doHandleMethodCall() METHOD CALLMethodCallImpl{name='add', address='', params=io.advantageous.qbit.util.MultiMap$1@368b9426, body=[1, 2], timestamp=25890292, id=688, objectName='null', returnAddress='null'}
19:30:07.461 [QueueListener Request Queue test] DEBUG i.a.qbit.service.impl.ServiceImpl - ServiceImpl::receive() 
RESPONSE
ResponseImpl{address='add', params=null, body=3}
FROM CALL
MethodCallImpl{name='add', address='', params=io.advantageous.qbit.util.MultiMap$1@368b9426, body=[1, 2], timestamp=25890292, id=688, objectName='null', returnAddress='null'}


19:30:07.461 [QueueListener Request Queue test] DEBUG i.a.qbit.service.impl.ServiceImpl - ServiceImpl::doHandleMethodCall() METHOD CALLMethodCallImpl{name='add', address='', params=io.advantageous.qbit.util.MultiMap$1@368b9426, body=[1, 2], timestamp=25890292, id=689, objectName='null', returnAddress='null'}
19:30:07.461 [QueueListener Request Queue test] DEBUG i.a.qbit.service.impl.ServiceImpl - ServiceImpl::receive() 
RESPONSE
ResponseImpl{address='add', params=null, body=3}
FROM CALL
MethodCallImpl{name='add', address='', params=io.advantageous.qbit.util.MultiMap$1@368b9426, body=[1, 2], timestamp=25890292, id=689, objectName='null', returnAddress='null'}


Queue Limit 
Queue Empty 
19:30:07.461 [QueueListener Request Queue test] DEBUG i.a.qbit.service.impl.ServiceImpl - ServiceImpl::doHandleMethodCall() METHOD CALLMethodCallImpl{name='add', address='', params=io.advantageous.qbit.util.MultiMap$1@368b9426, body=[1, 2], timestamp=25890292, id=690, objectName='null', returnAddress='null'}
19:30:07.461 [QueueListener Request Queue test] DEBUG i.a.qbit.service.impl.ServiceImpl - ServiceImpl::receive() 
RESPONSE
ResponseImpl{address='add', params=null, body=3}
FROM CALL
MethodCallImpl{name='add', address='', params=io.advantageous.qbit.util.MultiMap$1@368b9426, body=[1, 2], timestamp=25890292, id=690, objectName='null', returnAddress='null'}


19:30:07.461 [QueueListener Request Queue test] DEBUG i.a.qbit.service.impl.ServiceImpl - ServiceImpl::doHandleMethodCall() METHOD CALLMethodCallImpl{name='add', address='', params=io.advantageous.qbit.util.MultiMap$1@368b9426, body=[1, 2], timestamp=25890292, id=691, objectName='null', returnAddress='null'}
19:30:07.461 [QueueListener Request Queue test] DEBUG i.a.qbit.service.impl.ServiceImpl - ServiceImpl::receive() 
RESPONSE
ResponseImpl{address='add', params=null, body=3}
FROM CALL
MethodCallImpl{name='add', address='', params=io.advantageous.qbit.util.MultiMap$1@368b9426, body=[1, 2], timestamp=25890292, id=691, objectName='null', returnAddress='null'}


19:30:07.461 [QueueListener Request Queue test] DEBUG i.a.qbit.service.impl.ServiceImpl - ServiceImpl::doHandleMethodCall() METHOD CALLMethodCallImpl{name='add', address='', params=io.advantageous.qbit.util.MultiMap$1@368b9426, body=[1, 2], timestamp=25890292, id=692, objectName='null', returnAddress='null'}
19:30:07.461 [QueueListener Request Queue test] DEBUG i.a.qbit.service.impl.ServiceImpl - ServiceImpl::receive() 
RESPONSE
ResponseImpl{address='add', params=null, body=3}
FROM CALL
MethodCallImpl{name='add', address='', params=io.advantageous.qbit.util.MultiMap$1@368b9426, body=[1, 2], timestamp=25890292, id=692, objectName='null', returnAddress='null'}


19:30:07.461 [QueueListener Request Queue test] DEBUG i.a.qbit.service.impl.ServiceImpl - ServiceImpl::doHandleMethodCall() METHOD CALLMethodCallImpl{name='add', address='', params=io.advantageous.qbit.util.MultiMap$1@368b9426, body=[1, 2], timestamp=25890292, id=693, objectName='null', returnAddress='null'}
19:30:07.461 [QueueListener Request Queue test] DEBUG i.a.qbit.service.impl.ServiceImpl - ServiceImpl::receive() 
RESPONSE
ResponseImpl{address='add', params=null, body=3}
FROM CALL
MethodCallImpl{name='add', address='', params=io.advantageous.qbit.util.MultiMap$1@368b9426, body=[1, 2], timestamp=25890292, id=693, objectName='null', returnAddress='null'}


19:30:07.461 [QueueListener Request Queue test] DEBUG i.a.qbit.service.impl.ServiceImpl - ServiceImpl::doHandleMethodCall() METHOD CALLMethodCallImpl{name='add', address='', params=io.advantageous.qbit.util.MultiMap$1@368b9426, body=[1, 2], timestamp=25890292, id=694, objectName='null', returnAddress='null'}
19:30:07.461 [QueueListener Request Queue test] DEBUG i.a.qbit.service.impl.ServiceImpl - ServiceImpl::receive() 
RESPONSE
ResponseImpl{address='add', params=null, body=3}
FROM CALL
MethodCallImpl{name='add', address='', params=io.advantageous.qbit.util.MultiMap$1@368b9426, body=[1, 2], timestamp=25890292, id=694, objectName='null', returnAddress='null'}


19:30:07.461 [QueueListener Request Queue test] DEBUG i.a.qbit.service.impl.ServiceImpl - ServiceImpl::doHandleMethodCall() METHOD CALLMethodCallImpl{name='add', address='', params=io.advantageous.qbit.util.MultiMap$1@368b9426, body=[1, 2], timestamp=25890292, id=695, objectName='null', returnAddress='null'}
19:30:07.461 [QueueListener Request Queue test] DEBUG i.a.qbit.service.impl.ServiceImpl - ServiceImpl::receive() 
RESPONSE
ResponseImpl{address='add', params=null, body=3}
FROM CALL
MethodCallImpl{name='add', address='', params=io.advantageous.qbit.util.MultiMap$1@368b9426, body=[1, 2], timestamp=25890292, id=695, objectName='null', returnAddress='null'}


Queue Limit 
Queue Empty 
19:30:07.461 [QueueListener Request Queue test] DEBUG i.a.qbit.service.impl.ServiceImpl - ServiceImpl::doHandleMethodCall() METHOD CALLMethodCallImpl{name='add', address='', params=io.advantageous.qbit.util.MultiMap$1@368b9426, body=[1, 2], timestamp=25890292, id=696, objectName='null', returnAddress='null'}
19:30:07.461 [QueueListener Request Queue test] DEBUG i.a.qbit.service.impl.ServiceImpl - ServiceImpl::receive() 
RESPONSE
ResponseImpl{address='add', params=null, body=3}
FROM CALL
MethodCallImpl{name='add', address='', params=io.advantageous.qbit.util.MultiMap$1@368b9426, body=[1, 2], timestamp=25890292, id=696, objectName='null', returnAddress='null'}


19:30:07.461 [QueueListener Request Queue test] DEBUG i.a.qbit.service.impl.ServiceImpl - ServiceImpl::doHandleMethodCall() METHOD CALLMethodCallImpl{name='add', address='', params=io.advantageous.qbit.util.MultiMap$1@368b9426, body=[1, 2], timestamp=25890292, id=697, objectName='null', returnAddress='null'}
19:30:07.461 [QueueListener Request Queue test] DEBUG i.a.qbit.service.impl.ServiceImpl - ServiceImpl::receive() 
RESPONSE
ResponseImpl{address='add', params=null, body=3}
FROM CALL
MethodCallImpl{name='add', address='', params=io.advantageous.qbit.util.MultiMap$1@368b9426, body=[1, 2], timestamp=25890292, id=697, objectName='null', returnAddress='null'}


19:30:07.462 [QueueListener Request Queue test] DEBUG i.a.qbit.service.impl.ServiceImpl - ServiceImpl::doHandleMethodCall() METHOD CALLMethodCallImpl{name='add', address='', params=io.advantageous.qbit.util.MultiMap$1@368b9426, body=[1, 2], timestamp=25890292, id=698, objectName='null', returnAddress='null'}
19:30:07.462 [QueueListener Request Queue test] DEBUG i.a.qbit.service.impl.ServiceImpl - ServiceImpl::receive() 
RESPONSE
ResponseImpl{address='add', params=null, body=3}
FROM CALL
MethodCallImpl{name='add', address='', params=io.advantageous.qbit.util.MultiMap$1@368b9426, body=[1, 2], timestamp=25890292, id=698, objectName='null', returnAddress='null'}


19:30:07.462 [QueueListener Request Queue test] DEBUG i.a.qbit.service.impl.ServiceImpl - ServiceImpl::doHandleMethodCall() METHOD CALLMethodCallImpl{name='add', address='', params=io.advantageous.qbit.util.MultiMap$1@368b9426, body=[1, 2], timestamp=25890292, id=699, objectName='null', returnAddress='null'}
19:30:07.462 [QueueListener Request Queue test] DEBUG i.a.qbit.service.impl.ServiceImpl - ServiceImpl::receive() 
RESPONSE
ResponseImpl{address='add', params=null, body=3}
FROM CALL
MethodCallImpl{name='add', address='', params=io.advantageous.qbit.util.MultiMap$1@368b9426, body=[1, 2], timestamp=25890292, id=699, objectName='null', returnAddress='null'}


19:30:07.462 [QueueListener Request Queue test] DEBUG i.a.qbit.service.impl.ServiceImpl - ServiceImpl::doHandleMethodCall() METHOD CALLMethodCallImpl{name='add', address='', params=io.advantageous.qbit.util.MultiMap$1@368b9426, body=[1, 2], timestamp=25890292, id=700, objectName='null', returnAddress='null'}
19:30:07.462 [QueueListener Request Queue test] DEBUG i.a.qbit.service.impl.ServiceImpl - ServiceImpl::receive() 
RESPONSE
ResponseImpl{address='add', params=null, body=3}
FROM CALL
MethodCallImpl{name='add', address='', params=io.advantageous.qbit.util.MultiMap$1@368b9426, body=[1, 2], timestamp=25890292, id=700, objectName='null', returnAddress='null'}


19:30:07.462 [QueueListener Request Queue test] DEBUG i.a.qbit.service.impl.ServiceImpl - ServiceImpl::doHandleMethodCall() METHOD CALLMethodCallImpl{name='add', address='', params=io.advantageous.qbit.util.MultiMap$1@368b9426, body=[1, 2], timestamp=25890292, id=701, objectName='null', returnAddress='null'}
19:30:07.462 [QueueListener Request Queue test] DEBUG i.a.qbit.service.impl.ServiceImpl - ServiceImpl::receive() 
RESPONSE
ResponseImpl{address='add', params=null, body=3}
FROM CALL
MethodCallImpl{name='add', address='', params=io.advantageous.qbit.util.MultiMap$1@368b9426, body=[1, 2], timestamp=25890292, id=701, objectName='null', returnAddress='null'}


Queue Limit 
Queue Empty 
19:30:07.462 [QueueListener Request Queue test] DEBUG i.a.qbit.service.impl.ServiceImpl - ServiceImpl::doHandleMethodCall() METHOD CALLMethodCallImpl{name='add', address='', params=io.advantageous.qbit.util.MultiMap$1@368b9426, body=[1, 2], timestamp=25890292, id=702, objectName='null', returnAddress='null'}
19:30:07.462 [QueueListener Request Queue test] DEBUG i.a.qbit.service.impl.ServiceImpl - ServiceImpl::receive() 
RESPONSE
ResponseImpl{address='add', params=null, body=3}
FROM CALL
MethodCallImpl{name='add', address='', params=io.advantageous.qbit.util.MultiMap$1@368b9426, body=[1, 2], timestamp=25890292, id=702, objectName='null', returnAddress='null'}


19:30:07.462 [QueueListener Request Queue test] DEBUG i.a.qbit.service.impl.ServiceImpl - ServiceImpl::doHandleMethodCall() METHOD CALLMethodCallImpl{name='add', address='', params=io.advantageous.qbit.util.MultiMap$1@368b9426, body=[1, 2], timestamp=25890292, id=703, objectName='null', returnAddress='null'}
19:30:07.462 [QueueListener Request Queue test] DEBUG i.a.qbit.service.impl.ServiceImpl - ServiceImpl::receive() 
RESPONSE
ResponseImpl{address='add', params=null, body=3}
FROM CALL
MethodCallImpl{name='add', address='', params=io.advantageous.qbit.util.MultiMap$1@368b9426, body=[1, 2], timestamp=25890292, id=703, objectName='null', returnAddress='null'}


19:30:07.462 [QueueListener Request Queue test] DEBUG i.a.qbit.service.impl.ServiceImpl - ServiceImpl::doHandleMethodCall() METHOD CALLMethodCallImpl{name='add', address='', params=io.advantageous.qbit.util.MultiMap$1@368b9426, body=[1, 2], timestamp=25890292, id=704, objectName='null', returnAddress='null'}
19:30:07.462 [QueueListener Request Queue test] DEBUG i.a.qbit.service.impl.ServiceImpl - ServiceImpl::receive() 
RESPONSE
ResponseImpl{address='add', params=null, body=3}
FROM CALL
MethodCallImpl{name='add', address='', params=io.advantageous.qbit.util.MultiMap$1@368b9426, body=[1, 2], timestamp=25890292, id=704, objectName='null', returnAddress='null'}


19:30:07.462 [QueueListener Request Queue test] DEBUG i.a.qbit.service.impl.ServiceImpl - ServiceImpl::doHandleMethodCall() METHOD CALLMethodCallImpl{name='add', address='', params=io.advantageous.qbit.util.MultiMap$1@368b9426, body=[1, 2], timestamp=25890292, id=705, objectName='null', returnAddress='null'}
19:30:07.462 [QueueListener Request Queue test] DEBUG i.a.qbit.service.impl.ServiceImpl - ServiceImpl::receive() 
RESPONSE
ResponseImpl{address='add', params=null, body=3}
FROM CALL
MethodCallImpl{name='add', address='', params=io.advantageous.qbit.util.MultiMap$1@368b9426, body=[1, 2], timestamp=25890292, id=705, objectName='null', returnAddress='null'}


19:30:07.462 [QueueListener Request Queue test] DEBUG i.a.qbit.service.impl.ServiceImpl - ServiceImpl::doHandleMethodCall() METHOD CALLMethodCallImpl{name='add', address='', params=io.advantageous.qbit.util.MultiMap$1@368b9426, body=[1, 2], timestamp=25890292, id=706, objectName='null', returnAddress='null'}
19:30:07.462 [QueueListener Request Queue test] DEBUG i.a.qbit.service.impl.ServiceImpl - ServiceImpl::receive() 
RESPONSE
ResponseImpl{address='add', params=null, body=3}
FROM CALL
MethodCallImpl{name='add', address='', params=io.advantageous.qbit.util.MultiMap$1@368b9426, body=[1, 2], timestamp=25890292, id=706, objectName='null', returnAddress='null'}


19:30:07.462 [QueueListener Request Queue test] DEBUG i.a.qbit.service.impl.ServiceImpl - ServiceImpl::doHandleMethodCall() METHOD CALLMethodCallImpl{name='add', address='', params=io.advantageous.qbit.util.MultiMap$1@368b9426, body=[1, 2], timestamp=25890292, id=707, objectName='null', returnAddress='null'}
19:30:07.462 [QueueListener Request Queue test] DEBUG i.a.qbit.service.impl.ServiceImpl - ServiceImpl::receive() 
RESPONSE
ResponseImpl{address='add', params=null, body=3}
FROM CALL
MethodCallImpl{name='add', address='', params=io.advantageous.qbit.util.MultiMap$1@368b9426, body=[1, 2], timestamp=25890292, id=707, objectName='null', returnAddress='null'}


Queue Limit 
Queue Empty 
19:30:07.462 [QueueListener Request Queue test] DEBUG i.a.qbit.service.impl.ServiceImpl - ServiceImpl::doHandleMethodCall() METHOD CALLMethodCallImpl{name='add', address='', params=io.advantageous.qbit.util.MultiMap$1@368b9426, body=[1, 2], timestamp=25890292, id=708, objectName='null', returnAddress='null'}
19:30:07.462 [QueueListener Request Queue test] DEBUG i.a.qbit.service.impl.ServiceImpl - ServiceImpl::receive() 
RESPONSE
ResponseImpl{address='add', params=null, body=3}
FROM CALL
MethodCallImpl{name='add', address='', params=io.advantageous.qbit.util.MultiMap$1@368b9426, body=[1, 2], timestamp=25890292, id=708, objectName='null', returnAddress='null'}


19:30:07.462 [QueueListener Request Queue test] DEBUG i.a.qbit.service.impl.ServiceImpl - ServiceImpl::doHandleMethodCall() METHOD CALLMethodCallImpl{name='add', address='', params=io.advantageous.qbit.util.MultiMap$1@368b9426, body=[1, 2], timestamp=25890292, id=709, objectName='null', returnAddress='null'}
19:30:07.462 [QueueListener Request Queue test] DEBUG i.a.qbit.service.impl.ServiceImpl - ServiceImpl::receive() 
RESPONSE
ResponseImpl{address='add', params=null, body=3}
FROM CALL
MethodCallImpl{name='add', address='', params=io.advantageous.qbit.util.MultiMap$1@368b9426, body=[1, 2], timestamp=25890292, id=709, objectName='null', returnAddress='null'}


19:30:07.463 [QueueListener Request Queue test] DEBUG i.a.qbit.service.impl.ServiceImpl - ServiceImpl::doHandleMethodCall() METHOD CALLMethodCallImpl{name='add', address='', params=io.advantageous.qbit.util.MultiMap$1@368b9426, body=[1, 2], timestamp=25890292, id=710, objectName='null', returnAddress='null'}
19:30:07.463 [QueueListener Request Queue test] DEBUG i.a.qbit.service.impl.ServiceImpl - ServiceImpl::receive() 
RESPONSE
ResponseImpl{address='add', params=null, body=3}
FROM CALL
MethodCallImpl{name='add', address='', params=io.advantageous.qbit.util.MultiMap$1@368b9426, body=[1, 2], timestamp=25890292, id=710, objectName='null', returnAddress='null'}


19:30:07.463 [QueueListener Request Queue test] DEBUG i.a.qbit.service.impl.ServiceImpl - ServiceImpl::doHandleMethodCall() METHOD CALLMethodCallImpl{name='add', address='', params=io.advantageous.qbit.util.MultiMap$1@368b9426, body=[1, 2], timestamp=25890292, id=711, objectName='null', returnAddress='null'}
19:30:07.463 [QueueListener Request Queue test] DEBUG i.a.qbit.service.impl.ServiceImpl - ServiceImpl::receive() 
RESPONSE
ResponseImpl{address='add', params=null, body=3}
FROM CALL
MethodCallImpl{name='add', address='', params=io.advantageous.qbit.util.MultiMap$1@368b9426, body=[1, 2], timestamp=25890292, id=711, objectName='null', returnAddress='null'}


19:30:07.463 [QueueListener Request Queue test] DEBUG i.a.qbit.service.impl.ServiceImpl - ServiceImpl::doHandleMethodCall() METHOD CALLMethodCallImpl{name='add', address='', params=io.advantageous.qbit.util.MultiMap$1@368b9426, body=[1, 2], timestamp=25890292, id=712, objectName='null', returnAddress='null'}
19:30:07.463 [QueueListener Request Queue test] DEBUG i.a.qbit.service.impl.ServiceImpl - ServiceImpl::receive() 
RESPONSE
ResponseImpl{address='add', params=null, body=3}
FROM CALL
MethodCallImpl{name='add', address='', params=io.advantageous.qbit.util.MultiMap$1@368b9426, body=[1, 2], timestamp=25890292, id=712, objectName='null', returnAddress='null'}


19:30:07.463 [QueueListener Request Queue test] DEBUG i.a.qbit.service.impl.ServiceImpl - ServiceImpl::doHandleMethodCall() METHOD CALLMethodCallImpl{name='add', address='', params=io.advantageous.qbit.util.MultiMap$1@368b9426, body=[1, 2], timestamp=25890292, id=713, objectName='null', returnAddress='null'}
19:30:07.463 [QueueListener Request Queue test] DEBUG i.a.qbit.service.impl.ServiceImpl - ServiceImpl::receive() 
RESPONSE
ResponseImpl{address='add', params=null, body=3}
FROM CALL
MethodCallImpl{name='add', address='', params=io.advantageous.qbit.util.MultiMap$1@368b9426, body=[1, 2], timestamp=25890292, id=713, objectName='null', returnAddress='null'}


Queue Limit 
Queue Empty 
19:30:07.463 [QueueListener Request Queue test] DEBUG i.a.qbit.service.impl.ServiceImpl - ServiceImpl::doHandleMethodCall() METHOD CALLMethodCallImpl{name='add', address='', params=io.advantageous.qbit.util.MultiMap$1@368b9426, body=[1, 2], timestamp=25890292, id=714, objectName='null', returnAddress='null'}
19:30:07.463 [QueueListener Request Queue test] DEBUG i.a.qbit.service.impl.ServiceImpl - ServiceImpl::receive() 
RESPONSE
ResponseImpl{address='add', params=null, body=3}
FROM CALL
MethodCallImpl{name='add', address='', params=io.advantageous.qbit.util.MultiMap$1@368b9426, body=[1, 2], timestamp=25890292, id=714, objectName='null', returnAddress='null'}


19:30:07.463 [QueueListener Request Queue test] DEBUG i.a.qbit.service.impl.ServiceImpl - ServiceImpl::doHandleMethodCall() METHOD CALLMethodCallImpl{name='add', address='', params=io.advantageous.qbit.util.MultiMap$1@368b9426, body=[1, 2], timestamp=25890292, id=715, objectName='null', returnAddress='null'}
19:30:07.463 [QueueListener Request Queue test] DEBUG i.a.qbit.service.impl.ServiceImpl - ServiceImpl::receive() 
RESPONSE
ResponseImpl{address='add', params=null, body=3}
FROM CALL
MethodCallImpl{name='add', address='', params=io.advantageous.qbit.util.MultiMap$1@368b9426, body=[1, 2], timestamp=25890292, id=715, objectName='null', returnAddress='null'}


19:30:07.463 [QueueListener Request Queue test] DEBUG i.a.qbit.service.impl.ServiceImpl - ServiceImpl::doHandleMethodCall() METHOD CALLMethodCallImpl{name='add', address='', params=io.advantageous.qbit.util.MultiMap$1@368b9426, body=[1, 2], timestamp=25890292, id=716, objectName='null', returnAddress='null'}
19:30:07.463 [QueueListener Request Queue test] DEBUG i.a.qbit.service.impl.ServiceImpl - ServiceImpl::receive() 
RESPONSE
ResponseImpl{address='add', params=null, body=3}
FROM CALL
MethodCallImpl{name='add', address='', params=io.advantageous.qbit.util.MultiMap$1@368b9426, body=[1, 2], timestamp=25890292, id=716, objectName='null', returnAddress='null'}


19:30:07.463 [QueueListener Request Queue test] DEBUG i.a.qbit.service.impl.ServiceImpl - ServiceImpl::doHandleMethodCall() METHOD CALLMethodCallImpl{name='add', address='', params=io.advantageous.qbit.util.MultiMap$1@368b9426, body=[1, 2], timestamp=25890292, id=717, objectName='null', returnAddress='null'}
19:30:07.463 [QueueListener Request Queue test] DEBUG i.a.qbit.service.impl.ServiceImpl - ServiceImpl::receive() 
RESPONSE
ResponseImpl{address='add', params=null, body=3}
FROM CALL
MethodCallImpl{name='add', address='', params=io.advantageous.qbit.util.MultiMap$1@368b9426, body=[1, 2], timestamp=25890292, id=717, objectName='null', returnAddress='null'}


19:30:07.463 [QueueListener Request Queue test] DEBUG i.a.qbit.service.impl.ServiceImpl - ServiceImpl::doHandleMethodCall() METHOD CALLMethodCallImpl{name='add', address='', params=io.advantageous.qbit.util.MultiMap$1@368b9426, body=[1, 2], timestamp=25890292, id=718, objectName='null', returnAddress='null'}
19:30:07.463 [QueueListener Request Queue test] DEBUG i.a.qbit.service.impl.ServiceImpl - ServiceImpl::receive() 
RESPONSE
ResponseImpl{address='add', params=null, body=3}
FROM CALL
MethodCallImpl{name='add', address='', params=io.advantageous.qbit.util.MultiMap$1@368b9426, body=[1, 2], timestamp=25890292, id=718, objectName='null', returnAddress='null'}


19:30:07.463 [QueueListener Request Queue test] DEBUG i.a.qbit.service.impl.ServiceImpl - ServiceImpl::doHandleMethodCall() METHOD CALLMethodCallImpl{name='add', address='', params=io.advantageous.qbit.util.MultiMap$1@368b9426, body=[1, 2], timestamp=25890292, id=719, objectName='null', returnAddress='null'}
19:30:07.463 [QueueListener Request Queue test] DEBUG i.a.qbit.service.impl.ServiceImpl - ServiceImpl::receive() 
RESPONSE
ResponseImpl{address='add', params=null, body=3}
FROM CALL
MethodCallImpl{name='add', address='', params=io.advantageous.qbit.util.MultiMap$1@368b9426, body=[1, 2], timestamp=25890292, id=719, objectName='null', returnAddress='null'}


Queue Limit 
Queue Empty 
19:30:07.463 [QueueListener Request Queue test] DEBUG i.a.qbit.service.impl.ServiceImpl - ServiceImpl::doHandleMethodCall() METHOD CALLMethodCallImpl{name='add', address='', params=io.advantageous.qbit.util.MultiMap$1@368b9426, body=[1, 2], timestamp=25890292, id=720, objectName='null', returnAddress='null'}
19:30:07.463 [QueueListener Request Queue test] DEBUG i.a.qbit.service.impl.ServiceImpl - ServiceImpl::receive() 
RESPONSE
ResponseImpl{address='add', params=null, body=3}
FROM CALL
MethodCallImpl{name='add', address='', params=io.advantageous.qbit.util.MultiMap$1@368b9426, body=[1, 2], timestamp=25890292, id=720, objectName='null', returnAddress='null'}


19:30:07.463 [QueueListener Request Queue test] DEBUG i.a.qbit.service.impl.ServiceImpl - ServiceImpl::doHandleMethodCall() METHOD CALLMethodCallImpl{name='add', address='', params=io.advantageous.qbit.util.MultiMap$1@368b9426, body=[1, 2], timestamp=25890292, id=721, objectName='null', returnAddress='null'}
19:30:07.463 [QueueListener Request Queue test] DEBUG i.a.qbit.service.impl.ServiceImpl - ServiceImpl::receive() 
RESPONSE
ResponseImpl{address='add', params=null, body=3}
FROM CALL
MethodCallImpl{name='add', address='', params=io.advantageous.qbit.util.MultiMap$1@368b9426, body=[1, 2], timestamp=25890292, id=721, objectName='null', returnAddress='null'}


19:30:07.464 [QueueListener Request Queue test] DEBUG i.a.qbit.service.impl.ServiceImpl - ServiceImpl::doHandleMethodCall() METHOD CALLMethodCallImpl{name='add', address='', params=io.advantageous.qbit.util.MultiMap$1@368b9426, body=[1, 2], timestamp=25890292, id=722, objectName='null', returnAddress='null'}
19:30:07.523 [QueueListener Request Queue test] DEBUG i.a.qbit.service.impl.ServiceImpl - ServiceImpl::receive() 
RESPONSE
ResponseImpl{address='add', params=null, body=3}
FROM CALL
MethodCallImpl{name='add', address='', params=io.advantageous.qbit.util.MultiMap$1@368b9426, body=[1, 2], timestamp=25890292, id=722, objectName='null', returnAddress='null'}


19:30:07.556 [QueueListener Request Queue test] DEBUG i.a.qbit.service.impl.ServiceImpl - ServiceImpl::doHandleMethodCall() METHOD CALLMethodCallImpl{name='add', address='', params=io.advantageous.qbit.util.MultiMap$1@368b9426, body=[1, 2], timestamp=25890292, id=723, objectName='null', returnAddress='null'}
19:30:07.556 [QueueListener Request Queue test] DEBUG i.a.qbit.service.impl.ServiceImpl - ServiceImpl::receive() 
RESPONSE
ResponseImpl{address='add', params=null, body=3}
FROM CALL
MethodCallImpl{name='add', address='', params=io.advantageous.qbit.util.MultiMap$1@368b9426, body=[1, 2], timestamp=25890292, id=723, objectName='null', returnAddress='null'}


19:30:07.556 [QueueListener Request Queue test] DEBUG i.a.qbit.service.impl.ServiceImpl - ServiceImpl::doHandleMethodCall() METHOD CALLMethodCallImpl{name='add', address='', params=io.advantageous.qbit.util.MultiMap$1@368b9426, body=[1, 2], timestamp=25890292, id=724, objectName='null', returnAddress='null'}
19:30:07.556 [QueueListener Request Queue test] DEBUG i.a.qbit.service.impl.ServiceImpl - ServiceImpl::receive() 
RESPONSE
ResponseImpl{address='add', params=null, body=3}
FROM CALL
MethodCallImpl{name='add', address='', params=io.advantageous.qbit.util.MultiMap$1@368b9426, body=[1, 2], timestamp=25890292, id=724, objectName='null', returnAddress='null'}


19:30:07.556 [QueueListener Request Queue test] DEBUG i.a.qbit.service.impl.ServiceImpl - ServiceImpl::doHandleMethodCall() METHOD CALLMethodCallImpl{name='add', address='', params=io.advantageous.qbit.util.MultiMap$1@368b9426, body=[1, 2], timestamp=25890292, id=725, objectName='null', returnAddress='null'}
19:30:07.556 [QueueListener Request Queue test] DEBUG i.a.qbit.service.impl.ServiceImpl - ServiceImpl::receive() 
RESPONSE
ResponseImpl{address='add', params=null, body=3}
FROM CALL
MethodCallImpl{name='add', address='', params=io.advantageous.qbit.util.MultiMap$1@368b9426, body=[1, 2], timestamp=25890292, id=725, objectName='null', returnAddress='null'}


Queue Limit 
Queue Empty 
19:30:07.556 [QueueListener Request Queue test] DEBUG i.a.qbit.service.impl.ServiceImpl - ServiceImpl::doHandleMethodCall() METHOD CALLMethodCallImpl{name='add', address='', params=io.advantageous.qbit.util.MultiMap$1@368b9426, body=[1, 2], timestamp=25890292, id=726, objectName='null', returnAddress='null'}
19:30:07.556 [QueueListener Request Queue test] DEBUG i.a.qbit.service.impl.ServiceImpl - ServiceImpl::receive() 
RESPONSE
ResponseImpl{address='add', params=null, body=3}
FROM CALL
MethodCallImpl{name='add', address='', params=io.advantageous.qbit.util.MultiMap$1@368b9426, body=[1, 2], timestamp=25890292, id=726, objectName='null', returnAddress='null'}


19:30:07.556 [QueueListener Request Queue test] DEBUG i.a.qbit.service.impl.ServiceImpl - ServiceImpl::doHandleMethodCall() METHOD CALLMethodCallImpl{name='add', address='', params=io.advantageous.qbit.util.MultiMap$1@368b9426, body=[1, 2], timestamp=25890292, id=727, objectName='null', returnAddress='null'}
19:30:07.556 [QueueListener Request Queue test] DEBUG i.a.qbit.service.impl.ServiceImpl - ServiceImpl::receive() 
RESPONSE
ResponseImpl{address='add', params=null, body=3}
FROM CALL
MethodCallImpl{name='add', address='', params=io.advantageous.qbit.util.MultiMap$1@368b9426, body=[1, 2], timestamp=25890292, id=727, objectName='null', returnAddress='null'}


19:30:07.556 [QueueListener Request Queue test] DEBUG i.a.qbit.service.impl.ServiceImpl - ServiceImpl::doHandleMethodCall() METHOD CALLMethodCallImpl{name='add', address='', params=io.advantageous.qbit.util.MultiMap$1@368b9426, body=[1, 2], timestamp=25890292, id=728, objectName='null', returnAddress='null'}
19:30:07.556 [QueueListener Request Queue test] DEBUG i.a.qbit.service.impl.ServiceImpl - ServiceImpl::receive() 
RESPONSE
ResponseImpl{address='add', params=null, body=3}
FROM CALL
MethodCallImpl{name='add', address='', params=io.advantageous.qbit.util.MultiMap$1@368b9426, body=[1, 2], timestamp=25890292, id=728, objectName='null', returnAddress='null'}


19:30:07.561 [QueueListener Request Queue test] DEBUG i.a.qbit.service.impl.ServiceImpl - ServiceImpl::doHandleMethodCall() METHOD CALLMethodCallImpl{name='add', address='', params=io.advantageous.qbit.util.MultiMap$1@368b9426, body=[1, 2], timestamp=25890292, id=729, objectName='null', returnAddress='null'}
19:30:07.561 [QueueListener Request Queue test] DEBUG i.a.qbit.service.impl.ServiceImpl - ServiceImpl::receive() 
RESPONSE
ResponseImpl{address='add', params=null, body=3}
FROM CALL
MethodCallImpl{name='add', address='', params=io.advantageous.qbit.util.MultiMap$1@368b9426, body=[1, 2], timestamp=25890292, id=729, objectName='null', returnAddress='null'}


19:30:07.561 [QueueListener Request Queue test] DEBUG i.a.qbit.service.impl.ServiceImpl - ServiceImpl::doHandleMethodCall() METHOD CALLMethodCallImpl{name='add', address='', params=io.advantageous.qbit.util.MultiMap$1@368b9426, body=[1, 2], timestamp=25890292, id=730, objectName='null', returnAddress='null'}
19:30:07.561 [QueueListener Request Queue test] DEBUG i.a.qbit.service.impl.ServiceImpl - ServiceImpl::receive() 
RESPONSE
ResponseImpl{address='add', params=null, body=3}
FROM CALL
MethodCallImpl{name='add', address='', params=io.advantageous.qbit.util.MultiMap$1@368b9426, body=[1, 2], timestamp=25890292, id=730, objectName='null', returnAddress='null'}


19:30:07.562 [QueueListener Request Queue test] DEBUG i.a.qbit.service.impl.ServiceImpl - ServiceImpl::doHandleMethodCall() METHOD CALLMethodCallImpl{name='add', address='', params=io.advantageous.qbit.util.MultiMap$1@368b9426, body=[1, 2], timestamp=25890292, id=731, objectName='null', returnAddress='null'}
19:30:07.562 [QueueListener Request Queue test] DEBUG i.a.qbit.service.impl.ServiceImpl - ServiceImpl::receive() 
RESPONSE
ResponseImpl{address='add', params=null, body=3}
FROM CALL
MethodCallImpl{name='add', address='', params=io.advantageous.qbit.util.MultiMap$1@368b9426, body=[1, 2], timestamp=25890292, id=731, objectName='null', returnAddress='null'}


Queue Limit 
Queue Empty 
19:30:07.562 [QueueListener Request Queue test] DEBUG i.a.qbit.service.impl.ServiceImpl - ServiceImpl::doHandleMethodCall() METHOD CALLMethodCallImpl{name='add', address='', params=io.advantageous.qbit.util.MultiMap$1@368b9426, body=[1, 2], timestamp=25890292, id=732, objectName='null', returnAddress='null'}
19:30:07.562 [QueueListener Request Queue test] DEBUG i.a.qbit.service.impl.ServiceImpl - ServiceImpl::receive() 
RESPONSE
ResponseImpl{address='add', params=null, body=3}
FROM CALL
MethodCallImpl{name='add', address='', params=io.advantageous.qbit.util.MultiMap$1@368b9426, body=[1, 2], timestamp=25890292, id=732, objectName='null', returnAddress='null'}


19:30:07.562 [QueueListener Request Queue test] DEBUG i.a.qbit.service.impl.ServiceImpl - ServiceImpl::doHandleMethodCall() METHOD CALLMethodCallImpl{name='add', address='', params=io.advantageous.qbit.util.MultiMap$1@368b9426, body=[1, 2], timestamp=25890292, id=733, objectName='null', returnAddress='null'}
19:30:07.564 [QueueListener Request Queue test] DEBUG i.a.qbit.service.impl.ServiceImpl - ServiceImpl::receive() 
RESPONSE
ResponseImpl{address='add', params=null, body=3}
FROM CALL
MethodCallImpl{name='add', address='', params=io.advantageous.qbit.util.MultiMap$1@368b9426, body=[1, 2], timestamp=25890292, id=733, objectName='null', returnAddress='null'}


19:30:07.565 [QueueListener Request Queue test] DEBUG i.a.qbit.service.impl.ServiceImpl - ServiceImpl::doHandleMethodCall() METHOD CALLMethodCallImpl{name='add', address='', params=io.advantageous.qbit.util.MultiMap$1@368b9426, body=[1, 2], timestamp=25890292, id=734, objectName='null', returnAddress='null'}
19:30:07.565 [QueueListener Request Queue test] DEBUG i.a.qbit.service.impl.ServiceImpl - ServiceImpl::receive() 
RESPONSE
ResponseImpl{address='add', params=null, body=3}
FROM CALL
MethodCallImpl{name='add', address='', params=io.advantageous.qbit.util.MultiMap$1@368b9426, body=[1, 2], timestamp=25890292, id=734, objectName='null', returnAddress='null'}


19:30:07.565 [QueueListener Request Queue test] DEBUG i.a.qbit.service.impl.ServiceImpl - ServiceImpl::doHandleMethodCall() METHOD CALLMethodCallImpl{name='add', address='', params=io.advantageous.qbit.util.MultiMap$1@368b9426, body=[1, 2], timestamp=25890292, id=735, objectName='null', returnAddress='null'}
19:30:07.565 [QueueListener Request Queue test] DEBUG i.a.qbit.service.impl.ServiceImpl - ServiceImpl::receive() 
RESPONSE
ResponseImpl{address='add', params=null, body=3}
FROM CALL
MethodCallImpl{name='add', address='', params=io.advantageous.qbit.util.MultiMap$1@368b9426, body=[1, 2], timestamp=25890292, id=735, objectName='null', returnAddress='null'}


19:30:07.565 [QueueListener Request Queue test] DEBUG i.a.qbit.service.impl.ServiceImpl - ServiceImpl::doHandleMethodCall() METHOD CALLMethodCallImpl{name='add', address='', params=io.advantageous.qbit.util.MultiMap$1@368b9426, body=[1, 2], timestamp=25890292, id=736, objectName='null', returnAddress='null'}
19:30:07.565 [QueueListener Request Queue test] DEBUG i.a.qbit.service.impl.ServiceImpl - ServiceImpl::receive() 
RESPONSE
ResponseImpl{address='add', params=null, body=3}
FROM CALL
MethodCallImpl{name='add', address='', params=io.advantageous.qbit.util.MultiMap$1@368b9426, body=[1, 2], timestamp=25890292, id=736, objectName='null', returnAddress='null'}


19:30:07.565 [QueueListener Request Queue test] DEBUG i.a.qbit.service.impl.ServiceImpl - ServiceImpl::doHandleMethodCall() METHOD CALLMethodCallImpl{name='add', address='', params=io.advantageous.qbit.util.MultiMap$1@368b9426, body=[1, 2], timestamp=25890292, id=737, objectName='null', returnAddress='null'}
19:30:07.565 [QueueListener Request Queue test] DEBUG i.a.qbit.service.impl.ServiceImpl - ServiceImpl::receive() 
RESPONSE
ResponseImpl{address='add', params=null, body=3}
FROM CALL
MethodCallImpl{name='add', address='', params=io.advantageous.qbit.util.MultiMap$1@368b9426, body=[1, 2], timestamp=25890292, id=737, objectName='null', returnAddress='null'}


Queue Limit 
Queue Empty 
19:30:07.565 [QueueListener Request Queue test] DEBUG i.a.qbit.service.impl.ServiceImpl - ServiceImpl::doHandleMethodCall() METHOD CALLMethodCallImpl{name='add', address='', params=io.advantageous.qbit.util.MultiMap$1@368b9426, body=[1, 2], timestamp=25890292, id=738, objectName='null', returnAddress='null'}
19:30:07.565 [QueueListener Request Queue test] DEBUG i.a.qbit.service.impl.ServiceImpl - ServiceImpl::receive() 
RESPONSE
ResponseImpl{address='add', params=null, body=3}
FROM CALL
MethodCallImpl{name='add', address='', params=io.advantageous.qbit.util.MultiMap$1@368b9426, body=[1, 2], timestamp=25890292, id=738, objectName='null', returnAddress='null'}


19:30:07.565 [QueueListener Request Queue test] DEBUG i.a.qbit.service.impl.ServiceImpl - ServiceImpl::doHandleMethodCall() METHOD CALLMethodCallImpl{name='add', address='', params=io.advantageous.qbit.util.MultiMap$1@368b9426, body=[1, 2], timestamp=25890292, id=739, objectName='null', returnAddress='null'}
19:30:07.565 [QueueListener Request Queue test] DEBUG i.a.qbit.service.impl.ServiceImpl - ServiceImpl::receive() 
RESPONSE
ResponseImpl{address='add', params=null, body=3}
FROM CALL
MethodCallImpl{name='add', address='', params=io.advantageous.qbit.util.MultiMap$1@368b9426, body=[1, 2], timestamp=25890292, id=739, objectName='null', returnAddress='null'}


19:30:07.565 [QueueListener Request Queue test] DEBUG i.a.qbit.service.impl.ServiceImpl - ServiceImpl::doHandleMethodCall() METHOD CALLMethodCallImpl{name='add', address='', params=io.advantageous.qbit.util.MultiMap$1@368b9426, body=[1, 2], timestamp=25890292, id=740, objectName='null', returnAddress='null'}
19:30:07.565 [QueueListener Request Queue test] DEBUG i.a.qbit.service.impl.ServiceImpl - ServiceImpl::receive() 
RESPONSE
ResponseImpl{address='add', params=null, body=3}
FROM CALL
MethodCallImpl{name='add', address='', params=io.advantageous.qbit.util.MultiMap$1@368b9426, body=[1, 2], timestamp=25890292, id=740, objectName='null', returnAddress='null'}


19:30:07.565 [QueueListener Request Queue test] DEBUG i.a.qbit.service.impl.ServiceImpl - ServiceImpl::doHandleMethodCall() METHOD CALLMethodCallImpl{name='add', address='', params=io.advantageous.qbit.util.MultiMap$1@368b9426, body=[1, 2], timestamp=25890292, id=741, objectName='null', returnAddress='null'}
19:30:07.565 [QueueListener Request Queue test] DEBUG i.a.qbit.service.impl.ServiceImpl - ServiceImpl::receive() 
RESPONSE
ResponseImpl{address='add', params=null, body=3}
FROM CALL
MethodCallImpl{name='add', address='', params=io.advantageous.qbit.util.MultiMap$1@368b9426, body=[1, 2], timestamp=25890292, id=741, objectName='null', returnAddress='null'}


19:30:07.565 [QueueListener Request Queue test] DEBUG i.a.qbit.service.impl.ServiceImpl - ServiceImpl::doHandleMethodCall() METHOD CALLMethodCallImpl{name='add', address='', params=io.advantageous.qbit.util.MultiMap$1@368b9426, body=[1, 2], timestamp=25890292, id=742, objectName='null', returnAddress='null'}
19:30:07.565 [QueueListener Request Queue test] DEBUG i.a.qbit.service.impl.ServiceImpl - ServiceImpl::receive() 
RESPONSE
ResponseImpl{address='add', params=null, body=3}
FROM CALL
MethodCallImpl{name='add', address='', params=io.advantageous.qbit.util.MultiMap$1@368b9426, body=[1, 2], timestamp=25890292, id=742, objectName='null', returnAddress='null'}


19:30:07.565 [QueueListener Request Queue test] DEBUG i.a.qbit.service.impl.ServiceImpl - ServiceImpl::doHandleMethodCall() METHOD CALLMethodCallImpl{name='add', address='', params=io.advantageous.qbit.util.MultiMap$1@368b9426, body=[1, 2], timestamp=25890292, id=743, objectName='null', returnAddress='null'}
19:30:07.568 [QueueListener Request Queue test] DEBUG i.a.qbit.service.impl.ServiceImpl - ServiceImpl::receive() 
RESPONSE
ResponseImpl{address='add', params=null, body=3}
FROM CALL
MethodCallImpl{name='add', address='', params=io.advantageous.qbit.util.MultiMap$1@368b9426, body=[1, 2], timestamp=25890292, id=743, objectName='null', returnAddress='null'}


Queue Limit 
Queue Empty 
19:30:07.569 [QueueListener Request Queue test] DEBUG i.a.qbit.service.impl.ServiceImpl - ServiceImpl::doHandleMethodCall() METHOD CALLMethodCallImpl{name='add', address='', params=io.advantageous.qbit.util.MultiMap$1@368b9426, body=[1, 2], timestamp=25890292, id=744, objectName='null', returnAddress='null'}
19:30:07.569 [QueueListener Request Queue test] DEBUG i.a.qbit.service.impl.ServiceImpl - ServiceImpl::receive() 
RESPONSE
ResponseImpl{address='add', params=null, body=3}
FROM CALL
MethodCallImpl{name='add', address='', params=io.advantageous.qbit.util.MultiMap$1@368b9426, body=[1, 2], timestamp=25890292, id=744, objectName='null', returnAddress='null'}


19:30:07.569 [QueueListener Request Queue test] DEBUG i.a.qbit.service.impl.ServiceImpl - ServiceImpl::doHandleMethodCall() METHOD CALLMethodCallImpl{name='add', address='', params=io.advantageous.qbit.util.MultiMap$1@368b9426, body=[1, 2], timestamp=25890292, id=745, objectName='null', returnAddress='null'}
19:30:07.569 [QueueListener Request Queue test] DEBUG i.a.qbit.service.impl.ServiceImpl - ServiceImpl::receive() 
RESPONSE
ResponseImpl{address='add', params=null, body=3}
FROM CALL
MethodCallImpl{name='add', address='', params=io.advantageous.qbit.util.MultiMap$1@368b9426, body=[1, 2], timestamp=25890292, id=745, objectName='null', returnAddress='null'}


19:30:07.569 [QueueListener Request Queue test] DEBUG i.a.qbit.service.impl.ServiceImpl - ServiceImpl::doHandleMethodCall() METHOD CALLMethodCallImpl{name='add', address='', params=io.advantageous.qbit.util.MultiMap$1@368b9426, body=[1, 2], timestamp=25890292, id=746, objectName='null', returnAddress='null'}
19:30:07.569 [QueueListener Request Queue test] DEBUG i.a.qbit.service.impl.ServiceImpl - ServiceImpl::receive() 
RESPONSE
ResponseImpl{address='add', params=null, body=3}
FROM CALL
MethodCallImpl{name='add', address='', params=io.advantageous.qbit.util.MultiMap$1@368b9426, body=[1, 2], timestamp=25890292, id=746, objectName='null', returnAddress='null'}


19:30:07.569 [QueueListener Request Queue test] DEBUG i.a.qbit.service.impl.ServiceImpl - ServiceImpl::doHandleMethodCall() METHOD CALLMethodCallImpl{name='add', address='', params=io.advantageous.qbit.util.MultiMap$1@368b9426, body=[1, 2], timestamp=25890292, id=747, objectName='null', returnAddress='null'}
19:30:07.569 [QueueListener Request Queue test] DEBUG i.a.qbit.service.impl.ServiceImpl - ServiceImpl::receive() 
RESPONSE
ResponseImpl{address='add', params=null, body=3}
FROM CALL
MethodCallImpl{name='add', address='', params=io.advantageous.qbit.util.MultiMap$1@368b9426, body=[1, 2], timestamp=25890292, id=747, objectName='null', returnAddress='null'}


19:30:07.569 [QueueListener Request Queue test] DEBUG i.a.qbit.service.impl.ServiceImpl - ServiceImpl::doHandleMethodCall() METHOD CALLMethodCallImpl{name='add', address='', params=io.advantageous.qbit.util.MultiMap$1@368b9426, body=[1, 2], timestamp=25890292, id=748, objectName='null', returnAddress='null'}
19:30:07.569 [QueueListener Request Queue test] DEBUG i.a.qbit.service.impl.ServiceImpl - ServiceImpl::receive() 
RESPONSE
ResponseImpl{address='add', params=null, body=3}
FROM CALL
MethodCallImpl{name='add', address='', params=io.advantageous.qbit.util.MultiMap$1@368b9426, body=[1, 2], timestamp=25890292, id=748, objectName='null', returnAddress='null'}


19:30:07.569 [QueueListener Request Queue test] DEBUG i.a.qbit.service.impl.ServiceImpl - ServiceImpl::doHandleMethodCall() METHOD CALLMethodCallImpl{name='add', address='', params=io.advantageous.qbit.util.MultiMap$1@368b9426, body=[1, 2], timestamp=25890292, id=749, objectName='null', returnAddress='null'}
19:30:07.569 [QueueListener Request Queue test] DEBUG i.a.qbit.service.impl.ServiceImpl - ServiceImpl::receive() 
RESPONSE
ResponseImpl{address='add', params=null, body=3}
FROM CALL
MethodCallImpl{name='add', address='', params=io.advantageous.qbit.util.MultiMap$1@368b9426, body=[1, 2], timestamp=25890292, id=749, objectName='null', returnAddress='null'}


Queue Limit 
Queue Empty 
19:30:07.569 [QueueListener Request Queue test] DEBUG i.a.qbit.service.impl.ServiceImpl - ServiceImpl::doHandleMethodCall() METHOD CALLMethodCallImpl{name='add', address='', params=io.advantageous.qbit.util.MultiMap$1@368b9426, body=[1, 2], timestamp=25890292, id=750, objectName='null', returnAddress='null'}
19:30:07.569 [QueueListener Request Queue test] DEBUG i.a.qbit.service.impl.ServiceImpl - ServiceImpl::receive() 
RESPONSE
ResponseImpl{address='add', params=null, body=3}
FROM CALL
MethodCallImpl{name='add', address='', params=io.advantageous.qbit.util.MultiMap$1@368b9426, body=[1, 2], timestamp=25890292, id=750, objectName='null', returnAddress='null'}


19:30:07.569 [QueueListener Request Queue test] DEBUG i.a.qbit.service.impl.ServiceImpl - ServiceImpl::doHandleMethodCall() METHOD CALLMethodCallImpl{name='add', address='', params=io.advantageous.qbit.util.MultiMap$1@368b9426, body=[1, 2], timestamp=25890292, id=751, objectName='null', returnAddress='null'}
19:30:07.569 [QueueListener Request Queue test] DEBUG i.a.qbit.service.impl.ServiceImpl - ServiceImpl::receive() 
RESPONSE
ResponseImpl{address='add', params=null, body=3}
FROM CALL
MethodCallImpl{name='add', address='', params=io.advantageous.qbit.util.MultiMap$1@368b9426, body=[1, 2], timestamp=25890292, id=751, objectName='null', returnAddress='null'}


19:30:07.569 [QueueListener Request Queue test] DEBUG i.a.qbit.service.impl.ServiceImpl - ServiceImpl::doHandleMethodCall() METHOD CALLMethodCallImpl{name='add', address='', params=io.advantageous.qbit.util.MultiMap$1@368b9426, body=[1, 2], timestamp=25890292, id=752, objectName='null', returnAddress='null'}
19:30:07.569 [QueueListener Request Queue test] DEBUG i.a.qbit.service.impl.ServiceImpl - ServiceImpl::receive() 
RESPONSE
ResponseImpl{address='add', params=null, body=3}
FROM CALL
MethodCallImpl{name='add', address='', params=io.advantageous.qbit.util.MultiMap$1@368b9426, body=[1, 2], timestamp=25890292, id=752, objectName='null', returnAddress='null'}


19:30:07.569 [QueueListener Request Queue test] DEBUG i.a.qbit.service.impl.ServiceImpl - ServiceImpl::doHandleMethodCall() METHOD CALLMethodCallImpl{name='add', address='', params=io.advantageous.qbit.util.MultiMap$1@368b9426, body=[1, 2], timestamp=25890292, id=753, objectName='null', returnAddress='null'}
19:30:07.569 [QueueListener Request Queue test] DEBUG i.a.qbit.service.impl.ServiceImpl - ServiceImpl::receive() 
RESPONSE
ResponseImpl{address='add', params=null, body=3}
FROM CALL
MethodCallImpl{name='add', address='', params=io.advantageous.qbit.util.MultiMap$1@368b9426, body=[1, 2], timestamp=25890292, id=753, objectName='null', returnAddress='null'}


19:30:07.569 [QueueListener Request Queue test] DEBUG i.a.qbit.service.impl.ServiceImpl - ServiceImpl::doHandleMethodCall() METHOD CALLMethodCallImpl{name='add', address='', params=io.advantageous.qbit.util.MultiMap$1@368b9426, body=[1, 2], timestamp=25890292, id=754, objectName='null', returnAddress='null'}
19:30:07.569 [QueueListener Request Queue test] DEBUG i.a.qbit.service.impl.ServiceImpl - ServiceImpl::receive() 
RESPONSE
ResponseImpl{address='add', params=null, body=3}
FROM CALL
MethodCallImpl{name='add', address='', params=io.advantageous.qbit.util.MultiMap$1@368b9426, body=[1, 2], timestamp=25890292, id=754, objectName='null', returnAddress='null'}


19:30:07.569 [QueueListener Request Queue test] DEBUG i.a.qbit.service.impl.ServiceImpl - ServiceImpl::doHandleMethodCall() METHOD CALLMethodCallImpl{name='add', address='', params=io.advantageous.qbit.util.MultiMap$1@368b9426, body=[1, 2], timestamp=25890292, id=755, objectName='null', returnAddress='null'}
19:30:07.569 [QueueListener Request Queue test] DEBUG i.a.qbit.service.impl.ServiceImpl - ServiceImpl::receive() 
RESPONSE
ResponseImpl{address='add', params=null, body=3}
FROM CALL
MethodCallImpl{name='add', address='', params=io.advantageous.qbit.util.MultiMap$1@368b9426, body=[1, 2], timestamp=25890292, id=755, objectName='null', returnAddress='null'}


Queue Limit 
Queue Empty 
19:30:07.569 [QueueListener Request Queue test] DEBUG i.a.qbit.service.impl.ServiceImpl - ServiceImpl::doHandleMethodCall() METHOD CALLMethodCallImpl{name='add', address='', params=io.advantageous.qbit.util.MultiMap$1@368b9426, body=[1, 2], timestamp=25890292, id=756, objectName='null', returnAddress='null'}
19:30:07.569 [QueueListener Request Queue test] DEBUG i.a.qbit.service.impl.ServiceImpl - ServiceImpl::receive() 
RESPONSE
ResponseImpl{address='add', params=null, body=3}
FROM CALL
MethodCallImpl{name='add', address='', params=io.advantageous.qbit.util.MultiMap$1@368b9426, body=[1, 2], timestamp=25890292, id=756, objectName='null', returnAddress='null'}


19:30:07.569 [QueueListener Request Queue test] DEBUG i.a.qbit.service.impl.ServiceImpl - ServiceImpl::doHandleMethodCall() METHOD CALLMethodCallImpl{name='add', address='', params=io.advantageous.qbit.util.MultiMap$1@368b9426, body=[1, 2], timestamp=25890292, id=757, objectName='null', returnAddress='null'}
19:30:07.569 [QueueListener Request Queue test] DEBUG i.a.qbit.service.impl.ServiceImpl - ServiceImpl::receive() 
RESPONSE
ResponseImpl{address='add', params=null, body=3}
FROM CALL
MethodCallImpl{name='add', address='', params=io.advantageous.qbit.util.MultiMap$1@368b9426, body=[1, 2], timestamp=25890292, id=757, objectName='null', returnAddress='null'}


19:30:07.569 [QueueListener Request Queue test] DEBUG i.a.qbit.service.impl.ServiceImpl - ServiceImpl::doHandleMethodCall() METHOD CALLMethodCallImpl{name='add', address='', params=io.advantageous.qbit.util.MultiMap$1@368b9426, body=[1, 2], timestamp=25890292, id=758, objectName='null', returnAddress='null'}
19:30:07.570 [QueueListener Request Queue test] DEBUG i.a.qbit.service.impl.ServiceImpl - ServiceImpl::receive() 
RESPONSE
ResponseImpl{address='add', params=null, body=3}
FROM CALL
MethodCallImpl{name='add', address='', params=io.advantageous.qbit.util.MultiMap$1@368b9426, body=[1, 2], timestamp=25890292, id=758, objectName='null', returnAddress='null'}


19:30:07.570 [QueueListener Request Queue test] DEBUG i.a.qbit.service.impl.ServiceImpl - ServiceImpl::doHandleMethodCall() METHOD CALLMethodCallImpl{name='add', address='', params=io.advantageous.qbit.util.MultiMap$1@368b9426, body=[1, 2], timestamp=25890292, id=759, objectName='null', returnAddress='null'}
19:30:07.574 [QueueListener Request Queue test] DEBUG i.a.qbit.service.impl.ServiceImpl - ServiceImpl::receive() 
RESPONSE
ResponseImpl{address='add', params=null, body=3}
FROM CALL
MethodCallImpl{name='add', address='', params=io.advantageous.qbit.util.MultiMap$1@368b9426, body=[1, 2], timestamp=25890292, id=759, objectName='null', returnAddress='null'}


19:30:07.574 [QueueListener Request Queue test] DEBUG i.a.qbit.service.impl.ServiceImpl - ServiceImpl::doHandleMethodCall() METHOD CALLMethodCallImpl{name='add', address='', params=io.advantageous.qbit.util.MultiMap$1@368b9426, body=[1, 2], timestamp=25890292, id=760, objectName='null', returnAddress='null'}
19:30:07.574 [QueueListener Request Queue test] DEBUG i.a.qbit.service.impl.ServiceImpl - ServiceImpl::receive() 
RESPONSE
ResponseImpl{address='add', params=null, body=3}
FROM CALL
MethodCallImpl{name='add', address='', params=io.advantageous.qbit.util.MultiMap$1@368b9426, body=[1, 2], timestamp=25890292, id=760, objectName='null', returnAddress='null'}


19:30:07.574 [QueueListener Request Queue test] DEBUG i.a.qbit.service.impl.ServiceImpl - ServiceImpl::doHandleMethodCall() METHOD CALLMethodCallImpl{name='add', address='', params=io.advantageous.qbit.util.MultiMap$1@368b9426, body=[1, 2], timestamp=25890292, id=761, objectName='null', returnAddress='null'}
19:30:07.574 [QueueListener Request Queue test] DEBUG i.a.qbit.service.impl.ServiceImpl - ServiceImpl::receive() 
RESPONSE
ResponseImpl{address='add', params=null, body=3}
FROM CALL
MethodCallImpl{name='add', address='', params=io.advantageous.qbit.util.MultiMap$1@368b9426, body=[1, 2], timestamp=25890292, id=761, objectName='null', returnAddress='null'}


Queue Limit 
Queue Empty 
19:30:07.574 [QueueListener Request Queue test] DEBUG i.a.qbit.service.impl.ServiceImpl - ServiceImpl::doHandleMethodCall() METHOD CALLMethodCallImpl{name='add', address='', params=io.advantageous.qbit.util.MultiMap$1@368b9426, body=[1, 2], timestamp=25890292, id=762, objectName='null', returnAddress='null'}
19:30:07.574 [QueueListener Request Queue test] DEBUG i.a.qbit.service.impl.ServiceImpl - ServiceImpl::receive() 
RESPONSE
ResponseImpl{address='add', params=null, body=3}
FROM CALL
MethodCallImpl{name='add', address='', params=io.advantageous.qbit.util.MultiMap$1@368b9426, body=[1, 2], timestamp=25890292, id=762, objectName='null', returnAddress='null'}


19:30:07.574 [QueueListener Request Queue test] DEBUG i.a.qbit.service.impl.ServiceImpl - ServiceImpl::doHandleMethodCall() METHOD CALLMethodCallImpl{name='add', address='', params=io.advantageous.qbit.util.MultiMap$1@368b9426, body=[1, 2], timestamp=25890292, id=763, objectName='null', returnAddress='null'}
19:30:07.574 [QueueListener Request Queue test] DEBUG i.a.qbit.service.impl.ServiceImpl - ServiceImpl::receive() 
RESPONSE
ResponseImpl{address='add', params=null, body=3}
FROM CALL
MethodCallImpl{name='add', address='', params=io.advantageous.qbit.util.MultiMap$1@368b9426, body=[1, 2], timestamp=25890292, id=763, objectName='null', returnAddress='null'}


19:30:07.574 [QueueListener Request Queue test] DEBUG i.a.qbit.service.impl.ServiceImpl - ServiceImpl::doHandleMethodCall() METHOD CALLMethodCallImpl{name='add', address='', params=io.advantageous.qbit.util.MultiMap$1@368b9426, body=[1, 2], timestamp=25890292, id=764, objectName='null', returnAddress='null'}
19:30:07.574 [QueueListener Request Queue test] DEBUG i.a.qbit.service.impl.ServiceImpl - ServiceImpl::receive() 
RESPONSE
ResponseImpl{address='add', params=null, body=3}
FROM CALL
MethodCallImpl{name='add', address='', params=io.advantageous.qbit.util.MultiMap$1@368b9426, body=[1, 2], timestamp=25890292, id=764, objectName='null', returnAddress='null'}


19:30:07.574 [QueueListener Request Queue test] DEBUG i.a.qbit.service.impl.ServiceImpl - ServiceImpl::doHandleMethodCall() METHOD CALLMethodCallImpl{name='add', address='', params=io.advantageous.qbit.util.MultiMap$1@368b9426, body=[1, 2], timestamp=25890292, id=765, objectName='null', returnAddress='null'}
19:30:07.574 [QueueListener Request Queue test] DEBUG i.a.qbit.service.impl.ServiceImpl - ServiceImpl::receive() 
RESPONSE
ResponseImpl{address='add', params=null, body=3}
FROM CALL
MethodCallImpl{name='add', address='', params=io.advantageous.qbit.util.MultiMap$1@368b9426, body=[1, 2], timestamp=25890292, id=765, objectName='null', returnAddress='null'}


19:30:07.574 [QueueListener Request Queue test] DEBUG i.a.qbit.service.impl.ServiceImpl - ServiceImpl::doHandleMethodCall() METHOD CALLMethodCallImpl{name='add', address='', params=io.advantageous.qbit.util.MultiMap$1@368b9426, body=[1, 2], timestamp=25890292, id=766, objectName='null', returnAddress='null'}
19:30:07.578 [QueueListener Request Queue test] DEBUG i.a.qbit.service.impl.ServiceImpl - ServiceImpl::receive() 
RESPONSE
ResponseImpl{address='add', params=null, body=3}
FROM CALL
MethodCallImpl{name='add', address='', params=io.advantageous.qbit.util.MultiMap$1@368b9426, body=[1, 2], timestamp=25890292, id=766, objectName='null', returnAddress='null'}


19:30:07.579 [QueueListener Request Queue test] DEBUG i.a.qbit.service.impl.ServiceImpl - ServiceImpl::doHandleMethodCall() METHOD CALLMethodCallImpl{name='add', address='', params=io.advantageous.qbit.util.MultiMap$1@368b9426, body=[1, 2], timestamp=25890292, id=767, objectName='null', returnAddress='null'}
19:30:07.579 [QueueListener Request Queue test] DEBUG i.a.qbit.service.impl.ServiceImpl - ServiceImpl::receive() 
RESPONSE
ResponseImpl{address='add', params=null, body=3}
FROM CALL
MethodCallImpl{name='add', address='', params=io.advantageous.qbit.util.MultiMap$1@368b9426, body=[1, 2], timestamp=25890292, id=767, objectName='null', returnAddress='null'}


Queue Limit 
Queue Empty 
19:30:07.579 [QueueListener Request Queue test] DEBUG i.a.qbit.service.impl.ServiceImpl - ServiceImpl::doHandleMethodCall() METHOD CALLMethodCallImpl{name='add', address='', params=io.advantageous.qbit.util.MultiMap$1@368b9426, body=[1, 2], timestamp=25890292, id=768, objectName='null', returnAddress='null'}
19:30:07.579 [QueueListener Request Queue test] DEBUG i.a.qbit.service.impl.ServiceImpl - ServiceImpl::receive() 
RESPONSE
ResponseImpl{address='add', params=null, body=3}
FROM CALL
MethodCallImpl{name='add', address='', params=io.advantageous.qbit.util.MultiMap$1@368b9426, body=[1, 2], timestamp=25890292, id=768, objectName='null', returnAddress='null'}


19:30:07.579 [QueueListener Request Queue test] DEBUG i.a.qbit.service.impl.ServiceImpl - ServiceImpl::doHandleMethodCall() METHOD CALLMethodCallImpl{name='add', address='', params=io.advantageous.qbit.util.MultiMap$1@368b9426, body=[1, 2], timestamp=25890292, id=769, objectName='null', returnAddress='null'}
19:30:07.579 [QueueListener Request Queue test] DEBUG i.a.qbit.service.impl.ServiceImpl - ServiceImpl::receive() 
RESPONSE
ResponseImpl{address='add', params=null, body=3}
FROM CALL
MethodCallImpl{name='add', address='', params=io.advantageous.qbit.util.MultiMap$1@368b9426, body=[1, 2], timestamp=25890292, id=769, objectName='null', returnAddress='null'}


19:30:07.579 [QueueListener Request Queue test] DEBUG i.a.qbit.service.impl.ServiceImpl - ServiceImpl::doHandleMethodCall() METHOD CALLMethodCallImpl{name='add', address='', params=io.advantageous.qbit.util.MultiMap$1@368b9426, body=[1, 2], timestamp=25890292, id=770, objectName='null', returnAddress='null'}
19:30:07.579 [QueueListener Request Queue test] DEBUG i.a.qbit.service.impl.ServiceImpl - ServiceImpl::receive() 
RESPONSE
ResponseImpl{address='add', params=null, body=3}
FROM CALL
MethodCallImpl{name='add', address='', params=io.advantageous.qbit.util.MultiMap$1@368b9426, body=[1, 2], timestamp=25890292, id=770, objectName='null', returnAddress='null'}


19:30:07.579 [QueueListener Request Queue test] DEBUG i.a.qbit.service.impl.ServiceImpl - ServiceImpl::doHandleMethodCall() METHOD CALLMethodCallImpl{name='add', address='', params=io.advantageous.qbit.util.MultiMap$1@368b9426, body=[1, 2], timestamp=25890292, id=771, objectName='null', returnAddress='null'}
19:30:07.579 [QueueListener Request Queue test] DEBUG i.a.qbit.service.impl.ServiceImpl - ServiceImpl::receive() 
RESPONSE
ResponseImpl{address='add', params=null, body=3}
FROM CALL
MethodCallImpl{name='add', address='', params=io.advantageous.qbit.util.MultiMap$1@368b9426, body=[1, 2], timestamp=25890292, id=771, objectName='null', returnAddress='null'}


19:30:07.579 [QueueListener Request Queue test] DEBUG i.a.qbit.service.impl.ServiceImpl - ServiceImpl::doHandleMethodCall() METHOD CALLMethodCallImpl{name='add', address='', params=io.advantageous.qbit.util.MultiMap$1@368b9426, body=[1, 2], timestamp=25890292, id=772, objectName='null', returnAddress='null'}
19:30:07.579 [QueueListener Request Queue test] DEBUG i.a.qbit.service.impl.ServiceImpl - ServiceImpl::receive() 
RESPONSE
ResponseImpl{address='add', params=null, body=3}
FROM CALL
MethodCallImpl{name='add', address='', params=io.advantageous.qbit.util.MultiMap$1@368b9426, body=[1, 2], timestamp=25890292, id=772, objectName='null', returnAddress='null'}


19:30:07.579 [QueueListener Request Queue test] DEBUG i.a.qbit.service.impl.ServiceImpl - ServiceImpl::doHandleMethodCall() METHOD CALLMethodCallImpl{name='add', address='', params=io.advantageous.qbit.util.MultiMap$1@368b9426, body=[1, 2], timestamp=25890292, id=773, objectName='null', returnAddress='null'}
19:30:07.579 [QueueListener Request Queue test] DEBUG i.a.qbit.service.impl.ServiceImpl - ServiceImpl::receive() 
RESPONSE
ResponseImpl{address='add', params=null, body=3}
FROM CALL
MethodCallImpl{name='add', address='', params=io.advantageous.qbit.util.MultiMap$1@368b9426, body=[1, 2], timestamp=25890292, id=773, objectName='null', returnAddress='null'}


Queue Limit 
Queue Empty 
19:30:07.579 [QueueListener Request Queue test] DEBUG i.a.qbit.service.impl.ServiceImpl - ServiceImpl::doHandleMethodCall() METHOD CALLMethodCallImpl{name='add', address='', params=io.advantageous.qbit.util.MultiMap$1@368b9426, body=[1, 2], timestamp=25890292, id=774, objectName='null', returnAddress='null'}
19:30:07.579 [QueueListener Request Queue test] DEBUG i.a.qbit.service.impl.ServiceImpl - ServiceImpl::receive() 
RESPONSE
ResponseImpl{address='add', params=null, body=3}
FROM CALL
MethodCallImpl{name='add', address='', params=io.advantageous.qbit.util.MultiMap$1@368b9426, body=[1, 2], timestamp=25890292, id=774, objectName='null', returnAddress='null'}


19:30:07.579 [QueueListener Request Queue test] DEBUG i.a.qbit.service.impl.ServiceImpl - ServiceImpl::doHandleMethodCall() METHOD CALLMethodCallImpl{name='add', address='', params=io.advantageous.qbit.util.MultiMap$1@368b9426, body=[1, 2], timestamp=25890292, id=775, objectName='null', returnAddress='null'}
19:30:07.579 [QueueListener Request Queue test] DEBUG i.a.qbit.service.impl.ServiceImpl - ServiceImpl::receive() 
RESPONSE
ResponseImpl{address='add', params=null, body=3}
FROM CALL
MethodCallImpl{name='add', address='', params=io.advantageous.qbit.util.MultiMap$1@368b9426, body=[1, 2], timestamp=25890292, id=775, objectName='null', returnAddress='null'}


19:30:07.579 [QueueListener Request Queue test] DEBUG i.a.qbit.service.impl.ServiceImpl - ServiceImpl::doHandleMethodCall() METHOD CALLMethodCallImpl{name='add', address='', params=io.advantageous.qbit.util.MultiMap$1@368b9426, body=[1, 2], timestamp=25890292, id=776, objectName='null', returnAddress='null'}
19:30:07.579 [QueueListener Request Queue test] DEBUG i.a.qbit.service.impl.ServiceImpl - ServiceImpl::receive() 
RESPONSE
ResponseImpl{address='add', params=null, body=3}
FROM CALL
MethodCallImpl{name='add', address='', params=io.advantageous.qbit.util.MultiMap$1@368b9426, body=[1, 2], timestamp=25890292, id=776, objectName='null', returnAddress='null'}


19:30:07.579 [QueueListener Request Queue test] DEBUG i.a.qbit.service.impl.ServiceImpl - ServiceImpl::doHandleMethodCall() METHOD CALLMethodCallImpl{name='add', address='', params=io.advantageous.qbit.util.MultiMap$1@368b9426, body=[1, 2], timestamp=25890292, id=777, objectName='null', returnAddress='null'}
19:30:07.579 [QueueListener Request Queue test] DEBUG i.a.qbit.service.impl.ServiceImpl - ServiceImpl::receive() 
RESPONSE
ResponseImpl{address='add', params=null, body=3}
FROM CALL
MethodCallImpl{name='add', address='', params=io.advantageous.qbit.util.MultiMap$1@368b9426, body=[1, 2], timestamp=25890292, id=777, objectName='null', returnAddress='null'}


19:30:07.579 [QueueListener Request Queue test] DEBUG i.a.qbit.service.impl.ServiceImpl - ServiceImpl::doHandleMethodCall() METHOD CALLMethodCallImpl{name='add', address='', params=io.advantageous.qbit.util.MultiMap$1@368b9426, body=[1, 2], timestamp=25890292, id=778, objectName='null', returnAddress='null'}
19:30:07.579 [QueueListener Request Queue test] DEBUG i.a.qbit.service.impl.ServiceImpl - ServiceImpl::receive() 
RESPONSE
ResponseImpl{address='add', params=null, body=3}
FROM CALL
MethodCallImpl{name='add', address='', params=io.advantageous.qbit.util.MultiMap$1@368b9426, body=[1, 2], timestamp=25890292, id=778, objectName='null', returnAddress='null'}


19:30:07.579 [QueueListener Request Queue test] DEBUG i.a.qbit.service.impl.ServiceImpl - ServiceImpl::doHandleMethodCall() METHOD CALLMethodCallImpl{name='add', address='', params=io.advantageous.qbit.util.MultiMap$1@368b9426, body=[1, 2], timestamp=25890292, id=779, objectName='null', returnAddress='null'}
19:30:07.579 [QueueListener Request Queue test] DEBUG i.a.qbit.service.impl.ServiceImpl - ServiceImpl::receive() 
RESPONSE
ResponseImpl{address='add', params=null, body=3}
FROM CALL
MethodCallImpl{name='add', address='', params=io.advantageous.qbit.util.MultiMap$1@368b9426, body=[1, 2], timestamp=25890292, id=779, objectName='null', returnAddress='null'}


Queue Limit 
Queue Empty 
19:30:07.579 [QueueListener Request Queue test] DEBUG i.a.qbit.service.impl.ServiceImpl - ServiceImpl::doHandleMethodCall() METHOD CALLMethodCallImpl{name='add', address='', params=io.advantageous.qbit.util.MultiMap$1@368b9426, body=[1, 2], timestamp=25890292, id=780, objectName='null', returnAddress='null'}
19:30:07.579 [QueueListener Request Queue test] DEBUG i.a.qbit.service.impl.ServiceImpl - ServiceImpl::receive() 
RESPONSE
ResponseImpl{address='add', params=null, body=3}
FROM CALL
MethodCallImpl{name='add', address='', params=io.advantageous.qbit.util.MultiMap$1@368b9426, body=[1, 2], timestamp=25890292, id=780, objectName='null', returnAddress='null'}


19:30:07.579 [QueueListener Request Queue test] DEBUG i.a.qbit.service.impl.ServiceImpl - ServiceImpl::doHandleMethodCall() METHOD CALLMethodCallImpl{name='add', address='', params=io.advantageous.qbit.util.MultiMap$1@368b9426, body=[1, 2], timestamp=25890292, id=781, objectName='null', returnAddress='null'}
19:30:07.580 [QueueListener Request Queue test] DEBUG i.a.qbit.service.impl.ServiceImpl - ServiceImpl::receive() 
RESPONSE
ResponseImpl{address='add', params=null, body=3}
FROM CALL
MethodCallImpl{name='add', address='', params=io.advantageous.qbit.util.MultiMap$1@368b9426, body=[1, 2], timestamp=25890292, id=781, objectName='null', returnAddress='null'}


19:30:07.580 [QueueListener Request Queue test] DEBUG i.a.qbit.service.impl.ServiceImpl - ServiceImpl::doHandleMethodCall() METHOD CALLMethodCallImpl{name='add', address='', params=io.advantageous.qbit.util.MultiMap$1@368b9426, body=[1, 2], timestamp=25890292, id=782, objectName='null', returnAddress='null'}
19:30:07.580 [QueueListener Request Queue test] DEBUG i.a.qbit.service.impl.ServiceImpl - ServiceImpl::receive() 
RESPONSE
ResponseImpl{address='add', params=null, body=3}
FROM CALL
MethodCallImpl{name='add', address='', params=io.advantageous.qbit.util.MultiMap$1@368b9426, body=[1, 2], timestamp=25890292, id=782, objectName='null', returnAddress='null'}


19:30:07.580 [QueueListener Request Queue test] DEBUG i.a.qbit.service.impl.ServiceImpl - ServiceImpl::doHandleMethodCall() METHOD CALLMethodCallImpl{name='add', address='', params=io.advantageous.qbit.util.MultiMap$1@368b9426, body=[1, 2], timestamp=25890292, id=783, objectName='null', returnAddress='null'}
19:30:07.580 [QueueListener Request Queue test] DEBUG i.a.qbit.service.impl.ServiceImpl - ServiceImpl::receive() 
RESPONSE
ResponseImpl{address='add', params=null, body=3}
FROM CALL
MethodCallImpl{name='add', address='', params=io.advantageous.qbit.util.MultiMap$1@368b9426, body=[1, 2], timestamp=25890292, id=783, objectName='null', returnAddress='null'}


19:30:07.580 [QueueListener Request Queue test] DEBUG i.a.qbit.service.impl.ServiceImpl - ServiceImpl::doHandleMethodCall() METHOD CALLMethodCallImpl{name='add', address='', params=io.advantageous.qbit.util.MultiMap$1@368b9426, body=[1, 2], timestamp=25890292, id=784, objectName='null', returnAddress='null'}
19:30:07.580 [QueueListener Request Queue test] DEBUG i.a.qbit.service.impl.ServiceImpl - ServiceImpl::receive() 
RESPONSE
ResponseImpl{address='add', params=null, body=3}
FROM CALL
MethodCallImpl{name='add', address='', params=io.advantageous.qbit.util.MultiMap$1@368b9426, body=[1, 2], timestamp=25890292, id=784, objectName='null', returnAddress='null'}


19:30:07.580 [QueueListener Request Queue test] DEBUG i.a.qbit.service.impl.ServiceImpl - ServiceImpl::doHandleMethodCall() METHOD CALLMethodCallImpl{name='add', address='', params=io.advantageous.qbit.util.MultiMap$1@368b9426, body=[1, 2], timestamp=25890292, id=785, objectName='null', returnAddress='null'}
19:30:07.580 [QueueListener Request Queue test] DEBUG i.a.qbit.service.impl.ServiceImpl - ServiceImpl::receive() 
RESPONSE
ResponseImpl{address='add', params=null, body=3}
FROM CALL
MethodCallImpl{name='add', address='', params=io.advantageous.qbit.util.MultiMap$1@368b9426, body=[1, 2], timestamp=25890292, id=785, objectName='null', returnAddress='null'}


Queue Limit 
Queue Empty 
19:30:07.580 [QueueListener Request Queue test] DEBUG i.a.qbit.service.impl.ServiceImpl - ServiceImpl::doHandleMethodCall() METHOD CALLMethodCallImpl{name='add', address='', params=io.advantageous.qbit.util.MultiMap$1@368b9426, body=[1, 2], timestamp=25890292, id=786, objectName='null', returnAddress='null'}
19:30:07.580 [QueueListener Request Queue test] DEBUG i.a.qbit.service.impl.ServiceImpl - ServiceImpl::receive() 
RESPONSE
ResponseImpl{address='add', params=null, body=3}
FROM CALL
MethodCallImpl{name='add', address='', params=io.advantageous.qbit.util.MultiMap$1@368b9426, body=[1, 2], timestamp=25890292, id=786, objectName='null', returnAddress='null'}


19:30:07.580 [QueueListener Request Queue test] DEBUG i.a.qbit.service.impl.ServiceImpl - ServiceImpl::doHandleMethodCall() METHOD CALLMethodCallImpl{name='add', address='', params=io.advantageous.qbit.util.MultiMap$1@368b9426, body=[1, 2], timestamp=25890292, id=787, objectName='null', returnAddress='null'}
19:30:07.580 [QueueListener Request Queue test] DEBUG i.a.qbit.service.impl.ServiceImpl - ServiceImpl::receive() 
RESPONSE
ResponseImpl{address='add', params=null, body=3}
FROM CALL
MethodCallImpl{name='add', address='', params=io.advantageous.qbit.util.MultiMap$1@368b9426, body=[1, 2], timestamp=25890292, id=787, objectName='null', returnAddress='null'}


19:30:07.580 [QueueListener Request Queue test] DEBUG i.a.qbit.service.impl.ServiceImpl - ServiceImpl::doHandleMethodCall() METHOD CALLMethodCallImpl{name='add', address='', params=io.advantageous.qbit.util.MultiMap$1@368b9426, body=[1, 2], timestamp=25890292, id=788, objectName='null', returnAddress='null'}
19:30:07.580 [QueueListener Request Queue test] DEBUG i.a.qbit.service.impl.ServiceImpl - ServiceImpl::receive() 
RESPONSE
ResponseImpl{address='add', params=null, body=3}
FROM CALL
MethodCallImpl{name='add', address='', params=io.advantageous.qbit.util.MultiMap$1@368b9426, body=[1, 2], timestamp=25890292, id=788, objectName='null', returnAddress='null'}


19:30:07.580 [QueueListener Request Queue test] DEBUG i.a.qbit.service.impl.ServiceImpl - ServiceImpl::doHandleMethodCall() METHOD CALLMethodCallImpl{name='add', address='', params=io.advantageous.qbit.util.MultiMap$1@368b9426, body=[1, 2], timestamp=25890292, id=789, objectName='null', returnAddress='null'}
19:30:07.580 [QueueListener Request Queue test] DEBUG i.a.qbit.service.impl.ServiceImpl - ServiceImpl::receive() 
RESPONSE
ResponseImpl{address='add', params=null, body=3}
FROM CALL
MethodCallImpl{name='add', address='', params=io.advantageous.qbit.util.MultiMap$1@368b9426, body=[1, 2], timestamp=25890292, id=789, objectName='null', returnAddress='null'}


19:30:07.580 [QueueListener Request Queue test] DEBUG i.a.qbit.service.impl.ServiceImpl - ServiceImpl::doHandleMethodCall() METHOD CALLMethodCallImpl{name='add', address='', params=io.advantageous.qbit.util.MultiMap$1@368b9426, body=[1, 2], timestamp=25890292, id=790, objectName='null', returnAddress='null'}
19:30:07.580 [QueueListener Request Queue test] DEBUG i.a.qbit.service.impl.ServiceImpl - ServiceImpl::receive() 
RESPONSE
ResponseImpl{address='add', params=null, body=3}
FROM CALL
MethodCallImpl{name='add', address='', params=io.advantageous.qbit.util.MultiMap$1@368b9426, body=[1, 2], timestamp=25890292, id=790, objectName='null', returnAddress='null'}


19:30:07.580 [QueueListener Request Queue test] DEBUG i.a.qbit.service.impl.ServiceImpl - ServiceImpl::doHandleMethodCall() METHOD CALLMethodCallImpl{name='add', address='', params=io.advantageous.qbit.util.MultiMap$1@368b9426, body=[1, 2], timestamp=25890292, id=791, objectName='null', returnAddress='null'}
19:30:07.580 [QueueListener Request Queue test] DEBUG i.a.qbit.service.impl.ServiceImpl - ServiceImpl::receive() 
RESPONSE
ResponseImpl{address='add', params=null, body=3}
FROM CALL
MethodCallImpl{name='add', address='', params=io.advantageous.qbit.util.MultiMap$1@368b9426, body=[1, 2], timestamp=25890292, id=791, objectName='null', returnAddress='null'}


Queue Limit 
Queue Empty 
19:30:07.580 [QueueListener Request Queue test] DEBUG i.a.qbit.service.impl.ServiceImpl - ServiceImpl::doHandleMethodCall() METHOD CALLMethodCallImpl{name='add', address='', params=io.advantageous.qbit.util.MultiMap$1@368b9426, body=[1, 2], timestamp=25890292, id=792, objectName='null', returnAddress='null'}
19:30:07.580 [QueueListener Request Queue test] DEBUG i.a.qbit.service.impl.ServiceImpl - ServiceImpl::receive() 
RESPONSE
ResponseImpl{address='add', params=null, body=3}
FROM CALL
MethodCallImpl{name='add', address='', params=io.advantageous.qbit.util.MultiMap$1@368b9426, body=[1, 2], timestamp=25890292, id=792, objectName='null', returnAddress='null'}


19:30:07.580 [QueueListener Request Queue test] DEBUG i.a.qbit.service.impl.ServiceImpl - ServiceImpl::doHandleMethodCall() METHOD CALLMethodCallImpl{name='add', address='', params=io.advantageous.qbit.util.MultiMap$1@368b9426, body=[1, 2], timestamp=25890292, id=793, objectName='null', returnAddress='null'}
19:30:07.580 [QueueListener Request Queue test] DEBUG i.a.qbit.service.impl.ServiceImpl - ServiceImpl::receive() 
RESPONSE
ResponseImpl{address='add', params=null, body=3}
FROM CALL
MethodCallImpl{name='add', address='', params=io.advantageous.qbit.util.MultiMap$1@368b9426, body=[1, 2], timestamp=25890292, id=793, objectName='null', returnAddress='null'}


19:30:07.580 [QueueListener Request Queue test] DEBUG i.a.qbit.service.impl.ServiceImpl - ServiceImpl::doHandleMethodCall() METHOD CALLMethodCallImpl{name='add', address='', params=io.advantageous.qbit.util.MultiMap$1@368b9426, body=[1, 2], timestamp=25890292, id=794, objectName='null', returnAddress='null'}
19:30:07.580 [QueueListener Request Queue test] DEBUG i.a.qbit.service.impl.ServiceImpl - ServiceImpl::receive() 
RESPONSE
ResponseImpl{address='add', params=null, body=3}
FROM CALL
MethodCallImpl{name='add', address='', params=io.advantageous.qbit.util.MultiMap$1@368b9426, body=[1, 2], timestamp=25890292, id=794, objectName='null', returnAddress='null'}


19:30:07.580 [QueueListener Request Queue test] DEBUG i.a.qbit.service.impl.ServiceImpl - ServiceImpl::doHandleMethodCall() METHOD CALLMethodCallImpl{name='add', address='', params=io.advantageous.qbit.util.MultiMap$1@368b9426, body=[1, 2], timestamp=25890292, id=795, objectName='null', returnAddress='null'}
19:30:07.580 [QueueListener Request Queue test] DEBUG i.a.qbit.service.impl.ServiceImpl - ServiceImpl::receive() 
RESPONSE
ResponseImpl{address='add', params=null, body=3}
FROM CALL
MethodCallImpl{name='add', address='', params=io.advantageous.qbit.util.MultiMap$1@368b9426, body=[1, 2], timestamp=25890292, id=795, objectName='null', returnAddress='null'}


19:30:07.580 [QueueListener Request Queue test] DEBUG i.a.qbit.service.impl.ServiceImpl - ServiceImpl::doHandleMethodCall() METHOD CALLMethodCallImpl{name='add', address='', params=io.advantageous.qbit.util.MultiMap$1@368b9426, body=[1, 2], timestamp=25890292, id=796, objectName='null', returnAddress='null'}
19:30:07.580 [QueueListener Request Queue test] DEBUG i.a.qbit.service.impl.ServiceImpl - ServiceImpl::receive() 
RESPONSE
ResponseImpl{address='add', params=null, body=3}
FROM CALL
MethodCallImpl{name='add', address='', params=io.advantageous.qbit.util.MultiMap$1@368b9426, body=[1, 2], timestamp=25890292, id=796, objectName='null', returnAddress='null'}


19:30:07.580 [QueueListener Request Queue test] DEBUG i.a.qbit.service.impl.ServiceImpl - ServiceImpl::doHandleMethodCall() METHOD CALLMethodCallImpl{name='add', address='', params=io.advantageous.qbit.util.MultiMap$1@368b9426, body=[1, 2], timestamp=25890292, id=797, objectName='null', returnAddress='null'}
19:30:07.580 [QueueListener Request Queue test] DEBUG i.a.qbit.service.impl.ServiceImpl - ServiceImpl::receive() 
RESPONSE
ResponseImpl{address='add', params=null, body=3}
FROM CALL
MethodCallImpl{name='add', address='', params=io.advantageous.qbit.util.MultiMap$1@368b9426, body=[1, 2], timestamp=25890292, id=797, objectName='null', returnAddress='null'}


Queue Limit 
Queue Empty 
19:30:07.580 [QueueListener Request Queue test] DEBUG i.a.qbit.service.impl.ServiceImpl - ServiceImpl::doHandleMethodCall() METHOD CALLMethodCallImpl{name='add', address='', params=io.advantageous.qbit.util.MultiMap$1@368b9426, body=[1, 2], timestamp=25890292, id=798, objectName='null', returnAddress='null'}
19:30:07.580 [QueueListener Request Queue test] DEBUG i.a.qbit.service.impl.ServiceImpl - ServiceImpl::receive() 
RESPONSE
ResponseImpl{address='add', params=null, body=3}
FROM CALL
MethodCallImpl{name='add', address='', params=io.advantageous.qbit.util.MultiMap$1@368b9426, body=[1, 2], timestamp=25890292, id=798, objectName='null', returnAddress='null'}


19:30:07.580 [QueueListener Request Queue test] DEBUG i.a.qbit.service.impl.ServiceImpl - ServiceImpl::doHandleMethodCall() METHOD CALLMethodCallImpl{name='add', address='', params=io.advantageous.qbit.util.MultiMap$1@368b9426, body=[1, 2], timestamp=25890292, id=799, objectName='null', returnAddress='null'}
19:30:07.580 [QueueListener Request Queue test] DEBUG i.a.qbit.service.impl.ServiceImpl - ServiceImpl::receive() 
RESPONSE
ResponseImpl{address='add', params=null, body=3}
FROM CALL
MethodCallImpl{name='add', address='', params=io.advantageous.qbit.util.MultiMap$1@368b9426, body=[1, 2], timestamp=25890292, id=799, objectName='null', returnAddress='null'}


19:30:07.580 [QueueListener Request Queue test] DEBUG i.a.qbit.service.impl.ServiceImpl - ServiceImpl::doHandleMethodCall() METHOD CALLMethodCallImpl{name='add', address='', params=io.advantageous.qbit.util.MultiMap$1@368b9426, body=[1, 2], timestamp=25890292, id=800, objectName='null', returnAddress='null'}
19:30:07.581 [QueueListener Request Queue test] DEBUG i.a.qbit.service.impl.ServiceImpl - ServiceImpl::receive() 
RESPONSE
ResponseImpl{address='add', params=null, body=3}
FROM CALL
MethodCallImpl{name='add', address='', params=io.advantageous.qbit.util.MultiMap$1@368b9426, body=[1, 2], timestamp=25890292, id=800, objectName='null', returnAddress='null'}


19:30:07.581 [QueueListener Request Queue test] DEBUG i.a.qbit.service.impl.ServiceImpl - ServiceImpl::doHandleMethodCall() METHOD CALLMethodCallImpl{name='add', address='', params=io.advantageous.qbit.util.MultiMap$1@368b9426, body=[1, 2], timestamp=25890292, id=801, objectName='null', returnAddress='null'}
19:30:07.581 [QueueListener Request Queue test] DEBUG i.a.qbit.service.impl.ServiceImpl - ServiceImpl::receive() 
RESPONSE
ResponseImpl{address='add', params=null, body=3}
FROM CALL
MethodCallImpl{name='add', address='', params=io.advantageous.qbit.util.MultiMap$1@368b9426, body=[1, 2], timestamp=25890292, id=801, objectName='null', returnAddress='null'}


19:30:07.581 [QueueListener Request Queue test] DEBUG i.a.qbit.service.impl.ServiceImpl - ServiceImpl::doHandleMethodCall() METHOD CALLMethodCallImpl{name='add', address='', params=io.advantageous.qbit.util.MultiMap$1@368b9426, body=[1, 2], timestamp=25890292, id=802, objectName='null', returnAddress='null'}
19:30:07.581 [QueueListener Request Queue test] DEBUG i.a.qbit.service.impl.ServiceImpl - ServiceImpl::receive() 
RESPONSE
ResponseImpl{address='add', params=null, body=3}
FROM CALL
MethodCallImpl{name='add', address='', params=io.advantageous.qbit.util.MultiMap$1@368b9426, body=[1, 2], timestamp=25890292, id=802, objectName='null', returnAddress='null'}


19:30:07.581 [QueueListener Request Queue test] DEBUG i.a.qbit.service.impl.ServiceImpl - ServiceImpl::doHandleMethodCall() METHOD CALLMethodCallImpl{name='add', address='', params=io.advantageous.qbit.util.MultiMap$1@368b9426, body=[1, 2], timestamp=25890292, id=803, objectName='null', returnAddress='null'}
19:30:07.581 [QueueListener Request Queue test] DEBUG i.a.qbit.service.impl.ServiceImpl - ServiceImpl::receive() 
RESPONSE
ResponseImpl{address='add', params=null, body=3}
FROM CALL
MethodCallImpl{name='add', address='', params=io.advantageous.qbit.util.MultiMap$1@368b9426, body=[1, 2], timestamp=25890292, id=803, objectName='null', returnAddress='null'}


Queue Limit 
Queue Empty 
19:30:07.581 [QueueListener Request Queue test] DEBUG i.a.qbit.service.impl.ServiceImpl - ServiceImpl::doHandleMethodCall() METHOD CALLMethodCallImpl{name='add', address='', params=io.advantageous.qbit.util.MultiMap$1@368b9426, body=[1, 2], timestamp=25890292, id=804, objectName='null', returnAddress='null'}
19:30:07.581 [QueueListener Request Queue test] DEBUG i.a.qbit.service.impl.ServiceImpl - ServiceImpl::receive() 
RESPONSE
ResponseImpl{address='add', params=null, body=3}
FROM CALL
MethodCallImpl{name='add', address='', params=io.advantageous.qbit.util.MultiMap$1@368b9426, body=[1, 2], timestamp=25890292, id=804, objectName='null', returnAddress='null'}


19:30:07.581 [QueueListener Request Queue test] DEBUG i.a.qbit.service.impl.ServiceImpl - ServiceImpl::doHandleMethodCall() METHOD CALLMethodCallImpl{name='add', address='', params=io.advantageous.qbit.util.MultiMap$1@368b9426, body=[1, 2], timestamp=25890292, id=805, objectName='null', returnAddress='null'}
19:30:07.581 [QueueListener Request Queue test] DEBUG i.a.qbit.service.impl.ServiceImpl - ServiceImpl::receive() 
RESPONSE
ResponseImpl{address='add', params=null, body=3}
FROM CALL
MethodCallImpl{name='add', address='', params=io.advantageous.qbit.util.MultiMap$1@368b9426, body=[1, 2], timestamp=25890292, id=805, objectName='null', returnAddress='null'}


19:30:07.581 [QueueListener Request Queue test] DEBUG i.a.qbit.service.impl.ServiceImpl - ServiceImpl::doHandleMethodCall() METHOD CALLMethodCallImpl{name='add', address='', params=io.advantageous.qbit.util.MultiMap$1@368b9426, body=[1, 2], timestamp=25890292, id=806, objectName='null', returnAddress='null'}
19:30:07.581 [QueueListener Request Queue test] DEBUG i.a.qbit.service.impl.ServiceImpl - ServiceImpl::receive() 
RESPONSE
ResponseImpl{address='add', params=null, body=3}
FROM CALL
MethodCallImpl{name='add', address='', params=io.advantageous.qbit.util.MultiMap$1@368b9426, body=[1, 2], timestamp=25890292, id=806, objectName='null', returnAddress='null'}


19:30:07.581 [QueueListener Request Queue test] DEBUG i.a.qbit.service.impl.ServiceImpl - ServiceImpl::doHandleMethodCall() METHOD CALLMethodCallImpl{name='add', address='', params=io.advantageous.qbit.util.MultiMap$1@368b9426, body=[1, 2], timestamp=25890292, id=807, objectName='null', returnAddress='null'}
19:30:07.581 [QueueListener Request Queue test] DEBUG i.a.qbit.service.impl.ServiceImpl - ServiceImpl::receive() 
RESPONSE
ResponseImpl{address='add', params=null, body=3}
FROM CALL
MethodCallImpl{name='add', address='', params=io.advantageous.qbit.util.MultiMap$1@368b9426, body=[1, 2], timestamp=25890292, id=807, objectName='null', returnAddress='null'}


19:30:07.581 [QueueListener Request Queue test] DEBUG i.a.qbit.service.impl.ServiceImpl - ServiceImpl::doHandleMethodCall() METHOD CALLMethodCallImpl{name='add', address='', params=io.advantageous.qbit.util.MultiMap$1@368b9426, body=[1, 2], timestamp=25890292, id=808, objectName='null', returnAddress='null'}
19:30:07.581 [QueueListener Request Queue test] DEBUG i.a.qbit.service.impl.ServiceImpl - ServiceImpl::receive() 
RESPONSE
ResponseImpl{address='add', params=null, body=3}
FROM CALL
MethodCallImpl{name='add', address='', params=io.advantageous.qbit.util.MultiMap$1@368b9426, body=[1, 2], timestamp=25890292, id=808, objectName='null', returnAddress='null'}


19:30:07.581 [QueueListener Request Queue test] DEBUG i.a.qbit.service.impl.ServiceImpl - ServiceImpl::doHandleMethodCall() METHOD CALLMethodCallImpl{name='add', address='', params=io.advantageous.qbit.util.MultiMap$1@368b9426, body=[1, 2], timestamp=25890292, id=809, objectName='null', returnAddress='null'}
19:30:07.581 [QueueListener Request Queue test] DEBUG i.a.qbit.service.impl.ServiceImpl - ServiceImpl::receive() 
RESPONSE
ResponseImpl{address='add', params=null, body=3}
FROM CALL
MethodCallImpl{name='add', address='', params=io.advantageous.qbit.util.MultiMap$1@368b9426, body=[1, 2], timestamp=25890292, id=809, objectName='null', returnAddress='null'}


Queue Limit 
Queue Empty 
19:30:07.581 [QueueListener Request Queue test] DEBUG i.a.qbit.service.impl.ServiceImpl - ServiceImpl::doHandleMethodCall() METHOD CALLMethodCallImpl{name='add', address='', params=io.advantageous.qbit.util.MultiMap$1@368b9426, body=[1, 2], timestamp=25890292, id=810, objectName='null', returnAddress='null'}
19:30:07.581 [QueueListener Request Queue test] DEBUG i.a.qbit.service.impl.ServiceImpl - ServiceImpl::receive() 
RESPONSE
ResponseImpl{address='add', params=null, body=3}
FROM CALL
MethodCallImpl{name='add', address='', params=io.advantageous.qbit.util.MultiMap$1@368b9426, body=[1, 2], timestamp=25890292, id=810, objectName='null', returnAddress='null'}


19:30:07.581 [QueueListener Request Queue test] DEBUG i.a.qbit.service.impl.ServiceImpl - ServiceImpl::doHandleMethodCall() METHOD CALLMethodCallImpl{name='add', address='', params=io.advantageous.qbit.util.MultiMap$1@368b9426, body=[1, 2], timestamp=25890292, id=811, objectName='null', returnAddress='null'}
19:30:07.581 [QueueListener Request Queue test] DEBUG i.a.qbit.service.impl.ServiceImpl - ServiceImpl::receive() 
RESPONSE
ResponseImpl{address='add', params=null, body=3}
FROM CALL
MethodCallImpl{name='add', address='', params=io.advantageous.qbit.util.MultiMap$1@368b9426, body=[1, 2], timestamp=25890292, id=811, objectName='null', returnAddress='null'}


19:30:07.581 [QueueListener Request Queue test] DEBUG i.a.qbit.service.impl.ServiceImpl - ServiceImpl::doHandleMethodCall() METHOD CALLMethodCallImpl{name='add', address='', params=io.advantageous.qbit.util.MultiMap$1@368b9426, body=[1, 2], timestamp=25890297, id=812, objectName='null', returnAddress='null'}
19:30:07.581 [QueueListener Request Queue test] DEBUG i.a.qbit.service.impl.ServiceImpl - ServiceImpl::receive() 
RESPONSE
ResponseImpl{address='add', params=null, body=3}
FROM CALL
MethodCallImpl{name='add', address='', params=io.advantageous.qbit.util.MultiMap$1@368b9426, body=[1, 2], timestamp=25890297, id=812, objectName='null', returnAddress='null'}


19:30:07.581 [QueueListener Request Queue test] DEBUG i.a.qbit.service.impl.ServiceImpl - ServiceImpl::doHandleMethodCall() METHOD CALLMethodCallImpl{name='add', address='', params=io.advantageous.qbit.util.MultiMap$1@368b9426, body=[1, 2], timestamp=25890297, id=813, objectName='null', returnAddress='null'}
19:30:07.581 [QueueListener Request Queue test] DEBUG i.a.qbit.service.impl.ServiceImpl - ServiceImpl::receive() 
RESPONSE
ResponseImpl{address='add', params=null, body=3}
FROM CALL
MethodCallImpl{name='add', address='', params=io.advantageous.qbit.util.MultiMap$1@368b9426, body=[1, 2], timestamp=25890297, id=813, objectName='null', returnAddress='null'}


19:30:07.581 [QueueListener Request Queue test] DEBUG i.a.qbit.service.impl.ServiceImpl - ServiceImpl::doHandleMethodCall() METHOD CALLMethodCallImpl{name='add', address='', params=io.advantageous.qbit.util.MultiMap$1@368b9426, body=[1, 2], timestamp=25890297, id=814, objectName='null', returnAddress='null'}
19:30:07.581 [QueueListener Request Queue test] DEBUG i.a.qbit.service.impl.ServiceImpl - ServiceImpl::receive() 
RESPONSE
ResponseImpl{address='add', params=null, body=3}
FROM CALL
MethodCallImpl{name='add', address='', params=io.advantageous.qbit.util.MultiMap$1@368b9426, body=[1, 2], timestamp=25890297, id=814, objectName='null', returnAddress='null'}


19:30:07.581 [QueueListener Request Queue test] DEBUG i.a.qbit.service.impl.ServiceImpl - ServiceImpl::doHandleMethodCall() METHOD CALLMethodCallImpl{name='add', address='', params=io.advantageous.qbit.util.MultiMap$1@368b9426, body=[1, 2], timestamp=25890297, id=815, objectName='null', returnAddress='null'}
19:30:07.581 [QueueListener Request Queue test] DEBUG i.a.qbit.service.impl.ServiceImpl - ServiceImpl::receive() 
RESPONSE
ResponseImpl{address='add', params=null, body=3}
FROM CALL
MethodCallImpl{name='add', address='', params=io.advantageous.qbit.util.MultiMap$1@368b9426, body=[1, 2], timestamp=25890297, id=815, objectName='null', returnAddress='null'}


Queue Limit 
Queue Empty 
19:30:07.581 [QueueListener Request Queue test] DEBUG i.a.qbit.service.impl.ServiceImpl - ServiceImpl::doHandleMethodCall() METHOD CALLMethodCallImpl{name='add', address='', params=io.advantageous.qbit.util.MultiMap$1@368b9426, body=[1, 2], timestamp=25890297, id=816, objectName='null', returnAddress='null'}
19:30:07.581 [QueueListener Request Queue test] DEBUG i.a.qbit.service.impl.ServiceImpl - ServiceImpl::receive() 
RESPONSE
ResponseImpl{address='add', params=null, body=3}
FROM CALL
MethodCallImpl{name='add', address='', params=io.advantageous.qbit.util.MultiMap$1@368b9426, body=[1, 2], timestamp=25890297, id=816, objectName='null', returnAddress='null'}


19:30:07.581 [QueueListener Request Queue test] DEBUG i.a.qbit.service.impl.ServiceImpl - ServiceImpl::doHandleMethodCall() METHOD CALLMethodCallImpl{name='add', address='', params=io.advantageous.qbit.util.MultiMap$1@368b9426, body=[1, 2], timestamp=25890297, id=817, objectName='null', returnAddress='null'}
19:30:07.581 [QueueListener Request Queue test] DEBUG i.a.qbit.service.impl.ServiceImpl - ServiceImpl::receive() 
RESPONSE
ResponseImpl{address='add', params=null, body=3}
FROM CALL
MethodCallImpl{name='add', address='', params=io.advantageous.qbit.util.MultiMap$1@368b9426, body=[1, 2], timestamp=25890297, id=817, objectName='null', returnAddress='null'}


19:30:07.581 [QueueListener Request Queue test] DEBUG i.a.qbit.service.impl.ServiceImpl - ServiceImpl::doHandleMethodCall() METHOD CALLMethodCallImpl{name='add', address='', params=io.advantageous.qbit.util.MultiMap$1@368b9426, body=[1, 2], timestamp=25890297, id=818, objectName='null', returnAddress='null'}
19:30:07.581 [QueueListener Request Queue test] DEBUG i.a.qbit.service.impl.ServiceImpl - ServiceImpl::receive() 
RESPONSE
ResponseImpl{address='add', params=null, body=3}
FROM CALL
MethodCallImpl{name='add', address='', params=io.advantageous.qbit.util.MultiMap$1@368b9426, body=[1, 2], timestamp=25890297, id=818, objectName='null', returnAddress='null'}


19:30:07.581 [QueueListener Request Queue test] DEBUG i.a.qbit.service.impl.ServiceImpl - ServiceImpl::doHandleMethodCall() METHOD CALLMethodCallImpl{name='add', address='', params=io.advantageous.qbit.util.MultiMap$1@368b9426, body=[1, 2], timestamp=25890297, id=819, objectName='null', returnAddress='null'}
19:30:07.581 [QueueListener Request Queue test] DEBUG i.a.qbit.service.impl.ServiceImpl - ServiceImpl::receive() 
RESPONSE
ResponseImpl{address='add', params=null, body=3}
FROM CALL
MethodCallImpl{name='add', address='', params=io.advantageous.qbit.util.MultiMap$1@368b9426, body=[1, 2], timestamp=25890297, id=819, objectName='null', returnAddress='null'}


19:30:07.581 [QueueListener Request Queue test] DEBUG i.a.qbit.service.impl.ServiceImpl - ServiceImpl::doHandleMethodCall() METHOD CALLMethodCallImpl{name='add', address='', params=io.advantageous.qbit.util.MultiMap$1@368b9426, body=[1, 2], timestamp=25890297, id=820, objectName='null', returnAddress='null'}
19:30:07.581 [QueueListener Request Queue test] DEBUG i.a.qbit.service.impl.ServiceImpl - ServiceImpl::receive() 
RESPONSE
ResponseImpl{address='add', params=null, body=3}
FROM CALL
MethodCallImpl{name='add', address='', params=io.advantageous.qbit.util.MultiMap$1@368b9426, body=[1, 2], timestamp=25890297, id=820, objectName='null', returnAddress='null'}


19:30:07.581 [QueueListener Request Queue test] DEBUG i.a.qbit.service.impl.ServiceImpl - ServiceImpl::doHandleMethodCall() METHOD CALLMethodCallImpl{name='add', address='', params=io.advantageous.qbit.util.MultiMap$1@368b9426, body=[1, 2], timestamp=25890297, id=821, objectName='null', returnAddress='null'}
19:30:07.581 [QueueListener Request Queue test] DEBUG i.a.qbit.service.impl.ServiceImpl - ServiceImpl::receive() 
RESPONSE
ResponseImpl{address='add', params=null, body=3}
FROM CALL
MethodCallImpl{name='add', address='', params=io.advantageous.qbit.util.MultiMap$1@368b9426, body=[1, 2], timestamp=25890297, id=821, objectName='null', returnAddress='null'}


Queue Limit 
Queue Empty 
19:30:07.582 [QueueListener Request Queue test] DEBUG i.a.qbit.service.impl.ServiceImpl - ServiceImpl::doHandleMethodCall() METHOD CALLMethodCallImpl{name='add', address='', params=io.advantageous.qbit.util.MultiMap$1@368b9426, body=[1, 2], timestamp=25890297, id=822, objectName='null', returnAddress='null'}
19:30:07.582 [QueueListener Request Queue test] DEBUG i.a.qbit.service.impl.ServiceImpl - ServiceImpl::receive() 
RESPONSE
ResponseImpl{address='add', params=null, body=3}
FROM CALL
MethodCallImpl{name='add', address='', params=io.advantageous.qbit.util.MultiMap$1@368b9426, body=[1, 2], timestamp=25890297, id=822, objectName='null', returnAddress='null'}


19:30:07.582 [QueueListener Request Queue test] DEBUG i.a.qbit.service.impl.ServiceImpl - ServiceImpl::doHandleMethodCall() METHOD CALLMethodCallImpl{name='add', address='', params=io.advantageous.qbit.util.MultiMap$1@368b9426, body=[1, 2], timestamp=25890297, id=823, objectName='null', returnAddress='null'}
19:30:07.582 [QueueListener Request Queue test] DEBUG i.a.qbit.service.impl.ServiceImpl - ServiceImpl::receive() 
RESPONSE
ResponseImpl{address='add', params=null, body=3}
FROM CALL
MethodCallImpl{name='add', address='', params=io.advantageous.qbit.util.MultiMap$1@368b9426, body=[1, 2], timestamp=25890297, id=823, objectName='null', returnAddress='null'}


19:30:07.582 [QueueListener Request Queue test] DEBUG i.a.qbit.service.impl.ServiceImpl - ServiceImpl::doHandleMethodCall() METHOD CALLMethodCallImpl{name='add', address='', params=io.advantageous.qbit.util.MultiMap$1@368b9426, body=[1, 2], timestamp=25890297, id=824, objectName='null', returnAddress='null'}
19:30:07.582 [QueueListener Request Queue test] DEBUG i.a.qbit.service.impl.ServiceImpl - ServiceImpl::receive() 
RESPONSE
ResponseImpl{address='add', params=null, body=3}
FROM CALL
MethodCallImpl{name='add', address='', params=io.advantageous.qbit.util.MultiMap$1@368b9426, body=[1, 2], timestamp=25890297, id=824, objectName='null', returnAddress='null'}


19:30:07.582 [QueueListener Request Queue test] DEBUG i.a.qbit.service.impl.ServiceImpl - ServiceImpl::doHandleMethodCall() METHOD CALLMethodCallImpl{name='add', address='', params=io.advantageous.qbit.util.MultiMap$1@368b9426, body=[1, 2], timestamp=25890297, id=825, objectName='null', returnAddress='null'}
19:30:07.582 [QueueListener Request Queue test] DEBUG i.a.qbit.service.impl.ServiceImpl - ServiceImpl::receive() 
RESPONSE
ResponseImpl{address='add', params=null, body=3}
FROM CALL
MethodCallImpl{name='add', address='', params=io.advantageous.qbit.util.MultiMap$1@368b9426, body=[1, 2], timestamp=25890297, id=825, objectName='null', returnAddress='null'}


19:30:07.582 [QueueListener Request Queue test] DEBUG i.a.qbit.service.impl.ServiceImpl - ServiceImpl::doHandleMethodCall() METHOD CALLMethodCallImpl{name='add', address='', params=io.advantageous.qbit.util.MultiMap$1@368b9426, body=[1, 2], timestamp=25890297, id=826, objectName='null', returnAddress='null'}
19:30:07.582 [QueueListener Request Queue test] DEBUG i.a.qbit.service.impl.ServiceImpl - ServiceImpl::receive() 
RESPONSE
ResponseImpl{address='add', params=null, body=3}
FROM CALL
MethodCallImpl{name='add', address='', params=io.advantageous.qbit.util.MultiMap$1@368b9426, body=[1, 2], timestamp=25890297, id=826, objectName='null', returnAddress='null'}


19:30:07.582 [QueueListener Request Queue test] DEBUG i.a.qbit.service.impl.ServiceImpl - ServiceImpl::doHandleMethodCall() METHOD CALLMethodCallImpl{name='add', address='', params=io.advantageous.qbit.util.MultiMap$1@368b9426, body=[1, 2], timestamp=25890297, id=827, objectName='null', returnAddress='null'}
19:30:07.582 [QueueListener Request Queue test] DEBUG i.a.qbit.service.impl.ServiceImpl - ServiceImpl::receive() 
RESPONSE
ResponseImpl{address='add', params=null, body=3}
FROM CALL
MethodCallImpl{name='add', address='', params=io.advantageous.qbit.util.MultiMap$1@368b9426, body=[1, 2], timestamp=25890297, id=827, objectName='null', returnAddress='null'}


Queue Limit 
Queue Empty 
19:30:07.582 [QueueListener Request Queue test] DEBUG i.a.qbit.service.impl.ServiceImpl - ServiceImpl::doHandleMethodCall() METHOD CALLMethodCallImpl{name='add', address='', params=io.advantageous.qbit.util.MultiMap$1@368b9426, body=[1, 2], timestamp=25890297, id=828, objectName='null', returnAddress='null'}
19:30:07.582 [QueueListener Request Queue test] DEBUG i.a.qbit.service.impl.ServiceImpl - ServiceImpl::receive() 
RESPONSE
ResponseImpl{address='add', params=null, body=3}
FROM CALL
MethodCallImpl{name='add', address='', params=io.advantageous.qbit.util.MultiMap$1@368b9426, body=[1, 2], timestamp=25890297, id=828, objectName='null', returnAddress='null'}


19:30:07.582 [QueueListener Request Queue test] DEBUG i.a.qbit.service.impl.ServiceImpl - ServiceImpl::doHandleMethodCall() METHOD CALLMethodCallImpl{name='add', address='', params=io.advantageous.qbit.util.MultiMap$1@368b9426, body=[1, 2], timestamp=25890297, id=829, objectName='null', returnAddress='null'}
19:30:07.582 [QueueListener Request Queue test] DEBUG i.a.qbit.service.impl.ServiceImpl - ServiceImpl::receive() 
RESPONSE
ResponseImpl{address='add', params=null, body=3}
FROM CALL
MethodCallImpl{name='add', address='', params=io.advantageous.qbit.util.MultiMap$1@368b9426, body=[1, 2], timestamp=25890297, id=829, objectName='null', returnAddress='null'}


19:30:07.582 [QueueListener Request Queue test] DEBUG i.a.qbit.service.impl.ServiceImpl - ServiceImpl::doHandleMethodCall() METHOD CALLMethodCallImpl{name='add', address='', params=io.advantageous.qbit.util.MultiMap$1@368b9426, body=[1, 2], timestamp=25890297, id=830, objectName='null', returnAddress='null'}
19:30:07.582 [QueueListener Request Queue test] DEBUG i.a.qbit.service.impl.ServiceImpl - ServiceImpl::receive() 
RESPONSE
ResponseImpl{address='add', params=null, body=3}
FROM CALL
MethodCallImpl{name='add', address='', params=io.advantageous.qbit.util.MultiMap$1@368b9426, body=[1, 2], timestamp=25890297, id=830, objectName='null', returnAddress='null'}


19:30:07.582 [QueueListener Request Queue test] DEBUG i.a.qbit.service.impl.ServiceImpl - ServiceImpl::doHandleMethodCall() METHOD CALLMethodCallImpl{name='add', address='', params=io.advantageous.qbit.util.MultiMap$1@368b9426, body=[1, 2], timestamp=25890297, id=831, objectName='null', returnAddress='null'}
19:30:07.582 [QueueListener Request Queue test] DEBUG i.a.qbit.service.impl.ServiceImpl - ServiceImpl::receive() 
RESPONSE
ResponseImpl{address='add', params=null, body=3}
FROM CALL
MethodCallImpl{name='add', address='', params=io.advantageous.qbit.util.MultiMap$1@368b9426, body=[1, 2], timestamp=25890297, id=831, objectName='null', returnAddress='null'}


19:30:07.582 [QueueListener Request Queue test] DEBUG i.a.qbit.service.impl.ServiceImpl - ServiceImpl::doHandleMethodCall() METHOD CALLMethodCallImpl{name='add', address='', params=io.advantageous.qbit.util.MultiMap$1@368b9426, body=[1, 2], timestamp=25890297, id=832, objectName='null', returnAddress='null'}
19:30:07.582 [QueueListener Request Queue test] DEBUG i.a.qbit.service.impl.ServiceImpl - ServiceImpl::receive() 
RESPONSE
ResponseImpl{address='add', params=null, body=3}
FROM CALL
MethodCallImpl{name='add', address='', params=io.advantageous.qbit.util.MultiMap$1@368b9426, body=[1, 2], timestamp=25890297, id=832, objectName='null', returnAddress='null'}


19:30:07.582 [QueueListener Request Queue test] DEBUG i.a.qbit.service.impl.ServiceImpl - ServiceImpl::doHandleMethodCall() METHOD CALLMethodCallImpl{name='add', address='', params=io.advantageous.qbit.util.MultiMap$1@368b9426, body=[1, 2], timestamp=25890297, id=833, objectName='null', returnAddress='null'}
19:30:07.582 [QueueListener Request Queue test] DEBUG i.a.qbit.service.impl.ServiceImpl - ServiceImpl::receive() 
RESPONSE
ResponseImpl{address='add', params=null, body=3}
FROM CALL
MethodCallImpl{name='add', address='', params=io.advantageous.qbit.util.MultiMap$1@368b9426, body=[1, 2], timestamp=25890297, id=833, objectName='null', returnAddress='null'}


Queue Limit 
Queue Empty 
19:30:07.582 [QueueListener Request Queue test] DEBUG i.a.qbit.service.impl.ServiceImpl - ServiceImpl::doHandleMethodCall() METHOD CALLMethodCallImpl{name='add', address='', params=io.advantageous.qbit.util.MultiMap$1@368b9426, body=[1, 2], timestamp=25890297, id=834, objectName='null', returnAddress='null'}
19:30:07.582 [QueueListener Request Queue test] DEBUG i.a.qbit.service.impl.ServiceImpl - ServiceImpl::receive() 
RESPONSE
ResponseImpl{address='add', params=null, body=3}
FROM CALL
MethodCallImpl{name='add', address='', params=io.advantageous.qbit.util.MultiMap$1@368b9426, body=[1, 2], timestamp=25890297, id=834, objectName='null', returnAddress='null'}


19:30:07.582 [QueueListener Request Queue test] DEBUG i.a.qbit.service.impl.ServiceImpl - ServiceImpl::doHandleMethodCall() METHOD CALLMethodCallImpl{name='add', address='', params=io.advantageous.qbit.util.MultiMap$1@368b9426, body=[1, 2], timestamp=25890297, id=835, objectName='null', returnAddress='null'}
19:30:07.582 [QueueListener Request Queue test] DEBUG i.a.qbit.service.impl.ServiceImpl - ServiceImpl::receive() 
RESPONSE
ResponseImpl{address='add', params=null, body=3}
FROM CALL
MethodCallImpl{name='add', address='', params=io.advantageous.qbit.util.MultiMap$1@368b9426, body=[1, 2], timestamp=25890297, id=835, objectName='null', returnAddress='null'}


19:30:07.584 [QueueListener Request Queue test] DEBUG i.a.qbit.service.impl.ServiceImpl - ServiceImpl::doHandleMethodCall() METHOD CALLMethodCallImpl{name='add', address='', params=io.advantageous.qbit.util.MultiMap$1@368b9426, body=[1, 2], timestamp=25890297, id=836, objectName='null', returnAddress='null'}
19:30:07.584 [QueueListener Request Queue test] DEBUG i.a.qbit.service.impl.ServiceImpl - ServiceImpl::receive() 
RESPONSE
ResponseImpl{address='add', params=null, body=3}
FROM CALL
MethodCallImpl{name='add', address='', params=io.advantageous.qbit.util.MultiMap$1@368b9426, body=[1, 2], timestamp=25890297, id=836, objectName='null', returnAddress='null'}


19:30:07.584 [QueueListener Request Queue test] DEBUG i.a.qbit.service.impl.ServiceImpl - ServiceImpl::doHandleMethodCall() METHOD CALLMethodCallImpl{name='add', address='', params=io.advantageous.qbit.util.MultiMap$1@368b9426, body=[1, 2], timestamp=25890297, id=837, objectName='null', returnAddress='null'}
19:30:07.584 [QueueListener Request Queue test] DEBUG i.a.qbit.service.impl.ServiceImpl - ServiceImpl::receive() 
RESPONSE
ResponseImpl{address='add', params=null, body=3}
FROM CALL
MethodCallImpl{name='add', address='', params=io.advantageous.qbit.util.MultiMap$1@368b9426, body=[1, 2], timestamp=25890297, id=837, objectName='null', returnAddress='null'}


19:30:07.584 [QueueListener Request Queue test] DEBUG i.a.qbit.service.impl.ServiceImpl - ServiceImpl::doHandleMethodCall() METHOD CALLMethodCallImpl{name='add', address='', params=io.advantageous.qbit.util.MultiMap$1@368b9426, body=[1, 2], timestamp=25890297, id=838, objectName='null', returnAddress='null'}
19:30:07.584 [QueueListener Request Queue test] DEBUG i.a.qbit.service.impl.ServiceImpl - ServiceImpl::receive() 
RESPONSE
ResponseImpl{address='add', params=null, body=3}
FROM CALL
MethodCallImpl{name='add', address='', params=io.advantageous.qbit.util.MultiMap$1@368b9426, body=[1, 2], timestamp=25890297, id=838, objectName='null', returnAddress='null'}


19:30:07.584 [QueueListener Request Queue test] DEBUG i.a.qbit.service.impl.ServiceImpl - ServiceImpl::doHandleMethodCall() METHOD CALLMethodCallImpl{name='add', address='', params=io.advantageous.qbit.util.MultiMap$1@368b9426, body=[1, 2], timestamp=25890297, id=839, objectName='null', returnAddress='null'}
19:30:07.584 [QueueListener Request Queue test] DEBUG i.a.qbit.service.impl.ServiceImpl - ServiceImpl::receive() 
RESPONSE
ResponseImpl{address='add', params=null, body=3}
FROM CALL
MethodCallImpl{name='add', address='', params=io.advantageous.qbit.util.MultiMap$1@368b9426, body=[1, 2], timestamp=25890297, id=839, objectName='null', returnAddress='null'}


Queue Limit 
Queue Empty 
19:30:07.584 [QueueListener Request Queue test] DEBUG i.a.qbit.service.impl.ServiceImpl - ServiceImpl::doHandleMethodCall() METHOD CALLMethodCallImpl{name='add', address='', params=io.advantageous.qbit.util.MultiMap$1@368b9426, body=[1, 2], timestamp=25890297, id=840, objectName='null', returnAddress='null'}
19:30:07.584 [QueueListener Request Queue test] DEBUG i.a.qbit.service.impl.ServiceImpl - ServiceImpl::receive() 
RESPONSE
ResponseImpl{address='add', params=null, body=3}
FROM CALL
MethodCallImpl{name='add', address='', params=io.advantageous.qbit.util.MultiMap$1@368b9426, body=[1, 2], timestamp=25890297, id=840, objectName='null', returnAddress='null'}


19:30:07.584 [QueueListener Request Queue test] DEBUG i.a.qbit.service.impl.ServiceImpl - ServiceImpl::doHandleMethodCall() METHOD CALLMethodCallImpl{name='add', address='', params=io.advantageous.qbit.util.MultiMap$1@368b9426, body=[1, 2], timestamp=25890297, id=841, objectName='null', returnAddress='null'}
19:30:07.584 [QueueListener Request Queue test] DEBUG i.a.qbit.service.impl.ServiceImpl - ServiceImpl::receive() 
RESPONSE
ResponseImpl{address='add', params=null, body=3}
FROM CALL
MethodCallImpl{name='add', address='', params=io.advantageous.qbit.util.MultiMap$1@368b9426, body=[1, 2], timestamp=25890297, id=841, objectName='null', returnAddress='null'}


19:30:07.584 [QueueListener Request Queue test] DEBUG i.a.qbit.service.impl.ServiceImpl - ServiceImpl::doHandleMethodCall() METHOD CALLMethodCallImpl{name='add', address='', params=io.advantageous.qbit.util.MultiMap$1@368b9426, body=[1, 2], timestamp=25890297, id=842, objectName='null', returnAddress='null'}
19:30:07.584 [QueueListener Request Queue test] DEBUG i.a.qbit.service.impl.ServiceImpl - ServiceImpl::receive() 
RESPONSE
ResponseImpl{address='add', params=null, body=3}
FROM CALL
MethodCallImpl{name='add', address='', params=io.advantageous.qbit.util.MultiMap$1@368b9426, body=[1, 2], timestamp=25890297, id=842, objectName='null', returnAddress='null'}


19:30:07.584 [QueueListener Request Queue test] DEBUG i.a.qbit.service.impl.ServiceImpl - ServiceImpl::doHandleMethodCall() METHOD CALLMethodCallImpl{name='add', address='', params=io.advantageous.qbit.util.MultiMap$1@368b9426, body=[1, 2], timestamp=25890297, id=843, objectName='null', returnAddress='null'}
19:30:07.584 [QueueListener Request Queue test] DEBUG i.a.qbit.service.impl.ServiceImpl - ServiceImpl::receive() 
RESPONSE
ResponseImpl{address='add', params=null, body=3}
FROM CALL
MethodCallImpl{name='add', address='', params=io.advantageous.qbit.util.MultiMap$1@368b9426, body=[1, 2], timestamp=25890297, id=843, objectName='null', returnAddress='null'}


19:30:07.584 [QueueListener Request Queue test] DEBUG i.a.qbit.service.impl.ServiceImpl - ServiceImpl::doHandleMethodCall() METHOD CALLMethodCallImpl{name='add', address='', params=io.advantageous.qbit.util.MultiMap$1@368b9426, body=[1, 2], timestamp=25890297, id=844, objectName='null', returnAddress='null'}
19:30:07.584 [QueueListener Request Queue test] DEBUG i.a.qbit.service.impl.ServiceImpl - ServiceImpl::receive() 
RESPONSE
ResponseImpl{address='add', params=null, body=3}
FROM CALL
MethodCallImpl{name='add', address='', params=io.advantageous.qbit.util.MultiMap$1@368b9426, body=[1, 2], timestamp=25890297, id=844, objectName='null', returnAddress='null'}


19:30:07.584 [QueueListener Request Queue test] DEBUG i.a.qbit.service.impl.ServiceImpl - ServiceImpl::doHandleMethodCall() METHOD CALLMethodCallImpl{name='add', address='', params=io.advantageous.qbit.util.MultiMap$1@368b9426, body=[1, 2], timestamp=25890297, id=845, objectName='null', returnAddress='null'}
19:30:07.584 [QueueListener Request Queue test] DEBUG i.a.qbit.service.impl.ServiceImpl - ServiceImpl::receive() 
RESPONSE
ResponseImpl{address='add', params=null, body=3}
FROM CALL
MethodCallImpl{name='add', address='', params=io.advantageous.qbit.util.MultiMap$1@368b9426, body=[1, 2], timestamp=25890297, id=845, objectName='null', returnAddress='null'}


Queue Limit 
Queue Empty 
19:30:07.584 [QueueListener Request Queue test] DEBUG i.a.qbit.service.impl.ServiceImpl - ServiceImpl::doHandleMethodCall() METHOD CALLMethodCallImpl{name='add', address='', params=io.advantageous.qbit.util.MultiMap$1@368b9426, body=[1, 2], timestamp=25890297, id=846, objectName='null', returnAddress='null'}
19:30:07.584 [QueueListener Request Queue test] DEBUG i.a.qbit.service.impl.ServiceImpl - ServiceImpl::receive() 
RESPONSE
ResponseImpl{address='add', params=null, body=3}
FROM CALL
MethodCallImpl{name='add', address='', params=io.advantageous.qbit.util.MultiMap$1@368b9426, body=[1, 2], timestamp=25890297, id=846, objectName='null', returnAddress='null'}


19:30:07.584 [QueueListener Request Queue test] DEBUG i.a.qbit.service.impl.ServiceImpl - ServiceImpl::doHandleMethodCall() METHOD CALLMethodCallImpl{name='add', address='', params=io.advantageous.qbit.util.MultiMap$1@368b9426, body=[1, 2], timestamp=25890297, id=847, objectName='null', returnAddress='null'}
19:30:07.584 [QueueListener Request Queue test] DEBUG i.a.qbit.service.impl.ServiceImpl - ServiceImpl::receive() 
RESPONSE
ResponseImpl{address='add', params=null, body=3}
FROM CALL
MethodCallImpl{name='add', address='', params=io.advantageous.qbit.util.MultiMap$1@368b9426, body=[1, 2], timestamp=25890297, id=847, objectName='null', returnAddress='null'}


19:30:07.585 [QueueListener Request Queue test] DEBUG i.a.qbit.service.impl.ServiceImpl - ServiceImpl::doHandleMethodCall() METHOD CALLMethodCallImpl{name='add', address='', params=io.advantageous.qbit.util.MultiMap$1@368b9426, body=[1, 2], timestamp=25890297, id=848, objectName='null', returnAddress='null'}
19:30:07.585 [QueueListener Request Queue test] DEBUG i.a.qbit.service.impl.ServiceImpl - ServiceImpl::receive() 
RESPONSE
ResponseImpl{address='add', params=null, body=3}
FROM CALL
MethodCallImpl{name='add', address='', params=io.advantageous.qbit.util.MultiMap$1@368b9426, body=[1, 2], timestamp=25890297, id=848, objectName='null', returnAddress='null'}


19:30:07.585 [QueueListener Request Queue test] DEBUG i.a.qbit.service.impl.ServiceImpl - ServiceImpl::doHandleMethodCall() METHOD CALLMethodCallImpl{name='add', address='', params=io.advantageous.qbit.util.MultiMap$1@368b9426, body=[1, 2], timestamp=25890297, id=849, objectName='null', returnAddress='null'}
19:30:07.585 [QueueListener Request Queue test] DEBUG i.a.qbit.service.impl.ServiceImpl - ServiceImpl::receive() 
RESPONSE
ResponseImpl{address='add', params=null, body=3}
FROM CALL
MethodCallImpl{name='add', address='', params=io.advantageous.qbit.util.MultiMap$1@368b9426, body=[1, 2], timestamp=25890297, id=849, objectName='null', returnAddress='null'}


19:30:07.585 [QueueListener Request Queue test] DEBUG i.a.qbit.service.impl.ServiceImpl - ServiceImpl::doHandleMethodCall() METHOD CALLMethodCallImpl{name='add', address='', params=io.advantageous.qbit.util.MultiMap$1@368b9426, body=[1, 2], timestamp=25890297, id=850, objectName='null', returnAddress='null'}
19:30:07.585 [QueueListener Request Queue test] DEBUG i.a.qbit.service.impl.ServiceImpl - ServiceImpl::receive() 
RESPONSE
ResponseImpl{address='add', params=null, body=3}
FROM CALL
MethodCallImpl{name='add', address='', params=io.advantageous.qbit.util.MultiMap$1@368b9426, body=[1, 2], timestamp=25890297, id=850, objectName='null', returnAddress='null'}


19:30:07.585 [QueueListener Request Queue test] DEBUG i.a.qbit.service.impl.ServiceImpl - ServiceImpl::doHandleMethodCall() METHOD CALLMethodCallImpl{name='add', address='', params=io.advantageous.qbit.util.MultiMap$1@368b9426, body=[1, 2], timestamp=25890297, id=851, objectName='null', returnAddress='null'}
19:30:07.585 [QueueListener Request Queue test] DEBUG i.a.qbit.service.impl.ServiceImpl - ServiceImpl::receive() 
RESPONSE
ResponseImpl{address='add', params=null, body=3}
FROM CALL
MethodCallImpl{name='add', address='', params=io.advantageous.qbit.util.MultiMap$1@368b9426, body=[1, 2], timestamp=25890297, id=851, objectName='null', returnAddress='null'}


Queue Limit 
Queue Empty 
19:30:07.585 [QueueListener Request Queue test] DEBUG i.a.qbit.service.impl.ServiceImpl - ServiceImpl::doHandleMethodCall() METHOD CALLMethodCallImpl{name='add', address='', params=io.advantageous.qbit.util.MultiMap$1@368b9426, body=[1, 2], timestamp=25890297, id=852, objectName='null', returnAddress='null'}
19:30:07.585 [QueueListener Request Queue test] DEBUG i.a.qbit.service.impl.ServiceImpl - ServiceImpl::receive() 
RESPONSE
ResponseImpl{address='add', params=null, body=3}
FROM CALL
MethodCallImpl{name='add', address='', params=io.advantageous.qbit.util.MultiMap$1@368b9426, body=[1, 2], timestamp=25890297, id=852, objectName='null', returnAddress='null'}


19:30:07.585 [QueueListener Request Queue test] DEBUG i.a.qbit.service.impl.ServiceImpl - ServiceImpl::doHandleMethodCall() METHOD CALLMethodCallImpl{name='add', address='', params=io.advantageous.qbit.util.MultiMap$1@368b9426, body=[1, 2], timestamp=25890297, id=853, objectName='null', returnAddress='null'}
19:30:07.585 [QueueListener Request Queue test] DEBUG i.a.qbit.service.impl.ServiceImpl - ServiceImpl::receive() 
RESPONSE
ResponseImpl{address='add', params=null, body=3}
FROM CALL
MethodCallImpl{name='add', address='', params=io.advantageous.qbit.util.MultiMap$1@368b9426, body=[1, 2], timestamp=25890297, id=853, objectName='null', returnAddress='null'}


19:30:07.585 [QueueListener Request Queue test] DEBUG i.a.qbit.service.impl.ServiceImpl - ServiceImpl::doHandleMethodCall() METHOD CALLMethodCallImpl{name='add', address='', params=io.advantageous.qbit.util.MultiMap$1@368b9426, body=[1, 2], timestamp=25890297, id=854, objectName='null', returnAddress='null'}
19:30:07.585 [QueueListener Request Queue test] DEBUG i.a.qbit.service.impl.ServiceImpl - ServiceImpl::receive() 
RESPONSE
ResponseImpl{address='add', params=null, body=3}
FROM CALL
MethodCallImpl{name='add', address='', params=io.advantageous.qbit.util.MultiMap$1@368b9426, body=[1, 2], timestamp=25890297, id=854, objectName='null', returnAddress='null'}


19:30:07.585 [QueueListener Request Queue test] DEBUG i.a.qbit.service.impl.ServiceImpl - ServiceImpl::doHandleMethodCall() METHOD CALLMethodCallImpl{name='add', address='', params=io.advantageous.qbit.util.MultiMap$1@368b9426, body=[1, 2], timestamp=25890297, id=855, objectName='null', returnAddress='null'}
19:30:07.585 [QueueListener Request Queue test] DEBUG i.a.qbit.service.impl.ServiceImpl - ServiceImpl::receive() 
RESPONSE
ResponseImpl{address='add', params=null, body=3}
FROM CALL
MethodCallImpl{name='add', address='', params=io.advantageous.qbit.util.MultiMap$1@368b9426, body=[1, 2], timestamp=25890297, id=855, objectName='null', returnAddress='null'}


19:30:07.585 [QueueListener Request Queue test] DEBUG i.a.qbit.service.impl.ServiceImpl - ServiceImpl::doHandleMethodCall() METHOD CALLMethodCallImpl{name='add', address='', params=io.advantageous.qbit.util.MultiMap$1@368b9426, body=[1, 2], timestamp=25890297, id=856, objectName='null', returnAddress='null'}
19:30:07.585 [QueueListener Request Queue test] DEBUG i.a.qbit.service.impl.ServiceImpl - ServiceImpl::receive() 
RESPONSE
ResponseImpl{address='add', params=null, body=3}
FROM CALL
MethodCallImpl{name='add', address='', params=io.advantageous.qbit.util.MultiMap$1@368b9426, body=[1, 2], timestamp=25890297, id=856, objectName='null', returnAddress='null'}


19:30:07.585 [QueueListener Request Queue test] DEBUG i.a.qbit.service.impl.ServiceImpl - ServiceImpl::doHandleMethodCall() METHOD CALLMethodCallImpl{name='add', address='', params=io.advantageous.qbit.util.MultiMap$1@368b9426, body=[1, 2], timestamp=25890297, id=857, objectName='null', returnAddress='null'}
19:30:07.585 [QueueListener Request Queue test] DEBUG i.a.qbit.service.impl.ServiceImpl - ServiceImpl::receive() 
RESPONSE
ResponseImpl{address='add', params=null, body=3}
FROM CALL
MethodCallImpl{name='add', address='', params=io.advantageous.qbit.util.MultiMap$1@368b9426, body=[1, 2], timestamp=25890297, id=857, objectName='null', returnAddress='null'}


Queue Limit 
Queue Empty 
19:30:07.585 [QueueListener Request Queue test] DEBUG i.a.qbit.service.impl.ServiceImpl - ServiceImpl::doHandleMethodCall() METHOD CALLMethodCallImpl{name='add', address='', params=io.advantageous.qbit.util.MultiMap$1@368b9426, body=[1, 2], timestamp=25890297, id=858, objectName='null', returnAddress='null'}
19:30:07.585 [QueueListener Request Queue test] DEBUG i.a.qbit.service.impl.ServiceImpl - ServiceImpl::receive() 
RESPONSE
ResponseImpl{address='add', params=null, body=3}
FROM CALL
MethodCallImpl{name='add', address='', params=io.advantageous.qbit.util.MultiMap$1@368b9426, body=[1, 2], timestamp=25890297, id=858, objectName='null', returnAddress='null'}


19:30:07.585 [QueueListener Request Queue test] DEBUG i.a.qbit.service.impl.ServiceImpl - ServiceImpl::doHandleMethodCall() METHOD CALLMethodCallImpl{name='add', address='', params=io.advantageous.qbit.util.MultiMap$1@368b9426, body=[1, 2], timestamp=25890297, id=859, objectName='null', returnAddress='null'}
19:30:07.585 [QueueListener Request Queue test] DEBUG i.a.qbit.service.impl.ServiceImpl - ServiceImpl::receive() 
RESPONSE
ResponseImpl{address='add', params=null, body=3}
FROM CALL
MethodCallImpl{name='add', address='', params=io.advantageous.qbit.util.MultiMap$1@368b9426, body=[1, 2], timestamp=25890297, id=859, objectName='null', returnAddress='null'}


19:30:07.585 [QueueListener Request Queue test] DEBUG i.a.qbit.service.impl.ServiceImpl - ServiceImpl::doHandleMethodCall() METHOD CALLMethodCallImpl{name='add', address='', params=io.advantageous.qbit.util.MultiMap$1@368b9426, body=[1, 2], timestamp=25890297, id=860, objectName='null', returnAddress='null'}
19:30:07.585 [QueueListener Request Queue test] DEBUG i.a.qbit.service.impl.ServiceImpl - ServiceImpl::receive() 
RESPONSE
ResponseImpl{address='add', params=null, body=3}
FROM CALL
MethodCallImpl{name='add', address='', params=io.advantageous.qbit.util.MultiMap$1@368b9426, body=[1, 2], timestamp=25890297, id=860, objectName='null', returnAddress='null'}


19:30:07.585 [QueueListener Request Queue test] DEBUG i.a.qbit.service.impl.ServiceImpl - ServiceImpl::doHandleMethodCall() METHOD CALLMethodCallImpl{name='add', address='', params=io.advantageous.qbit.util.MultiMap$1@368b9426, body=[1, 2], timestamp=25890297, id=861, objectName='null', returnAddress='null'}
19:30:07.585 [QueueListener Request Queue test] DEBUG i.a.qbit.service.impl.ServiceImpl - ServiceImpl::receive() 
RESPONSE
ResponseImpl{address='add', params=null, body=3}
FROM CALL
MethodCallImpl{name='add', address='', params=io.advantageous.qbit.util.MultiMap$1@368b9426, body=[1, 2], timestamp=25890297, id=861, objectName='null', returnAddress='null'}


19:30:07.585 [QueueListener Request Queue test] DEBUG i.a.qbit.service.impl.ServiceImpl - ServiceImpl::doHandleMethodCall() METHOD CALLMethodCallImpl{name='add', address='', params=io.advantageous.qbit.util.MultiMap$1@368b9426, body=[1, 2], timestamp=25890297, id=862, objectName='null', returnAddress='null'}
19:30:07.585 [QueueListener Request Queue test] DEBUG i.a.qbit.service.impl.ServiceImpl - ServiceImpl::receive() 
RESPONSE
ResponseImpl{address='add', params=null, body=3}
FROM CALL
MethodCallImpl{name='add', address='', params=io.advantageous.qbit.util.MultiMap$1@368b9426, body=[1, 2], timestamp=25890297, id=862, objectName='null', returnAddress='null'}


19:30:07.585 [QueueListener Request Queue test] DEBUG i.a.qbit.service.impl.ServiceImpl - ServiceImpl::doHandleMethodCall() METHOD CALLMethodCallImpl{name='add', address='', params=io.advantageous.qbit.util.MultiMap$1@368b9426, body=[1, 2], timestamp=25890297, id=863, objectName='null', returnAddress='null'}
19:30:07.585 [QueueListener Request Queue test] DEBUG i.a.qbit.service.impl.ServiceImpl - ServiceImpl::receive() 
RESPONSE
ResponseImpl{address='add', params=null, body=3}
FROM CALL
MethodCallImpl{name='add', address='', params=io.advantageous.qbit.util.MultiMap$1@368b9426, body=[1, 2], timestamp=25890297, id=863, objectName='null', returnAddress='null'}


Queue Limit 
Queue Empty 
19:30:07.585 [QueueListener Request Queue test] DEBUG i.a.qbit.service.impl.ServiceImpl - ServiceImpl::doHandleMethodCall() METHOD CALLMethodCallImpl{name='add', address='', params=io.advantageous.qbit.util.MultiMap$1@368b9426, body=[1, 2], timestamp=25890297, id=864, objectName='null', returnAddress='null'}
19:30:07.585 [QueueListener Request Queue test] DEBUG i.a.qbit.service.impl.ServiceImpl - ServiceImpl::receive() 
RESPONSE
ResponseImpl{address='add', params=null, body=3}
FROM CALL
MethodCallImpl{name='add', address='', params=io.advantageous.qbit.util.MultiMap$1@368b9426, body=[1, 2], timestamp=25890297, id=864, objectName='null', returnAddress='null'}


19:30:07.585 [QueueListener Request Queue test] DEBUG i.a.qbit.service.impl.ServiceImpl - ServiceImpl::doHandleMethodCall() METHOD CALLMethodCallImpl{name='add', address='', params=io.advantageous.qbit.util.MultiMap$1@368b9426, body=[1, 2], timestamp=25890297, id=865, objectName='null', returnAddress='null'}
19:30:07.585 [QueueListener Request Queue test] DEBUG i.a.qbit.service.impl.ServiceImpl - ServiceImpl::receive() 
RESPONSE
ResponseImpl{address='add', params=null, body=3}
FROM CALL
MethodCallImpl{name='add', address='', params=io.advantageous.qbit.util.MultiMap$1@368b9426, body=[1, 2], timestamp=25890297, id=865, objectName='null', returnAddress='null'}


19:30:07.585 [QueueListener Request Queue test] DEBUG i.a.qbit.service.impl.ServiceImpl - ServiceImpl::doHandleMethodCall() METHOD CALLMethodCallImpl{name='add', address='', params=io.advantageous.qbit.util.MultiMap$1@368b9426, body=[1, 2], timestamp=25890297, id=866, objectName='null', returnAddress='null'}
19:30:07.585 [QueueListener Request Queue test] DEBUG i.a.qbit.service.impl.ServiceImpl - ServiceImpl::receive() 
RESPONSE
ResponseImpl{address='add', params=null, body=3}
FROM CALL
MethodCallImpl{name='add', address='', params=io.advantageous.qbit.util.MultiMap$1@368b9426, body=[1, 2], timestamp=25890297, id=866, objectName='null', returnAddress='null'}


19:30:07.585 [QueueListener Request Queue test] DEBUG i.a.qbit.service.impl.ServiceImpl - ServiceImpl::doHandleMethodCall() METHOD CALLMethodCallImpl{name='add', address='', params=io.advantageous.qbit.util.MultiMap$1@368b9426, body=[1, 2], timestamp=25890297, id=867, objectName='null', returnAddress='null'}
19:30:07.585 [QueueListener Request Queue test] DEBUG i.a.qbit.service.impl.ServiceImpl - ServiceImpl::receive() 
RESPONSE
ResponseImpl{address='add', params=null, body=3}
FROM CALL
MethodCallImpl{name='add', address='', params=io.advantageous.qbit.util.MultiMap$1@368b9426, body=[1, 2], timestamp=25890297, id=867, objectName='null', returnAddress='null'}


19:30:07.585 [QueueListener Request Queue test] DEBUG i.a.qbit.service.impl.ServiceImpl - ServiceImpl::doHandleMethodCall() METHOD CALLMethodCallImpl{name='add', address='', params=io.advantageous.qbit.util.MultiMap$1@368b9426, body=[1, 2], timestamp=25890297, id=868, objectName='null', returnAddress='null'}
19:30:07.586 [QueueListener Request Queue test] DEBUG i.a.qbit.service.impl.ServiceImpl - ServiceImpl::receive() 
RESPONSE
ResponseImpl{address='add', params=null, body=3}
FROM CALL
MethodCallImpl{name='add', address='', params=io.advantageous.qbit.util.MultiMap$1@368b9426, body=[1, 2], timestamp=25890297, id=868, objectName='null', returnAddress='null'}


19:30:07.586 [QueueListener Request Queue test] DEBUG i.a.qbit.service.impl.ServiceImpl - ServiceImpl::doHandleMethodCall() METHOD CALLMethodCallImpl{name='add', address='', params=io.advantageous.qbit.util.MultiMap$1@368b9426, body=[1, 2], timestamp=25890297, id=869, objectName='null', returnAddress='null'}
19:30:07.586 [QueueListener Request Queue test] DEBUG i.a.qbit.service.impl.ServiceImpl - ServiceImpl::receive() 
RESPONSE
ResponseImpl{address='add', params=null, body=3}
FROM CALL
MethodCallImpl{name='add', address='', params=io.advantageous.qbit.util.MultiMap$1@368b9426, body=[1, 2], timestamp=25890297, id=869, objectName='null', returnAddress='null'}


Queue Limit 
Queue Empty 
19:30:07.586 [QueueListener Request Queue test] DEBUG i.a.qbit.service.impl.ServiceImpl - ServiceImpl::doHandleMethodCall() METHOD CALLMethodCallImpl{name='add', address='', params=io.advantageous.qbit.util.MultiMap$1@368b9426, body=[1, 2], timestamp=25890297, id=870, objectName='null', returnAddress='null'}
19:30:07.586 [QueueListener Request Queue test] DEBUG i.a.qbit.service.impl.ServiceImpl - ServiceImpl::receive() 
RESPONSE
ResponseImpl{address='add', params=null, body=3}
FROM CALL
MethodCallImpl{name='add', address='', params=io.advantageous.qbit.util.MultiMap$1@368b9426, body=[1, 2], timestamp=25890297, id=870, objectName='null', returnAddress='null'}


19:30:07.586 [QueueListener Request Queue test] DEBUG i.a.qbit.service.impl.ServiceImpl - ServiceImpl::doHandleMethodCall() METHOD CALLMethodCallImpl{name='add', address='', params=io.advantageous.qbit.util.MultiMap$1@368b9426, body=[1, 2], timestamp=25890297, id=871, objectName='null', returnAddress='null'}
19:30:07.586 [QueueListener Request Queue test] DEBUG i.a.qbit.service.impl.ServiceImpl - ServiceImpl::receive() 
RESPONSE
ResponseImpl{address='add', params=null, body=3}
FROM CALL
MethodCallImpl{name='add', address='', params=io.advantageous.qbit.util.MultiMap$1@368b9426, body=[1, 2], timestamp=25890297, id=871, objectName='null', returnAddress='null'}


19:30:07.586 [QueueListener Request Queue test] DEBUG i.a.qbit.service.impl.ServiceImpl - ServiceImpl::doHandleMethodCall() METHOD CALLMethodCallImpl{name='add', address='', params=io.advantageous.qbit.util.MultiMap$1@368b9426, body=[1, 2], timestamp=25890297, id=872, objectName='null', returnAddress='null'}
19:30:07.586 [QueueListener Request Queue test] DEBUG i.a.qbit.service.impl.ServiceImpl - ServiceImpl::receive() 
RESPONSE
ResponseImpl{address='add', params=null, body=3}
FROM CALL
MethodCallImpl{name='add', address='', params=io.advantageous.qbit.util.MultiMap$1@368b9426, body=[1, 2], timestamp=25890297, id=872, objectName='null', returnAddress='null'}


19:30:07.586 [QueueListener Request Queue test] DEBUG i.a.qbit.service.impl.ServiceImpl - ServiceImpl::doHandleMethodCall() METHOD CALLMethodCallImpl{name='add', address='', params=io.advantageous.qbit.util.MultiMap$1@368b9426, body=[1, 2], timestamp=25890297, id=873, objectName='null', returnAddress='null'}
19:30:07.586 [QueueListener Request Queue test] DEBUG i.a.qbit.service.impl.ServiceImpl - ServiceImpl::receive() 
RESPONSE
ResponseImpl{address='add', params=null, body=3}
FROM CALL
MethodCallImpl{name='add', address='', params=io.advantageous.qbit.util.MultiMap$1@368b9426, body=[1, 2], timestamp=25890297, id=873, objectName='null', returnAddress='null'}


19:30:07.586 [QueueListener Request Queue test] DEBUG i.a.qbit.service.impl.ServiceImpl - ServiceImpl::doHandleMethodCall() METHOD CALLMethodCallImpl{name='add', address='', params=io.advantageous.qbit.util.MultiMap$1@368b9426, body=[1, 2], timestamp=25890297, id=874, objectName='null', returnAddress='null'}
19:30:07.586 [QueueListener Request Queue test] DEBUG i.a.qbit.service.impl.ServiceImpl - ServiceImpl::receive() 
RESPONSE
ResponseImpl{address='add', params=null, body=3}
FROM CALL
MethodCallImpl{name='add', address='', params=io.advantageous.qbit.util.MultiMap$1@368b9426, body=[1, 2], timestamp=25890297, id=874, objectName='null', returnAddress='null'}


19:30:07.586 [QueueListener Request Queue test] DEBUG i.a.qbit.service.impl.ServiceImpl - ServiceImpl::doHandleMethodCall() METHOD CALLMethodCallImpl{name='add', address='', params=io.advantageous.qbit.util.MultiMap$1@368b9426, body=[1, 2], timestamp=25890297, id=875, objectName='null', returnAddress='null'}
19:30:07.586 [QueueListener Request Queue test] DEBUG i.a.qbit.service.impl.ServiceImpl - ServiceImpl::receive() 
RESPONSE
ResponseImpl{address='add', params=null, body=3}
FROM CALL
MethodCallImpl{name='add', address='', params=io.advantageous.qbit.util.MultiMap$1@368b9426, body=[1, 2], timestamp=25890297, id=875, objectName='null', returnAddress='null'}


Queue Limit 
Queue Empty 
19:30:07.586 [QueueListener Request Queue test] DEBUG i.a.qbit.service.impl.ServiceImpl - ServiceImpl::doHandleMethodCall() METHOD CALLMethodCallImpl{name='add', address='', params=io.advantageous.qbit.util.MultiMap$1@368b9426, body=[1, 2], timestamp=25890297, id=876, objectName='null', returnAddress='null'}
19:30:07.586 [QueueListener Request Queue test] DEBUG i.a.qbit.service.impl.ServiceImpl - ServiceImpl::receive() 
RESPONSE
ResponseImpl{address='add', params=null, body=3}
FROM CALL
MethodCallImpl{name='add', address='', params=io.advantageous.qbit.util.MultiMap$1@368b9426, body=[1, 2], timestamp=25890297, id=876, objectName='null', returnAddress='null'}


19:30:07.586 [QueueListener Request Queue test] DEBUG i.a.qbit.service.impl.ServiceImpl - ServiceImpl::doHandleMethodCall() METHOD CALLMethodCallImpl{name='add', address='', params=io.advantageous.qbit.util.MultiMap$1@368b9426, body=[1, 2], timestamp=25890297, id=877, objectName='null', returnAddress='null'}
19:30:07.586 [QueueListener Request Queue test] DEBUG i.a.qbit.service.impl.ServiceImpl - ServiceImpl::receive() 
RESPONSE
ResponseImpl{address='add', params=null, body=3}
FROM CALL
MethodCallImpl{name='add', address='', params=io.advantageous.qbit.util.MultiMap$1@368b9426, body=[1, 2], timestamp=25890297, id=877, objectName='null', returnAddress='null'}


19:30:07.586 [QueueListener Request Queue test] DEBUG i.a.qbit.service.impl.ServiceImpl - ServiceImpl::doHandleMethodCall() METHOD CALLMethodCallImpl{name='add', address='', params=io.advantageous.qbit.util.MultiMap$1@368b9426, body=[1, 2], timestamp=25890297, id=878, objectName='null', returnAddress='null'}
19:30:07.586 [QueueListener Request Queue test] DEBUG i.a.qbit.service.impl.ServiceImpl - ServiceImpl::receive() 
RESPONSE
ResponseImpl{address='add', params=null, body=3}
FROM CALL
MethodCallImpl{name='add', address='', params=io.advantageous.qbit.util.MultiMap$1@368b9426, body=[1, 2], timestamp=25890297, id=878, objectName='null', returnAddress='null'}


19:30:07.586 [QueueListener Request Queue test] DEBUG i.a.qbit.service.impl.ServiceImpl - ServiceImpl::doHandleMethodCall() METHOD CALLMethodCallImpl{name='add', address='', params=io.advantageous.qbit.util.MultiMap$1@368b9426, body=[1, 2], timestamp=25890297, id=879, objectName='null', returnAddress='null'}
19:30:07.586 [QueueListener Request Queue test] DEBUG i.a.qbit.service.impl.ServiceImpl - ServiceImpl::receive() 
RESPONSE
ResponseImpl{address='add', params=null, body=3}
FROM CALL
MethodCallImpl{name='add', address='', params=io.advantageous.qbit.util.MultiMap$1@368b9426, body=[1, 2], timestamp=25890297, id=879, objectName='null', returnAddress='null'}


19:30:07.586 [QueueListener Request Queue test] DEBUG i.a.qbit.service.impl.ServiceImpl - ServiceImpl::doHandleMethodCall() METHOD CALLMethodCallImpl{name='add', address='', params=io.advantageous.qbit.util.MultiMap$1@368b9426, body=[1, 2], timestamp=25890297, id=880, objectName='null', returnAddress='null'}
19:30:07.586 [QueueListener Request Queue test] DEBUG i.a.qbit.service.impl.ServiceImpl - ServiceImpl::receive() 
RESPONSE
ResponseImpl{address='add', params=null, body=3}
FROM CALL
MethodCallImpl{name='add', address='', params=io.advantageous.qbit.util.MultiMap$1@368b9426, body=[1, 2], timestamp=25890297, id=880, objectName='null', returnAddress='null'}


19:30:07.586 [QueueListener Request Queue test] DEBUG i.a.qbit.service.impl.ServiceImpl - ServiceImpl::doHandleMethodCall() METHOD CALLMethodCallImpl{name='add', address='', params=io.advantageous.qbit.util.MultiMap$1@368b9426, body=[1, 2], timestamp=25890297, id=881, objectName='null', returnAddress='null'}
19:30:07.586 [QueueListener Request Queue test] DEBUG i.a.qbit.service.impl.ServiceImpl - ServiceImpl::receive() 
RESPONSE
ResponseImpl{address='add', params=null, body=3}
FROM CALL
MethodCallImpl{name='add', address='', params=io.advantageous.qbit.util.MultiMap$1@368b9426, body=[1, 2], timestamp=25890297, id=881, objectName='null', returnAddress='null'}


Queue Limit 
Queue Empty 
19:30:07.586 [QueueListener Request Queue test] DEBUG i.a.qbit.service.impl.ServiceImpl - ServiceImpl::doHandleMethodCall() METHOD CALLMethodCallImpl{name='add', address='', params=io.advantageous.qbit.util.MultiMap$1@368b9426, body=[1, 2], timestamp=25890297, id=882, objectName='null', returnAddress='null'}
19:30:07.586 [QueueListener Request Queue test] DEBUG i.a.qbit.service.impl.ServiceImpl - ServiceImpl::receive() 
RESPONSE
ResponseImpl{address='add', params=null, body=3}
FROM CALL
MethodCallImpl{name='add', address='', params=io.advantageous.qbit.util.MultiMap$1@368b9426, body=[1, 2], timestamp=25890297, id=882, objectName='null', returnAddress='null'}


19:30:07.586 [QueueListener Request Queue test] DEBUG i.a.qbit.service.impl.ServiceImpl - ServiceImpl::doHandleMethodCall() METHOD CALLMethodCallImpl{name='add', address='', params=io.advantageous.qbit.util.MultiMap$1@368b9426, body=[1, 2], timestamp=25890297, id=883, objectName='null', returnAddress='null'}
19:30:07.586 [QueueListener Request Queue test] DEBUG i.a.qbit.service.impl.ServiceImpl - ServiceImpl::receive() 
RESPONSE
ResponseImpl{address='add', params=null, body=3}
FROM CALL
MethodCallImpl{name='add', address='', params=io.advantageous.qbit.util.MultiMap$1@368b9426, body=[1, 2], timestamp=25890297, id=883, objectName='null', returnAddress='null'}


19:30:07.586 [QueueListener Request Queue test] DEBUG i.a.qbit.service.impl.ServiceImpl - ServiceImpl::doHandleMethodCall() METHOD CALLMethodCallImpl{name='add', address='', params=io.advantageous.qbit.util.MultiMap$1@368b9426, body=[1, 2], timestamp=25890297, id=884, objectName='null', returnAddress='null'}
19:30:07.586 [QueueListener Request Queue test] DEBUG i.a.qbit.service.impl.ServiceImpl - ServiceImpl::receive() 
RESPONSE
ResponseImpl{address='add', params=null, body=3}
FROM CALL
MethodCallImpl{name='add', address='', params=io.advantageous.qbit.util.MultiMap$1@368b9426, body=[1, 2], timestamp=25890297, id=884, objectName='null', returnAddress='null'}


19:30:07.586 [QueueListener Request Queue test] DEBUG i.a.qbit.service.impl.ServiceImpl - ServiceImpl::doHandleMethodCall() METHOD CALLMethodCallImpl{name='add', address='', params=io.advantageous.qbit.util.MultiMap$1@368b9426, body=[1, 2], timestamp=25890297, id=885, objectName='null', returnAddress='null'}
19:30:07.586 [QueueListener Request Queue test] DEBUG i.a.qbit.service.impl.ServiceImpl - ServiceImpl::receive() 
RESPONSE
ResponseImpl{address='add', params=null, body=3}
FROM CALL
MethodCallImpl{name='add', address='', params=io.advantageous.qbit.util.MultiMap$1@368b9426, body=[1, 2], timestamp=25890297, id=885, objectName='null', returnAddress='null'}


19:30:07.586 [QueueListener Request Queue test] DEBUG i.a.qbit.service.impl.ServiceImpl - ServiceImpl::doHandleMethodCall() METHOD CALLMethodCallImpl{name='add', address='', params=io.advantageous.qbit.util.MultiMap$1@368b9426, body=[1, 2], timestamp=25890297, id=886, objectName='null', returnAddress='null'}
19:30:07.587 [QueueListener Request Queue test] DEBUG i.a.qbit.service.impl.ServiceImpl - ServiceImpl::receive() 
RESPONSE
ResponseImpl{address='add', params=null, body=3}
FROM CALL
MethodCallImpl{name='add', address='', params=io.advantageous.qbit.util.MultiMap$1@368b9426, body=[1, 2], timestamp=25890297, id=886, objectName='null', returnAddress='null'}


19:30:07.587 [QueueListener Request Queue test] DEBUG i.a.qbit.service.impl.ServiceImpl - ServiceImpl::doHandleMethodCall() METHOD CALLMethodCallImpl{name='add', address='', params=io.advantageous.qbit.util.MultiMap$1@368b9426, body=[1, 2], timestamp=25890297, id=887, objectName='null', returnAddress='null'}
19:30:07.587 [QueueListener Request Queue test] DEBUG i.a.qbit.service.impl.ServiceImpl - ServiceImpl::receive() 
RESPONSE
ResponseImpl{address='add', params=null, body=3}
FROM CALL
MethodCallImpl{name='add', address='', params=io.advantageous.qbit.util.MultiMap$1@368b9426, body=[1, 2], timestamp=25890297, id=887, objectName='null', returnAddress='null'}


Queue Limit 
Queue Empty 
19:30:07.587 [QueueListener Request Queue test] DEBUG i.a.qbit.service.impl.ServiceImpl - ServiceImpl::doHandleMethodCall() METHOD CALLMethodCallImpl{name='add', address='', params=io.advantageous.qbit.util.MultiMap$1@368b9426, body=[1, 2], timestamp=25890297, id=888, objectName='null', returnAddress='null'}
19:30:07.587 [QueueListener Request Queue test] DEBUG i.a.qbit.service.impl.ServiceImpl - ServiceImpl::receive() 
RESPONSE
ResponseImpl{address='add', params=null, body=3}
FROM CALL
MethodCallImpl{name='add', address='', params=io.advantageous.qbit.util.MultiMap$1@368b9426, body=[1, 2], timestamp=25890297, id=888, objectName='null', returnAddress='null'}


19:30:07.587 [QueueListener Request Queue test] DEBUG i.a.qbit.service.impl.ServiceImpl - ServiceImpl::doHandleMethodCall() METHOD CALLMethodCallImpl{name='add', address='', params=io.advantageous.qbit.util.MultiMap$1@368b9426, body=[1, 2], timestamp=25890297, id=889, objectName='null', returnAddress='null'}
19:30:07.587 [QueueListener Request Queue test] DEBUG i.a.qbit.service.impl.ServiceImpl - ServiceImpl::receive() 
RESPONSE
ResponseImpl{address='add', params=null, body=3}
FROM CALL
MethodCallImpl{name='add', address='', params=io.advantageous.qbit.util.MultiMap$1@368b9426, body=[1, 2], timestamp=25890297, id=889, objectName='null', returnAddress='null'}


19:30:07.587 [QueueListener Request Queue test] DEBUG i.a.qbit.service.impl.ServiceImpl - ServiceImpl::doHandleMethodCall() METHOD CALLMethodCallImpl{name='add', address='', params=io.advantageous.qbit.util.MultiMap$1@368b9426, body=[1, 2], timestamp=25890297, id=890, objectName='null', returnAddress='null'}
19:30:07.587 [QueueListener Request Queue test] DEBUG i.a.qbit.service.impl.ServiceImpl - ServiceImpl::receive() 
RESPONSE
ResponseImpl{address='add', params=null, body=3}
FROM CALL
MethodCallImpl{name='add', address='', params=io.advantageous.qbit.util.MultiMap$1@368b9426, body=[1, 2], timestamp=25890297, id=890, objectName='null', returnAddress='null'}


19:30:07.587 [QueueListener Request Queue test] DEBUG i.a.qbit.service.impl.ServiceImpl - ServiceImpl::doHandleMethodCall() METHOD CALLMethodCallImpl{name='add', address='', params=io.advantageous.qbit.util.MultiMap$1@368b9426, body=[1, 2], timestamp=25890297, id=891, objectName='null', returnAddress='null'}
19:30:07.587 [QueueListener Request Queue test] DEBUG i.a.qbit.service.impl.ServiceImpl - ServiceImpl::receive() 
RESPONSE
ResponseImpl{address='add', params=null, body=3}
FROM CALL
MethodCallImpl{name='add', address='', params=io.advantageous.qbit.util.MultiMap$1@368b9426, body=[1, 2], timestamp=25890297, id=891, objectName='null', returnAddress='null'}


19:30:07.587 [QueueListener Request Queue test] DEBUG i.a.qbit.service.impl.ServiceImpl - ServiceImpl::doHandleMethodCall() METHOD CALLMethodCallImpl{name='add', address='', params=io.advantageous.qbit.util.MultiMap$1@368b9426, body=[1, 2], timestamp=25890297, id=892, objectName='null', returnAddress='null'}
19:30:07.587 [QueueListener Request Queue test] DEBUG i.a.qbit.service.impl.ServiceImpl - ServiceImpl::receive() 
RESPONSE
ResponseImpl{address='add', params=null, body=3}
FROM CALL
MethodCallImpl{name='add', address='', params=io.advantageous.qbit.util.MultiMap$1@368b9426, body=[1, 2], timestamp=25890297, id=892, objectName='null', returnAddress='null'}


19:30:07.587 [QueueListener Request Queue test] DEBUG i.a.qbit.service.impl.ServiceImpl - ServiceImpl::doHandleMethodCall() METHOD CALLMethodCallImpl{name='add', address='', params=io.advantageous.qbit.util.MultiMap$1@368b9426, body=[1, 2], timestamp=25890297, id=893, objectName='null', returnAddress='null'}
19:30:07.587 [QueueListener Request Queue test] DEBUG i.a.qbit.service.impl.ServiceImpl - ServiceImpl::receive() 
RESPONSE
ResponseImpl{address='add', params=null, body=3}
FROM CALL
MethodCallImpl{name='add', address='', params=io.advantageous.qbit.util.MultiMap$1@368b9426, body=[1, 2], timestamp=25890297, id=893, objectName='null', returnAddress='null'}


Queue Limit 
Queue Empty 
19:30:07.587 [QueueListener Request Queue test] DEBUG i.a.qbit.service.impl.ServiceImpl - ServiceImpl::doHandleMethodCall() METHOD CALLMethodCallImpl{name='add', address='', params=io.advantageous.qbit.util.MultiMap$1@368b9426, body=[1, 2], timestamp=25890297, id=894, objectName='null', returnAddress='null'}
19:30:07.587 [QueueListener Request Queue test] DEBUG i.a.qbit.service.impl.ServiceImpl - ServiceImpl::receive() 
RESPONSE
ResponseImpl{address='add', params=null, body=3}
FROM CALL
MethodCallImpl{name='add', address='', params=io.advantageous.qbit.util.MultiMap$1@368b9426, body=[1, 2], timestamp=25890297, id=894, objectName='null', returnAddress='null'}


19:30:07.587 [QueueListener Request Queue test] DEBUG i.a.qbit.service.impl.ServiceImpl - ServiceImpl::doHandleMethodCall() METHOD CALLMethodCallImpl{name='add', address='', params=io.advantageous.qbit.util.MultiMap$1@368b9426, body=[1, 2], timestamp=25890297, id=895, objectName='null', returnAddress='null'}
19:30:07.587 [QueueListener Request Queue test] DEBUG i.a.qbit.service.impl.ServiceImpl - ServiceImpl::receive() 
RESPONSE
ResponseImpl{address='add', params=null, body=3}
FROM CALL
MethodCallImpl{name='add', address='', params=io.advantageous.qbit.util.MultiMap$1@368b9426, body=[1, 2], timestamp=25890297, id=895, objectName='null', returnAddress='null'}


19:30:07.587 [QueueListener Request Queue test] DEBUG i.a.qbit.service.impl.ServiceImpl - ServiceImpl::doHandleMethodCall() METHOD CALLMethodCallImpl{name='add', address='', params=io.advantageous.qbit.util.MultiMap$1@368b9426, body=[1, 2], timestamp=25890297, id=896, objectName='null', returnAddress='null'}
19:30:07.587 [QueueListener Request Queue test] DEBUG i.a.qbit.service.impl.ServiceImpl - ServiceImpl::receive() 
RESPONSE
ResponseImpl{address='add', params=null, body=3}
FROM CALL
MethodCallImpl{name='add', address='', params=io.advantageous.qbit.util.MultiMap$1@368b9426, body=[1, 2], timestamp=25890297, id=896, objectName='null', returnAddress='null'}


19:30:07.587 [QueueListener Request Queue test] DEBUG i.a.qbit.service.impl.ServiceImpl - ServiceImpl::doHandleMethodCall() METHOD CALLMethodCallImpl{name='add', address='', params=io.advantageous.qbit.util.MultiMap$1@368b9426, body=[1, 2], timestamp=25890297, id=897, objectName='null', returnAddress='null'}
19:30:07.587 [QueueListener Request Queue test] DEBUG i.a.qbit.service.impl.ServiceImpl - ServiceImpl::receive() 
RESPONSE
ResponseImpl{address='add', params=null, body=3}
FROM CALL
MethodCallImpl{name='add', address='', params=io.advantageous.qbit.util.MultiMap$1@368b9426, body=[1, 2], timestamp=25890297, id=897, objectName='null', returnAddress='null'}


19:30:07.587 [QueueListener Request Queue test] DEBUG i.a.qbit.service.impl.ServiceImpl - ServiceImpl::doHandleMethodCall() METHOD CALLMethodCallImpl{name='add', address='', params=io.advantageous.qbit.util.MultiMap$1@368b9426, body=[1, 2], timestamp=25890297, id=898, objectName='null', returnAddress='null'}
19:30:07.587 [QueueListener Request Queue test] DEBUG i.a.qbit.service.impl.ServiceImpl - ServiceImpl::receive() 
RESPONSE
ResponseImpl{address='add', params=null, body=3}
FROM CALL
MethodCallImpl{name='add', address='', params=io.advantageous.qbit.util.MultiMap$1@368b9426, body=[1, 2], timestamp=25890297, id=898, objectName='null', returnAddress='null'}


19:30:07.587 [QueueListener Request Queue test] DEBUG i.a.qbit.service.impl.ServiceImpl - ServiceImpl::doHandleMethodCall() METHOD CALLMethodCallImpl{name='add', address='', params=io.advantageous.qbit.util.MultiMap$1@368b9426, body=[1, 2], timestamp=25890297, id=899, objectName='null', returnAddress='null'}
19:30:07.587 [QueueListener Request Queue test] DEBUG i.a.qbit.service.impl.ServiceImpl - ServiceImpl::receive() 
RESPONSE
ResponseImpl{address='add', params=null, body=3}
FROM CALL
MethodCallImpl{name='add', address='', params=io.advantageous.qbit.util.MultiMap$1@368b9426, body=[1, 2], timestamp=25890297, id=899, objectName='null', returnAddress='null'}


Queue Limit 
Queue Empty 
19:30:07.587 [QueueListener Request Queue test] DEBUG i.a.qbit.service.impl.ServiceImpl - ServiceImpl::doHandleMethodCall() METHOD CALLMethodCallImpl{name='add', address='', params=io.advantageous.qbit.util.MultiMap$1@368b9426, body=[1, 2], timestamp=25890297, id=900, objectName='null', returnAddress='null'}
19:30:07.587 [QueueListener Request Queue test] DEBUG i.a.qbit.service.impl.ServiceImpl - ServiceImpl::receive() 
RESPONSE
ResponseImpl{address='add', params=null, body=3}
FROM CALL
MethodCallImpl{name='add', address='', params=io.advantageous.qbit.util.MultiMap$1@368b9426, body=[1, 2], timestamp=25890297, id=900, objectName='null', returnAddress='null'}


19:30:07.587 [QueueListener Request Queue test] DEBUG i.a.qbit.service.impl.ServiceImpl - ServiceImpl::doHandleMethodCall() METHOD CALLMethodCallImpl{name='add', address='', params=io.advantageous.qbit.util.MultiMap$1@368b9426, body=[1, 2], timestamp=25890297, id=901, objectName='null', returnAddress='null'}
19:30:07.587 [QueueListener Request Queue test] DEBUG i.a.qbit.service.impl.ServiceImpl - ServiceImpl::receive() 
RESPONSE
ResponseImpl{address='add', params=null, body=3}
FROM CALL
MethodCallImpl{name='add', address='', params=io.advantageous.qbit.util.MultiMap$1@368b9426, body=[1, 2], timestamp=25890297, id=901, objectName='null', returnAddress='null'}


19:30:07.587 [QueueListener Request Queue test] DEBUG i.a.qbit.service.impl.ServiceImpl - ServiceImpl::doHandleMethodCall() METHOD CALLMethodCallImpl{name='add', address='', params=io.advantageous.qbit.util.MultiMap$1@368b9426, body=[1, 2], timestamp=25890297, id=902, objectName='null', returnAddress='null'}
19:30:07.587 [QueueListener Request Queue test] DEBUG i.a.qbit.service.impl.ServiceImpl - ServiceImpl::receive() 
RESPONSE
ResponseImpl{address='add', params=null, body=3}
FROM CALL
MethodCallImpl{name='add', address='', params=io.advantageous.qbit.util.MultiMap$1@368b9426, body=[1, 2], timestamp=25890297, id=902, objectName='null', returnAddress='null'}


19:30:07.587 [QueueListener Request Queue test] DEBUG i.a.qbit.service.impl.ServiceImpl - ServiceImpl::doHandleMethodCall() METHOD CALLMethodCallImpl{name='add', address='', params=io.advantageous.qbit.util.MultiMap$1@368b9426, body=[1, 2], timestamp=25890297, id=903, objectName='null', returnAddress='null'}
19:30:07.587 [QueueListener Request Queue test] DEBUG i.a.qbit.service.impl.ServiceImpl - ServiceImpl::receive() 
RESPONSE
ResponseImpl{address='add', params=null, body=3}
FROM CALL
MethodCallImpl{name='add', address='', params=io.advantageous.qbit.util.MultiMap$1@368b9426, body=[1, 2], timestamp=25890297, id=903, objectName='null', returnAddress='null'}


19:30:07.587 [QueueListener Request Queue test] DEBUG i.a.qbit.service.impl.ServiceImpl - ServiceImpl::doHandleMethodCall() METHOD CALLMethodCallImpl{name='add', address='', params=io.advantageous.qbit.util.MultiMap$1@368b9426, body=[1, 2], timestamp=25890297, id=904, objectName='null', returnAddress='null'}
19:30:07.587 [QueueListener Request Queue test] DEBUG i.a.qbit.service.impl.ServiceImpl - ServiceImpl::receive() 
RESPONSE
ResponseImpl{address='add', params=null, body=3}
FROM CALL
MethodCallImpl{name='add', address='', params=io.advantageous.qbit.util.MultiMap$1@368b9426, body=[1, 2], timestamp=25890297, id=904, objectName='null', returnAddress='null'}


19:30:07.588 [QueueListener Request Queue test] DEBUG i.a.qbit.service.impl.ServiceImpl - ServiceImpl::doHandleMethodCall() METHOD CALLMethodCallImpl{name='add', address='', params=io.advantageous.qbit.util.MultiMap$1@368b9426, body=[1, 2], timestamp=25890297, id=905, objectName='null', returnAddress='null'}
19:30:07.588 [QueueListener Request Queue test] DEBUG i.a.qbit.service.impl.ServiceImpl - ServiceImpl::receive() 
RESPONSE
ResponseImpl{address='add', params=null, body=3}
FROM CALL
MethodCallImpl{name='add', address='', params=io.advantageous.qbit.util.MultiMap$1@368b9426, body=[1, 2], timestamp=25890297, id=905, objectName='null', returnAddress='null'}


Queue Limit 
Queue Empty 
19:30:07.588 [QueueListener Request Queue test] DEBUG i.a.qbit.service.impl.ServiceImpl - ServiceImpl::doHandleMethodCall() METHOD CALLMethodCallImpl{name='add', address='', params=io.advantageous.qbit.util.MultiMap$1@368b9426, body=[1, 2], timestamp=25890297, id=906, objectName='null', returnAddress='null'}
19:30:07.588 [QueueListener Request Queue test] DEBUG i.a.qbit.service.impl.ServiceImpl - ServiceImpl::receive() 
RESPONSE
ResponseImpl{address='add', params=null, body=3}
FROM CALL
MethodCallImpl{name='add', address='', params=io.advantageous.qbit.util.MultiMap$1@368b9426, body=[1, 2], timestamp=25890297, id=906, objectName='null', returnAddress='null'}


19:30:07.588 [QueueListener Request Queue test] DEBUG i.a.qbit.service.impl.ServiceImpl - ServiceImpl::doHandleMethodCall() METHOD CALLMethodCallImpl{name='add', address='', params=io.advantageous.qbit.util.MultiMap$1@368b9426, body=[1, 2], timestamp=25890297, id=907, objectName='null', returnAddress='null'}
19:30:07.588 [QueueListener Request Queue test] DEBUG i.a.qbit.service.impl.ServiceImpl - ServiceImpl::receive() 
RESPONSE
ResponseImpl{address='add', params=null, body=3}
FROM CALL
MethodCallImpl{name='add', address='', params=io.advantageous.qbit.util.MultiMap$1@368b9426, body=[1, 2], timestamp=25890297, id=907, objectName='null', returnAddress='null'}


19:30:07.588 [QueueListener Request Queue test] DEBUG i.a.qbit.service.impl.ServiceImpl - ServiceImpl::doHandleMethodCall() METHOD CALLMethodCallImpl{name='add', address='', params=io.advantageous.qbit.util.MultiMap$1@368b9426, body=[1, 2], timestamp=25890297, id=908, objectName='null', returnAddress='null'}
19:30:07.588 [QueueListener Request Queue test] DEBUG i.a.qbit.service.impl.ServiceImpl - ServiceImpl::receive() 
RESPONSE
ResponseImpl{address='add', params=null, body=3}
FROM CALL
MethodCallImpl{name='add', address='', params=io.advantageous.qbit.util.MultiMap$1@368b9426, body=[1, 2], timestamp=25890297, id=908, objectName='null', returnAddress='null'}


19:30:07.588 [QueueListener Request Queue test] DEBUG i.a.qbit.service.impl.ServiceImpl - ServiceImpl::doHandleMethodCall() METHOD CALLMethodCallImpl{name='add', address='', params=io.advantageous.qbit.util.MultiMap$1@368b9426, body=[1, 2], timestamp=25890297, id=909, objectName='null', returnAddress='null'}
19:30:07.588 [QueueListener Request Queue test] DEBUG i.a.qbit.service.impl.ServiceImpl - ServiceImpl::receive() 
RESPONSE
ResponseImpl{address='add', params=null, body=3}
FROM CALL
MethodCallImpl{name='add', address='', params=io.advantageous.qbit.util.MultiMap$1@368b9426, body=[1, 2], timestamp=25890297, id=909, objectName='null', returnAddress='null'}


19:30:07.588 [QueueListener Request Queue test] DEBUG i.a.qbit.service.impl.ServiceImpl - ServiceImpl::doHandleMethodCall() METHOD CALLMethodCallImpl{name='add', address='', params=io.advantageous.qbit.util.MultiMap$1@368b9426, body=[1, 2], timestamp=25890297, id=910, objectName='null', returnAddress='null'}
19:30:07.588 [QueueListener Request Queue test] DEBUG i.a.qbit.service.impl.ServiceImpl - ServiceImpl::receive() 
RESPONSE
ResponseImpl{address='add', params=null, body=3}
FROM CALL
MethodCallImpl{name='add', address='', params=io.advantageous.qbit.util.MultiMap$1@368b9426, body=[1, 2], timestamp=25890297, id=910, objectName='null', returnAddress='null'}


19:30:07.588 [QueueListener Request Queue test] DEBUG i.a.qbit.service.impl.ServiceImpl - ServiceImpl::doHandleMethodCall() METHOD CALLMethodCallImpl{name='add', address='', params=io.advantageous.qbit.util.MultiMap$1@368b9426, body=[1, 2], timestamp=25890297, id=911, objectName='null', returnAddress='null'}
19:30:07.588 [QueueListener Request Queue test] DEBUG i.a.qbit.service.impl.ServiceImpl - ServiceImpl::receive() 
RESPONSE
ResponseImpl{address='add', params=null, body=3}
FROM CALL
MethodCallImpl{name='add', address='', params=io.advantageous.qbit.util.MultiMap$1@368b9426, body=[1, 2], timestamp=25890297, id=911, objectName='null', returnAddress='null'}


Queue Limit 
Queue Empty 
19:30:07.588 [QueueListener Request Queue test] DEBUG i.a.qbit.service.impl.ServiceImpl - ServiceImpl::doHandleMethodCall() METHOD CALLMethodCallImpl{name='add', address='', params=io.advantageous.qbit.util.MultiMap$1@368b9426, body=[1, 2], timestamp=25890297, id=912, objectName='null', returnAddress='null'}
19:30:07.588 [QueueListener Request Queue test] DEBUG i.a.qbit.service.impl.ServiceImpl - ServiceImpl::receive() 
RESPONSE
ResponseImpl{address='add', params=null, body=3}
FROM CALL
MethodCallImpl{name='add', address='', params=io.advantageous.qbit.util.MultiMap$1@368b9426, body=[1, 2], timestamp=25890297, id=912, objectName='null', returnAddress='null'}


19:30:07.588 [QueueListener Request Queue test] DEBUG i.a.qbit.service.impl.ServiceImpl - ServiceImpl::doHandleMethodCall() METHOD CALLMethodCallImpl{name='add', address='', params=io.advantageous.qbit.util.MultiMap$1@368b9426, body=[1, 2], timestamp=25890297, id=913, objectName='null', returnAddress='null'}
19:30:07.588 [QueueListener Request Queue test] DEBUG i.a.qbit.service.impl.ServiceImpl - ServiceImpl::receive() 
RESPONSE
ResponseImpl{address='add', params=null, body=3}
FROM CALL
MethodCallImpl{name='add', address='', params=io.advantageous.qbit.util.MultiMap$1@368b9426, body=[1, 2], timestamp=25890297, id=913, objectName='null', returnAddress='null'}


19:30:07.588 [QueueListener Request Queue test] DEBUG i.a.qbit.service.impl.ServiceImpl - ServiceImpl::doHandleMethodCall() METHOD CALLMethodCallImpl{name='add', address='', params=io.advantageous.qbit.util.MultiMap$1@368b9426, body=[1, 2], timestamp=25890297, id=914, objectName='null', returnAddress='null'}
19:30:07.588 [QueueListener Request Queue test] DEBUG i.a.qbit.service.impl.ServiceImpl - ServiceImpl::receive() 
RESPONSE
ResponseImpl{address='add', params=null, body=3}
FROM CALL
MethodCallImpl{name='add', address='', params=io.advantageous.qbit.util.MultiMap$1@368b9426, body=[1, 2], timestamp=25890297, id=914, objectName='null', returnAddress='null'}


19:30:07.588 [QueueListener Request Queue test] DEBUG i.a.qbit.service.impl.ServiceImpl - ServiceImpl::doHandleMethodCall() METHOD CALLMethodCallImpl{name='add', address='', params=io.advantageous.qbit.util.MultiMap$1@368b9426, body=[1, 2], timestamp=25890297, id=915, objectName='null', returnAddress='null'}
19:30:07.588 [QueueListener Request Queue test] DEBUG i.a.qbit.service.impl.ServiceImpl - ServiceImpl::receive() 
RESPONSE
ResponseImpl{address='add', params=null, body=3}
FROM CALL
MethodCallImpl{name='add', address='', params=io.advantageous.qbit.util.MultiMap$1@368b9426, body=[1, 2], timestamp=25890297, id=915, objectName='null', returnAddress='null'}


19:30:07.588 [QueueListener Request Queue test] DEBUG i.a.qbit.service.impl.ServiceImpl - ServiceImpl::doHandleMethodCall() METHOD CALLMethodCallImpl{name='add', address='', params=io.advantageous.qbit.util.MultiMap$1@368b9426, body=[1, 2], timestamp=25890297, id=916, objectName='null', returnAddress='null'}
19:30:07.588 [QueueListener Request Queue test] DEBUG i.a.qbit.service.impl.ServiceImpl - ServiceImpl::receive() 
RESPONSE
ResponseImpl{address='add', params=null, body=3}
FROM CALL
MethodCallImpl{name='add', address='', params=io.advantageous.qbit.util.MultiMap$1@368b9426, body=[1, 2], timestamp=25890297, id=916, objectName='null', returnAddress='null'}


19:30:07.588 [QueueListener Request Queue test] DEBUG i.a.qbit.service.impl.ServiceImpl - ServiceImpl::doHandleMethodCall() METHOD CALLMethodCallImpl{name='add', address='', params=io.advantageous.qbit.util.MultiMap$1@368b9426, body=[1, 2], timestamp=25890297, id=917, objectName='null', returnAddress='null'}
19:30:07.588 [QueueListener Request Queue test] DEBUG i.a.qbit.service.impl.ServiceImpl - ServiceImpl::receive() 
RESPONSE
ResponseImpl{address='add', params=null, body=3}
FROM CALL
MethodCallImpl{name='add', address='', params=io.advantageous.qbit.util.MultiMap$1@368b9426, body=[1, 2], timestamp=25890297, id=917, objectName='null', returnAddress='null'}


Queue Limit 
Queue Empty 
19:30:07.588 [QueueListener Request Queue test] DEBUG i.a.qbit.service.impl.ServiceImpl - ServiceImpl::doHandleMethodCall() METHOD CALLMethodCallImpl{name='add', address='', params=io.advantageous.qbit.util.MultiMap$1@368b9426, body=[1, 2], timestamp=25890297, id=918, objectName='null', returnAddress='null'}
19:30:07.588 [QueueListener Request Queue test] DEBUG i.a.qbit.service.impl.ServiceImpl - ServiceImpl::receive() 
RESPONSE
ResponseImpl{address='add', params=null, body=3}
FROM CALL
MethodCallImpl{name='add', address='', params=io.advantageous.qbit.util.MultiMap$1@368b9426, body=[1, 2], timestamp=25890297, id=918, objectName='null', returnAddress='null'}


19:30:07.588 [QueueListener Request Queue test] DEBUG i.a.qbit.service.impl.ServiceImpl - ServiceImpl::doHandleMethodCall() METHOD CALLMethodCallImpl{name='add', address='', params=io.advantageous.qbit.util.MultiMap$1@368b9426, body=[1, 2], timestamp=25890297, id=919, objectName='null', returnAddress='null'}
19:30:07.588 [QueueListener Request Queue test] DEBUG i.a.qbit.service.impl.ServiceImpl - ServiceImpl::receive() 
RESPONSE
ResponseImpl{address='add', params=null, body=3}
FROM CALL
MethodCallImpl{name='add', address='', params=io.advantageous.qbit.util.MultiMap$1@368b9426, body=[1, 2], timestamp=25890297, id=919, objectName='null', returnAddress='null'}


19:30:07.588 [QueueListener Request Queue test] DEBUG i.a.qbit.service.impl.ServiceImpl - ServiceImpl::doHandleMethodCall() METHOD CALLMethodCallImpl{name='add', address='', params=io.advantageous.qbit.util.MultiMap$1@368b9426, body=[1, 2], timestamp=25890297, id=920, objectName='null', returnAddress='null'}
19:30:07.588 [QueueListener Request Queue test] DEBUG i.a.qbit.service.impl.ServiceImpl - ServiceImpl::receive() 
RESPONSE
ResponseImpl{address='add', params=null, body=3}
FROM CALL
MethodCallImpl{name='add', address='', params=io.advantageous.qbit.util.MultiMap$1@368b9426, body=[1, 2], timestamp=25890297, id=920, objectName='null', returnAddress='null'}


19:30:07.588 [QueueListener Request Queue test] DEBUG i.a.qbit.service.impl.ServiceImpl - ServiceImpl::doHandleMethodCall() METHOD CALLMethodCallImpl{name='add', address='', params=io.advantageous.qbit.util.MultiMap$1@368b9426, body=[1, 2], timestamp=25890297, id=921, objectName='null', returnAddress='null'}
19:30:07.588 [QueueListener Request Queue test] DEBUG i.a.qbit.service.impl.ServiceImpl - ServiceImpl::receive() 
RESPONSE
ResponseImpl{address='add', params=null, body=3}
FROM CALL
MethodCallImpl{name='add', address='', params=io.advantageous.qbit.util.MultiMap$1@368b9426, body=[1, 2], timestamp=25890297, id=921, objectName='null', returnAddress='null'}


19:30:07.588 [QueueListener Request Queue test] DEBUG i.a.qbit.service.impl.ServiceImpl - ServiceImpl::doHandleMethodCall() METHOD CALLMethodCallImpl{name='add', address='', params=io.advantageous.qbit.util.MultiMap$1@368b9426, body=[1, 2], timestamp=25890297, id=922, objectName='null', returnAddress='null'}
19:30:07.588 [QueueListener Request Queue test] DEBUG i.a.qbit.service.impl.ServiceImpl - ServiceImpl::receive() 
RESPONSE
ResponseImpl{address='add', params=null, body=3}
FROM CALL
MethodCallImpl{name='add', address='', params=io.advantageous.qbit.util.MultiMap$1@368b9426, body=[1, 2], timestamp=25890297, id=922, objectName='null', returnAddress='null'}


19:30:07.588 [QueueListener Request Queue test] DEBUG i.a.qbit.service.impl.ServiceImpl - ServiceImpl::doHandleMethodCall() METHOD CALLMethodCallImpl{name='add', address='', params=io.advantageous.qbit.util.MultiMap$1@368b9426, body=[1, 2], timestamp=25890297, id=923, objectName='null', returnAddress='null'}
19:30:07.588 [QueueListener Request Queue test] DEBUG i.a.qbit.service.impl.ServiceImpl - ServiceImpl::receive() 
RESPONSE
ResponseImpl{address='add', params=null, body=3}
FROM CALL
MethodCallImpl{name='add', address='', params=io.advantageous.qbit.util.MultiMap$1@368b9426, body=[1, 2], timestamp=25890297, id=923, objectName='null', returnAddress='null'}


Queue Limit 
Queue Empty 
19:30:07.588 [QueueListener Request Queue test] DEBUG i.a.qbit.service.impl.ServiceImpl - ServiceImpl::doHandleMethodCall() METHOD CALLMethodCallImpl{name='add', address='', params=io.advantageous.qbit.util.MultiMap$1@368b9426, body=[1, 2], timestamp=25890297, id=924, objectName='null', returnAddress='null'}
19:30:07.589 [QueueListener Request Queue test] DEBUG i.a.qbit.service.impl.ServiceImpl - ServiceImpl::receive() 
RESPONSE
ResponseImpl{address='add', params=null, body=3}
FROM CALL
MethodCallImpl{name='add', address='', params=io.advantageous.qbit.util.MultiMap$1@368b9426, body=[1, 2], timestamp=25890297, id=924, objectName='null', returnAddress='null'}


19:30:07.589 [QueueListener Request Queue test] DEBUG i.a.qbit.service.impl.ServiceImpl - ServiceImpl::doHandleMethodCall() METHOD CALLMethodCallImpl{name='add', address='', params=io.advantageous.qbit.util.MultiMap$1@368b9426, body=[1, 2], timestamp=25890297, id=925, objectName='null', returnAddress='null'}
19:30:07.589 [QueueListener Request Queue test] DEBUG i.a.qbit.service.impl.ServiceImpl - ServiceImpl::receive() 
RESPONSE
ResponseImpl{address='add', params=null, body=3}
FROM CALL
MethodCallImpl{name='add', address='', params=io.advantageous.qbit.util.MultiMap$1@368b9426, body=[1, 2], timestamp=25890297, id=925, objectName='null', returnAddress='null'}


19:30:07.589 [QueueListener Request Queue test] DEBUG i.a.qbit.service.impl.ServiceImpl - ServiceImpl::doHandleMethodCall() METHOD CALLMethodCallImpl{name='add', address='', params=io.advantageous.qbit.util.MultiMap$1@368b9426, body=[1, 2], timestamp=25890297, id=926, objectName='null', returnAddress='null'}
19:30:07.589 [QueueListener Request Queue test] DEBUG i.a.qbit.service.impl.ServiceImpl - ServiceImpl::receive() 
RESPONSE
ResponseImpl{address='add', params=null, body=3}
FROM CALL
MethodCallImpl{name='add', address='', params=io.advantageous.qbit.util.MultiMap$1@368b9426, body=[1, 2], timestamp=25890297, id=926, objectName='null', returnAddress='null'}


19:30:07.589 [QueueListener Request Queue test] DEBUG i.a.qbit.service.impl.ServiceImpl - ServiceImpl::doHandleMethodCall() METHOD CALLMethodCallImpl{name='add', address='', params=io.advantageous.qbit.util.MultiMap$1@368b9426, body=[1, 2], timestamp=25890297, id=927, objectName='null', returnAddress='null'}
19:30:07.589 [QueueListener Request Queue test] DEBUG i.a.qbit.service.impl.ServiceImpl - ServiceImpl::receive() 
RESPONSE
ResponseImpl{address='add', params=null, body=3}
FROM CALL
MethodCallImpl{name='add', address='', params=io.advantageous.qbit.util.MultiMap$1@368b9426, body=[1, 2], timestamp=25890297, id=927, objectName='null', returnAddress='null'}


19:30:07.589 [QueueListener Request Queue test] DEBUG i.a.qbit.service.impl.ServiceImpl - ServiceImpl::doHandleMethodCall() METHOD CALLMethodCallImpl{name='add', address='', params=io.advantageous.qbit.util.MultiMap$1@368b9426, body=[1, 2], timestamp=25890297, id=928, objectName='null', returnAddress='null'}
19:30:07.589 [QueueListener Request Queue test] DEBUG i.a.qbit.service.impl.ServiceImpl - ServiceImpl::receive() 
RESPONSE
ResponseImpl{address='add', params=null, body=3}
FROM CALL
MethodCallImpl{name='add', address='', params=io.advantageous.qbit.util.MultiMap$1@368b9426, body=[1, 2], timestamp=25890297, id=928, objectName='null', returnAddress='null'}


19:30:07.589 [QueueListener Request Queue test] DEBUG i.a.qbit.service.impl.ServiceImpl - ServiceImpl::doHandleMethodCall() METHOD CALLMethodCallImpl{name='add', address='', params=io.advantageous.qbit.util.MultiMap$1@368b9426, body=[1, 2], timestamp=25890297, id=929, objectName='null', returnAddress='null'}
19:30:07.589 [QueueListener Request Queue test] DEBUG i.a.qbit.service.impl.ServiceImpl - ServiceImpl::receive() 
RESPONSE
ResponseImpl{address='add', params=null, body=3}
FROM CALL
MethodCallImpl{name='add', address='', params=io.advantageous.qbit.util.MultiMap$1@368b9426, body=[1, 2], timestamp=25890297, id=929, objectName='null', returnAddress='null'}


Queue Limit 
Queue Empty 
19:30:07.589 [QueueListener Request Queue test] DEBUG i.a.qbit.service.impl.ServiceImpl - ServiceImpl::doHandleMethodCall() METHOD CALLMethodCallImpl{name='add', address='', params=io.advantageous.qbit.util.MultiMap$1@368b9426, body=[1, 2], timestamp=25890297, id=930, objectName='null', returnAddress='null'}
19:30:07.589 [QueueListener Request Queue test] DEBUG i.a.qbit.service.impl.ServiceImpl - ServiceImpl::receive() 
RESPONSE
ResponseImpl{address='add', params=null, body=3}
FROM CALL
MethodCallImpl{name='add', address='', params=io.advantageous.qbit.util.MultiMap$1@368b9426, body=[1, 2], timestamp=25890297, id=930, objectName='null', returnAddress='null'}


19:30:07.589 [QueueListener Request Queue test] DEBUG i.a.qbit.service.impl.ServiceImpl - ServiceImpl::doHandleMethodCall() METHOD CALLMethodCallImpl{name='add', address='', params=io.advantageous.qbit.util.MultiMap$1@368b9426, body=[1, 2], timestamp=25890297, id=931, objectName='null', returnAddress='null'}
19:30:07.589 [QueueListener Request Queue test] DEBUG i.a.qbit.service.impl.ServiceImpl - ServiceImpl::receive() 
RESPONSE
ResponseImpl{address='add', params=null, body=3}
FROM CALL
MethodCallImpl{name='add', address='', params=io.advantageous.qbit.util.MultiMap$1@368b9426, body=[1, 2], timestamp=25890297, id=931, objectName='null', returnAddress='null'}


19:30:07.589 [QueueListener Request Queue test] DEBUG i.a.qbit.service.impl.ServiceImpl - ServiceImpl::doHandleMethodCall() METHOD CALLMethodCallImpl{name='add', address='', params=io.advantageous.qbit.util.MultiMap$1@368b9426, body=[1, 2], timestamp=25890297, id=932, objectName='null', returnAddress='null'}
19:30:07.589 [QueueListener Request Queue test] DEBUG i.a.qbit.service.impl.ServiceImpl - ServiceImpl::receive() 
RESPONSE
ResponseImpl{address='add', params=null, body=3}
FROM CALL
MethodCallImpl{name='add', address='', params=io.advantageous.qbit.util.MultiMap$1@368b9426, body=[1, 2], timestamp=25890297, id=932, objectName='null', returnAddress='null'}


19:30:07.589 [QueueListener Request Queue test] DEBUG i.a.qbit.service.impl.ServiceImpl - ServiceImpl::doHandleMethodCall() METHOD CALLMethodCallImpl{name='add', address='', params=io.advantageous.qbit.util.MultiMap$1@368b9426, body=[1, 2], timestamp=25890297, id=933, objectName='null', returnAddress='null'}
19:30:07.589 [QueueListener Request Queue test] DEBUG i.a.qbit.service.impl.ServiceImpl - ServiceImpl::receive() 
RESPONSE
ResponseImpl{address='add', params=null, body=3}
FROM CALL
MethodCallImpl{name='add', address='', params=io.advantageous.qbit.util.MultiMap$1@368b9426, body=[1, 2], timestamp=25890297, id=933, objectName='null', returnAddress='null'}


19:30:07.589 [QueueListener Request Queue test] DEBUG i.a.qbit.service.impl.ServiceImpl - ServiceImpl::doHandleMethodCall() METHOD CALLMethodCallImpl{name='add', address='', params=io.advantageous.qbit.util.MultiMap$1@368b9426, body=[1, 2], timestamp=25890297, id=934, objectName='null', returnAddress='null'}
19:30:07.589 [QueueListener Request Queue test] DEBUG i.a.qbit.service.impl.ServiceImpl - ServiceImpl::receive() 
RESPONSE
ResponseImpl{address='add', params=null, body=3}
FROM CALL
MethodCallImpl{name='add', address='', params=io.advantageous.qbit.util.MultiMap$1@368b9426, body=[1, 2], timestamp=25890297, id=934, objectName='null', returnAddress='null'}


19:30:07.589 [QueueListener Request Queue test] DEBUG i.a.qbit.service.impl.ServiceImpl - ServiceImpl::doHandleMethodCall() METHOD CALLMethodCallImpl{name='add', address='', params=io.advantageous.qbit.util.MultiMap$1@368b9426, body=[1, 2], timestamp=25890297, id=935, objectName='null', returnAddress='null'}
19:30:07.589 [QueueListener Request Queue test] DEBUG i.a.qbit.service.impl.ServiceImpl - ServiceImpl::receive() 
RESPONSE
ResponseImpl{address='add', params=null, body=3}
FROM CALL
MethodCallImpl{name='add', address='', params=io.advantageous.qbit.util.MultiMap$1@368b9426, body=[1, 2], timestamp=25890297, id=935, objectName='null', returnAddress='null'}


Queue Limit 
Queue Empty 
19:30:07.589 [QueueListener Request Queue test] DEBUG i.a.qbit.service.impl.ServiceImpl - ServiceImpl::doHandleMethodCall() METHOD CALLMethodCallImpl{name='add', address='', params=io.advantageous.qbit.util.MultiMap$1@368b9426, body=[1, 2], timestamp=25890297, id=936, objectName='null', returnAddress='null'}
19:30:07.589 [QueueListener Request Queue test] DEBUG i.a.qbit.service.impl.ServiceImpl - ServiceImpl::receive() 
RESPONSE
ResponseImpl{address='add', params=null, body=3}
FROM CALL
MethodCallImpl{name='add', address='', params=io.advantageous.qbit.util.MultiMap$1@368b9426, body=[1, 2], timestamp=25890297, id=936, objectName='null', returnAddress='null'}


19:30:07.589 [QueueListener Request Queue test] DEBUG i.a.qbit.service.impl.ServiceImpl - ServiceImpl::doHandleMethodCall() METHOD CALLMethodCallImpl{name='add', address='', params=io.advantageous.qbit.util.MultiMap$1@368b9426, body=[1, 2], timestamp=25890297, id=937, objectName='null', returnAddress='null'}
19:30:07.589 [QueueListener Request Queue test] DEBUG i.a.qbit.service.impl.ServiceImpl - ServiceImpl::receive() 
RESPONSE
ResponseImpl{address='add', params=null, body=3}
FROM CALL
MethodCallImpl{name='add', address='', params=io.advantageous.qbit.util.MultiMap$1@368b9426, body=[1, 2], timestamp=25890297, id=937, objectName='null', returnAddress='null'}


19:30:07.589 [QueueListener Request Queue test] DEBUG i.a.qbit.service.impl.ServiceImpl - ServiceImpl::doHandleMethodCall() METHOD CALLMethodCallImpl{name='add', address='', params=io.advantageous.qbit.util.MultiMap$1@368b9426, body=[1, 2], timestamp=25890297, id=938, objectName='null', returnAddress='null'}
19:30:07.589 [QueueListener Request Queue test] DEBUG i.a.qbit.service.impl.ServiceImpl - ServiceImpl::receive() 
RESPONSE
ResponseImpl{address='add', params=null, body=3}
FROM CALL
MethodCallImpl{name='add', address='', params=io.advantageous.qbit.util.MultiMap$1@368b9426, body=[1, 2], timestamp=25890297, id=938, objectName='null', returnAddress='null'}


19:30:07.589 [QueueListener Request Queue test] DEBUG i.a.qbit.service.impl.ServiceImpl - ServiceImpl::doHandleMethodCall() METHOD CALLMethodCallImpl{name='add', address='', params=io.advantageous.qbit.util.MultiMap$1@368b9426, body=[1, 2], timestamp=25890297, id=939, objectName='null', returnAddress='null'}
19:30:07.589 [QueueListener Request Queue test] DEBUG i.a.qbit.service.impl.ServiceImpl - ServiceImpl::receive() 
RESPONSE
ResponseImpl{address='add', params=null, body=3}
FROM CALL
MethodCallImpl{name='add', address='', params=io.advantageous.qbit.util.MultiMap$1@368b9426, body=[1, 2], timestamp=25890297, id=939, objectName='null', returnAddress='null'}


19:30:07.589 [QueueListener Request Queue test] DEBUG i.a.qbit.service.impl.ServiceImpl - ServiceImpl::doHandleMethodCall() METHOD CALLMethodCallImpl{name='add', address='', params=io.advantageous.qbit.util.MultiMap$1@368b9426, body=[1, 2], timestamp=25890297, id=940, objectName='null', returnAddress='null'}
19:30:07.589 [QueueListener Request Queue test] DEBUG i.a.qbit.service.impl.ServiceImpl - ServiceImpl::receive() 
RESPONSE
ResponseImpl{address='add', params=null, body=3}
FROM CALL
MethodCallImpl{name='add', address='', params=io.advantageous.qbit.util.MultiMap$1@368b9426, body=[1, 2], timestamp=25890297, id=940, objectName='null', returnAddress='null'}


19:30:07.589 [QueueListener Request Queue test] DEBUG i.a.qbit.service.impl.ServiceImpl - ServiceImpl::doHandleMethodCall() METHOD CALLMethodCallImpl{name='add', address='', params=io.advantageous.qbit.util.MultiMap$1@368b9426, body=[1, 2], timestamp=25890297, id=941, objectName='null', returnAddress='null'}
19:30:07.589 [QueueListener Request Queue test] DEBUG i.a.qbit.service.impl.ServiceImpl - ServiceImpl::receive() 
RESPONSE
ResponseImpl{address='add', params=null, body=3}
FROM CALL
MethodCallImpl{name='add', address='', params=io.advantageous.qbit.util.MultiMap$1@368b9426, body=[1, 2], timestamp=25890297, id=941, objectName='null', returnAddress='null'}


Queue Limit 
Queue Empty 
19:30:07.589 [QueueListener Request Queue test] DEBUG i.a.qbit.service.impl.ServiceImpl - ServiceImpl::doHandleMethodCall() METHOD CALLMethodCallImpl{name='add', address='', params=io.advantageous.qbit.util.MultiMap$1@368b9426, body=[1, 2], timestamp=25890297, id=942, objectName='null', returnAddress='null'}
19:30:07.589 [QueueListener Request Queue test] DEBUG i.a.qbit.service.impl.ServiceImpl - ServiceImpl::receive() 
RESPONSE
ResponseImpl{address='add', params=null, body=3}
FROM CALL
MethodCallImpl{name='add', address='', params=io.advantageous.qbit.util.MultiMap$1@368b9426, body=[1, 2], timestamp=25890297, id=942, objectName='null', returnAddress='null'}


19:30:07.589 [QueueListener Request Queue test] DEBUG i.a.qbit.service.impl.ServiceImpl - ServiceImpl::doHandleMethodCall() METHOD CALLMethodCallImpl{name='add', address='', params=io.advantageous.qbit.util.MultiMap$1@368b9426, body=[1, 2], timestamp=25890297, id=943, objectName='null', returnAddress='null'}
19:30:07.589 [QueueListener Request Queue test] DEBUG i.a.qbit.service.impl.ServiceImpl - ServiceImpl::receive() 
RESPONSE
ResponseImpl{address='add', params=null, body=3}
FROM CALL
MethodCallImpl{name='add', address='', params=io.advantageous.qbit.util.MultiMap$1@368b9426, body=[1, 2], timestamp=25890297, id=943, objectName='null', returnAddress='null'}


19:30:07.589 [QueueListener Request Queue test] DEBUG i.a.qbit.service.impl.ServiceImpl - ServiceImpl::doHandleMethodCall() METHOD CALLMethodCallImpl{name='add', address='', params=io.advantageous.qbit.util.MultiMap$1@368b9426, body=[1, 2], timestamp=25890297, id=944, objectName='null', returnAddress='null'}
19:30:07.589 [QueueListener Request Queue test] DEBUG i.a.qbit.service.impl.ServiceImpl - ServiceImpl::receive() 
RESPONSE
ResponseImpl{address='add', params=null, body=3}
FROM CALL
MethodCallImpl{name='add', address='', params=io.advantageous.qbit.util.MultiMap$1@368b9426, body=[1, 2], timestamp=25890297, id=944, objectName='null', returnAddress='null'}


19:30:07.590 [QueueListener Request Queue test] DEBUG i.a.qbit.service.impl.ServiceImpl - ServiceImpl::doHandleMethodCall() METHOD CALLMethodCallImpl{name='add', address='', params=io.advantageous.qbit.util.MultiMap$1@368b9426, body=[1, 2], timestamp=25890297, id=945, objectName='null', returnAddress='null'}
19:30:07.590 [QueueListener Request Queue test] DEBUG i.a.qbit.service.impl.ServiceImpl - ServiceImpl::receive() 
RESPONSE
ResponseImpl{address='add', params=null, body=3}
FROM CALL
MethodCallImpl{name='add', address='', params=io.advantageous.qbit.util.MultiMap$1@368b9426, body=[1, 2], timestamp=25890297, id=945, objectName='null', returnAddress='null'}


19:30:07.590 [QueueListener Request Queue test] DEBUG i.a.qbit.service.impl.ServiceImpl - ServiceImpl::doHandleMethodCall() METHOD CALLMethodCallImpl{name='add', address='', params=io.advantageous.qbit.util.MultiMap$1@368b9426, body=[1, 2], timestamp=25890297, id=946, objectName='null', returnAddress='null'}
19:30:07.590 [QueueListener Request Queue test] DEBUG i.a.qbit.service.impl.ServiceImpl - ServiceImpl::receive() 
RESPONSE
ResponseImpl{address='add', params=null, body=3}
FROM CALL
MethodCallImpl{name='add', address='', params=io.advantageous.qbit.util.MultiMap$1@368b9426, body=[1, 2], timestamp=25890297, id=946, objectName='null', returnAddress='null'}


19:30:07.590 [QueueListener Request Queue test] DEBUG i.a.qbit.service.impl.ServiceImpl - ServiceImpl::doHandleMethodCall() METHOD CALLMethodCallImpl{name='add', address='', params=io.advantageous.qbit.util.MultiMap$1@368b9426, body=[1, 2], timestamp=25890297, id=947, objectName='null', returnAddress='null'}
19:30:07.590 [QueueListener Request Queue test] DEBUG i.a.qbit.service.impl.ServiceImpl - ServiceImpl::receive() 
RESPONSE
ResponseImpl{address='add', params=null, body=3}
FROM CALL
MethodCallImpl{name='add', address='', params=io.advantageous.qbit.util.MultiMap$1@368b9426, body=[1, 2], timestamp=25890297, id=947, objectName='null', returnAddress='null'}


Queue Limit 
Queue Empty 
19:30:07.590 [QueueListener Request Queue test] DEBUG i.a.qbit.service.impl.ServiceImpl - ServiceImpl::doHandleMethodCall() METHOD CALLMethodCallImpl{name='add', address='', params=io.advantageous.qbit.util.MultiMap$1@368b9426, body=[1, 2], timestamp=25890297, id=948, objectName='null', returnAddress='null'}
19:30:07.590 [QueueListener Request Queue test] DEBUG i.a.qbit.service.impl.ServiceImpl - ServiceImpl::receive() 
RESPONSE
ResponseImpl{address='add', params=null, body=3}
FROM CALL
MethodCallImpl{name='add', address='', params=io.advantageous.qbit.util.MultiMap$1@368b9426, body=[1, 2], timestamp=25890297, id=948, objectName='null', returnAddress='null'}


19:30:07.590 [QueueListener Request Queue test] DEBUG i.a.qbit.service.impl.ServiceImpl - ServiceImpl::doHandleMethodCall() METHOD CALLMethodCallImpl{name='add', address='', params=io.advantageous.qbit.util.MultiMap$1@368b9426, body=[1, 2], timestamp=25890297, id=949, objectName='null', returnAddress='null'}
19:30:07.590 [QueueListener Request Queue test] DEBUG i.a.qbit.service.impl.ServiceImpl - ServiceImpl::receive() 
RESPONSE
ResponseImpl{address='add', params=null, body=3}
FROM CALL
MethodCallImpl{name='add', address='', params=io.advantageous.qbit.util.MultiMap$1@368b9426, body=[1, 2], timestamp=25890297, id=949, objectName='null', returnAddress='null'}


19:30:07.590 [QueueListener Request Queue test] DEBUG i.a.qbit.service.impl.ServiceImpl - ServiceImpl::doHandleMethodCall() METHOD CALLMethodCallImpl{name='add', address='', params=io.advantageous.qbit.util.MultiMap$1@368b9426, body=[1, 2], timestamp=25890297, id=950, objectName='null', returnAddress='null'}
19:30:07.590 [QueueListener Request Queue test] DEBUG i.a.qbit.service.impl.ServiceImpl - ServiceImpl::receive() 
RESPONSE
ResponseImpl{address='add', params=null, body=3}
FROM CALL
MethodCallImpl{name='add', address='', params=io.advantageous.qbit.util.MultiMap$1@368b9426, body=[1, 2], timestamp=25890297, id=950, objectName='null', returnAddress='null'}


19:30:07.590 [QueueListener Request Queue test] DEBUG i.a.qbit.service.impl.ServiceImpl - ServiceImpl::doHandleMethodCall() METHOD CALLMethodCallImpl{name='add', address='', params=io.advantageous.qbit.util.MultiMap$1@368b9426, body=[1, 2], timestamp=25890297, id=951, objectName='null', returnAddress='null'}
19:30:07.590 [QueueListener Request Queue test] DEBUG i.a.qbit.service.impl.ServiceImpl - ServiceImpl::receive() 
RESPONSE
ResponseImpl{address='add', params=null, body=3}
FROM CALL
MethodCallImpl{name='add', address='', params=io.advantageous.qbit.util.MultiMap$1@368b9426, body=[1, 2], timestamp=25890297, id=951, objectName='null', returnAddress='null'}


19:30:07.590 [QueueListener Request Queue test] DEBUG i.a.qbit.service.impl.ServiceImpl - ServiceImpl::doHandleMethodCall() METHOD CALLMethodCallImpl{name='add', address='', params=io.advantageous.qbit.util.MultiMap$1@368b9426, body=[1, 2], timestamp=25890297, id=952, objectName='null', returnAddress='null'}
19:30:07.590 [QueueListener Request Queue test] DEBUG i.a.qbit.service.impl.ServiceImpl - ServiceImpl::receive() 
RESPONSE
ResponseImpl{address='add', params=null, body=3}
FROM CALL
MethodCallImpl{name='add', address='', params=io.advantageous.qbit.util.MultiMap$1@368b9426, body=[1, 2], timestamp=25890297, id=952, objectName='null', returnAddress='null'}


19:30:07.590 [QueueListener Request Queue test] DEBUG i.a.qbit.service.impl.ServiceImpl - ServiceImpl::doHandleMethodCall() METHOD CALLMethodCallImpl{name='add', address='', params=io.advantageous.qbit.util.MultiMap$1@368b9426, body=[1, 2], timestamp=25890297, id=953, objectName='null', returnAddress='null'}
19:30:07.590 [QueueListener Request Queue test] DEBUG i.a.qbit.service.impl.ServiceImpl - ServiceImpl::receive() 
RESPONSE
ResponseImpl{address='add', params=null, body=3}
FROM CALL
MethodCallImpl{name='add', address='', params=io.advantageous.qbit.util.MultiMap$1@368b9426, body=[1, 2], timestamp=25890297, id=953, objectName='null', returnAddress='null'}


Queue Limit 
Queue Empty 
19:30:07.590 [QueueListener Request Queue test] DEBUG i.a.qbit.service.impl.ServiceImpl - ServiceImpl::doHandleMethodCall() METHOD CALLMethodCallImpl{name='add', address='', params=io.advantageous.qbit.util.MultiMap$1@368b9426, body=[1, 2], timestamp=25890297, id=954, objectName='null', returnAddress='null'}
19:30:07.590 [QueueListener Request Queue test] DEBUG i.a.qbit.service.impl.ServiceImpl - ServiceImpl::receive() 
RESPONSE
ResponseImpl{address='add', params=null, body=3}
FROM CALL
MethodCallImpl{name='add', address='', params=io.advantageous.qbit.util.MultiMap$1@368b9426, body=[1, 2], timestamp=25890297, id=954, objectName='null', returnAddress='null'}


19:30:07.590 [QueueListener Request Queue test] DEBUG i.a.qbit.service.impl.ServiceImpl - ServiceImpl::doHandleMethodCall() METHOD CALLMethodCallImpl{name='add', address='', params=io.advantageous.qbit.util.MultiMap$1@368b9426, body=[1, 2], timestamp=25890297, id=955, objectName='null', returnAddress='null'}
19:30:07.590 [QueueListener Request Queue test] DEBUG i.a.qbit.service.impl.ServiceImpl - ServiceImpl::receive() 
RESPONSE
ResponseImpl{address='add', params=null, body=3}
FROM CALL
MethodCallImpl{name='add', address='', params=io.advantageous.qbit.util.MultiMap$1@368b9426, body=[1, 2], timestamp=25890297, id=955, objectName='null', returnAddress='null'}


19:30:07.590 [QueueListener Request Queue test] DEBUG i.a.qbit.service.impl.ServiceImpl - ServiceImpl::doHandleMethodCall() METHOD CALLMethodCallImpl{name='add', address='', params=io.advantageous.qbit.util.MultiMap$1@368b9426, body=[1, 2], timestamp=25890297, id=956, objectName='null', returnAddress='null'}
19:30:07.590 [QueueListener Request Queue test] DEBUG i.a.qbit.service.impl.ServiceImpl - ServiceImpl::receive() 
RESPONSE
ResponseImpl{address='add', params=null, body=3}
FROM CALL
MethodCallImpl{name='add', address='', params=io.advantageous.qbit.util.MultiMap$1@368b9426, body=[1, 2], timestamp=25890297, id=956, objectName='null', returnAddress='null'}


19:30:07.590 [QueueListener Request Queue test] DEBUG i.a.qbit.service.impl.ServiceImpl - ServiceImpl::doHandleMethodCall() METHOD CALLMethodCallImpl{name='add', address='', params=io.advantageous.qbit.util.MultiMap$1@368b9426, body=[1, 2], timestamp=25890297, id=957, objectName='null', returnAddress='null'}
19:30:07.590 [QueueListener Request Queue test] DEBUG i.a.qbit.service.impl.ServiceImpl - ServiceImpl::receive() 
RESPONSE
ResponseImpl{address='add', params=null, body=3}
FROM CALL
MethodCallImpl{name='add', address='', params=io.advantageous.qbit.util.MultiMap$1@368b9426, body=[1, 2], timestamp=25890297, id=957, objectName='null', returnAddress='null'}


19:30:07.590 [QueueListener Request Queue test] DEBUG i.a.qbit.service.impl.ServiceImpl - ServiceImpl::doHandleMethodCall() METHOD CALLMethodCallImpl{name='add', address='', params=io.advantageous.qbit.util.MultiMap$1@368b9426, body=[1, 2], timestamp=25890297, id=958, objectName='null', returnAddress='null'}
19:30:07.590 [QueueListener Request Queue test] DEBUG i.a.qbit.service.impl.ServiceImpl - ServiceImpl::receive() 
RESPONSE
ResponseImpl{address='add', params=null, body=3}
FROM CALL
MethodCallImpl{name='add', address='', params=io.advantageous.qbit.util.MultiMap$1@368b9426, body=[1, 2], timestamp=25890297, id=958, objectName='null', returnAddress='null'}


19:30:07.590 [QueueListener Request Queue test] DEBUG i.a.qbit.service.impl.ServiceImpl - ServiceImpl::doHandleMethodCall() METHOD CALLMethodCallImpl{name='add', address='', params=io.advantageous.qbit.util.MultiMap$1@368b9426, body=[1, 2], timestamp=25890297, id=959, objectName='null', returnAddress='null'}
19:30:07.590 [QueueListener Request Queue test] DEBUG i.a.qbit.service.impl.ServiceImpl - ServiceImpl::receive() 
RESPONSE
ResponseImpl{address='add', params=null, body=3}
FROM CALL
MethodCallImpl{name='add', address='', params=io.advantageous.qbit.util.MultiMap$1@368b9426, body=[1, 2], timestamp=25890297, id=959, objectName='null', returnAddress='null'}


Queue Limit 
Queue Empty 
19:30:07.590 [QueueListener Request Queue test] DEBUG i.a.qbit.service.impl.ServiceImpl - ServiceImpl::doHandleMethodCall() METHOD CALLMethodCallImpl{name='add', address='', params=io.advantageous.qbit.util.MultiMap$1@368b9426, body=[1, 2], timestamp=25890297, id=960, objectName='null', returnAddress='null'}
19:30:07.590 [QueueListener Request Queue test] DEBUG i.a.qbit.service.impl.ServiceImpl - ServiceImpl::receive() 
RESPONSE
ResponseImpl{address='add', params=null, body=3}
FROM CALL
MethodCallImpl{name='add', address='', params=io.advantageous.qbit.util.MultiMap$1@368b9426, body=[1, 2], timestamp=25890297, id=960, objectName='null', returnAddress='null'}


19:30:07.590 [QueueListener Request Queue test] DEBUG i.a.qbit.service.impl.ServiceImpl - ServiceImpl::doHandleMethodCall() METHOD CALLMethodCallImpl{name='add', address='', params=io.advantageous.qbit.util.MultiMap$1@368b9426, body=[1, 2], timestamp=25890297, id=961, objectName='null', returnAddress='null'}
19:30:07.590 [QueueListener Request Queue test] DEBUG i.a.qbit.service.impl.ServiceImpl - ServiceImpl::receive() 
RESPONSE
ResponseImpl{address='add', params=null, body=3}
FROM CALL
MethodCallImpl{name='add', address='', params=io.advantageous.qbit.util.MultiMap$1@368b9426, body=[1, 2], timestamp=25890297, id=961, objectName='null', returnAddress='null'}


19:30:07.590 [QueueListener Request Queue test] DEBUG i.a.qbit.service.impl.ServiceImpl - ServiceImpl::doHandleMethodCall() METHOD CALLMethodCallImpl{name='add', address='', params=io.advantageous.qbit.util.MultiMap$1@368b9426, body=[1, 2], timestamp=25890297, id=962, objectName='null', returnAddress='null'}
19:30:07.590 [QueueListener Request Queue test] DEBUG i.a.qbit.service.impl.ServiceImpl - ServiceImpl::receive() 
RESPONSE
ResponseImpl{address='add', params=null, body=3}
FROM CALL
MethodCallImpl{name='add', address='', params=io.advantageous.qbit.util.MultiMap$1@368b9426, body=[1, 2], timestamp=25890297, id=962, objectName='null', returnAddress='null'}


19:30:07.590 [QueueListener Request Queue test] DEBUG i.a.qbit.service.impl.ServiceImpl - ServiceImpl::doHandleMethodCall() METHOD CALLMethodCallImpl{name='add', address='', params=io.advantageous.qbit.util.MultiMap$1@368b9426, body=[1, 2], timestamp=25890297, id=963, objectName='null', returnAddress='null'}
19:30:07.590 [QueueListener Request Queue test] DEBUG i.a.qbit.service.impl.ServiceImpl - ServiceImpl::receive() 
RESPONSE
ResponseImpl{address='add', params=null, body=3}
FROM CALL
MethodCallImpl{name='add', address='', params=io.advantageous.qbit.util.MultiMap$1@368b9426, body=[1, 2], timestamp=25890297, id=963, objectName='null', returnAddress='null'}


19:30:07.590 [QueueListener Request Queue test] DEBUG i.a.qbit.service.impl.ServiceImpl - ServiceImpl::doHandleMethodCall() METHOD CALLMethodCallImpl{name='add', address='', params=io.advantageous.qbit.util.MultiMap$1@368b9426, body=[1, 2], timestamp=25890297, id=964, objectName='null', returnAddress='null'}
19:30:07.590 [QueueListener Request Queue test] DEBUG i.a.qbit.service.impl.ServiceImpl - ServiceImpl::receive() 
RESPONSE
ResponseImpl{address='add', params=null, body=3}
FROM CALL
MethodCallImpl{name='add', address='', params=io.advantageous.qbit.util.MultiMap$1@368b9426, body=[1, 2], timestamp=25890297, id=964, objectName='null', returnAddress='null'}


19:30:07.590 [QueueListener Request Queue test] DEBUG i.a.qbit.service.impl.ServiceImpl - ServiceImpl::doHandleMethodCall() METHOD CALLMethodCallImpl{name='add', address='', params=io.advantageous.qbit.util.MultiMap$1@368b9426, body=[1, 2], timestamp=25890297, id=965, objectName='null', returnAddress='null'}
19:30:07.590 [QueueListener Request Queue test] DEBUG i.a.qbit.service.impl.ServiceImpl - ServiceImpl::receive() 
RESPONSE
ResponseImpl{address='add', params=null, body=3}
FROM CALL
MethodCallImpl{name='add', address='', params=io.advantageous.qbit.util.MultiMap$1@368b9426, body=[1, 2], timestamp=25890297, id=965, objectName='null', returnAddress='null'}


Queue Limit 
Queue Empty 
19:30:07.591 [QueueListener Request Queue test] DEBUG i.a.qbit.service.impl.ServiceImpl - ServiceImpl::doHandleMethodCall() METHOD CALLMethodCallImpl{name='add', address='', params=io.advantageous.qbit.util.MultiMap$1@368b9426, body=[1, 2], timestamp=25890297, id=966, objectName='null', returnAddress='null'}
19:30:07.591 [QueueListener Request Queue test] DEBUG i.a.qbit.service.impl.ServiceImpl - ServiceImpl::receive() 
RESPONSE
ResponseImpl{address='add', params=null, body=3}
FROM CALL
MethodCallImpl{name='add', address='', params=io.advantageous.qbit.util.MultiMap$1@368b9426, body=[1, 2], timestamp=25890297, id=966, objectName='null', returnAddress='null'}


19:30:07.591 [QueueListener Request Queue test] DEBUG i.a.qbit.service.impl.ServiceImpl - ServiceImpl::doHandleMethodCall() METHOD CALLMethodCallImpl{name='add', address='', params=io.advantageous.qbit.util.MultiMap$1@368b9426, body=[1, 2], timestamp=25890297, id=967, objectName='null', returnAddress='null'}
19:30:07.591 [QueueListener Request Queue test] DEBUG i.a.qbit.service.impl.ServiceImpl - ServiceImpl::receive() 
RESPONSE
ResponseImpl{address='add', params=null, body=3}
FROM CALL
MethodCallImpl{name='add', address='', params=io.advantageous.qbit.util.MultiMap$1@368b9426, body=[1, 2], timestamp=25890297, id=967, objectName='null', returnAddress='null'}


19:30:07.591 [QueueListener Request Queue test] DEBUG i.a.qbit.service.impl.ServiceImpl - ServiceImpl::doHandleMethodCall() METHOD CALLMethodCallImpl{name='add', address='', params=io.advantageous.qbit.util.MultiMap$1@368b9426, body=[1, 2], timestamp=25890297, id=968, objectName='null', returnAddress='null'}
19:30:07.591 [QueueListener Request Queue test] DEBUG i.a.qbit.service.impl.ServiceImpl - ServiceImpl::receive() 
RESPONSE
ResponseImpl{address='add', params=null, body=3}
FROM CALL
MethodCallImpl{name='add', address='', params=io.advantageous.qbit.util.MultiMap$1@368b9426, body=[1, 2], timestamp=25890297, id=968, objectName='null', returnAddress='null'}


19:30:07.591 [QueueListener Request Queue test] DEBUG i.a.qbit.service.impl.ServiceImpl - ServiceImpl::doHandleMethodCall() METHOD CALLMethodCallImpl{name='add', address='', params=io.advantageous.qbit.util.MultiMap$1@368b9426, body=[1, 2], timestamp=25890297, id=969, objectName='null', returnAddress='null'}
19:30:07.591 [QueueListener Request Queue test] DEBUG i.a.qbit.service.impl.ServiceImpl - ServiceImpl::receive() 
RESPONSE
ResponseImpl{address='add', params=null, body=3}
FROM CALL
MethodCallImpl{name='add', address='', params=io.advantageous.qbit.util.MultiMap$1@368b9426, body=[1, 2], timestamp=25890297, id=969, objectName='null', returnAddress='null'}


19:30:07.591 [QueueListener Request Queue test] DEBUG i.a.qbit.service.impl.ServiceImpl - ServiceImpl::doHandleMethodCall() METHOD CALLMethodCallImpl{name='add', address='', params=io.advantageous.qbit.util.MultiMap$1@368b9426, body=[1, 2], timestamp=25890297, id=970, objectName='null', returnAddress='null'}
19:30:07.591 [QueueListener Request Queue test] DEBUG i.a.qbit.service.impl.ServiceImpl - ServiceImpl::receive() 
RESPONSE
ResponseImpl{address='add', params=null, body=3}
FROM CALL
MethodCallImpl{name='add', address='', params=io.advantageous.qbit.util.MultiMap$1@368b9426, body=[1, 2], timestamp=25890297, id=970, objectName='null', returnAddress='null'}


19:30:07.591 [QueueListener Request Queue test] DEBUG i.a.qbit.service.impl.ServiceImpl - ServiceImpl::doHandleMethodCall() METHOD CALLMethodCallImpl{name='add', address='', params=io.advantageous.qbit.util.MultiMap$1@368b9426, body=[1, 2], timestamp=25890297, id=971, objectName='null', returnAddress='null'}
19:30:07.591 [QueueListener Request Queue test] DEBUG i.a.qbit.service.impl.ServiceImpl - ServiceImpl::receive() 
RESPONSE
ResponseImpl{address='add', params=null, body=3}
FROM CALL
MethodCallImpl{name='add', address='', params=io.advantageous.qbit.util.MultiMap$1@368b9426, body=[1, 2], timestamp=25890297, id=971, objectName='null', returnAddress='null'}


Queue Limit 
Queue Empty 
19:30:07.591 [QueueListener Request Queue test] DEBUG i.a.qbit.service.impl.ServiceImpl - ServiceImpl::doHandleMethodCall() METHOD CALLMethodCallImpl{name='add', address='', params=io.advantageous.qbit.util.MultiMap$1@368b9426, body=[1, 2], timestamp=25890297, id=972, objectName='null', returnAddress='null'}
19:30:07.591 [QueueListener Request Queue test] DEBUG i.a.qbit.service.impl.ServiceImpl - ServiceImpl::receive() 
RESPONSE
ResponseImpl{address='add', params=null, body=3}
FROM CALL
MethodCallImpl{name='add', address='', params=io.advantageous.qbit.util.MultiMap$1@368b9426, body=[1, 2], timestamp=25890297, id=972, objectName='null', returnAddress='null'}


19:30:07.591 [QueueListener Request Queue test] DEBUG i.a.qbit.service.impl.ServiceImpl - ServiceImpl::doHandleMethodCall() METHOD CALLMethodCallImpl{name='add', address='', params=io.advantageous.qbit.util.MultiMap$1@368b9426, body=[1, 2], timestamp=25890297, id=973, objectName='null', returnAddress='null'}
19:30:07.591 [QueueListener Request Queue test] DEBUG i.a.qbit.service.impl.ServiceImpl - ServiceImpl::receive() 
RESPONSE
ResponseImpl{address='add', params=null, body=3}
FROM CALL
MethodCallImpl{name='add', address='', params=io.advantageous.qbit.util.MultiMap$1@368b9426, body=[1, 2], timestamp=25890297, id=973, objectName='null', returnAddress='null'}


19:30:07.591 [QueueListener Request Queue test] DEBUG i.a.qbit.service.impl.ServiceImpl - ServiceImpl::doHandleMethodCall() METHOD CALLMethodCallImpl{name='add', address='', params=io.advantageous.qbit.util.MultiMap$1@368b9426, body=[1, 2], timestamp=25890297, id=974, objectName='null', returnAddress='null'}
19:30:07.591 [QueueListener Request Queue test] DEBUG i.a.qbit.service.impl.ServiceImpl - ServiceImpl::receive() 
RESPONSE
ResponseImpl{address='add', params=null, body=3}
FROM CALL
MethodCallImpl{name='add', address='', params=io.advantageous.qbit.util.MultiMap$1@368b9426, body=[1, 2], timestamp=25890297, id=974, objectName='null', returnAddress='null'}


19:30:07.591 [QueueListener Request Queue test] DEBUG i.a.qbit.service.impl.ServiceImpl - ServiceImpl::doHandleMethodCall() METHOD CALLMethodCallImpl{name='add', address='', params=io.advantageous.qbit.util.MultiMap$1@368b9426, body=[1, 2], timestamp=25890297, id=975, objectName='null', returnAddress='null'}
19:30:07.591 [QueueListener Request Queue test] DEBUG i.a.qbit.service.impl.ServiceImpl - ServiceImpl::receive() 
RESPONSE
ResponseImpl{address='add', params=null, body=3}
FROM CALL
MethodCallImpl{name='add', address='', params=io.advantageous.qbit.util.MultiMap$1@368b9426, body=[1, 2], timestamp=25890297, id=975, objectName='null', returnAddress='null'}


19:30:07.591 [QueueListener Request Queue test] DEBUG i.a.qbit.service.impl.ServiceImpl - ServiceImpl::doHandleMethodCall() METHOD CALLMethodCallImpl{name='add', address='', params=io.advantageous.qbit.util.MultiMap$1@368b9426, body=[1, 2], timestamp=25890297, id=976, objectName='null', returnAddress='null'}
19:30:07.591 [QueueListener Request Queue test] DEBUG i.a.qbit.service.impl.ServiceImpl - ServiceImpl::receive() 
RESPONSE
ResponseImpl{address='add', params=null, body=3}
FROM CALL
MethodCallImpl{name='add', address='', params=io.advantageous.qbit.util.MultiMap$1@368b9426, body=[1, 2], timestamp=25890297, id=976, objectName='null', returnAddress='null'}


19:30:07.591 [QueueListener Request Queue test] DEBUG i.a.qbit.service.impl.ServiceImpl - ServiceImpl::doHandleMethodCall() METHOD CALLMethodCallImpl{name='add', address='', params=io.advantageous.qbit.util.MultiMap$1@368b9426, body=[1, 2], timestamp=25890297, id=977, objectName='null', returnAddress='null'}
19:30:07.591 [QueueListener Request Queue test] DEBUG i.a.qbit.service.impl.ServiceImpl - ServiceImpl::receive() 
RESPONSE
ResponseImpl{address='add', params=null, body=3}
FROM CALL
MethodCallImpl{name='add', address='', params=io.advantageous.qbit.util.MultiMap$1@368b9426, body=[1, 2], timestamp=25890297, id=977, objectName='null', returnAddress='null'}


Queue Limit 
Queue Empty 
19:30:07.591 [QueueListener Request Queue test] DEBUG i.a.qbit.service.impl.ServiceImpl - ServiceImpl::doHandleMethodCall() METHOD CALLMethodCallImpl{name='add', address='', params=io.advantageous.qbit.util.MultiMap$1@368b9426, body=[1, 2], timestamp=25890297, id=978, objectName='null', returnAddress='null'}
19:30:07.591 [QueueListener Request Queue test] DEBUG i.a.qbit.service.impl.ServiceImpl - ServiceImpl::receive() 
RESPONSE
ResponseImpl{address='add', params=null, body=3}
FROM CALL
MethodCallImpl{name='add', address='', params=io.advantageous.qbit.util.MultiMap$1@368b9426, body=[1, 2], timestamp=25890297, id=978, objectName='null', returnAddress='null'}


19:30:07.591 [QueueListener Request Queue test] DEBUG i.a.qbit.service.impl.ServiceImpl - ServiceImpl::doHandleMethodCall() METHOD CALLMethodCallImpl{name='add', address='', params=io.advantageous.qbit.util.MultiMap$1@368b9426, body=[1, 2], timestamp=25890297, id=979, objectName='null', returnAddress='null'}
19:30:07.591 [QueueListener Request Queue test] DEBUG i.a.qbit.service.impl.ServiceImpl - ServiceImpl::receive() 
RESPONSE
ResponseImpl{address='add', params=null, body=3}
FROM CALL
MethodCallImpl{name='add', address='', params=io.advantageous.qbit.util.MultiMap$1@368b9426, body=[1, 2], timestamp=25890297, id=979, objectName='null', returnAddress='null'}


19:30:07.591 [QueueListener Request Queue test] DEBUG i.a.qbit.service.impl.ServiceImpl - ServiceImpl::doHandleMethodCall() METHOD CALLMethodCallImpl{name='add', address='', params=io.advantageous.qbit.util.MultiMap$1@368b9426, body=[1, 2], timestamp=25890297, id=980, objectName='null', returnAddress='null'}
19:30:07.591 [QueueListener Request Queue test] DEBUG i.a.qbit.service.impl.ServiceImpl - ServiceImpl::receive() 
RESPONSE
ResponseImpl{address='add', params=null, body=3}
FROM CALL
MethodCallImpl{name='add', address='', params=io.advantageous.qbit.util.MultiMap$1@368b9426, body=[1, 2], timestamp=25890297, id=980, objectName='null', returnAddress='null'}


19:30:07.591 [QueueListener Request Queue test] DEBUG i.a.qbit.service.impl.ServiceImpl - ServiceImpl::doHandleMethodCall() METHOD CALLMethodCallImpl{name='add', address='', params=io.advantageous.qbit.util.MultiMap$1@368b9426, body=[1, 2], timestamp=25890297, id=981, objectName='null', returnAddress='null'}
19:30:07.591 [QueueListener Request Queue test] DEBUG i.a.qbit.service.impl.ServiceImpl - ServiceImpl::receive() 
RESPONSE
ResponseImpl{address='add', params=null, body=3}
FROM CALL
MethodCallImpl{name='add', address='', params=io.advantageous.qbit.util.MultiMap$1@368b9426, body=[1, 2], timestamp=25890297, id=981, objectName='null', returnAddress='null'}


19:30:07.591 [QueueListener Request Queue test] DEBUG i.a.qbit.service.impl.ServiceImpl - ServiceImpl::doHandleMethodCall() METHOD CALLMethodCallImpl{name='add', address='', params=io.advantageous.qbit.util.MultiMap$1@368b9426, body=[1, 2], timestamp=25890297, id=982, objectName='null', returnAddress='null'}
19:30:07.591 [QueueListener Request Queue test] DEBUG i.a.qbit.service.impl.ServiceImpl - ServiceImpl::receive() 
RESPONSE
ResponseImpl{address='add', params=null, body=3}
FROM CALL
MethodCallImpl{name='add', address='', params=io.advantageous.qbit.util.MultiMap$1@368b9426, body=[1, 2], timestamp=25890297, id=982, objectName='null', returnAddress='null'}


19:30:07.591 [QueueListener Request Queue test] DEBUG i.a.qbit.service.impl.ServiceImpl - ServiceImpl::doHandleMethodCall() METHOD CALLMethodCallImpl{name='add', address='', params=io.advantageous.qbit.util.MultiMap$1@368b9426, body=[1, 2], timestamp=25890297, id=983, objectName='null', returnAddress='null'}
19:30:07.591 [QueueListener Request Queue test] DEBUG i.a.qbit.service.impl.ServiceImpl - ServiceImpl::receive() 
RESPONSE
ResponseImpl{address='add', params=null, body=3}
FROM CALL
MethodCallImpl{name='add', address='', params=io.advantageous.qbit.util.MultiMap$1@368b9426, body=[1, 2], timestamp=25890297, id=983, objectName='null', returnAddress='null'}


Queue Limit 
Queue Empty 
19:30:07.591 [QueueListener Request Queue test] DEBUG i.a.qbit.service.impl.ServiceImpl - ServiceImpl::doHandleMethodCall() METHOD CALLMethodCallImpl{name='add', address='', params=io.advantageous.qbit.util.MultiMap$1@368b9426, body=[1, 2], timestamp=25890297, id=984, objectName='null', returnAddress='null'}
19:30:07.591 [QueueListener Request Queue test] DEBUG i.a.qbit.service.impl.ServiceImpl - ServiceImpl::receive() 
RESPONSE
ResponseImpl{address='add', params=null, body=3}
FROM CALL
MethodCallImpl{name='add', address='', params=io.advantageous.qbit.util.MultiMap$1@368b9426, body=[1, 2], timestamp=25890297, id=984, objectName='null', returnAddress='null'}


19:30:07.591 [QueueListener Request Queue test] DEBUG i.a.qbit.service.impl.ServiceImpl - ServiceImpl::doHandleMethodCall() METHOD CALLMethodCallImpl{name='add', address='', params=io.advantageous.qbit.util.MultiMap$1@368b9426, body=[1, 2], timestamp=25890297, id=985, objectName='null', returnAddress='null'}
19:30:07.591 [QueueListener Request Queue test] DEBUG i.a.qbit.service.impl.ServiceImpl - ServiceImpl::receive() 
RESPONSE
ResponseImpl{address='add', params=null, body=3}
FROM CALL
MethodCallImpl{name='add', address='', params=io.advantageous.qbit.util.MultiMap$1@368b9426, body=[1, 2], timestamp=25890297, id=985, objectName='null', returnAddress='null'}


19:30:07.591 [QueueListener Request Queue test] DEBUG i.a.qbit.service.impl.ServiceImpl - ServiceImpl::doHandleMethodCall() METHOD CALLMethodCallImpl{name='add', address='', params=io.advantageous.qbit.util.MultiMap$1@368b9426, body=[1, 2], timestamp=25890297, id=986, objectName='null', returnAddress='null'}
19:30:07.591 [QueueListener Request Queue test] DEBUG i.a.qbit.service.impl.ServiceImpl - ServiceImpl::receive() 
RESPONSE
ResponseImpl{address='add', params=null, body=3}
FROM CALL
MethodCallImpl{name='add', address='', params=io.advantageous.qbit.util.MultiMap$1@368b9426, body=[1, 2], timestamp=25890297, id=986, objectName='null', returnAddress='null'}


19:30:07.591 [QueueListener Request Queue test] DEBUG i.a.qbit.service.impl.ServiceImpl - ServiceImpl::doHandleMethodCall() METHOD CALLMethodCallImpl{name='add', address='', params=io.advantageous.qbit.util.MultiMap$1@368b9426, body=[1, 2], timestamp=25890297, id=987, objectName='null', returnAddress='null'}
19:30:07.591 [QueueListener Request Queue test] DEBUG i.a.qbit.service.impl.ServiceImpl - ServiceImpl::receive() 
RESPONSE
ResponseImpl{address='add', params=null, body=3}
FROM CALL
MethodCallImpl{name='add', address='', params=io.advantageous.qbit.util.MultiMap$1@368b9426, body=[1, 2], timestamp=25890297, id=987, objectName='null', returnAddress='null'}


19:30:07.591 [QueueListener Request Queue test] DEBUG i.a.qbit.service.impl.ServiceImpl - ServiceImpl::doHandleMethodCall() METHOD CALLMethodCallImpl{name='add', address='', params=io.advantageous.qbit.util.MultiMap$1@368b9426, body=[1, 2], timestamp=25890297, id=988, objectName='null', returnAddress='null'}
19:30:07.591 [QueueListener Request Queue test] DEBUG i.a.qbit.service.impl.ServiceImpl - ServiceImpl::receive() 
RESPONSE
ResponseImpl{address='add', params=null, body=3}
FROM CALL
MethodCallImpl{name='add', address='', params=io.advantageous.qbit.util.MultiMap$1@368b9426, body=[1, 2], timestamp=25890297, id=988, objectName='null', returnAddress='null'}


19:30:07.591 [QueueListener Request Queue test] DEBUG i.a.qbit.service.impl.ServiceImpl - ServiceImpl::doHandleMethodCall() METHOD CALLMethodCallImpl{name='add', address='', params=io.advantageous.qbit.util.MultiMap$1@368b9426, body=[1, 2], timestamp=25890297, id=989, objectName='null', returnAddress='null'}
19:30:07.592 [QueueListener Request Queue test] DEBUG i.a.qbit.service.impl.ServiceImpl - ServiceImpl::receive() 
RESPONSE
ResponseImpl{address='add', params=null, body=3}
FROM CALL
MethodCallImpl{name='add', address='', params=io.advantageous.qbit.util.MultiMap$1@368b9426, body=[1, 2], timestamp=25890297, id=989, objectName='null', returnAddress='null'}


Queue Limit 
Queue Empty 
19:30:07.592 [QueueListener Request Queue test] DEBUG i.a.qbit.service.impl.ServiceImpl - ServiceImpl::doHandleMethodCall() METHOD CALLMethodCallImpl{name='add', address='', params=io.advantageous.qbit.util.MultiMap$1@368b9426, body=[1, 2], timestamp=25890297, id=990, objectName='null', returnAddress='null'}
19:30:07.592 [QueueListener Request Queue test] DEBUG i.a.qbit.service.impl.ServiceImpl - ServiceImpl::receive() 
RESPONSE
ResponseImpl{address='add', params=null, body=3}
FROM CALL
MethodCallImpl{name='add', address='', params=io.advantageous.qbit.util.MultiMap$1@368b9426, body=[1, 2], timestamp=25890297, id=990, objectName='null', returnAddress='null'}


19:30:07.592 [QueueListener Request Queue test] DEBUG i.a.qbit.service.impl.ServiceImpl - ServiceImpl::doHandleMethodCall() METHOD CALLMethodCallImpl{name='add', address='', params=io.advantageous.qbit.util.MultiMap$1@368b9426, body=[1, 2], timestamp=25890297, id=991, objectName='null', returnAddress='null'}
19:30:07.592 [QueueListener Request Queue test] DEBUG i.a.qbit.service.impl.ServiceImpl - ServiceImpl::receive() 
RESPONSE
ResponseImpl{address='add', params=null, body=3}
FROM CALL
MethodCallImpl{name='add', address='', params=io.advantageous.qbit.util.MultiMap$1@368b9426, body=[1, 2], timestamp=25890297, id=991, objectName='null', returnAddress='null'}


19:30:07.592 [QueueListener Request Queue test] DEBUG i.a.qbit.service.impl.ServiceImpl - ServiceImpl::doHandleMethodCall() METHOD CALLMethodCallImpl{name='add', address='', params=io.advantageous.qbit.util.MultiMap$1@368b9426, body=[1, 2], timestamp=25890297, id=992, objectName='null', returnAddress='null'}
19:30:07.592 [QueueListener Request Queue test] DEBUG i.a.qbit.service.impl.ServiceImpl - ServiceImpl::receive() 
RESPONSE
ResponseImpl{address='add', params=null, body=3}
FROM CALL
MethodCallImpl{name='add', address='', params=io.advantageous.qbit.util.MultiMap$1@368b9426, body=[1, 2], timestamp=25890297, id=992, objectName='null', returnAddress='null'}


19:30:07.592 [QueueListener Request Queue test] DEBUG i.a.qbit.service.impl.ServiceImpl - ServiceImpl::doHandleMethodCall() METHOD CALLMethodCallImpl{name='add', address='', params=io.advantageous.qbit.util.MultiMap$1@368b9426, body=[1, 2], timestamp=25890297, id=993, objectName='null', returnAddress='null'}
19:30:07.592 [QueueListener Request Queue test] DEBUG i.a.qbit.service.impl.ServiceImpl - ServiceImpl::receive() 
RESPONSE
ResponseImpl{address='add', params=null, body=3}
FROM CALL
MethodCallImpl{name='add', address='', params=io.advantageous.qbit.util.MultiMap$1@368b9426, body=[1, 2], timestamp=25890297, id=993, objectName='null', returnAddress='null'}


19:30:07.592 [QueueListener Request Queue test] DEBUG i.a.qbit.service.impl.ServiceImpl - ServiceImpl::doHandleMethodCall() METHOD CALLMethodCallImpl{name='add', address='', params=io.advantageous.qbit.util.MultiMap$1@368b9426, body=[1, 2], timestamp=25890297, id=994, objectName='null', returnAddress='null'}
19:30:07.592 [QueueListener Request Queue test] DEBUG i.a.qbit.service.impl.ServiceImpl - ServiceImpl::receive() 
RESPONSE
ResponseImpl{address='add', params=null, body=3}
FROM CALL
MethodCallImpl{name='add', address='', params=io.advantageous.qbit.util.MultiMap$1@368b9426, body=[1, 2], timestamp=25890297, id=994, objectName='null', returnAddress='null'}


19:30:07.592 [QueueListener Request Queue test] DEBUG i.a.qbit.service.impl.ServiceImpl - ServiceImpl::doHandleMethodCall() METHOD CALLMethodCallImpl{name='add', address='', params=io.advantageous.qbit.util.MultiMap$1@368b9426, body=[1, 2], timestamp=25890297, id=995, objectName='null', returnAddress='null'}
19:30:07.592 [QueueListener Request Queue test] DEBUG i.a.qbit.service.impl.ServiceImpl - ServiceImpl::receive() 
RESPONSE
ResponseImpl{address='add', params=null, body=3}
FROM CALL
MethodCallImpl{name='add', address='', params=io.advantageous.qbit.util.MultiMap$1@368b9426, body=[1, 2], timestamp=25890297, id=995, objectName='null', returnAddress='null'}


Queue Limit 
Queue Empty 
19:30:07.592 [QueueListener Request Queue test] DEBUG i.a.qbit.service.impl.ServiceImpl - ServiceImpl::doHandleMethodCall() METHOD CALLMethodCallImpl{name='add', address='', params=io.advantageous.qbit.util.MultiMap$1@368b9426, body=[1, 2], timestamp=25890297, id=996, objectName='null', returnAddress='null'}
19:30:07.592 [QueueListener Request Queue test] DEBUG i.a.qbit.service.impl.ServiceImpl - ServiceImpl::receive() 
RESPONSE
ResponseImpl{address='add', params=null, body=3}
FROM CALL
MethodCallImpl{name='add', address='', params=io.advantageous.qbit.util.MultiMap$1@368b9426, body=[1, 2], timestamp=25890297, id=996, objectName='null', returnAddress='null'}


19:30:07.592 [QueueListener Request Queue test] DEBUG i.a.qbit.service.impl.ServiceImpl - ServiceImpl::doHandleMethodCall() METHOD CALLMethodCallImpl{name='add', address='', params=io.advantageous.qbit.util.MultiMap$1@368b9426, body=[1, 2], timestamp=25890297, id=997, objectName='null', returnAddress='null'}
19:30:07.592 [QueueListener Request Queue test] DEBUG i.a.qbit.service.impl.ServiceImpl - ServiceImpl::receive() 
RESPONSE
ResponseImpl{address='add', params=null, body=3}
FROM CALL
MethodCallImpl{name='add', address='', params=io.advantageous.qbit.util.MultiMap$1@368b9426, body=[1, 2], timestamp=25890297, id=997, objectName='null', returnAddress='null'}


19:30:07.592 [QueueListener Request Queue test] DEBUG i.a.qbit.service.impl.ServiceImpl - ServiceImpl::doHandleMethodCall() METHOD CALLMethodCallImpl{name='add', address='', params=io.advantageous.qbit.util.MultiMap$1@368b9426, body=[1, 2], timestamp=25890297, id=998, objectName='null', returnAddress='null'}
19:30:07.592 [QueueListener Request Queue test] DEBUG i.a.qbit.service.impl.ServiceImpl - ServiceImpl::receive() 
RESPONSE
ResponseImpl{address='add', params=null, body=3}
FROM CALL
MethodCallImpl{name='add', address='', params=io.advantageous.qbit.util.MultiMap$1@368b9426, body=[1, 2], timestamp=25890297, id=998, objectName='null', returnAddress='null'}


19:30:07.592 [QueueListener Request Queue test] DEBUG i.a.qbit.service.impl.ServiceImpl - ServiceImpl::doHandleMethodCall() METHOD CALLMethodCallImpl{name='add', address='', params=io.advantageous.qbit.util.MultiMap$1@368b9426, body=[1, 2], timestamp=25890297, id=999, objectName='null', returnAddress='null'}
19:30:07.592 [QueueListener Request Queue test] DEBUG i.a.qbit.service.impl.ServiceImpl - ServiceImpl::receive() 
RESPONSE
ResponseImpl{address='add', params=null, body=3}
FROM CALL
MethodCallImpl{name='add', address='', params=io.advantageous.qbit.util.MultiMap$1@368b9426, body=[1, 2], timestamp=25890297, id=999, objectName='null', returnAddress='null'}


19:30:07.592 [QueueListener Request Queue test] DEBUG i.a.qbit.service.impl.ServiceImpl - ServiceImpl::doHandleMethodCall() METHOD CALLMethodCallImpl{name='add', address='', params=io.advantageous.qbit.util.MultiMap$1@368b9426, body=[1, 2], timestamp=25890297, id=1000, objectName='null', returnAddress='null'}
19:30:07.592 [QueueListener Request Queue test] DEBUG i.a.qbit.service.impl.ServiceImpl - ServiceImpl::receive() 
RESPONSE
ResponseImpl{address='add', params=null, body=3}
FROM CALL
MethodCallImpl{name='add', address='', params=io.advantageous.qbit.util.MultiMap$1@368b9426, body=[1, 2], timestamp=25890297, id=1000, objectName='null', returnAddress='null'}


19:30:07.592 [QueueListener Request Queue test] DEBUG i.a.qbit.service.impl.ServiceImpl - ServiceImpl::doHandleMethodCall() METHOD CALLMethodCallImpl{name='add', address='', params=io.advantageous.qbit.util.MultiMap$1@368b9426, body=[1, 2], timestamp=25890297, id=1001, objectName='null', returnAddress='null'}
19:30:07.592 [QueueListener Request Queue test] DEBUG i.a.qbit.service.impl.ServiceImpl - ServiceImpl::receive() 
RESPONSE
ResponseImpl{address='add', params=null, body=3}
FROM CALL
MethodCallImpl{name='add', address='', params=io.advantageous.qbit.util.MultiMap$1@368b9426, body=[1, 2], timestamp=25890297, id=1001, objectName='null', returnAddress='null'}


Queue Limit 
Queue Empty 
19:30:07.592 [QueueListener Request Queue test] DEBUG i.a.qbit.service.impl.ServiceImpl - ServiceImpl::doHandleMethodCall() METHOD CALLMethodCallImpl{name='add', address='', params=io.advantageous.qbit.util.MultiMap$1@368b9426, body=[1, 2], timestamp=25890297, id=1002, objectName='null', returnAddress='null'}
19:30:07.592 [QueueListener Request Queue test] DEBUG i.a.qbit.service.impl.ServiceImpl - ServiceImpl::receive() 
RESPONSE
ResponseImpl{address='add', params=null, body=3}
FROM CALL
MethodCallImpl{name='add', address='', params=io.advantageous.qbit.util.MultiMap$1@368b9426, body=[1, 2], timestamp=25890297, id=1002, objectName='null', returnAddress='null'}


19:30:07.592 [QueueListener Request Queue test] DEBUG i.a.qbit.service.impl.ServiceImpl - ServiceImpl::doHandleMethodCall() METHOD CALLMethodCallImpl{name='add', address='', params=io.advantageous.qbit.util.MultiMap$1@368b9426, body=[1, 2], timestamp=25890297, id=1003, objectName='null', returnAddress='null'}
19:30:07.592 [QueueListener Request Queue test] DEBUG i.a.qbit.service.impl.ServiceImpl - ServiceImpl::receive() 
RESPONSE
ResponseImpl{address='add', params=null, body=3}
FROM CALL
MethodCallImpl{name='add', address='', params=io.advantageous.qbit.util.MultiMap$1@368b9426, body=[1, 2], timestamp=25890297, id=1003, objectName='null', returnAddress='null'}


19:30:07.592 [QueueListener Request Queue test] DEBUG i.a.qbit.service.impl.ServiceImpl - ServiceImpl::doHandleMethodCall() METHOD CALLMethodCallImpl{name='add', address='', params=io.advantageous.qbit.util.MultiMap$1@368b9426, body=[1, 2], timestamp=25890297, id=1004, objectName='null', returnAddress='null'}
19:30:07.592 [QueueListener Request Queue test] DEBUG i.a.qbit.service.impl.ServiceImpl - ServiceImpl::receive() 
RESPONSE
ResponseImpl{address='add', params=null, body=3}
FROM CALL
MethodCallImpl{name='add', address='', params=io.advantageous.qbit.util.MultiMap$1@368b9426, body=[1, 2], timestamp=25890297, id=1004, objectName='null', returnAddress='null'}


19:30:07.592 [QueueListener Request Queue test] DEBUG i.a.qbit.service.impl.ServiceImpl - ServiceImpl::doHandleMethodCall() METHOD CALLMethodCallImpl{name='add', address='', params=io.advantageous.qbit.util.MultiMap$1@368b9426, body=[1, 2], timestamp=25890297, id=1005, objectName='null', returnAddress='null'}
19:30:07.592 [QueueListener Request Queue test] DEBUG i.a.qbit.service.impl.ServiceImpl - ServiceImpl::receive() 
RESPONSE
ResponseImpl{address='add', params=null, body=3}
FROM CALL
MethodCallImpl{name='add', address='', params=io.advantageous.qbit.util.MultiMap$1@368b9426, body=[1, 2], timestamp=25890297, id=1005, objectName='null', returnAddress='null'}


19:30:07.592 [QueueListener Request Queue test] DEBUG i.a.qbit.service.impl.ServiceImpl - ServiceImpl::doHandleMethodCall() METHOD CALLMethodCallImpl{name='add', address='', params=io.advantageous.qbit.util.MultiMap$1@368b9426, body=[1, 2], timestamp=25890297, id=1006, objectName='null', returnAddress='null'}
19:30:07.592 [QueueListener Request Queue test] DEBUG i.a.qbit.service.impl.ServiceImpl - ServiceImpl::receive() 
RESPONSE
ResponseImpl{address='add', params=null, body=3}
FROM CALL
MethodCallImpl{name='add', address='', params=io.advantageous.qbit.util.MultiMap$1@368b9426, body=[1, 2], timestamp=25890297, id=1006, objectName='null', returnAddress='null'}


19:30:07.592 [QueueListener Request Queue test] DEBUG i.a.qbit.service.impl.ServiceImpl - ServiceImpl::doHandleMethodCall() METHOD CALLMethodCallImpl{name='add', address='', params=io.advantageous.qbit.util.MultiMap$1@368b9426, body=[1, 2], timestamp=25890297, id=1007, objectName='null', returnAddress='null'}
19:30:07.592 [QueueListener Request Queue test] DEBUG i.a.qbit.service.impl.ServiceImpl - ServiceImpl::receive() 
RESPONSE
ResponseImpl{address='add', params=null, body=3}
FROM CALL
MethodCallImpl{name='add', address='', params=io.advantageous.qbit.util.MultiMap$1@368b9426, body=[1, 2], timestamp=25890297, id=1007, objectName='null', returnAddress='null'}


Queue Limit 
Queue Empty 
19:30:07.592 [QueueListener Request Queue test] DEBUG i.a.qbit.service.impl.ServiceImpl - ServiceImpl::doHandleMethodCall() METHOD CALLMethodCallImpl{name='add', address='', params=io.advantageous.qbit.util.MultiMap$1@368b9426, body=[1, 2], timestamp=25890297, id=1008, objectName='null', returnAddress='null'}
19:30:07.592 [QueueListener Request Queue test] DEBUG i.a.qbit.service.impl.ServiceImpl - ServiceImpl::receive() 
RESPONSE
ResponseImpl{address='add', params=null, body=3}
FROM CALL
MethodCallImpl{name='add', address='', params=io.advantageous.qbit.util.MultiMap$1@368b9426, body=[1, 2], timestamp=25890297, id=1008, objectName='null', returnAddress='null'}


19:30:07.592 [QueueListener Request Queue test] DEBUG i.a.qbit.service.impl.ServiceImpl - ServiceImpl::doHandleMethodCall() METHOD CALLMethodCallImpl{name='add', address='', params=io.advantageous.qbit.util.MultiMap$1@368b9426, body=[1, 2], timestamp=25890297, id=1009, objectName='null', returnAddress='null'}
19:30:07.592 [QueueListener Request Queue test] DEBUG i.a.qbit.service.impl.ServiceImpl - ServiceImpl::receive() 
RESPONSE
ResponseImpl{address='add', params=null, body=3}
FROM CALL
MethodCallImpl{name='add', address='', params=io.advantageous.qbit.util.MultiMap$1@368b9426, body=[1, 2], timestamp=25890297, id=1009, objectName='null', returnAddress='null'}


19:30:07.592 [QueueListener Request Queue test] DEBUG i.a.qbit.service.impl.ServiceImpl - ServiceImpl::doHandleMethodCall() METHOD CALLMethodCallImpl{name='add', address='', params=io.advantageous.qbit.util.MultiMap$1@368b9426, body=[1, 2], timestamp=25890297, id=1010, objectName='null', returnAddress='null'}
19:30:07.592 [QueueListener Request Queue test] DEBUG i.a.qbit.service.impl.ServiceImpl - ServiceImpl::receive() 
RESPONSE
ResponseImpl{address='add', params=null, body=3}
FROM CALL
MethodCallImpl{name='add', address='', params=io.advantageous.qbit.util.MultiMap$1@368b9426, body=[1, 2], timestamp=25890297, id=1010, objectName='null', returnAddress='null'}


19:30:07.592 [QueueListener Request Queue test] DEBUG i.a.qbit.service.impl.ServiceImpl - ServiceImpl::doHandleMethodCall() METHOD CALLMethodCallImpl{name='add', address='', params=io.advantageous.qbit.util.MultiMap$1@368b9426, body=[1, 2], timestamp=25890297, id=1011, objectName='null', returnAddress='null'}
19:30:07.592 [QueueListener Request Queue test] DEBUG i.a.qbit.service.impl.ServiceImpl - ServiceImpl::receive() 
RESPONSE
ResponseImpl{address='add', params=null, body=3}
FROM CALL
MethodCallImpl{name='add', address='', params=io.advantageous.qbit.util.MultiMap$1@368b9426, body=[1, 2], timestamp=25890297, id=1011, objectName='null', returnAddress='null'}


19:30:07.592 [QueueListener Request Queue test] DEBUG i.a.qbit.service.impl.ServiceImpl - ServiceImpl::doHandleMethodCall() METHOD CALLMethodCallImpl{name='add', address='', params=io.advantageous.qbit.util.MultiMap$1@368b9426, body=[1, 2], timestamp=25890297, id=1012, objectName='null', returnAddress='null'}
19:30:07.592 [QueueListener Request Queue test] DEBUG i.a.qbit.service.impl.ServiceImpl - ServiceImpl::receive() 
RESPONSE
ResponseImpl{address='add', params=null, body=3}
FROM CALL
MethodCallImpl{name='add', address='', params=io.advantageous.qbit.util.MultiMap$1@368b9426, body=[1, 2], timestamp=25890297, id=1012, objectName='null', returnAddress='null'}


19:30:07.593 [QueueListener Request Queue test] DEBUG i.a.qbit.service.impl.ServiceImpl - ServiceImpl::doHandleMethodCall() METHOD CALLMethodCallImpl{name='add', address='', params=io.advantageous.qbit.util.MultiMap$1@368b9426, body=[1, 2], timestamp=25890297, id=1013, objectName='null', returnAddress='null'}
19:30:07.593 [QueueListener Request Queue test] DEBUG i.a.qbit.service.impl.ServiceImpl - ServiceImpl::receive() 
RESPONSE
ResponseImpl{address='add', params=null, body=3}
FROM CALL
MethodCallImpl{name='add', address='', params=io.advantageous.qbit.util.MultiMap$1@368b9426, body=[1, 2], timestamp=25890297, id=1013, objectName='null', returnAddress='null'}


Queue Limit 
Queue Empty 
19:30:07.593 [QueueListener Request Queue test] DEBUG i.a.qbit.service.impl.ServiceImpl - ServiceImpl::doHandleMethodCall() METHOD CALLMethodCallImpl{name='add', address='', params=io.advantageous.qbit.util.MultiMap$1@368b9426, body=[1, 2], timestamp=25890297, id=1014, objectName='null', returnAddress='null'}
19:30:07.593 [QueueListener Request Queue test] DEBUG i.a.qbit.service.impl.ServiceImpl - ServiceImpl::receive() 
RESPONSE
ResponseImpl{address='add', params=null, body=3}
FROM CALL
MethodCallImpl{name='add', address='', params=io.advantageous.qbit.util.MultiMap$1@368b9426, body=[1, 2], timestamp=25890297, id=1014, objectName='null', returnAddress='null'}


19:30:07.593 [QueueListener Request Queue test] DEBUG i.a.qbit.service.impl.ServiceImpl - ServiceImpl::doHandleMethodCall() METHOD CALLMethodCallImpl{name='add', address='', params=io.advantageous.qbit.util.MultiMap$1@368b9426, body=[1, 2], timestamp=25890297, id=1015, objectName='null', returnAddress='null'}
19:30:07.593 [QueueListener Request Queue test] DEBUG i.a.qbit.service.impl.ServiceImpl - ServiceImpl::receive() 
RESPONSE
ResponseImpl{address='add', params=null, body=3}
FROM CALL
MethodCallImpl{name='add', address='', params=io.advantageous.qbit.util.MultiMap$1@368b9426, body=[1, 2], timestamp=25890297, id=1015, objectName='null', returnAddress='null'}


19:30:07.593 [QueueListener Request Queue test] DEBUG i.a.qbit.service.impl.ServiceImpl - ServiceImpl::doHandleMethodCall() METHOD CALLMethodCallImpl{name='add', address='', params=io.advantageous.qbit.util.MultiMap$1@368b9426, body=[1, 2], timestamp=25890297, id=1016, objectName='null', returnAddress='null'}
19:30:07.593 [QueueListener Request Queue test] DEBUG i.a.qbit.service.impl.ServiceImpl - ServiceImpl::receive() 
RESPONSE
ResponseImpl{address='add', params=null, body=3}
FROM CALL
MethodCallImpl{name='add', address='', params=io.advantageous.qbit.util.MultiMap$1@368b9426, body=[1, 2], timestamp=25890297, id=1016, objectName='null', returnAddress='null'}


19:30:07.593 [QueueListener Request Queue test] DEBUG i.a.qbit.service.impl.ServiceImpl - ServiceImpl::doHandleMethodCall() METHOD CALLMethodCallImpl{name='add', address='', params=io.advantageous.qbit.util.MultiMap$1@368b9426, body=[1, 2], timestamp=25890297, id=1017, objectName='null', returnAddress='null'}
19:30:07.593 [QueueListener Request Queue test] DEBUG i.a.qbit.service.impl.ServiceImpl - ServiceImpl::receive() 
RESPONSE
ResponseImpl{address='add', params=null, body=3}
FROM CALL
MethodCallImpl{name='add', address='', params=io.advantageous.qbit.util.MultiMap$1@368b9426, body=[1, 2], timestamp=25890297, id=1017, objectName='null', returnAddress='null'}


19:30:07.593 [QueueListener Request Queue test] DEBUG i.a.qbit.service.impl.ServiceImpl - ServiceImpl::doHandleMethodCall() METHOD CALLMethodCallImpl{name='add', address='', params=io.advantageous.qbit.util.MultiMap$1@368b9426, body=[1, 2], timestamp=25890297, id=1018, objectName='null', returnAddress='null'}
19:30:07.593 [QueueListener Request Queue test] DEBUG i.a.qbit.service.impl.ServiceImpl - ServiceImpl::receive() 
RESPONSE
ResponseImpl{address='add', params=null, body=3}
FROM CALL
MethodCallImpl{name='add', address='', params=io.advantageous.qbit.util.MultiMap$1@368b9426, body=[1, 2], timestamp=25890297, id=1018, objectName='null', returnAddress='null'}


19:30:07.593 [QueueListener Request Queue test] DEBUG i.a.qbit.service.impl.ServiceImpl - ServiceImpl::doHandleMethodCall() METHOD CALLMethodCallImpl{name='add', address='', params=io.advantageous.qbit.util.MultiMap$1@368b9426, body=[1, 2], timestamp=25890297, id=1019, objectName='null', returnAddress='null'}
19:30:07.593 [QueueListener Request Queue test] DEBUG i.a.qbit.service.impl.ServiceImpl - ServiceImpl::receive() 
RESPONSE
ResponseImpl{address='add', params=null, body=3}
FROM CALL
MethodCallImpl{name='add', address='', params=io.advantageous.qbit.util.MultiMap$1@368b9426, body=[1, 2], timestamp=25890297, id=1019, objectName='null', returnAddress='null'}


Queue Limit 
Queue Empty 
19:30:07.593 [QueueListener Request Queue test] DEBUG i.a.qbit.service.impl.ServiceImpl - ServiceImpl::doHandleMethodCall() METHOD CALLMethodCallImpl{name='add', address='', params=io.advantageous.qbit.util.MultiMap$1@368b9426, body=[1, 2], timestamp=25890297, id=1020, objectName='null', returnAddress='null'}
19:30:07.593 [QueueListener Request Queue test] DEBUG i.a.qbit.service.impl.ServiceImpl - ServiceImpl::receive() 
RESPONSE
ResponseImpl{address='add', params=null, body=3}
FROM CALL
MethodCallImpl{name='add', address='', params=io.advantageous.qbit.util.MultiMap$1@368b9426, body=[1, 2], timestamp=25890297, id=1020, objectName='null', returnAddress='null'}


19:30:07.593 [QueueListener Request Queue test] DEBUG i.a.qbit.service.impl.ServiceImpl - ServiceImpl::doHandleMethodCall() METHOD CALLMethodCallImpl{name='add', address='', params=io.advantageous.qbit.util.MultiMap$1@368b9426, body=[1, 2], timestamp=25890297, id=1021, objectName='null', returnAddress='null'}
19:30:07.593 [QueueListener Request Queue test] DEBUG i.a.qbit.service.impl.ServiceImpl - ServiceImpl::receive() 
RESPONSE
ResponseImpl{address='add', params=null, body=3}
FROM CALL
MethodCallImpl{name='add', address='', params=io.advantageous.qbit.util.MultiMap$1@368b9426, body=[1, 2], timestamp=25890297, id=1021, objectName='null', returnAddress='null'}


19:30:07.593 [QueueListener Request Queue test] DEBUG i.a.qbit.service.impl.ServiceImpl - ServiceImpl::doHandleMethodCall() METHOD CALLMethodCallImpl{name='add', address='', params=io.advantageous.qbit.util.MultiMap$1@368b9426, body=[1, 2], timestamp=25890297, id=1022, objectName='null', returnAddress='null'}
19:30:07.593 [QueueListener Request Queue test] DEBUG i.a.qbit.service.impl.ServiceImpl - ServiceImpl::receive() 
RESPONSE
ResponseImpl{address='add', params=null, body=3}
FROM CALL
MethodCallImpl{name='add', address='', params=io.advantageous.qbit.util.MultiMap$1@368b9426, body=[1, 2], timestamp=25890297, id=1022, objectName='null', returnAddress='null'}


19:30:07.593 [QueueListener Request Queue test] DEBUG i.a.qbit.service.impl.ServiceImpl - ServiceImpl::doHandleMethodCall() METHOD CALLMethodCallImpl{name='add', address='', params=io.advantageous.qbit.util.MultiMap$1@368b9426, body=[1, 2], timestamp=25890297, id=1023, objectName='null', returnAddress='null'}
19:30:07.593 [QueueListener Request Queue test] DEBUG i.a.qbit.service.impl.ServiceImpl - ServiceImpl::receive() 
RESPONSE
ResponseImpl{address='add', params=null, body=3}
FROM CALL
MethodCallImpl{name='add', address='', params=io.advantageous.qbit.util.MultiMap$1@368b9426, body=[1, 2], timestamp=25890297, id=1023, objectName='null', returnAddress='null'}


19:30:07.593 [QueueListener Request Queue test] DEBUG i.a.qbit.service.impl.ServiceImpl - ServiceImpl::doHandleMethodCall() METHOD CALLMethodCallImpl{name='add', address='', params=io.advantageous.qbit.util.MultiMap$1@368b9426, body=[1, 2], timestamp=25890297, id=1024, objectName='null', returnAddress='null'}
19:30:07.593 [QueueListener Request Queue test] DEBUG i.a.qbit.service.impl.ServiceImpl - ServiceImpl::receive() 
RESPONSE
ResponseImpl{address='add', params=null, body=3}
FROM CALL
MethodCallImpl{name='add', address='', params=io.advantageous.qbit.util.MultiMap$1@368b9426, body=[1, 2], timestamp=25890297, id=1024, objectName='null', returnAddress='null'}


19:30:07.593 [QueueListener Request Queue test] DEBUG i.a.qbit.service.impl.ServiceImpl - ServiceImpl::doHandleMethodCall() METHOD CALLMethodCallImpl{name='add', address='', params=io.advantageous.qbit.util.MultiMap$1@368b9426, body=[1, 2], timestamp=25890297, id=1025, objectName='null', returnAddress='null'}
19:30:07.593 [QueueListener Request Queue test] DEBUG i.a.qbit.service.impl.ServiceImpl - ServiceImpl::receive() 
RESPONSE
ResponseImpl{address='add', params=null, body=3}
FROM CALL
MethodCallImpl{name='add', address='', params=io.advantageous.qbit.util.MultiMap$1@368b9426, body=[1, 2], timestamp=25890297, id=1025, objectName='null', returnAddress='null'}


Queue Limit 
Queue Empty 
19:30:07.593 [QueueListener Request Queue test] DEBUG i.a.qbit.service.impl.ServiceImpl - ServiceImpl::doHandleMethodCall() METHOD CALLMethodCallImpl{name='add', address='', params=io.advantageous.qbit.util.MultiMap$1@368b9426, body=[1, 2], timestamp=25890297, id=1026, objectName='null', returnAddress='null'}
19:30:07.593 [QueueListener Request Queue test] DEBUG i.a.qbit.service.impl.ServiceImpl - ServiceImpl::receive() 
RESPONSE
ResponseImpl{address='add', params=null, body=3}
FROM CALL
MethodCallImpl{name='add', address='', params=io.advantageous.qbit.util.MultiMap$1@368b9426, body=[1, 2], timestamp=25890297, id=1026, objectName='null', returnAddress='null'}


19:30:07.593 [QueueListener Request Queue test] DEBUG i.a.qbit.service.impl.ServiceImpl - ServiceImpl::doHandleMethodCall() METHOD CALLMethodCallImpl{name='add', address='', params=io.advantageous.qbit.util.MultiMap$1@368b9426, body=[1, 2], timestamp=25890297, id=1027, objectName='null', returnAddress='null'}
19:30:07.593 [QueueListener Request Queue test] DEBUG i.a.qbit.service.impl.ServiceImpl - ServiceImpl::receive() 
RESPONSE
ResponseImpl{address='add', params=null, body=3}
FROM CALL
MethodCallImpl{name='add', address='', params=io.advantageous.qbit.util.MultiMap$1@368b9426, body=[1, 2], timestamp=25890297, id=1027, objectName='null', returnAddress='null'}


19:30:07.593 [QueueListener Request Queue test] DEBUG i.a.qbit.service.impl.ServiceImpl - ServiceImpl::doHandleMethodCall() METHOD CALLMethodCallImpl{name='add', address='', params=io.advantageous.qbit.util.MultiMap$1@368b9426, body=[1, 2], timestamp=25890297, id=1028, objectName='null', returnAddress='null'}
19:30:07.593 [QueueListener Request Queue test] DEBUG i.a.qbit.service.impl.ServiceImpl - ServiceImpl::receive() 
RESPONSE
ResponseImpl{address='add', params=null, body=3}
FROM CALL
MethodCallImpl{name='add', address='', params=io.advantageous.qbit.util.MultiMap$1@368b9426, body=[1, 2], timestamp=25890297, id=1028, objectName='null', returnAddress='null'}


19:30:07.593 [QueueListener Request Queue test] DEBUG i.a.qbit.service.impl.ServiceImpl - ServiceImpl::doHandleMethodCall() METHOD CALLMethodCallImpl{name='add', address='', params=io.advantageous.qbit.util.MultiMap$1@368b9426, body=[1, 2], timestamp=25890297, id=1029, objectName='null', returnAddress='null'}
19:30:07.593 [QueueListener Request Queue test] DEBUG i.a.qbit.service.impl.ServiceImpl - ServiceImpl::receive() 
RESPONSE
ResponseImpl{address='add', params=null, body=3}
FROM CALL
MethodCallImpl{name='add', address='', params=io.advantageous.qbit.util.MultiMap$1@368b9426, body=[1, 2], timestamp=25890297, id=1029, objectName='null', returnAddress='null'}


19:30:07.593 [QueueListener Request Queue test] DEBUG i.a.qbit.service.impl.ServiceImpl - ServiceImpl::doHandleMethodCall() METHOD CALLMethodCallImpl{name='add', address='', params=io.advantageous.qbit.util.MultiMap$1@368b9426, body=[1, 2], timestamp=25890297, id=1030, objectName='null', returnAddress='null'}
19:30:07.593 [QueueListener Request Queue test] DEBUG i.a.qbit.service.impl.ServiceImpl - ServiceImpl::receive() 
RESPONSE
ResponseImpl{address='add', params=null, body=3}
FROM CALL
MethodCallImpl{name='add', address='', params=io.advantageous.qbit.util.MultiMap$1@368b9426, body=[1, 2], timestamp=25890297, id=1030, objectName='null', returnAddress='null'}


19:30:07.593 [QueueListener Request Queue test] DEBUG i.a.qbit.service.impl.ServiceImpl - ServiceImpl::doHandleMethodCall() METHOD CALLMethodCallImpl{name='add', address='', params=io.advantageous.qbit.util.MultiMap$1@368b9426, body=[1, 2], timestamp=25890297, id=1031, objectName='null', returnAddress='null'}
19:30:07.593 [QueueListener Request Queue test] DEBUG i.a.qbit.service.impl.ServiceImpl - ServiceImpl::receive() 
RESPONSE
ResponseImpl{address='add', params=null, body=3}
FROM CALL
MethodCallImpl{name='add', address='', params=io.advantageous.qbit.util.MultiMap$1@368b9426, body=[1, 2], timestamp=25890297, id=1031, objectName='null', returnAddress='null'}


Queue Limit 
Queue Empty 
19:30:07.593 [QueueListener Request Queue test] DEBUG i.a.qbit.service.impl.ServiceImpl - ServiceImpl::doHandleMethodCall() METHOD CALLMethodCallImpl{name='add', address='', params=io.advantageous.qbit.util.MultiMap$1@368b9426, body=[1, 2], timestamp=25890297, id=1032, objectName='null', returnAddress='null'}
19:30:07.594 [QueueListener Request Queue test] DEBUG i.a.qbit.service.impl.ServiceImpl - ServiceImpl::receive() 
RESPONSE
ResponseImpl{address='add', params=null, body=3}
FROM CALL
MethodCallImpl{name='add', address='', params=io.advantageous.qbit.util.MultiMap$1@368b9426, body=[1, 2], timestamp=25890297, id=1032, objectName='null', returnAddress='null'}


19:30:07.594 [QueueListener Request Queue test] DEBUG i.a.qbit.service.impl.ServiceImpl - ServiceImpl::doHandleMethodCall() METHOD CALLMethodCallImpl{name='add', address='', params=io.advantageous.qbit.util.MultiMap$1@368b9426, body=[1, 2], timestamp=25890297, id=1033, objectName='null', returnAddress='null'}
19:30:07.594 [QueueListener Request Queue test] DEBUG i.a.qbit.service.impl.ServiceImpl - ServiceImpl::receive() 
RESPONSE
ResponseImpl{address='add', params=null, body=3}
FROM CALL
MethodCallImpl{name='add', address='', params=io.advantageous.qbit.util.MultiMap$1@368b9426, body=[1, 2], timestamp=25890297, id=1033, objectName='null', returnAddress='null'}


19:30:07.594 [QueueListener Request Queue test] DEBUG i.a.qbit.service.impl.ServiceImpl - ServiceImpl::doHandleMethodCall() METHOD CALLMethodCallImpl{name='add', address='', params=io.advantageous.qbit.util.MultiMap$1@368b9426, body=[1, 2], timestamp=25890297, id=1034, objectName='null', returnAddress='null'}
19:30:07.594 [QueueListener Request Queue test] DEBUG i.a.qbit.service.impl.ServiceImpl - ServiceImpl::receive() 
RESPONSE
ResponseImpl{address='add', params=null, body=3}
FROM CALL
MethodCallImpl{name='add', address='', params=io.advantageous.qbit.util.MultiMap$1@368b9426, body=[1, 2], timestamp=25890297, id=1034, objectName='null', returnAddress='null'}


19:30:07.594 [QueueListener Request Queue test] DEBUG i.a.qbit.service.impl.ServiceImpl - ServiceImpl::doHandleMethodCall() METHOD CALLMethodCallImpl{name='add', address='', params=io.advantageous.qbit.util.MultiMap$1@368b9426, body=[1, 2], timestamp=25890297, id=1035, objectName='null', returnAddress='null'}
19:30:07.594 [QueueListener Request Queue test] DEBUG i.a.qbit.service.impl.ServiceImpl - ServiceImpl::receive() 
RESPONSE
ResponseImpl{address='add', params=null, body=3}
FROM CALL
MethodCallImpl{name='add', address='', params=io.advantageous.qbit.util.MultiMap$1@368b9426, body=[1, 2], timestamp=25890297, id=1035, objectName='null', returnAddress='null'}


19:30:07.594 [QueueListener Request Queue test] DEBUG i.a.qbit.service.impl.ServiceImpl - ServiceImpl::doHandleMethodCall() METHOD CALLMethodCallImpl{name='add', address='', params=io.advantageous.qbit.util.MultiMap$1@368b9426, body=[1, 2], timestamp=25890297, id=1036, objectName='null', returnAddress='null'}
19:30:07.594 [QueueListener Request Queue test] DEBUG i.a.qbit.service.impl.ServiceImpl - ServiceImpl::receive() 
RESPONSE
ResponseImpl{address='add', params=null, body=3}
FROM CALL
MethodCallImpl{name='add', address='', params=io.advantageous.qbit.util.MultiMap$1@368b9426, body=[1, 2], timestamp=25890297, id=1036, objectName='null', returnAddress='null'}


19:30:07.594 [QueueListener Request Queue test] DEBUG i.a.qbit.service.impl.ServiceImpl - ServiceImpl::doHandleMethodCall() METHOD CALLMethodCallImpl{name='add', address='', params=io.advantageous.qbit.util.MultiMap$1@368b9426, body=[1, 2], timestamp=25890297, id=1037, objectName='null', returnAddress='null'}
19:30:07.594 [QueueListener Request Queue test] DEBUG i.a.qbit.service.impl.ServiceImpl - ServiceImpl::receive() 
RESPONSE
ResponseImpl{address='add', params=null, body=3}
FROM CALL
MethodCallImpl{name='add', address='', params=io.advantageous.qbit.util.MultiMap$1@368b9426, body=[1, 2], timestamp=25890297, id=1037, objectName='null', returnAddress='null'}


Queue Limit 
Queue Empty 
19:30:07.594 [QueueListener Request Queue test] DEBUG i.a.qbit.service.impl.ServiceImpl - ServiceImpl::doHandleMethodCall() METHOD CALLMethodCallImpl{name='add', address='', params=io.advantageous.qbit.util.MultiMap$1@368b9426, body=[1, 2], timestamp=25890297, id=1038, objectName='null', returnAddress='null'}
19:30:07.594 [QueueListener Request Queue test] DEBUG i.a.qbit.service.impl.ServiceImpl - ServiceImpl::receive() 
RESPONSE
ResponseImpl{address='add', params=null, body=3}
FROM CALL
MethodCallImpl{name='add', address='', params=io.advantageous.qbit.util.MultiMap$1@368b9426, body=[1, 2], timestamp=25890297, id=1038, objectName='null', returnAddress='null'}


19:30:07.594 [QueueListener Request Queue test] DEBUG i.a.qbit.service.impl.ServiceImpl - ServiceImpl::doHandleMethodCall() METHOD CALLMethodCallImpl{name='add', address='', params=io.advantageous.qbit.util.MultiMap$1@368b9426, body=[1, 2], timestamp=25890297, id=1039, objectName='null', returnAddress='null'}
19:30:07.594 [QueueListener Request Queue test] DEBUG i.a.qbit.service.impl.ServiceImpl - ServiceImpl::receive() 
RESPONSE
ResponseImpl{address='add', params=null, body=3}
FROM CALL
MethodCallImpl{name='add', address='', params=io.advantageous.qbit.util.MultiMap$1@368b9426, body=[1, 2], timestamp=25890297, id=1039, objectName='null', returnAddress='null'}


19:30:07.594 [QueueListener Request Queue test] DEBUG i.a.qbit.service.impl.ServiceImpl - ServiceImpl::doHandleMethodCall() METHOD CALLMethodCallImpl{name='add', address='', params=io.advantageous.qbit.util.MultiMap$1@368b9426, body=[1, 2], timestamp=25890297, id=1040, objectName='null', returnAddress='null'}
19:30:07.594 [QueueListener Request Queue test] DEBUG i.a.qbit.service.impl.ServiceImpl - ServiceImpl::receive() 
RESPONSE
ResponseImpl{address='add', params=null, body=3}
FROM CALL
MethodCallImpl{name='add', address='', params=io.advantageous.qbit.util.MultiMap$1@368b9426, body=[1, 2], timestamp=25890297, id=1040, objectName='null', returnAddress='null'}


19:30:07.594 [QueueListener Request Queue test] DEBUG i.a.qbit.service.impl.ServiceImpl - ServiceImpl::doHandleMethodCall() METHOD CALLMethodCallImpl{name='add', address='', params=io.advantageous.qbit.util.MultiMap$1@368b9426, body=[1, 2], timestamp=25890297, id=1041, objectName='null', returnAddress='null'}
19:30:07.594 [QueueListener Request Queue test] DEBUG i.a.qbit.service.impl.ServiceImpl - ServiceImpl::receive() 
RESPONSE
ResponseImpl{address='add', params=null, body=3}
FROM CALL
MethodCallImpl{name='add', address='', params=io.advantageous.qbit.util.MultiMap$1@368b9426, body=[1, 2], timestamp=25890297, id=1041, objectName='null', returnAddress='null'}


19:30:07.594 [QueueListener Request Queue test] DEBUG i.a.qbit.service.impl.ServiceImpl - ServiceImpl::doHandleMethodCall() METHOD CALLMethodCallImpl{name='add', address='', params=io.advantageous.qbit.util.MultiMap$1@368b9426, body=[1, 2], timestamp=25890297, id=1042, objectName='null', returnAddress='null'}
19:30:07.594 [QueueListener Request Queue test] DEBUG i.a.qbit.service.impl.ServiceImpl - ServiceImpl::receive() 
RESPONSE
ResponseImpl{address='add', params=null, body=3}
FROM CALL
MethodCallImpl{name='add', address='', params=io.advantageous.qbit.util.MultiMap$1@368b9426, body=[1, 2], timestamp=25890297, id=1042, objectName='null', returnAddress='null'}


19:30:07.594 [QueueListener Request Queue test] DEBUG i.a.qbit.service.impl.ServiceImpl - ServiceImpl::doHandleMethodCall() METHOD CALLMethodCallImpl{name='add', address='', params=io.advantageous.qbit.util.MultiMap$1@368b9426, body=[1, 2], timestamp=25890297, id=1043, objectName='null', returnAddress='null'}
19:30:07.594 [QueueListener Request Queue test] DEBUG i.a.qbit.service.impl.ServiceImpl - ServiceImpl::receive() 
RESPONSE
ResponseImpl{address='add', params=null, body=3}
FROM CALL
MethodCallImpl{name='add', address='', params=io.advantageous.qbit.util.MultiMap$1@368b9426, body=[1, 2], timestamp=25890297, id=1043, objectName='null', returnAddress='null'}


Queue Limit 
Queue Empty 
19:30:07.594 [QueueListener Request Queue test] DEBUG i.a.qbit.service.impl.ServiceImpl - ServiceImpl::doHandleMethodCall() METHOD CALLMethodCallImpl{name='add', address='', params=io.advantageous.qbit.util.MultiMap$1@368b9426, body=[1, 2], timestamp=25890297, id=1044, objectName='null', returnAddress='null'}
19:30:07.594 [QueueListener Request Queue test] DEBUG i.a.qbit.service.impl.ServiceImpl - ServiceImpl::receive() 
RESPONSE
ResponseImpl{address='add', params=null, body=3}
FROM CALL
MethodCallImpl{name='add', address='', params=io.advantageous.qbit.util.MultiMap$1@368b9426, body=[1, 2], timestamp=25890297, id=1044, objectName='null', returnAddress='null'}


19:30:07.594 [QueueListener Request Queue test] DEBUG i.a.qbit.service.impl.ServiceImpl - ServiceImpl::doHandleMethodCall() METHOD CALLMethodCallImpl{name='add', address='', params=io.advantageous.qbit.util.MultiMap$1@368b9426, body=[1, 2], timestamp=25890297, id=1045, objectName='null', returnAddress='null'}
19:30:07.594 [QueueListener Request Queue test] DEBUG i.a.qbit.service.impl.ServiceImpl - ServiceImpl::receive() 
RESPONSE
ResponseImpl{address='add', params=null, body=3}
FROM CALL
MethodCallImpl{name='add', address='', params=io.advantageous.qbit.util.MultiMap$1@368b9426, body=[1, 2], timestamp=25890297, id=1045, objectName='null', returnAddress='null'}


19:30:07.594 [QueueListener Request Queue test] DEBUG i.a.qbit.service.impl.ServiceImpl - ServiceImpl::doHandleMethodCall() METHOD CALLMethodCallImpl{name='add', address='', params=io.advantageous.qbit.util.MultiMap$1@368b9426, body=[1, 2], timestamp=25890297, id=1046, objectName='null', returnAddress='null'}
19:30:07.594 [QueueListener Request Queue test] DEBUG i.a.qbit.service.impl.ServiceImpl - ServiceImpl::receive() 
RESPONSE
ResponseImpl{address='add', params=null, body=3}
FROM CALL
MethodCallImpl{name='add', address='', params=io.advantageous.qbit.util.MultiMap$1@368b9426, body=[1, 2], timestamp=25890297, id=1046, objectName='null', returnAddress='null'}


19:30:07.594 [QueueListener Request Queue test] DEBUG i.a.qbit.service.impl.ServiceImpl - ServiceImpl::doHandleMethodCall() METHOD CALLMethodCallImpl{name='add', address='', params=io.advantageous.qbit.util.MultiMap$1@368b9426, body=[1, 2], timestamp=25890297, id=1047, objectName='null', returnAddress='null'}
19:30:07.594 [QueueListener Request Queue test] DEBUG i.a.qbit.service.impl.ServiceImpl - ServiceImpl::receive() 
RESPONSE
ResponseImpl{address='add', params=null, body=3}
FROM CALL
MethodCallImpl{name='add', address='', params=io.advantageous.qbit.util.MultiMap$1@368b9426, body=[1, 2], timestamp=25890297, id=1047, objectName='null', returnAddress='null'}


19:30:07.594 [QueueListener Request Queue test] DEBUG i.a.qbit.service.impl.ServiceImpl - ServiceImpl::doHandleMethodCall() METHOD CALLMethodCallImpl{name='add', address='', params=io.advantageous.qbit.util.MultiMap$1@368b9426, body=[1, 2], timestamp=25890297, id=1048, objectName='null', returnAddress='null'}
19:30:07.594 [QueueListener Request Queue test] DEBUG i.a.qbit.service.impl.ServiceImpl - ServiceImpl::receive() 
RESPONSE
ResponseImpl{address='add', params=null, body=3}
FROM CALL
MethodCallImpl{name='add', address='', params=io.advantageous.qbit.util.MultiMap$1@368b9426, body=[1, 2], timestamp=25890297, id=1048, objectName='null', returnAddress='null'}


19:30:07.594 [QueueListener Request Queue test] DEBUG i.a.qbit.service.impl.ServiceImpl - ServiceImpl::doHandleMethodCall() METHOD CALLMethodCallImpl{name='add', address='', params=io.advantageous.qbit.util.MultiMap$1@368b9426, body=[1, 2], timestamp=25890297, id=1049, objectName='null', returnAddress='null'}
19:30:07.594 [QueueListener Request Queue test] DEBUG i.a.qbit.service.impl.ServiceImpl - ServiceImpl::receive() 
RESPONSE
ResponseImpl{address='add', params=null, body=3}
FROM CALL
MethodCallImpl{name='add', address='', params=io.advantageous.qbit.util.MultiMap$1@368b9426, body=[1, 2], timestamp=25890297, id=1049, objectName='null', returnAddress='null'}


Queue Limit 
Queue Empty 
19:30:07.594 [QueueListener Request Queue test] DEBUG i.a.qbit.service.impl.ServiceImpl - ServiceImpl::doHandleMethodCall() METHOD CALLMethodCallImpl{name='add', address='', params=io.advantageous.qbit.util.MultiMap$1@368b9426, body=[1, 2], timestamp=25890297, id=1050, objectName='null', returnAddress='null'}
19:30:07.594 [QueueListener Request Queue test] DEBUG i.a.qbit.service.impl.ServiceImpl - ServiceImpl::receive() 
RESPONSE
ResponseImpl{address='add', params=null, body=3}
FROM CALL
MethodCallImpl{name='add', address='', params=io.advantageous.qbit.util.MultiMap$1@368b9426, body=[1, 2], timestamp=25890297, id=1050, objectName='null', returnAddress='null'}


19:30:07.594 [QueueListener Request Queue test] DEBUG i.a.qbit.service.impl.ServiceImpl - ServiceImpl::doHandleMethodCall() METHOD CALLMethodCallImpl{name='add', address='', params=io.advantageous.qbit.util.MultiMap$1@368b9426, body=[1, 2], timestamp=25890297, id=1051, objectName='null', returnAddress='null'}
19:30:07.594 [QueueListener Request Queue test] DEBUG i.a.qbit.service.impl.ServiceImpl - ServiceImpl::receive() 
RESPONSE
ResponseImpl{address='add', params=null, body=3}
FROM CALL
MethodCallImpl{name='add', address='', params=io.advantageous.qbit.util.MultiMap$1@368b9426, body=[1, 2], timestamp=25890297, id=1051, objectName='null', returnAddress='null'}


19:30:07.594 [QueueListener Request Queue test] DEBUG i.a.qbit.service.impl.ServiceImpl - ServiceImpl::doHandleMethodCall() METHOD CALLMethodCallImpl{name='add', address='', params=io.advantageous.qbit.util.MultiMap$1@368b9426, body=[1, 2], timestamp=25890297, id=1052, objectName='null', returnAddress='null'}
19:30:07.594 [QueueListener Request Queue test] DEBUG i.a.qbit.service.impl.ServiceImpl - ServiceImpl::receive() 
RESPONSE
ResponseImpl{address='add', params=null, body=3}
FROM CALL
MethodCallImpl{name='add', address='', params=io.advantageous.qbit.util.MultiMap$1@368b9426, body=[1, 2], timestamp=25890297, id=1052, objectName='null', returnAddress='null'}


19:30:07.594 [QueueListener Request Queue test] DEBUG i.a.qbit.service.impl.ServiceImpl - ServiceImpl::doHandleMethodCall() METHOD CALLMethodCallImpl{name='add', address='', params=io.advantageous.qbit.util.MultiMap$1@368b9426, body=[1, 2], timestamp=25890297, id=1053, objectName='null', returnAddress='null'}
19:30:07.594 [QueueListener Request Queue test] DEBUG i.a.qbit.service.impl.ServiceImpl - ServiceImpl::receive() 
RESPONSE
ResponseImpl{address='add', params=null, body=3}
FROM CALL
MethodCallImpl{name='add', address='', params=io.advantageous.qbit.util.MultiMap$1@368b9426, body=[1, 2], timestamp=25890297, id=1053, objectName='null', returnAddress='null'}


19:30:07.594 [QueueListener Request Queue test] DEBUG i.a.qbit.service.impl.ServiceImpl - ServiceImpl::doHandleMethodCall() METHOD CALLMethodCallImpl{name='add', address='', params=io.advantageous.qbit.util.MultiMap$1@368b9426, body=[1, 2], timestamp=25890297, id=1054, objectName='null', returnAddress='null'}
19:30:07.594 [QueueListener Request Queue test] DEBUG i.a.qbit.service.impl.ServiceImpl - ServiceImpl::receive() 
RESPONSE
ResponseImpl{address='add', params=null, body=3}
FROM CALL
MethodCallImpl{name='add', address='', params=io.advantageous.qbit.util.MultiMap$1@368b9426, body=[1, 2], timestamp=25890297, id=1054, objectName='null', returnAddress='null'}


19:30:07.594 [QueueListener Request Queue test] DEBUG i.a.qbit.service.impl.ServiceImpl - ServiceImpl::doHandleMethodCall() METHOD CALLMethodCallImpl{name='add', address='', params=io.advantageous.qbit.util.MultiMap$1@368b9426, body=[1, 2], timestamp=25890297, id=1055, objectName='null', returnAddress='null'}
19:30:07.594 [QueueListener Request Queue test] DEBUG i.a.qbit.service.impl.ServiceImpl - ServiceImpl::receive() 
RESPONSE
ResponseImpl{address='add', params=null, body=3}
FROM CALL
MethodCallImpl{name='add', address='', params=io.advantageous.qbit.util.MultiMap$1@368b9426, body=[1, 2], timestamp=25890297, id=1055, objectName='null', returnAddress='null'}


Queue Limit 
Queue Empty 
19:30:07.594 [QueueListener Request Queue test] DEBUG i.a.qbit.service.impl.ServiceImpl - ServiceImpl::doHandleMethodCall() METHOD CALLMethodCallImpl{name='add', address='', params=io.advantageous.qbit.util.MultiMap$1@368b9426, body=[1, 2], timestamp=25890297, id=1056, objectName='null', returnAddress='null'}
19:30:07.594 [QueueListener Request Queue test] DEBUG i.a.qbit.service.impl.ServiceImpl - ServiceImpl::receive() 
RESPONSE
ResponseImpl{address='add', params=null, body=3}
FROM CALL
MethodCallImpl{name='add', address='', params=io.advantageous.qbit.util.MultiMap$1@368b9426, body=[1, 2], timestamp=25890297, id=1056, objectName='null', returnAddress='null'}


19:30:07.594 [QueueListener Request Queue test] DEBUG i.a.qbit.service.impl.ServiceImpl - ServiceImpl::doHandleMethodCall() METHOD CALLMethodCallImpl{name='add', address='', params=io.advantageous.qbit.util.MultiMap$1@368b9426, body=[1, 2], timestamp=25890297, id=1057, objectName='null', returnAddress='null'}
19:30:07.595 [QueueListener Request Queue test] DEBUG i.a.qbit.service.impl.ServiceImpl - ServiceImpl::receive() 
RESPONSE
ResponseImpl{address='add', params=null, body=3}
FROM CALL
MethodCallImpl{name='add', address='', params=io.advantageous.qbit.util.MultiMap$1@368b9426, body=[1, 2], timestamp=25890297, id=1057, objectName='null', returnAddress='null'}


19:30:07.595 [QueueListener Request Queue test] DEBUG i.a.qbit.service.impl.ServiceImpl - ServiceImpl::doHandleMethodCall() METHOD CALLMethodCallImpl{name='add', address='', params=io.advantageous.qbit.util.MultiMap$1@368b9426, body=[1, 2], timestamp=25890297, id=1058, objectName='null', returnAddress='null'}
19:30:07.595 [QueueListener Request Queue test] DEBUG i.a.qbit.service.impl.ServiceImpl - ServiceImpl::receive() 
RESPONSE
ResponseImpl{address='add', params=null, body=3}
FROM CALL
MethodCallImpl{name='add', address='', params=io.advantageous.qbit.util.MultiMap$1@368b9426, body=[1, 2], timestamp=25890297, id=1058, objectName='null', returnAddress='null'}


19:30:07.595 [QueueListener Request Queue test] DEBUG i.a.qbit.service.impl.ServiceImpl - ServiceImpl::doHandleMethodCall() METHOD CALLMethodCallImpl{name='add', address='', params=io.advantageous.qbit.util.MultiMap$1@368b9426, body=[1, 2], timestamp=25890297, id=1059, objectName='null', returnAddress='null'}
19:30:07.595 [QueueListener Request Queue test] DEBUG i.a.qbit.service.impl.ServiceImpl - ServiceImpl::receive() 
RESPONSE
ResponseImpl{address='add', params=null, body=3}
FROM CALL
MethodCallImpl{name='add', address='', params=io.advantageous.qbit.util.MultiMap$1@368b9426, body=[1, 2], timestamp=25890297, id=1059, objectName='null', returnAddress='null'}


Queue Empty 
Queue Idle 
Queue Empty 
Queue Idle 
Queue Empty 
Queue Idle 
Queue Empty 
Queue Idle 
Queue Empty 
19:30:10.467 [Test worker] DEBUG i.a.qbit.service.impl.ServiceImpl - ServiceImpl<<constr>> null test  io.advantageous.qbit.service.impl.RegularCalls$Adder@75ab0f32 1000 MILLISECONDS 10 io.advantageous.qbit.service.impl.BoonServiceMethodCallHandler@4c0b6f35 null
19:30:10.468 [Test worker] DEBUG i.a.qbit.service.impl.ServiceImpl - RESPONSE QUEUE WAS NULL CREATING ONE
19:30:10.521 [QueueListener Request Queue test] DEBUG i.a.qbit.service.impl.ServiceImpl - ServiceImpl::doHandleMethodCall() METHOD CALLMethodCallImpl{name='add', address='', params=io.advantageous.qbit.util.MultiMap$1@368b9426, body=[1, 2], timestamp=25893373, id=1060, objectName='null', returnAddress='null'}
19:30:10.521 [QueueListener Request Queue test] DEBUG i.a.qbit.service.impl.ServiceImpl - ServiceImpl::receive() 
RESPONSE
ResponseImpl{address='add', params=null, body=3}
FROM CALL
MethodCallImpl{name='add', address='', params=io.advantageous.qbit.util.MultiMap$1@368b9426, body=[1, 2], timestamp=25893373, id=1060, objectName='null', returnAddress='null'}


19:30:10.521 [QueueListener Request Queue test] DEBUG i.a.qbit.service.impl.ServiceImpl - ServiceImpl::doHandleMethodCall() METHOD CALLMethodCallImpl{name='add', address='', params=io.advantageous.qbit.util.MultiMap$1@368b9426, body=[4, 5], timestamp=25893373, id=1061, objectName='null', returnAddress='null'}
19:30:10.521 [QueueListener Request Queue test] DEBUG i.a.qbit.service.impl.ServiceImpl - ServiceImpl::receive() 
RESPONSE
ResponseImpl{address='add', params=null, body=9}
FROM CALL
MethodCallImpl{name='add', address='', params=io.advantageous.qbit.util.MultiMap$1@368b9426, body=[4, 5], timestamp=25893373, id=1061, objectName='null', returnAddress='null'}


Queue Empty 
19:30:10.522 [Test worker] DEBUG i.a.qbit.service.impl.ServiceImpl - ServiceImpl<<constr>> null test  io.advantageous.qbit.service.impl.RegularCalls$Adder@b6f9969 1000 MILLISECONDS 10 io.advantageous.qbit.service.impl.BoonServiceMethodCallHandler@2690d5a9 null
19:30:10.522 [Test worker] DEBUG i.a.qbit.service.impl.ServiceImpl - RESPONSE QUEUE WAS NULL CREATING ONE
19:30:10.576 [QueueListener Request Queue test] DEBUG i.a.qbit.service.impl.ServiceImpl - ServiceImpl::doHandleMethodCall() METHOD CALLMethodCallImpl{name='add', address='', params=io.advantageous.qbit.util.MultiMap$1@368b9426, body=[1, 2], timestamp=25893418, id=1062, objectName='null', returnAddress='null'}
19:30:10.576 [QueueListener Request Queue test] DEBUG i.a.qbit.service.impl.ServiceImpl - ServiceImpl::receive() 
RESPONSE
ResponseImpl{address='add', params=null, body=3}
FROM CALL
MethodCallImpl{name='add', address='', params=io.advantageous.qbit.util.MultiMap$1@368b9426, body=[1, 2], timestamp=25893418, id=1062, objectName='null', returnAddress='null'}


19:30:10.576 [QueueListener Request Queue test] DEBUG i.a.qbit.service.impl.ServiceImpl - ServiceImpl::doHandleMethodCall() METHOD CALLMethodCallImpl{name='add', address='', params=io.advantageous.qbit.util.MultiMap$1@368b9426, body=[4, 5], timestamp=25893418, id=1063, objectName='null', returnAddress='null'}
19:30:10.576 [QueueListener Request Queue test] DEBUG i.a.qbit.service.impl.ServiceImpl - ServiceImpl::receive() 
RESPONSE
ResponseImpl{address='add', params=null, body=9}
FROM CALL
MethodCallImpl{name='add', address='', params=io.advantageous.qbit.util.MultiMap$1@368b9426, body=[4, 5], timestamp=25893418, id=1063, objectName='null', returnAddress='null'}


Queue Empty 
]]></system-out>
  <system-err><![CDATA[]]></system-err>
</testsuite>
