<?xml version="1.0" encoding="UTF-8"?>
<testsuite name="io.advantageous.qbit.service.bundle.example.todo.TodoServiceWithServiceBundleTest" tests="3" skipped="0" failures="0" errors="0" timestamp="2014-11-20T03:30:06" hostname="gcc-home.local" time="0.319">
  <properties/>
  <testcase name="testWithBundleUsingAddress" classname="io.advantageous.qbit.service.bundle.example.todo.TodoServiceWithServiceBundleTest" time="0.107"/>
  <testcase name="testWithBundleUsingObjectName" classname="io.advantageous.qbit.service.bundle.example.todo.TodoServiceWithServiceBundleTest" time="0.107"/>
  <testcase name="testWithBundleUsingAddressRequestMappings" classname="io.advantageous.qbit.service.bundle.example.todo.TodoServiceWithServiceBundleTest" time="0.105"/>
  <system-out><![CDATA[19:30:06.964 [Test worker] DEBUG i.a.q.service.impl.ServiceBundleImpl - io.advantageous.qbit.service.impl.ServiceBundleImpl serviceAddress null service object io.advantageous.qbit.service.bundle.example.todo.TodoService@6a43c4f3
19:30:06.964 [Test worker] DEBUG i.a.qbit.service.impl.ServiceImpl - ServiceImpl<<constr>> /services null  io.advantageous.qbit.service.bundle.example.todo.TodoService@6a43c4f3 5 MILLISECONDS 50 io.advantageous.qbit.service.impl.BoonServiceMethodCallHandler@3f5b77c3 io.advantageous.qbit.queue.impl.BasicQueue@1583980b
19:30:06.964 [Test worker] DEBUG i.a.q.service.impl.ServiceBundleImpl - io.advantageous.qbit.service.impl.ServiceBundleImpl addresses: [/services/todo-manager/ADD, /services/todo-manager/LIST, /services/todo-manager/TIMEOUT, /services/todo-manager/add, /services/todo-manager/list, /services/todo-manager/timeout, /services/todo-manager/todo, /services/todo-manager/todo/list/]
19:30:06.964 [Test worker] DEBUG i.a.q.service.impl.ServiceBundleImpl - io.advantageous.qbit.service.impl.ServiceBundleImpl::call()   /services/todo-manager/add
MethodCallImpl{name='', address='/services/todo-manager/add', params=null, body=TodoItem{name='call mom', description='give mom a call', dueDate=Wed Nov 19 19:30:06 PST 2014}, timestamp=25889855, id=46, objectName='', returnAddress='client1'}
19:30:06.964 [Test worker] DEBUG i.a.q.service.impl.ServiceBundleImpl - io.advantageous.qbit.service.impl.ServiceBundleImpl::call()   /services/todo-manager/list
MethodCallImpl{name='', address='/services/todo-manager/list', params=null, body=null, timestamp=25889855, id=47, objectName='', returnAddress='client1'}
19:30:07.015 [QueueListener Send Queue /services] DEBUG i.a.q.service.impl.ServiceBundleImpl - io.advantageous.qbit.service.impl.ServiceBundleImpl::doCall()   /services/todo-manager/add
MethodCallImpl{name='', address='/services/todo-manager/add', params=null, body=TodoItem{name='call mom', description='give mom a call', dueDate=Wed Nov 19 19:30:06 PST 2014}, timestamp=25889855, id=46, objectName='', returnAddress='client1'}
19:30:07.015 [QueueListener Send Queue /services] DEBUG i.a.q.service.impl.ServiceBundleImpl - io.advantageous.qbit.service.impl.ServiceBundleImpl::doCall()   /services/todo-manager/list
MethodCallImpl{name='', address='/services/todo-manager/list', params=null, body=null, timestamp=25889855, id=47, objectName='', returnAddress='client1'}
19:30:07.015 [QueueListener Request Queue /services/todo-manager] DEBUG i.a.qbit.service.impl.ServiceImpl - ServiceImpl::doHandleMethodCall() METHOD CALLMethodCallImpl{name='', address='/services/todo-manager/add', params=null, body=TodoItem{name='call mom', description='give mom a call', dueDate=Wed Nov 19 19:30:06 PST 2014}, timestamp=25889855, id=46, objectName='', returnAddress='client1'}
add method was called TodoItem{name='call mom', description='give mom a call', dueDate=Wed Nov 19 19:30:06 PST 2014} 
add method AFTER called [TodoItem{name='call mom', description='give mom a call', dueDate=Wed Nov 19 19:30:06 PST 2014}] 
19:30:07.016 [QueueListener Request Queue /services/todo-manager] DEBUG i.a.qbit.service.impl.ServiceImpl - ServiceImpl::receive() 
RESPONSE
io.advantageous.qbit.service.impl.ServiceConstants$1@22f22b44
FROM CALL
MethodCallImpl{name='', address='/services/todo-manager/add', params=null, body=TodoItem{name='call mom', description='give mom a call', dueDate=Wed Nov 19 19:30:06 PST 2014}, timestamp=25889855, id=46, objectName='', returnAddress='client1'}


19:30:07.016 [QueueListener Request Queue /services/todo-manager] DEBUG i.a.qbit.service.impl.ServiceImpl - ServiceImpl::doHandleMethodCall() METHOD CALLMethodCallImpl{name='', address='/services/todo-manager/list', params=null, body=null, timestamp=25889855, id=47, objectName='', returnAddress='client1'}
List method was called [TodoItem{name='call mom', description='give mom a call', dueDate=Wed Nov 19 19:30:06 PST 2014}] 
19:30:07.016 [QueueListener Request Queue /services/todo-manager] DEBUG i.a.qbit.service.impl.ServiceImpl - ServiceImpl::receive() 
RESPONSE
ResponseImpl{address='', params=null, body=[TodoItem{name='call mom', description='give mom a call', dueDate=Wed Nov 19 19:30:06 PST 2014}]}
FROM CALL
MethodCallImpl{name='', address='/services/todo-manager/list', params=null, body=null, timestamp=25889855, id=47, objectName='', returnAddress='client1'}


19:30:07.070 [Test worker] DEBUG i.a.q.service.impl.ServiceBundleImpl - io.advantageous.qbit.service.impl.ServiceBundleImpl serviceAddress null service object io.advantageous.qbit.service.bundle.example.todo.TodoService@2ce4b6a5
19:30:07.071 [Test worker] DEBUG i.a.qbit.service.impl.ServiceImpl - ServiceImpl<<constr>> /services null  io.advantageous.qbit.service.bundle.example.todo.TodoService@2ce4b6a5 5 MILLISECONDS 50 io.advantageous.qbit.service.impl.BoonServiceMethodCallHandler@109173d2 io.advantageous.qbit.queue.impl.BasicQueue@44d006ec
19:30:07.071 [Test worker] DEBUG i.a.q.service.impl.ServiceBundleImpl - io.advantageous.qbit.service.impl.ServiceBundleImpl addresses: [/services/todo-manager/ADD, /services/todo-manager/LIST, /services/todo-manager/TIMEOUT, /services/todo-manager/add, /services/todo-manager/list, /services/todo-manager/timeout, /services/todo-manager/todo, /services/todo-manager/todo/list/]
19:30:07.072 [Test worker] DEBUG i.a.q.service.impl.ServiceBundleImpl - io.advantageous.qbit.service.impl.ServiceBundleImpl::call() add  
MethodCallImpl{name='add', address='', params=null, body=TodoItem{name='call mom', description='give mom a call', dueDate=Wed Nov 19 19:30:07 PST 2014}, timestamp=25889945, id=48, objectName='/services/todo-manager', returnAddress='call1:localhost'}
19:30:07.072 [Test worker] DEBUG i.a.q.service.impl.ServiceBundleImpl - io.advantageous.qbit.service.impl.ServiceBundleImpl::call() list  
MethodCallImpl{name='list', address='', params=null, body=TodoItem{name='call mom', description='give mom a call', dueDate=Wed Nov 19 19:30:07 PST 2014}, timestamp=25889945, id=49, objectName='/services/todo-manager', returnAddress='call2:localhost'}
19:30:07.125 [QueueListener Send Queue /services] DEBUG i.a.q.service.impl.ServiceBundleImpl - io.advantageous.qbit.service.impl.ServiceBundleImpl::doCall() add  
MethodCallImpl{name='add', address='', params=null, body=TodoItem{name='call mom', description='give mom a call', dueDate=Wed Nov 19 19:30:07 PST 2014}, timestamp=25889945, id=48, objectName='/services/todo-manager', returnAddress='call1:localhost'}
19:30:07.125 [QueueListener Send Queue /services] DEBUG i.a.q.service.impl.ServiceBundleImpl - io.advantageous.qbit.service.impl.ServiceBundleImpl::doCall() list  
MethodCallImpl{name='list', address='', params=null, body=TodoItem{name='call mom', description='give mom a call', dueDate=Wed Nov 19 19:30:07 PST 2014}, timestamp=25889945, id=49, objectName='/services/todo-manager', returnAddress='call2:localhost'}
19:30:07.125 [QueueListener Request Queue /services/todo-manager] DEBUG i.a.qbit.service.impl.ServiceImpl - ServiceImpl::doHandleMethodCall() METHOD CALLMethodCallImpl{name='add', address='', params=null, body=TodoItem{name='call mom', description='give mom a call', dueDate=Wed Nov 19 19:30:07 PST 2014}, timestamp=25889945, id=48, objectName='/services/todo-manager', returnAddress='call1:localhost'}
add method was called TodoItem{name='call mom', description='give mom a call', dueDate=Wed Nov 19 19:30:07 PST 2014} 
add method AFTER called [TodoItem{name='call mom', description='give mom a call', dueDate=Wed Nov 19 19:30:07 PST 2014}] 
19:30:07.126 [QueueListener Request Queue /services/todo-manager] DEBUG i.a.qbit.service.impl.ServiceImpl - ServiceImpl::receive() 
RESPONSE
io.advantageous.qbit.service.impl.ServiceConstants$1@22f22b44
FROM CALL
MethodCallImpl{name='add', address='', params=null, body=TodoItem{name='call mom', description='give mom a call', dueDate=Wed Nov 19 19:30:07 PST 2014}, timestamp=25889945, id=48, objectName='/services/todo-manager', returnAddress='call1:localhost'}


19:30:07.126 [QueueListener Request Queue /services/todo-manager] DEBUG i.a.qbit.service.impl.ServiceImpl - ServiceImpl::doHandleMethodCall() METHOD CALLMethodCallImpl{name='list', address='', params=null, body=TodoItem{name='call mom', description='give mom a call', dueDate=Wed Nov 19 19:30:07 PST 2014}, timestamp=25889945, id=49, objectName='/services/todo-manager', returnAddress='call2:localhost'}
List method was called [TodoItem{name='call mom', description='give mom a call', dueDate=Wed Nov 19 19:30:07 PST 2014}] 
19:30:07.127 [QueueListener Request Queue /services/todo-manager] DEBUG i.a.qbit.service.impl.ServiceImpl - ServiceImpl::receive() 
RESPONSE
ResponseImpl{address='list', params=null, body=[TodoItem{name='call mom', description='give mom a call', dueDate=Wed Nov 19 19:30:07 PST 2014}]}
FROM CALL
MethodCallImpl{name='list', address='', params=null, body=TodoItem{name='call mom', description='give mom a call', dueDate=Wed Nov 19 19:30:07 PST 2014}, timestamp=25889945, id=49, objectName='/services/todo-manager', returnAddress='call2:localhost'}


19:30:07.178 [Test worker] DEBUG i.a.q.service.impl.ServiceBundleImpl - io.advantageous.qbit.service.impl.ServiceBundleImpl serviceAddress null service object io.advantageous.qbit.service.bundle.example.todo.TodoService@72bc5d10
19:30:07.178 [Test worker] DEBUG i.a.qbit.service.impl.ServiceImpl - ServiceImpl<<constr>> /services null  io.advantageous.qbit.service.bundle.example.todo.TodoService@72bc5d10 5 MILLISECONDS 50 io.advantageous.qbit.service.impl.BoonServiceMethodCallHandler@54b8a044 io.advantageous.qbit.queue.impl.BasicQueue@4e31ac20
19:30:07.179 [Test worker] DEBUG i.a.q.service.impl.ServiceBundleImpl - io.advantageous.qbit.service.impl.ServiceBundleImpl addresses: [/services/todo-manager/ADD, /services/todo-manager/LIST, /services/todo-manager/TIMEOUT, /services/todo-manager/add, /services/todo-manager/list, /services/todo-manager/timeout, /services/todo-manager/todo, /services/todo-manager/todo/list/]
19:30:07.179 [Test worker] DEBUG i.a.q.service.impl.ServiceBundleImpl - io.advantageous.qbit.service.impl.ServiceBundleImpl::call()   /services/todo-manager/todo
MethodCallImpl{name='', address='/services/todo-manager/todo', params=null, body=TodoItem{name='call mom', description='give mom a call', dueDate=Wed Nov 19 19:30:07 PST 2014}, timestamp=25890035, id=50, objectName='', returnAddress='client1'}
19:30:07.179 [Test worker] DEBUG i.a.q.service.impl.ServiceBundleImpl - io.advantageous.qbit.service.impl.ServiceBundleImpl::call()   /services/todo-manager/todo/list/
MethodCallImpl{name='', address='/services/todo-manager/todo/list/', params=null, body=null, timestamp=25890035, id=51, objectName='', returnAddress='client1'}
19:30:07.232 [QueueListener Send Queue /services] DEBUG i.a.q.service.impl.ServiceBundleImpl - io.advantageous.qbit.service.impl.ServiceBundleImpl::doCall()   /services/todo-manager/todo
MethodCallImpl{name='', address='/services/todo-manager/todo', params=null, body=TodoItem{name='call mom', description='give mom a call', dueDate=Wed Nov 19 19:30:07 PST 2014}, timestamp=25890035, id=50, objectName='', returnAddress='client1'}
19:30:07.232 [QueueListener Send Queue /services] DEBUG i.a.q.service.impl.ServiceBundleImpl - io.advantageous.qbit.service.impl.ServiceBundleImpl::doCall()   /services/todo-manager/todo/list/
MethodCallImpl{name='', address='/services/todo-manager/todo/list/', params=null, body=null, timestamp=25890035, id=51, objectName='', returnAddress='client1'}
19:30:07.232 [QueueListener Request Queue /services/todo-manager] DEBUG i.a.qbit.service.impl.ServiceImpl - ServiceImpl::doHandleMethodCall() METHOD CALLMethodCallImpl{name='', address='/services/todo-manager/todo', params=null, body=TodoItem{name='call mom', description='give mom a call', dueDate=Wed Nov 19 19:30:07 PST 2014}, timestamp=25890035, id=50, objectName='', returnAddress='client1'}
add method was called TodoItem{name='call mom', description='give mom a call', dueDate=Wed Nov 19 19:30:07 PST 2014} 
add method AFTER called [TodoItem{name='call mom', description='give mom a call', dueDate=Wed Nov 19 19:30:07 PST 2014}] 
19:30:07.233 [QueueListener Request Queue /services/todo-manager] DEBUG i.a.qbit.service.impl.ServiceImpl - ServiceImpl::receive() 
RESPONSE
io.advantageous.qbit.service.impl.ServiceConstants$1@22f22b44
FROM CALL
MethodCallImpl{name='', address='/services/todo-manager/todo', params=null, body=TodoItem{name='call mom', description='give mom a call', dueDate=Wed Nov 19 19:30:07 PST 2014}, timestamp=25890035, id=50, objectName='', returnAddress='client1'}


19:30:07.233 [QueueListener Request Queue /services/todo-manager] DEBUG i.a.qbit.service.impl.ServiceImpl - ServiceImpl::doHandleMethodCall() METHOD CALLMethodCallImpl{name='', address='/services/todo-manager/todo/list/', params=null, body=null, timestamp=25890035, id=51, objectName='', returnAddress='client1'}
List method was called [TodoItem{name='call mom', description='give mom a call', dueDate=Wed Nov 19 19:30:07 PST 2014}] 
19:30:07.233 [QueueListener Request Queue /services/todo-manager] DEBUG i.a.qbit.service.impl.ServiceImpl - ServiceImpl::receive() 
RESPONSE
ResponseImpl{address='', params=null, body=[TodoItem{name='call mom', description='give mom a call', dueDate=Wed Nov 19 19:30:07 PST 2014}]}
FROM CALL
MethodCallImpl{name='', address='/services/todo-manager/todo/list/', params=null, body=null, timestamp=25890035, id=51, objectName='', returnAddress='client1'}


]]></system-out>
  <system-err><![CDATA[]]></system-err>
</testsuite>
